
Probabilities: 
Vars:85651
Stmts:745
org.apache.commons.lang3.RandomStringUtils:random:(IIIZZ[CLjava/util/Random;)Ljava/lang/String;#253#127 prob_bp = 0.4218669045892042
org.apache.commons.lang3.RandomStringUtils:random:(IIIZZ)Ljava/lang/String;#163#0 prob_bp = 0.42186690568062246
org.apache.commons.lang3.RandomStringUtils:random:(IIIZZ[CLjava/util/Random;)Ljava/lang/String;#253#131 prob_bp = 0.43917873193843165
org.apache.commons.lang3.RandomStringUtils:random:(IIIZZ)Ljava/lang/String;#163#1 prob_bp = 0.45528068368542285
org.apache.commons.lang3.RandomStringUtils:random:(IIIZZ[CLjava/util/Random;)Ljava/lang/String;#253#129 prob_bp = 0.4643478809296885
org.apache.commons.lang3.RandomStringUtils:random:(IIIZZ[CLjava/util/Random;)Ljava/lang/String;#248#113 prob_bp = 0.46849980391077123
org.apache.commons.lang3.RandomStringUtils:random:(IIIZZ)Ljava/lang/String;#163#6 prob_bp = 0.48274651124442947
org.apache.commons.lang3.RandomStringUtils:random:(IIIZZ[CLjava/util/Random;)Ljava/lang/String;#234#64 prob_bp = 0.48660553067440554
org.apache.commons.lang3.RandomStringUtils:random:(IIIZZ[CLjava/util/Random;)Ljava/lang/String;#278#294 prob_bp = 0.48916445038984513
org.apache.commons.lang3.RandomStringUtils:random:(IIIZZ[CLjava/util/Random;)Ljava/lang/String;#282#314 prob_bp = 0.49472027610229297
org.apache.commons.lang3.RandomStringUtils:random:(IIIZZ[CLjava/util/Random;)Ljava/lang/String;#269#246 prob_bp = 0.49991416695333935
org.apache.commons.lang3.RandomStringUtils:random:(IIIZZ[CLjava/util/Random;)Ljava/lang/String;#255#151 prob_bp = 0.4999141669777524
org.apache.commons.lang3.RandomStringUtils:random:(IIIZZ[CLjava/util/Random;)Ljava/lang/String;#255#152 prob_bp = 0.49991416697911384
org.apache.commons.lang3.RandomStringUtils:random:(IZZ)Ljava/lang/String;#143#0 prob_bp = 0.49999999999999994
org.apache.commons.lang3.RandomStringUtils:random:(I)Ljava/lang/String;#69#0 prob_bp = 0.5
org.apache.commons.lang3.RandomStringUtils:random:(I)Ljava/lang/String;#69#3 prob_bp = 0.5
org.apache.commons.lang3.RandomStringUtils:random:(IIIZZ)Ljava/lang/String;#163#4 prob_bp = 0.5
org.apache.commons.lang3.RandomStringUtils:random:(I[C)Ljava/lang/String;#328#17 prob_bp = 0.5
org.apache.commons.lang3.RandomStringUtils:random:(I[C)Ljava/lang/String;#328#20 prob_bp = 0.5
org.apache.commons.lang3.RandomStringUtils:random:(I[C)Ljava/lang/String;#328#23 prob_bp = 0.5
org.apache.commons.lang3.RandomStringUtils:random:(IIIZZ[CLjava/util/Random;)Ljava/lang/String;#231#60 prob_bp = 0.5
org.apache.commons.lang3.RandomStringUtils:random:(IIIZZ[CLjava/util/Random;)Ljava/lang/String;#231#63 prob_bp = 0.5
org.apache.commons.lang3.RandomStringUtils:random:(ILjava/lang/String;)Ljava/lang/String;#309#17 prob_bp = 0.5
org.apache.commons.lang3.RandomStringUtils:random:(ILjava/lang/String;)Ljava/lang/String;#309#19 prob_bp = 0.5
org.apache.commons.lang3.RandomStringUtils:random:(ILjava/lang/String;)Ljava/lang/String;#307#8 prob_bp = 0.5
org.apache.commons.lang3.RandomStringUtils:random:(ILjava/lang/String;)Ljava/lang/String;#307#9 prob_bp = 0.5
org.apache.commons.lang3.RandomStringUtils:random:(IIIZZ[C)Ljava/lang/String;#187#0 prob_bp = 0.5
org.apache.commons.lang3.RandomStringUtils:random:(IIIZZ[C)Ljava/lang/String;#187#1 prob_bp = 0.5
org.apache.commons.lang3.RandomStringUtils:random:(IIIZZ[C)Ljava/lang/String;#187#2 prob_bp = 0.5
org.apache.commons.lang3.RandomStringUtils:random:(IIIZZ[C)Ljava/lang/String;#187#3 prob_bp = 0.5
org.apache.commons.lang3.RandomStringUtils:random:(IIIZZ[C)Ljava/lang/String;#187#4 prob_bp = 0.5
org.apache.commons.lang3.RandomStringUtils:random:(IIIZZ[C)Ljava/lang/String;#187#6 prob_bp = 0.5
org.apache.commons.lang3.RandomStringUtils:random:(IIIZZ[CLjava/util/Random;)Ljava/lang/String;#236#81 prob_bp = 0.5
org.apache.commons.lang3.RandomStringUtils:random:(IIIZZ[CLjava/util/Random;)Ljava/lang/String;#282#319 prob_bp = 0.5
org.apache.commons.lang3.RandomStringUtils:random:(IIIZZ[CLjava/util/Random;)Ljava/lang/String;#282#320 prob_bp = 0.5
org.apache.commons.lang3.RandomStringUtils:random:(IIIZZ[CLjava/util/Random;)Ljava/lang/String;#287#326 prob_bp = 0.5
org.apache.commons.lang3.RandomStringUtils:random:(IIIZZ[CLjava/util/Random;)Ljava/lang/String;#250#119#unexe#0 prob_bp = 0.5
org.apache.commons.lang3.RandomStringUtils:random:(IIIZZ[CLjava/util/Random;)Ljava/lang/String;#238#85 prob_bp = 0.5
org.apache.commons.lang3.RandomStringUtils:random:(IIIZZ[CLjava/util/Random;)Ljava/lang/String;#238#88 prob_bp = 0.5
org.apache.commons.lang3.RandomStringUtils:random:(IIIZZ[CLjava/util/Random;)Ljava/lang/String;#239#95 prob_bp = 0.5
org.apache.commons.lang3.RandomStringUtils:random:(IIIZZ[CLjava/util/Random;)Ljava/lang/String;#239#96 prob_bp = 0.5
org.apache.commons.lang3.RandomStringUtils:random:(IIIZZ[CLjava/util/Random;)Ljava/lang/String;#238#90#unexe#2 prob_bp = 0.5
org.apache.commons.lang3.RandomStringUtils:random:(IIIZZ[CLjava/util/Random;)Ljava/lang/String;#253#139 prob_bp = 0.5
org.apache.commons.lang3.RandomStringUtils:random:(IIIZZ[CLjava/util/Random;)Ljava/lang/String;#260#197 prob_bp = 0.5
org.apache.commons.lang3.RandomStringUtils:random:(IIIZZ[CLjava/util/Random;)Ljava/lang/String;#260#199 prob_bp = 0.5
org.apache.commons.lang3.RandomStringUtils:random:(IIIZZ[CLjava/util/Random;)Ljava/lang/String;#261#204 prob_bp = 0.5
org.apache.commons.lang3.RandomStringUtils:random:(IIIZZ[CLjava/util/Random;)Ljava/lang/String;#265#214 prob_bp = 0.5
org.apache.commons.lang3.RandomStringUtils:random:(IIIZZ[CLjava/util/Random;)Ljava/lang/String;#265#216 prob_bp = 0.5
org.apache.commons.lang3.RandomStringUtils:random:(IIIZZ[CLjava/util/Random;)Ljava/lang/String;#265#217 prob_bp = 0.5
org.apache.commons.lang3.RandomStringUtils:random:(IIIZZ[CLjava/util/Random;)Ljava/lang/String;#265#219 prob_bp = 0.5
org.apache.commons.lang3.RandomStringUtils:random:(IIIZZ[CLjava/util/Random;)Ljava/lang/String;#266#220 prob_bp = 0.5
org.apache.commons.lang3.RandomStringUtils:random:(IIIZZ[CLjava/util/Random;)Ljava/lang/String;#267#223 prob_bp = 0.5
org.apache.commons.lang3.RandomStringUtils:random:(IIIZZ[CLjava/util/Random;)Ljava/lang/String;#267#225 prob_bp = 0.5
org.apache.commons.lang3.RandomStringUtils:random:(IIIZZ[CLjava/util/Random;)Ljava/lang/String;#267#230 prob_bp = 0.5
org.apache.commons.lang3.RandomStringUtils:random:(IIIZZ[CLjava/util/Random;)Ljava/lang/String;#267#236 prob_bp = 0.5
org.apache.commons.lang3.RandomStringUtils:random:(IIIZZ[CLjava/util/Random;)Ljava/lang/String;#267#237 prob_bp = 0.5
org.apache.commons.lang3.RandomStringUtils:random:(IIIZZ[CLjava/util/Random;)Ljava/lang/String;#267#238 prob_bp = 0.5
org.apache.commons.lang3.RandomStringUtils:random:(IIIZZ[CLjava/util/Random;)Ljava/lang/String;#267#239 prob_bp = 0.5
org.apache.commons.lang3.RandomStringUtils:random:(IIIZZ[CLjava/util/Random;)Ljava/lang/String;#261#205#unexe#0 prob_bp = 0.5
org.apache.commons.lang3.RandomStringUtils:random:(IIIZZ[CLjava/util/Random;)Ljava/lang/String;#260#201#unexe#0 prob_bp = 0.5
org.apache.commons.lang3.RandomStringUtils:random:(IIIZZ[CLjava/util/Random;)Ljava/lang/String;#269#249 prob_bp = 0.5
org.apache.commons.lang3.RandomStringUtils:random:(IIIZZ[CLjava/util/Random;)Ljava/lang/String;#278#301 prob_bp = 0.5
org.apache.commons.lang3.RandomStringUtils:random:(IIIZZ[CLjava/util/Random;)Ljava/lang/String;#278#303 prob_bp = 0.5
org.apache.commons.lang3.RandomStringUtils:randomAscii:(I)Ljava/lang/String;#83#0 prob_bp = 0.5
org.apache.commons.lang3.RandomStringUtils:randomAscii:(I)Ljava/lang/String;#83#10 prob_bp = 0.5
org.apache.commons.lang3.RandomStringUtilsTest:testRandomStringUtils:()V#59#76#unexe#3 prob_bp = 0.5
org.apache.commons.lang3.RandomStringUtils:randomAlphabetic:(I)Ljava/lang/String;#97#0 prob_bp = 0.5
org.apache.commons.lang3.RandomStringUtils:random:(IIIZZ[CLjava/util/Random;)Ljava/lang/String;#241#99 prob_bp = 0.5
org.apache.commons.lang3.RandomStringUtils:random:(IIIZZ[CLjava/util/Random;)Ljava/lang/String;#242#104 prob_bp = 0.5
org.apache.commons.lang3.RandomStringUtils:randomAlphabetic:(I)Ljava/lang/String;#97#6 prob_bp = 0.5
org.apache.commons.lang3.RandomStringUtilsTest:testRandomStringUtils:()V#67#163#unexe#3 prob_bp = 0.5
org.apache.commons.lang3.RandomStringUtils:randomAlphanumeric:(I)Ljava/lang/String;#111#0 prob_bp = 0.5
org.apache.commons.lang3.RandomStringUtils:randomAlphanumeric:(I)Ljava/lang/String;#111#1 prob_bp = 0.5
org.apache.commons.lang3.RandomStringUtils:randomAlphanumeric:(I)Ljava/lang/String;#111#2 prob_bp = 0.5
org.apache.commons.lang3.RandomStringUtils:randomAlphanumeric:(I)Ljava/lang/String;#111#3 prob_bp = 0.5
org.apache.commons.lang3.RandomStringUtils:randomAlphanumeric:(I)Ljava/lang/String;#111#6 prob_bp = 0.5
org.apache.commons.lang3.RandomStringUtilsTest:testRandomStringUtils:()V#75#253#unexe#3 prob_bp = 0.5
org.apache.commons.lang3.RandomStringUtils:randomNumeric:(I)Ljava/lang/String;#125#2 prob_bp = 0.5
org.apache.commons.lang3.RandomStringUtils:randomNumeric:(I)Ljava/lang/String;#125#3 prob_bp = 0.5
org.apache.commons.lang3.RandomStringUtils:randomNumeric:(I)Ljava/lang/String;#125#6 prob_bp = 0.5
org.apache.commons.lang3.RandomStringUtilsTest:testRandomStringUtils:()V#83#324#unexe#3 prob_bp = 0.5
org.apache.commons.lang3.RandomStringUtils:random:(I[C)Ljava/lang/String;#328#30 prob_bp = 0.5
org.apache.commons.lang3.RandomStringUtils:random:(ILjava/lang/String;)Ljava/lang/String;#309#25 prob_bp = 0.5
org.apache.commons.lang3.RandomStringUtilsTest:testRandomStringUtils:()V#92#420#unexe#4 prob_bp = 0.5
org.apache.commons.lang3.RandomStringUtils:random:(IIIZZ[CLjava/util/Random;)Ljava/lang/String;#270#257 prob_bp = 0.5
org.apache.commons.lang3.RandomStringUtils:random:(IIIZZ[CLjava/util/Random;)Ljava/lang/String;#274#266 prob_bp = 0.5
org.apache.commons.lang3.RandomStringUtils:random:(IIIZZ[CLjava/util/Random;)Ljava/lang/String;#274#268 prob_bp = 0.5
org.apache.commons.lang3.RandomStringUtils:random:(IIIZZ[CLjava/util/Random;)Ljava/lang/String;#274#269 prob_bp = 0.5
org.apache.commons.lang3.RandomStringUtils:random:(IIIZZ[CLjava/util/Random;)Ljava/lang/String;#274#271 prob_bp = 0.5
org.apache.commons.lang3.RandomStringUtils:random:(IIIZZ[CLjava/util/Random;)Ljava/lang/String;#274#273 prob_bp = 0.5
org.apache.commons.lang3.RandomStringUtils:random:(IIIZZ[CLjava/util/Random;)Ljava/lang/String;#274#279 prob_bp = 0.5
org.apache.commons.lang3.RandomStringUtils:random:(IIIZZ[CLjava/util/Random;)Ljava/lang/String;#274#280 prob_bp = 0.5
org.apache.commons.lang3.RandomStringUtils:random:(IIIZZ[CLjava/util/Random;)Ljava/lang/String;#274#281 prob_bp = 0.5
org.apache.commons.lang3.RandomStringUtils:random:(IIIZZ[CLjava/util/Random;)Ljava/lang/String;#275#282 prob_bp = 0.5
org.apache.commons.lang3.RandomStringUtils:random:(IIIZZ[CLjava/util/Random;)Ljava/lang/String;#276#285 prob_bp = 0.5
org.apache.commons.lang3.RandomStringUtils:random:(IIIZZ[CLjava/util/Random;)Ljava/lang/String;#276#287 prob_bp = 0.5
org.apache.commons.lang3.RandomStringUtils:random:(IIIZZ[CLjava/util/Random;)Ljava/lang/String;#276#288 prob_bp = 0.5
org.apache.commons.lang3.RandomStringUtils:random:(IIIZZ[CLjava/util/Random;)Ljava/lang/String;#276#290 prob_bp = 0.5
org.apache.commons.lang3.RandomStringUtils:random:(IIIZZ[CLjava/util/Random;)Ljava/lang/String;#276#291 prob_bp = 0.5
org.apache.commons.lang3.RandomStringUtils:random:(IIIZZ[CLjava/util/Random;)Ljava/lang/String;#270#257#unexe#0 prob_bp = 0.5
org.apache.commons.lang3.RandomStringUtils:random:(ILjava/lang/String;)Ljava/lang/String;#307#16 prob_bp = 0.5
org.apache.commons.lang3.RandomStringUtilsTest:testRandomStringUtils:()V#107#571#unexe#4 prob_bp = 0.5
org.apache.commons.lang3.RandomStringUtils:random:(I[C)Ljava/lang/String;#326#4 prob_bp = 0.5
org.apache.commons.lang3.RandomStringUtils:random:(I[C)Ljava/lang/String;#326#9 prob_bp = 0.5
org.apache.commons.lang3.RandomStringUtils:random:(I[C)Ljava/lang/String;#326#16 prob_bp = 0.5
org.apache.commons.lang3.RandomStringUtils:random:(IIIZZ[CLjava/util/Random;)Ljava/lang/String;#226#4 prob_bp = 0.5
org.apache.commons.lang3.RandomStringUtils:random:(I)Ljava/lang/String;#69#2 prob_bp = 0.5000000000000001
org.apache.commons.lang3.RandomStringUtils:random:(IZZ)Ljava/lang/String;#143#3 prob_bp = 0.5000000000000001
org.apache.commons.lang3.RandomStringUtils:random:(IZZ)Ljava/lang/String;#143#4 prob_bp = 0.5000000000000001
org.apache.commons.lang3.RandomStringUtils:random:(ILjava/lang/String;)Ljava/lang/String;#307#6 prob_bp = 0.5000000000000001
org.apache.commons.lang3.RandomStringUtils:random:(IIIZZ[CLjava/util/Random;)Ljava/lang/String;#238#84 prob_bp = 0.5000000000000001
org.apache.commons.lang3.RandomStringUtils:random:(IIIZZ[CLjava/util/Random;)Ljava/lang/String;#238#90 prob_bp = 0.5000000000000001
org.apache.commons.lang3.RandomStringUtils:random:(IIIZZ[CLjava/util/Random;)Ljava/lang/String;#238#90#unexe#1 prob_bp = 0.5000000000000001
org.apache.commons.lang3.RandomStringUtils:random:(IIIZZ[CLjava/util/Random;)Ljava/lang/String;#238#85#unexe#1 prob_bp = 0.5000000000000001
org.apache.commons.lang3.RandomStringUtils:random:(IIIZZ[CLjava/util/Random;)Ljava/lang/String;#260#201 prob_bp = 0.5000000000000001
org.apache.commons.lang3.RandomStringUtils:random:(IIIZZ[CLjava/util/Random;)Ljava/lang/String;#261#205 prob_bp = 0.5000000000000001
org.apache.commons.lang3.RandomStringUtils:random:(IIIZZ[CLjava/util/Random;)Ljava/lang/String;#267#226 prob_bp = 0.5000000000000001
org.apache.commons.lang3.RandomStringUtils:random:(IIIZZ[CLjava/util/Random;)Ljava/lang/String;#267#233 prob_bp = 0.5000000000000001
org.apache.commons.lang3.RandomStringUtils:random:(IIIZZ[CLjava/util/Random;)Ljava/lang/String;#269#253 prob_bp = 0.5000000000000001
org.apache.commons.lang3.RandomStringUtils:random:(IIIZZ[CLjava/util/Random;)Ljava/lang/String;#278#305 prob_bp = 0.5000000000000001
org.apache.commons.lang3.RandomStringUtils:randomAscii:(I)Ljava/lang/String;#83#1 prob_bp = 0.5000000000000001
org.apache.commons.lang3.RandomStringUtils:random:(IIIZZ[CLjava/util/Random;)Ljava/lang/String;#242#102 prob_bp = 0.5000000000000001
org.apache.commons.lang3.RandomStringUtils:randomNumeric:(I)Ljava/lang/String;#125#0 prob_bp = 0.5000000000000001
org.apache.commons.lang3.RandomStringUtils:randomNumeric:(I)Ljava/lang/String;#125#1 prob_bp = 0.5000000000000001
org.apache.commons.lang3.RandomStringUtils:random:(IIIZZ[CLjava/util/Random;)Ljava/lang/String;#270#256 prob_bp = 0.5000000000000001
org.apache.commons.lang3.RandomStringUtils:random:(IIIZZ[CLjava/util/Random;)Ljava/lang/String;#274#276 prob_bp = 0.5000000000000001
org.apache.commons.lang3.RandomStringUtils:random:(I[C)Ljava/lang/String;#326#8 prob_bp = 0.5000000000000001
org.apache.commons.lang3.RandomStringUtils:random:(I)Ljava/lang/String;#69#1 prob_bp = 0.5000000000000002
org.apache.commons.lang3.RandomStringUtils:random:(I[C)Ljava/lang/String;#328#22 prob_bp = 0.5000000000000002
org.apache.commons.lang3.RandomStringUtils:random:(IIIZZ[CLjava/util/Random;)Ljava/lang/String;#239#93 prob_bp = 0.5000000000000002
org.apache.commons.lang3.RandomStringUtils:random:(IIIZZ[CLjava/util/Random;)Ljava/lang/String;#238#85#unexe#2 prob_bp = 0.5000000000000002
org.apache.commons.lang3.RandomStringUtils:random:(IIIZZ[CLjava/util/Random;)Ljava/lang/String;#267#228 prob_bp = 0.5000000000000002
org.apache.commons.lang3.RandomStringUtils:random:(IIIZZ[CLjava/util/Random;)Ljava/lang/String;#269#251 prob_bp = 0.5000000000000002
org.apache.commons.lang3.RandomStringUtils:random:(IIIZZ[CLjava/util/Random;)Ljava/lang/String;#278#305#unexe#0 prob_bp = 0.5000000000000002
org.apache.commons.lang3.RandomStringUtils:randomAscii:(I)Ljava/lang/String;#83#3 prob_bp = 0.5000000000000002
org.apache.commons.lang3.RandomStringUtils:randomAscii:(I)Ljava/lang/String;#83#5 prob_bp = 0.5000000000000002
org.apache.commons.lang3.RandomStringUtils:randomAscii:(I)Ljava/lang/String;#83#6 prob_bp = 0.5000000000000002
org.apache.commons.lang3.RandomStringUtils:randomAlphabetic:(I)Ljava/lang/String;#97#1 prob_bp = 0.5000000000000002
org.apache.commons.lang3.RandomStringUtils:randomAlphabetic:(I)Ljava/lang/String;#97#2 prob_bp = 0.5000000000000002
org.apache.commons.lang3.RandomStringUtils:randomAlphabetic:(I)Ljava/lang/String;#97#3 prob_bp = 0.5000000000000002
org.apache.commons.lang3.RandomStringUtils:random:(IIIZZ[CLjava/util/Random;)Ljava/lang/String;#241#101 prob_bp = 0.5000000000000002
org.apache.commons.lang3.RandomStringUtils:random:(IIIZZ)Ljava/lang/String;#163#2 prob_bp = 0.5000000000000003
org.apache.commons.lang3.RandomStringUtils:random:(ILjava/lang/String;)Ljava/lang/String;#307#7 prob_bp = 0.5000000000000003
org.apache.commons.lang3.RandomStringUtils:random:(IIIZZ[CLjava/util/Random;)Ljava/lang/String;#250#119#unexe#9 prob_bp = 0.5000000000000003
org.apache.commons.lang3.RandomStringUtils:random:(IIIZZ[CLjava/util/Random;)Ljava/lang/String;#269#253#unexe#0 prob_bp = 0.5000000000000003
org.apache.commons.lang3.RandomStringUtils:random:(IIIZZ[CLjava/util/Random;)Ljava/lang/String;#257#178 prob_bp = 0.5000000000000003
org.apache.commons.lang3.RandomStringUtils:random:(I[C)Ljava/lang/String;#326#5 prob_bp = 0.5000000000000003
org.apache.commons.lang3.RandomStringUtils:random:(I[C)Ljava/lang/String;#326#6 prob_bp = 0.5000000000000003
org.apache.commons.lang3.RandomStringUtils:random:(I[C)Ljava/lang/String;#326#7 prob_bp = 0.5000000000000003
org.apache.commons.lang3.RandomStringUtils:random:(ILjava/lang/String;)Ljava/lang/String;#307#4 prob_bp = 0.5000000000000004
org.apache.commons.lang3.RandomStringUtils:random:(ILjava/lang/String;)Ljava/lang/String;#307#5 prob_bp = 0.5000000000000004
org.apache.commons.lang3.RandomStringUtils:random:(IZZ)Ljava/lang/String;#143#2 prob_bp = 0.5000000000000006
org.apache.commons.lang3.RandomStringUtils:random:(IIIZZ)Ljava/lang/String;#163#3 prob_bp = 0.5000000000000007
org.apache.commons.lang3.RandomStringUtils:random:(IIIZZ[CLjava/util/Random;)Ljava/lang/String;#257#160 prob_bp = 0.5000000000000007
org.apache.commons.lang3.RandomStringUtils:randomAscii:(I)Ljava/lang/String;#83#7 prob_bp = 0.5000000000000008
org.apache.commons.lang3.RandomStringUtils:random:(IIIZZ[CLjava/util/Random;)Ljava/lang/String;#257#173 prob_bp = 0.5000000000000008
org.apache.commons.lang3.RandomStringUtils:random:(IZZ)Ljava/lang/String;#143#1 prob_bp = 0.5000000000000009
org.apache.commons.lang3.RandomStringUtils:random:(I[C)Ljava/lang/String;#326#10 prob_bp = 0.5000000000000009
org.apache.commons.lang3.RandomStringUtils:random:(I[C)Ljava/lang/String;#328#18 prob_bp = 0.5000000000000011
org.apache.commons.lang3.RandomStringUtils:random:(I[C)Ljava/lang/String;#326#13 prob_bp = 0.5000000000000017
org.apache.commons.lang3.RandomStringUtils:random:(IZZ)Ljava/lang/String;#143#5 prob_bp = 0.5000000000000018
org.apache.commons.lang3.RandomStringUtils:random:(I[C)Ljava/lang/String;#328#21 prob_bp = 0.5000000000000018
org.apache.commons.lang3.RandomStringUtils:random:(IIIZZ[CLjava/util/Random;)Ljava/lang/String;#253#135 prob_bp = 0.5000000000000021
org.apache.commons.lang3.RandomStringUtils:random:(IIIZZ[CLjava/util/Random;)Ljava/lang/String;#257#181 prob_bp = 0.5000000000000022
org.apache.commons.lang3.RandomStringUtils:random:(IIIZZ[CLjava/util/Random;)Ljava/lang/String;#257#168 prob_bp = 0.5000000000000023
org.apache.commons.lang3.RandomStringUtils:random:(IIIZZ[CLjava/util/Random;)Ljava/lang/String;#285#323 prob_bp = 0.5000000000000026
org.apache.commons.lang3.RandomStringUtils:random:(IIIZZ[CLjava/util/Random;)Ljava/lang/String;#253#134 prob_bp = 0.5000000000000031
org.apache.commons.lang3.RandomStringUtils:random:(IIIZZ[CLjava/util/Random;)Ljava/lang/String;#257#178#unexe#0 prob_bp = 0.5000000000000037
org.apache.commons.lang3.RandomStringUtils:random:(IIIZZ[CLjava/util/Random;)Ljava/lang/String;#257#175 prob_bp = 0.5000000000000039
org.apache.commons.lang3.RandomStringUtils:random:(IIIZZ[CLjava/util/Random;)Ljava/lang/String;#253#136 prob_bp = 0.5000000000000044
org.apache.commons.lang3.RandomStringUtils:random:(IIIZZ[CLjava/util/Random;)Ljava/lang/String;#257#185 prob_bp = 0.5000000000000061
org.apache.commons.lang3.RandomStringUtils:random:(IIIZZ[CLjava/util/Random;)Ljava/lang/String;#257#165#unexe#0 prob_bp = 0.5000000000000078
org.apache.commons.lang3.RandomStringUtils:random:(IIIZZ[CLjava/util/Random;)Ljava/lang/String;#250#116 prob_bp = 0.500000000000011
org.apache.commons.lang3.RandomStringUtils:random:(IIIZZ[CLjava/util/Random;)Ljava/lang/String;#257#165 prob_bp = 0.5000000000000254
org.apache.commons.lang3.RandomStringUtils:random:(IIIZZ[CLjava/util/Random;)Ljava/lang/String;#257#162 prob_bp = 0.5000000000001669
org.apache.commons.lang3.RandomStringUtils:random:(IIIZZ[CLjava/util/Random;)Ljava/lang/String;#253#137 prob_bp = 0.5000000000025903
org.apache.commons.lang3.RandomStringUtils:random:(IIIZZ[CLjava/util/Random;)Ljava/lang/String;#257#187#unexe#0 prob_bp = 0.5000000036630737
org.apache.commons.lang3.RandomStringUtils:random:(IIIZZ[CLjava/util/Random;)Ljava/lang/String;#269#246#unexe#0 prob_bp = 0.5000000036630754
org.apache.commons.lang3.RandomStringUtils:random:(IIIZZ[CLjava/util/Random;)Ljava/lang/String;#278#298#unexe#0 prob_bp = 0.5000000036630757
org.apache.commons.lang3.RandomStringUtils:random:(IIIZZ[CLjava/util/Random;)Ljava/lang/String;#257#170#unexe#0 prob_bp = 0.5000000036630761
org.apache.commons.lang3.RandomStringUtils:random:(IIIZZ[CLjava/util/Random;)Ljava/lang/String;#260#194#unexe#0 prob_bp = 0.5000000036630766
org.apache.commons.lang3.RandomStringUtils:random:(IIIZZ[CLjava/util/Random;)Ljava/lang/String;#257#157#unexe#0 prob_bp = 0.5000000036630898
org.apache.commons.lang3.RandomStringUtils:random:(IIIZZ[CLjava/util/Random;)Ljava/lang/String;#257#182#unexe#0 prob_bp = 0.5000000036631028
org.apache.commons.lang3.RandomStringUtils:random:(IIIZZ[CLjava/util/Random;)Ljava/lang/String;#247#105 prob_bp = 0.5000000169104099
org.apache.commons.lang3.RandomStringUtils:random:(IIIZZ[CLjava/util/Random;)Ljava/lang/String;#247#106 prob_bp = 0.5000000169104126
org.apache.commons.lang3.RandomStringUtils:random:(IIIZZ[CLjava/util/Random;)Ljava/lang/String;#236#77 prob_bp = 0.500000143270437
org.apache.commons.lang3.RandomStringUtils:random:(IIIZZ[CLjava/util/Random;)Ljava/lang/String;#234#69#unexe#2 prob_bp = 0.5000038418932259
org.apache.commons.lang3.RandomStringUtils:random:(IIIZZ[CLjava/util/Random;)Ljava/lang/String;#235#74#unexe#2 prob_bp = 0.5000038418932278
org.apache.commons.lang3.RandomStringUtils:random:(IIIZZ[CLjava/util/Random;)Ljava/lang/String;#234#65#unexe#2 prob_bp = 0.500003841893232
org.apache.commons.lang3.RandomStringUtils:random:(IIIZZ[CLjava/util/Random;)Ljava/lang/String;#236#80 prob_bp = 0.5000038418932329
org.apache.commons.lang3.RandomStringUtils:random:(IIIZZ[CLjava/util/Random;)Ljava/lang/String;#248#110 prob_bp = 0.5000038418932543
org.apache.commons.lang3.RandomStringUtils:random:(IIIZZ[CLjava/util/Random;)Ljava/lang/String;#234#65#unexe#1 prob_bp = 0.5000038418932811
org.apache.commons.lang3.RandomStringUtils:random:(IIIZZ[CLjava/util/Random;)Ljava/lang/String;#234#69#unexe#1 prob_bp = 0.5000038418932817
org.apache.commons.lang3.RandomStringUtils:random:(IIIZZ[CLjava/util/Random;)Ljava/lang/String;#235#74#unexe#1 prob_bp = 0.5000038418932865
org.apache.commons.lang3.RandomStringUtils:random:(IIIZZ[CLjava/util/Random;)Ljava/lang/String;#248#111 prob_bp = 0.5000038418932865
org.apache.commons.lang3.RandomStringUtils:random:(IIIZZ[CLjava/util/Random;)Ljava/lang/String;#257#157 prob_bp = 0.5000213030533734
org.apache.commons.lang3.RandomStringUtils:random:(IIIZZ[CLjava/util/Random;)Ljava/lang/String;#250#115 prob_bp = 0.5000213030535589
org.apache.commons.lang3.RandomStringUtils:random:(IIIZZ[CLjava/util/Random;)Ljava/lang/String;#235#74 prob_bp = 0.5002258324710266
org.apache.commons.lang3.RandomStringUtils:random:(IIIZZ[CLjava/util/Random;)Ljava/lang/String;#282#316 prob_bp = 0.5008236782213866
org.apache.commons.lang3.RandomStringUtils:random:(IIIZZ[CLjava/util/Random;)Ljava/lang/String;#255#153 prob_bp = 0.5008275074742751
org.apache.commons.lang3.RandomStringUtils:random:(IIIZZ[CLjava/util/Random;)Ljava/lang/String;#278#298 prob_bp = 0.5008275074815312
org.apache.commons.lang3.RandomStringUtils:random:(IIIZZ[CLjava/util/Random;)Ljava/lang/String;#257#156 prob_bp = 0.50082750748367
org.apache.commons.lang3.RandomStringUtils:random:(IIIZZ[CLjava/util/Random;)Ljava/lang/String;#236#79 prob_bp = 0.5008382265718363
org.apache.commons.lang3.RandomStringUtils:random:(IIIZZ[CLjava/util/Random;)Ljava/lang/String;#257#170 prob_bp = 0.5008701830874014
org.apache.commons.lang3.RandomStringUtils:random:(IIIZZ[CLjava/util/Random;)Ljava/lang/String;#252#122 prob_bp = 0.5008701830885004
org.apache.commons.lang3.RandomStringUtils:random:(IIIZZ[CLjava/util/Random;)Ljava/lang/String;#255#146 prob_bp = 0.503604064436856
org.apache.commons.lang3.RandomStringUtils:random:(IIIZZ[CLjava/util/Random;)Ljava/lang/String;#260#194 prob_bp = 0.5036040644455825
org.apache.commons.lang3.RandomStringUtils:random:(IIIZZ[CLjava/util/Random;)Ljava/lang/String;#255#148 prob_bp = 0.504331644392556
org.apache.commons.lang3.RandomStringUtils:random:(IIIZZ[CLjava/util/Random;)Ljava/lang/String;#231#57 prob_bp = 0.5047103280882274
org.apache.commons.lang3.RandomStringUtils:random:(I[C)Ljava/lang/String;#328#19 prob_bp = 0.5047103970381784
org.apache.commons.lang3.RandomStringUtils:random:(ILjava/lang/String;)Ljava/lang/String;#309#18 prob_bp = 0.5053602016556126
org.apache.commons.lang3.RandomStringUtils:random:(ILjava/lang/String;)Ljava/lang/String;#309#22 prob_bp = 0.5053602023892874
org.apache.commons.lang3.RandomStringUtils:random:(I[C)Ljava/lang/String;#325#1 prob_bp = 0.507094096401864
org.apache.commons.lang3.RandomStringUtils:random:(I[C)Ljava/lang/String;#325#0 prob_bp = 0.5070940967586068
org.apache.commons.lang3.RandomStringUtils:random:(ILjava/lang/String;)Ljava/lang/String;#307#10 prob_bp = 0.5074357490745358
org.apache.commons.lang3.RandomStringUtils:random:(ILjava/lang/String;)Ljava/lang/String;#307#13 prob_bp = 0.5074357534141082
org.apache.commons.lang3.RandomStringUtils:random:(IIIZZ[CLjava/util/Random;)Ljava/lang/String;#234#65 prob_bp = 0.508443233570238
org.apache.commons.lang3.RandomStringUtils:random:(IIIZZ[CLjava/util/Random;)Ljava/lang/String;#234#68 prob_bp = 0.5102689015370162
org.apache.commons.lang3.RandomStringUtils:random:(IIIZZ[CLjava/util/Random;)Ljava/lang/String;#257#182 prob_bp = 0.5115033500959474
org.apache.commons.lang3.RandomStringUtils:random:(IIIZZ[CLjava/util/Random;)Ljava/lang/String;#255#142 prob_bp = 0.5115033501144794
org.apache.commons.lang3.RandomStringUtils:random:(IIIZZ[CLjava/util/Random;)Ljava/lang/String;#234#69 prob_bp = 0.5154702232236885
org.apache.commons.lang3.RandomStringUtils:random:(IIIZZ[CLjava/util/Random;)Ljava/lang/String;#260#190 prob_bp = 0.5165237803583455
org.apache.commons.lang3.RandomStringUtils:random:(IIIZZ[CLjava/util/Random;)Ljava/lang/String;#250#119 prob_bp = 0.517660491283586
org.apache.commons.lang3.RandomStringUtils:random:(ILjava/lang/String;)Ljava/lang/String;#306#0 prob_bp = 0.5192404423800946
org.apache.commons.lang3.RandomStringUtils:random:(ILjava/lang/String;)Ljava/lang/String;#306#1 prob_bp = 0.5192404512759005
org.apache.commons.lang3.RandomStringUtils:random:(IIIZZ[CLjava/util/Random;)Ljava/lang/String;#231#54 prob_bp = 0.5200249893370049
org.apache.commons.lang3.RandomStringUtils:random:(IIIZZ[CLjava/util/Random;)Ljava/lang/String;#235#72 prob_bp = 0.5562489947951635
org.apache.commons.lang3.RandomStringUtils:random:(IIIZZ[CLjava/util/Random;)Ljava/lang/String;#257#187 prob_bp = 0.5888593204952856
org.apache.commons.lang3.RandomStringUtils:random:(IIIZZ[CLjava/util/Random;)Ljava/lang/String;#255#144 prob_bp = 0.5888593205650634
org.apache.commons.lang3.RandomStringUtils:random:(IIIZZ[CLjava/util/Random;)Ljava/lang/String;#252#124 prob_bp = 0.6542093352241347
org.apache.commons.lang3.RandomStringUtils:random:(IIIZZ[CLjava/util/Random;)Ljava/lang/String;#230#45 prob_bp = 0.6643937736592591
org.apache.commons.lang3.RandomStringUtils:random:(IIIZZ[CLjava/util/Random;)Ljava/lang/String;#230#51 prob_bp = 0.6844479308613669
org.apache.commons.lang3.RandomStringUtils:random:(IIIZZ[CLjava/util/Random;)Ljava/lang/String;#225#1 prob_bp = 0.9276541447124088
org.apache.commons.lang3.RandomStringUtils:random:(IIIZZ[CLjava/util/Random;)Ljava/lang/String;#227#8 prob_bp = 0.9340350626400132
org.apache.commons.lang3.RandomStringUtils:random:(IIIZZ[CLjava/util/Random;)Ljava/lang/String;#230#48 prob_bp = 0.9999999855200727
org.apache.commons.lang3.RandomStringUtils:random:(IIIZZ[CLjava/util/Random;)Ljava/lang/String;#230#50 prob_bp = 0.9999999855200727
org.apache.commons.lang3.RandomStringUtils:random:(IIIZZ[CLjava/util/Random;)Ljava/lang/String;#248#112 prob_bp = 0.9999999856200728
org.apache.commons.lang3.RandomStringUtils:random:(IIIZZ[CLjava/util/Random;)Ljava/lang/String;#278#296 prob_bp = 0.9999999936641638
org.apache.commons.lang3.RandomStringUtils:random:(IIIZZ[CLjava/util/Random;)Ljava/lang/String;#269#242 prob_bp = 0.9999999937696487
org.apache.commons.lang3.RandomStringUtils:random:(IIIZZ[CLjava/util/Random;)Ljava/lang/String;#226#6 prob_bp = 0.9999999939342726
org.apache.commons.lang3.RandomStringUtils:random:(IIIZZ)Ljava/lang/String;#163#13 prob_bp = 0.9999999943386546
org.apache.commons.lang3.RandomStringUtils:random:(IZZ)Ljava/lang/String;#143#8 prob_bp = 0.9999999951474183
org.apache.commons.lang3.RandomStringUtils:random:(I)Ljava/lang/String;#69#6 prob_bp = 0.9999999967649457
org.apache.commons.lang3.RandomStringUtils:random:(I[C)Ljava/lang/String;#328#24 prob_bp = 0.9999999980398147
org.apache.commons.lang3.RandomStringUtils:random:(I[C)Ljava/lang/String;#328#27 prob_bp = 0.9999999981434476
org.apache.commons.lang3.RandomStringUtils:random:(IIIZZ[CLjava/util/Random;)Ljava/lang/String;#231#58 prob_bp = 0.9999999985111735
org.apache.commons.lang3.RandomStringUtils:random:(IIIZZ[CLjava/util/Random;)Ljava/lang/String;#230#43 prob_bp = 0.9999999991953229
org.apache.commons.lang3.RandomStringUtils:random:(IIIZZ[CLjava/util/Random;)Ljava/lang/String;#247#108 prob_bp = 0.9999999993349127
org.apache.commons.lang3.RandomStringUtils:random:(IIIZZ[CLjava/util/Random;)Ljava/lang/String;#288#333 prob_bp = 0.9999999995561135
org.apache.commons.lang3.RandomStringUtils:random:(IIIZZ)Ljava/lang/String;#163#7 prob_bp = 0.9999999996629182
org.apache.commons.lang3.RandomStringUtils:random:(IIIZZ[C)Ljava/lang/String;#187#8 prob_bp = 0.9999999997
org.apache.commons.lang3.RandomStringUtils:random:(IIIZZ[CLjava/util/Random;)Ljava/lang/String;#269#244 prob_bp = 0.9999999997021539
org.apache.commons.lang3.RandomStringUtils:random:(IIIZZ)Ljava/lang/String;#163#10 prob_bp = 0.9999999997336232
org.apache.commons.lang3.RandomStringUtils:random:(IIIZZ[C)Ljava/lang/String;#187#11 prob_bp = 0.9999999998
org.apache.commons.lang3.RandomStringUtils:random:(IIIZZ[CLjava/util/Random;)Ljava/lang/String;#288#338 prob_bp = 0.999999999800718
org.apache.commons.lang3.RandomStringUtils:random:(IIIZZ[CLjava/util/Random;)Ljava/lang/String;#260#192 prob_bp = 0.9999999998795833
org.apache.commons.lang3.RandomStringUtils:random:(IIIZZ[CLjava/util/Random;)Ljava/lang/String;#228#19 prob_bp = 0.9999999999
org.apache.commons.lang3.RandomStringUtils:random:(IIIZZ[CLjava/util/Random;)Ljava/lang/String;#288#329 prob_bp = 0.9999999999
org.apache.commons.lang3.RandomStringUtils:random:(IIIZZ[CLjava/util/Random;)Ljava/lang/String;#288#332 prob_bp = 0.9999999999
org.apache.commons.lang3.RandomStringUtils:random:(IIIZZ[CLjava/util/Random;)Ljava/lang/String;#228#15 prob_bp = 0.9999999999846777
org.apache.commons.lang3.RandomStringUtils:random:(IIIZZ[CLjava/util/Random;)Ljava/lang/String;#282#317 prob_bp = 0.9999999999999994
org.apache.commons.lang3.RandomStringUtilsTest:testExceptions:()V#145#0 prob_bp = 1.0
org.apache.commons.lang3.RandomStringUtilsTest:testExceptions:()V#145#1 prob_bp = 1.0
org.apache.commons.lang3.RandomStringUtilsTest:testExceptions:()V#145#3 prob_bp = 1.0
org.apache.commons.lang3.RandomStringUtilsTest:testExceptions:()V#145#4 prob_bp = 1.0
org.apache.commons.lang3.RandomStringUtilsTest:testExceptions:()V#145#5 prob_bp = 1.0
org.apache.commons.lang3.RandomStringUtilsTest:testExceptions:()V#145#7 prob_bp = 1.0
org.apache.commons.lang3.RandomStringUtilsTest:testExceptions:()V#145#8 prob_bp = 1.0
org.apache.commons.lang3.RandomStringUtilsTest:testExceptions:()V#147#9 prob_bp = 1.0
org.apache.commons.lang3.RandomStringUtilsTest:testExceptions:()V#147#10 prob_bp = 1.0
org.apache.commons.lang3.RandomStringUtils:random:(IIIZZ[CLjava/util/Random;)Ljava/lang/String;#225#0 prob_bp = 1.0
org.apache.commons.lang3.RandomStringUtils:random:(IIIZZ[CLjava/util/Random;)Ljava/lang/String;#227#7 prob_bp = 1.0
org.apache.commons.lang3.RandomStringUtils:random:(IIIZZ[CLjava/util/Random;)Ljava/lang/String;#228#11 prob_bp = 1.0
org.apache.commons.lang3.RandomStringUtils:random:(IIIZZ[CLjava/util/Random;)Ljava/lang/String;#228#14 prob_bp = 1.0
org.apache.commons.lang3.RandomStringUtils:random:(IIIZZ[CLjava/util/Random;)Ljava/lang/String;#228#18 prob_bp = 1.0
org.apache.commons.lang3.RandomStringUtils:random:(IIIZZ[CLjava/util/Random;)Ljava/lang/String;#228#22 prob_bp = 1.0
org.apache.commons.lang3.RandomStringUtils:random:(IIIZZ[CLjava/util/Random;)Ljava/lang/String;#228#24 prob_bp = 1.0
org.apache.commons.lang3.RandomStringUtils:random:(IIIZZ[CLjava/util/Random;)Ljava/lang/String;#228#27 prob_bp = 1.0
org.apache.commons.lang3.RandomStringUtils:random:(IIIZZ[CLjava/util/Random;)Ljava/lang/String;#228#28 prob_bp = 1.0
org.apache.commons.lang3.RandomStringUtils:random:(IIIZZ[CLjava/util/Random;)Ljava/lang/String;#228#31 prob_bp = 1.0
org.apache.commons.lang3.RandomStringUtils:random:(IIIZZ[CLjava/util/Random;)Ljava/lang/String;#228#33 prob_bp = 1.0
org.apache.commons.lang3.RandomStringUtils:random:(IIIZZ[CLjava/util/Random;)Ljava/lang/String;#228#36 prob_bp = 1.0
org.apache.commons.lang3.RandomStringUtils:random:(IIIZZ[CLjava/util/Random;)Ljava/lang/String;#228#39 prob_bp = 1.0
org.apache.commons.lang3.RandomStringUtils:random:(IIIZZ[CLjava/util/Random;)Ljava/lang/String;#228#42 prob_bp = 1.0
org.apache.commons.lang3.RandomStringUtilsTest:testExceptions:()V#149#20 prob_bp = 1.0
org.apache.commons.lang3.RandomStringUtilsTest:testExceptions:()V#151#21 prob_bp = 1.0
org.apache.commons.lang3.RandomStringUtilsTest:testExceptions:()V#151#22 prob_bp = 1.0
org.apache.commons.lang3.RandomStringUtilsTest:testExceptions:()V#151#23 prob_bp = 1.0
org.apache.commons.lang3.RandomStringUtilsTest:testExceptions:()V#151#24 prob_bp = 1.0
org.apache.commons.lang3.RandomStringUtilsTest:testExceptions:()V#153#34 prob_bp = 1.0
org.apache.commons.lang3.RandomStringUtilsTest:testExceptions:()V#155#35 prob_bp = 1.0
org.apache.commons.lang3.RandomStringUtilsTest:testExceptions:()V#155#36 prob_bp = 1.0
org.apache.commons.lang3.RandomStringUtilsTest:testExceptions:()V#155#37 prob_bp = 1.0
org.apache.commons.lang3.RandomStringUtilsTest:testExceptions:()V#157#47 prob_bp = 1.0
org.apache.commons.lang3.RandomStringUtilsTest:testExceptions:()V#159#48 prob_bp = 1.0
org.apache.commons.lang3.RandomStringUtilsTest:testExceptions:()V#159#49 prob_bp = 1.0
org.apache.commons.lang3.RandomStringUtilsTest:testExceptions:()V#159#50 prob_bp = 1.0
org.apache.commons.lang3.RandomStringUtilsTest:testExceptions:()V#159#52 prob_bp = 1.0
org.apache.commons.lang3.RandomStringUtilsTest:testExceptions:()V#161#62 prob_bp = 1.0
org.apache.commons.lang3.RandomStringUtilsTest:testExceptions:()V#163#63 prob_bp = 1.0
org.apache.commons.lang3.RandomStringUtilsTest:testExceptions:()V#163#64 prob_bp = 1.0
org.apache.commons.lang3.RandomStringUtilsTest:testExceptions:()V#163#66 prob_bp = 1.0
org.apache.commons.lang3.RandomStringUtilsTest:testExceptions:()V#165#76 prob_bp = 1.0
org.apache.commons.lang3.RandomStringUtilsTest:testExceptions:()V#167#77 prob_bp = 1.0
org.apache.commons.lang3.RandomStringUtilsTest:testExceptions:()V#167#78 prob_bp = 1.0
org.apache.commons.lang3.RandomStringUtilsTest:testExceptions:()V#167#79 prob_bp = 1.0
org.apache.commons.lang3.RandomStringUtilsTest:testExceptions:()V#167#82 prob_bp = 1.0
org.apache.commons.lang3.RandomStringUtilsTest:testExceptions:()V#169#92 prob_bp = 1.0
org.apache.commons.lang3.RandomStringUtilsTest:testExceptions:()V#171#93 prob_bp = 1.0
org.apache.commons.lang3.RandomStringUtilsTest:testExceptions:()V#171#94 prob_bp = 1.0
org.apache.commons.lang3.RandomStringUtilsTest:testExceptions:()V#171#96 prob_bp = 1.0
org.apache.commons.lang3.RandomStringUtilsTest:testExceptions:()V#171#98 prob_bp = 1.0
org.apache.commons.lang3.RandomStringUtilsTest:testExceptions:()V#171#99 prob_bp = 1.0
org.apache.commons.lang3.RandomStringUtilsTest:testExceptions:()V#171#100 prob_bp = 1.0
org.apache.commons.lang3.RandomStringUtilsTest:testExceptions:()V#173#110 prob_bp = 1.0
org.apache.commons.lang3.RandomStringUtilsTest:testExceptions:()V#175#111 prob_bp = 1.0
org.apache.commons.lang3.RandomStringUtilsTest:testExceptions:()V#175#112 prob_bp = 1.0
org.apache.commons.lang3.RandomStringUtilsTest:testExceptions:()V#175#114 prob_bp = 1.0
org.apache.commons.lang3.RandomStringUtilsTest:testExceptions:()V#175#116 prob_bp = 1.0
org.apache.commons.lang3.RandomStringUtilsTest:testExceptions:()V#175#117 prob_bp = 1.0
org.apache.commons.lang3.RandomStringUtilsTest:testExceptions:()V#175#118 prob_bp = 1.0
org.apache.commons.lang3.RandomStringUtilsTest:testExceptions:()V#175#119 prob_bp = 1.0
org.apache.commons.lang3.RandomStringUtilsTest:testExceptions:()V#177#129 prob_bp = 1.0
org.apache.commons.lang3.RandomStringUtilsTest:testExceptions:()V#179#130 prob_bp = 1.0
org.apache.commons.lang3.RandomStringUtilsTest:testExceptions:()V#179#131 prob_bp = 1.0
org.apache.commons.lang3.RandomStringUtilsTest:testExceptions:()V#179#133 prob_bp = 1.0
org.apache.commons.lang3.RandomStringUtilsTest:testExceptions:()V#179#135 prob_bp = 1.0
org.apache.commons.lang3.RandomStringUtilsTest:testExceptions:()V#179#136 prob_bp = 1.0
org.apache.commons.lang3.RandomStringUtilsTest:testExceptions:()V#179#137 prob_bp = 1.0
org.apache.commons.lang3.RandomStringUtilsTest:testExceptions:()V#179#138 prob_bp = 1.0
org.apache.commons.lang3.RandomStringUtilsTest:testExceptions:()V#179#141 prob_bp = 1.0
org.apache.commons.lang3.RandomStringUtilsTest:testExceptions:()V#179#142 prob_bp = 1.0
org.apache.commons.lang3.RandomStringUtilsTest:testExceptions:()V#179#145 prob_bp = 1.0
org.apache.commons.lang3.RandomStringUtilsTest:testExceptions:()V#181#155 prob_bp = 1.0
org.apache.commons.lang3.RandomStringUtilsTest:testExceptions:()V#182#156 prob_bp = 1.0
org.apache.commons.lang3.RandomStringUtilsTest:testLANG805:()V#129#0 prob_bp = 1.0
org.apache.commons.lang3.RandomStringUtilsTest:testLANG805:()V#129#3 prob_bp = 1.0
org.apache.commons.lang3.RandomStringUtilsTest:testLANG805:()V#130#4 prob_bp = 1.0
org.apache.commons.lang3.RandomStringUtilsTest:testLANG805:()V#130#6 prob_bp = 1.0
org.apache.commons.lang3.RandomStringUtilsTest:testLANG805:()V#130#7 prob_bp = 1.0
org.apache.commons.lang3.RandomStringUtilsTest:testLANG805:()V#130#8 prob_bp = 1.0
org.apache.commons.lang3.RandomStringUtilsTest:testLANG805:()V#130#9 prob_bp = 1.0
org.apache.commons.lang3.RandomStringUtilsTest:testLANG805:()V#130#10 prob_bp = 1.0
org.apache.commons.lang3.RandomStringUtilsTest:testLANG805:()V#130#11 prob_bp = 1.0
org.apache.commons.lang3.RandomStringUtilsTest:testLANG805:()V#130#12 prob_bp = 1.0
org.apache.commons.lang3.RandomStringUtilsTest:testLANG805:()V#130#14 prob_bp = 1.0
org.apache.commons.lang3.RandomStringUtilsTest:testLANG805:()V#130#15 prob_bp = 1.0
org.apache.commons.lang3.RandomStringUtilsTest:testLANG805:()V#130#16 prob_bp = 1.0
org.apache.commons.lang3.RandomStringUtilsTest:testLANG805:()V#130#18 prob_bp = 1.0
org.apache.commons.lang3.RandomStringUtilsTest:testLANG805:()V#130#19 prob_bp = 1.0
org.apache.commons.lang3.RandomStringUtilsTest:testLANG805:()V#130#22 prob_bp = 1.0
org.apache.commons.lang3.RandomStringUtilsTest:testLANG805:()V#130#23 prob_bp = 1.0
org.apache.commons.lang3.RandomStringUtilsTest:testLANG805:()V#130#24 prob_bp = 1.0
org.apache.commons.lang3.RandomStringUtilsTest:testLANG805:()V#130#27 prob_bp = 1.0
org.apache.commons.lang3.RandomStringUtils:random:(IIIZZ[CLjava/util/Random;)Ljava/lang/String;#255#154 prob_bp = 1.0
org.apache.commons.lang3.RandomStringUtils:random:(IIIZZ[CLjava/util/Random;)Ljava/lang/String;#252#124#unexe#9 prob_bp = 1.0
org.apache.commons.lang3.RandomStringUtils:random:(IIIZZ[CLjava/util/Random;)Ljava/lang/String;#288#335 prob_bp = 1.0
org.apache.commons.lang3.RandomStringUtilsTest:testLANG805:()V#130#30 prob_bp = 1.0
org.apache.commons.lang3.RandomStringUtilsTest:testLANG805:()V#131#33 prob_bp = 1.0
org.apache.commons.lang3.RandomStringUtilsTest:testLANG807:()V#135#0 prob_bp = 1.0
org.apache.commons.lang3.RandomStringUtilsTest:testLANG807:()V#135#1 prob_bp = 1.0
org.apache.commons.lang3.RandomStringUtilsTest:testLANG807:()V#135#2 prob_bp = 1.0
org.apache.commons.lang3.RandomStringUtilsTest:testLANG807:()V#135#3 prob_bp = 1.0
org.apache.commons.lang3.RandomStringUtilsTest:testLANG807:()V#135#4 prob_bp = 1.0
org.apache.commons.lang3.RandomStringUtilsTest:testLANG807:()V#135#5 prob_bp = 1.0
org.apache.commons.lang3.RandomStringUtilsTest:testLANG807:()V#137#17 prob_bp = 1.0
org.apache.commons.lang3.RandomStringUtilsTest:testLANG807:()V#138#18 prob_bp = 1.0
org.apache.commons.lang3.RandomStringUtilsTest:testLANG807:()V#138#19 prob_bp = 1.0
org.apache.commons.lang3.RandomStringUtilsTest:testLANG807:()V#138#22 prob_bp = 1.0
org.apache.commons.lang3.RandomStringUtilsTest:testLANG807:()V#139#23 prob_bp = 1.0
org.apache.commons.lang3.RandomStringUtilsTest:testLANG807:()V#139#26 prob_bp = 1.0
org.apache.commons.lang3.RandomStringUtilsTest:testLANG807:()V#139#27 prob_bp = 1.0
org.apache.commons.lang3.RandomStringUtilsTest:testLANG807:()V#139#30 prob_bp = 1.0
org.apache.commons.lang3.RandomStringUtilsTest:testLANG807:()V#139#32 prob_bp = 1.0
org.apache.commons.lang3.RandomStringUtilsTest:testLANG807:()V#139#35 prob_bp = 1.0
org.apache.commons.lang3.RandomStringUtilsTest:testLANG807:()V#139#36 prob_bp = 1.0
org.apache.commons.lang3.RandomStringUtilsTest:testLANG807:()V#139#39 prob_bp = 1.0
org.apache.commons.lang3.RandomStringUtilsTest:testLANG807:()V#139#41 prob_bp = 1.0
org.apache.commons.lang3.RandomStringUtilsTest:testLANG807:()V#139#44 prob_bp = 1.0
org.apache.commons.lang3.RandomStringUtilsTest:testLANG807:()V#139#47 prob_bp = 1.0
org.apache.commons.lang3.RandomStringUtilsTest:testLANG807:()V#139#48 prob_bp = 1.0
org.apache.commons.lang3.RandomStringUtilsTest:testLANG807:()V#139#50 prob_bp = 1.0
org.apache.commons.lang3.RandomStringUtilsTest:testLANG807:()V#139#53 prob_bp = 1.0
org.apache.commons.lang3.RandomStringUtilsTest:testRandomStringUtils:()V#51#0 prob_bp = 1.0
org.apache.commons.lang3.RandomStringUtilsTest:testRandomStringUtils:()V#51#2 prob_bp = 1.0
org.apache.commons.lang3.RandomStringUtilsTest:testRandomStringUtils:()V#51#5 prob_bp = 1.0
org.apache.commons.lang3.RandomStringUtilsTest:testRandomStringUtils:()V#52#6 prob_bp = 1.0
org.apache.commons.lang3.RandomStringUtilsTest:testRandomStringUtils:()V#52#8 prob_bp = 1.0
org.apache.commons.lang3.RandomStringUtilsTest:testRandomStringUtils:()V#52#10 prob_bp = 1.0
org.apache.commons.lang3.RandomStringUtilsTest:testRandomStringUtils:()V#52#11 prob_bp = 1.0
org.apache.commons.lang3.RandomStringUtilsTest:testRandomStringUtils:()V#52#14 prob_bp = 1.0
org.apache.commons.lang3.RandomStringUtilsTest:testRandomStringUtils:()V#53#17 prob_bp = 1.0
org.apache.commons.lang3.RandomStringUtilsTest:testRandomStringUtils:()V#53#19 prob_bp = 1.0
org.apache.commons.lang3.RandomStringUtilsTest:testRandomStringUtils:()V#53#22 prob_bp = 1.0
org.apache.commons.lang3.RandomStringUtilsTest:testRandomStringUtils:()V#54#23 prob_bp = 1.0
org.apache.commons.lang3.RandomStringUtilsTest:testRandomStringUtils:()V#54#25 prob_bp = 1.0
org.apache.commons.lang3.RandomStringUtilsTest:testRandomStringUtils:()V#54#27 prob_bp = 1.0
org.apache.commons.lang3.RandomStringUtilsTest:testRandomStringUtils:()V#54#28 prob_bp = 1.0
org.apache.commons.lang3.RandomStringUtilsTest:testRandomStringUtils:()V#54#31 prob_bp = 1.0
org.apache.commons.lang3.RandomStringUtilsTest:testRandomStringUtils:()V#55#34 prob_bp = 1.0
org.apache.commons.lang3.RandomStringUtilsTest:testRandomStringUtils:()V#55#36 prob_bp = 1.0
org.apache.commons.lang3.RandomStringUtilsTest:testRandomStringUtils:()V#55#37 prob_bp = 1.0
org.apache.commons.lang3.RandomStringUtilsTest:testRandomStringUtils:()V#55#38 prob_bp = 1.0
org.apache.commons.lang3.RandomStringUtilsTest:testRandomStringUtils:()V#55#41 prob_bp = 1.0
org.apache.commons.lang3.RandomStringUtilsTest:testRandomStringUtils:()V#55#44 prob_bp = 1.0
org.apache.commons.lang3.RandomStringUtilsTest:testRandomStringUtils:()V#55#45 prob_bp = 1.0
org.apache.commons.lang3.RandomStringUtilsTest:testRandomStringUtils:()V#55#49 prob_bp = 1.0
org.apache.commons.lang3.RandomStringUtilsTest:testRandomStringUtils:()V#57#52 prob_bp = 1.0
org.apache.commons.lang3.RandomStringUtilsTest:testRandomStringUtils:()V#57#54 prob_bp = 1.0
org.apache.commons.lang3.RandomStringUtilsTest:testRandomStringUtils:()V#57#57 prob_bp = 1.0
org.apache.commons.lang3.RandomStringUtilsTest:testRandomStringUtils:()V#58#58 prob_bp = 1.0
org.apache.commons.lang3.RandomStringUtilsTest:testRandomStringUtils:()V#58#60 prob_bp = 1.0
org.apache.commons.lang3.RandomStringUtilsTest:testRandomStringUtils:()V#58#62 prob_bp = 1.0
org.apache.commons.lang3.RandomStringUtilsTest:testRandomStringUtils:()V#58#63 prob_bp = 1.0
org.apache.commons.lang3.RandomStringUtilsTest:testRandomStringUtils:()V#58#66 prob_bp = 1.0
org.apache.commons.lang3.RandomStringUtilsTest:testRandomStringUtils:()V#59#69 prob_bp = 1.0
org.apache.commons.lang3.RandomStringUtilsTest:testRandomStringUtils:()V#59#70 prob_bp = 1.0
org.apache.commons.lang3.RandomStringUtilsTest:testRandomStringUtils:()V#59#71 prob_bp = 1.0
org.apache.commons.lang3.RandomStringUtilsTest:testRandomStringUtils:()V#59#72 prob_bp = 1.0
org.apache.commons.lang3.RandomStringUtilsTest:testRandomStringUtils:()V#59#73 prob_bp = 1.0
org.apache.commons.lang3.RandomStringUtilsTest:testRandomStringUtils:()V#59#76 prob_bp = 1.0
org.apache.commons.lang3.RandomStringUtilsTest:testRandomStringUtils:()V#60#79 prob_bp = 1.0
org.apache.commons.lang3.RandomStringUtilsTest:testRandomStringUtils:()V#60#81 prob_bp = 1.0
org.apache.commons.lang3.RandomStringUtilsTest:testRandomStringUtils:()V#60#82 prob_bp = 1.0
org.apache.commons.lang3.RandomStringUtilsTest:testRandomStringUtils:()V#60#83 prob_bp = 1.0
org.apache.commons.lang3.RandomStringUtilsTest:testRandomStringUtils:()V#60#86 prob_bp = 1.0
org.apache.commons.lang3.RandomStringUtilsTest:testRandomStringUtils:()V#60#88 prob_bp = 1.0
org.apache.commons.lang3.RandomStringUtilsTest:testRandomStringUtils:()V#60#91 prob_bp = 1.0
org.apache.commons.lang3.RandomStringUtilsTest:testRandomStringUtils:()V#60#92 prob_bp = 1.0
org.apache.commons.lang3.RandomStringUtilsTest:testRandomStringUtils:()V#60#93 prob_bp = 1.0
org.apache.commons.lang3.RandomStringUtilsTest:testRandomStringUtils:()V#60#96 prob_bp = 1.0
org.apache.commons.lang3.RandomStringUtilsTest:testRandomStringUtils:()V#60#98 prob_bp = 1.0
org.apache.commons.lang3.RandomStringUtilsTest:testRandomStringUtils:()V#60#101 prob_bp = 1.0
org.apache.commons.lang3.RandomStringUtilsTest:testRandomStringUtils:()V#60#102 prob_bp = 1.0
org.apache.commons.lang3.RandomStringUtilsTest:testRandomStringUtils:()V#60#106 prob_bp = 1.0
org.apache.commons.lang3.RandomStringUtilsTest:testRandomStringUtils:()V#59#109 prob_bp = 1.0
org.apache.commons.lang3.RandomStringUtilsTest:testRandomStringUtils:()V#59#112 prob_bp = 1.0
org.apache.commons.lang3.RandomStringUtilsTest:testRandomStringUtils:()V#62#115 prob_bp = 1.0
org.apache.commons.lang3.RandomStringUtilsTest:testRandomStringUtils:()V#62#117 prob_bp = 1.0
org.apache.commons.lang3.RandomStringUtilsTest:testRandomStringUtils:()V#62#120 prob_bp = 1.0
org.apache.commons.lang3.RandomStringUtilsTest:testRandomStringUtils:()V#63#121 prob_bp = 1.0
org.apache.commons.lang3.RandomStringUtilsTest:testRandomStringUtils:()V#63#123 prob_bp = 1.0
org.apache.commons.lang3.RandomStringUtilsTest:testRandomStringUtils:()V#63#124 prob_bp = 1.0
org.apache.commons.lang3.RandomStringUtilsTest:testRandomStringUtils:()V#63#125 prob_bp = 1.0
org.apache.commons.lang3.RandomStringUtilsTest:testRandomStringUtils:()V#63#128 prob_bp = 1.0
org.apache.commons.lang3.RandomStringUtilsTest:testRandomStringUtils:()V#63#131 prob_bp = 1.0
org.apache.commons.lang3.RandomStringUtilsTest:testRandomStringUtils:()V#63#132 prob_bp = 1.0
org.apache.commons.lang3.RandomStringUtilsTest:testRandomStringUtils:()V#63#136 prob_bp = 1.0
org.apache.commons.lang3.RandomStringUtilsTest:testRandomStringUtils:()V#65#139 prob_bp = 1.0
org.apache.commons.lang3.RandomStringUtilsTest:testRandomStringUtils:()V#65#141 prob_bp = 1.0
org.apache.commons.lang3.RandomStringUtilsTest:testRandomStringUtils:()V#65#144 prob_bp = 1.0
org.apache.commons.lang3.RandomStringUtilsTest:testRandomStringUtils:()V#66#145 prob_bp = 1.0
org.apache.commons.lang3.RandomStringUtilsTest:testRandomStringUtils:()V#66#147 prob_bp = 1.0
org.apache.commons.lang3.RandomStringUtilsTest:testRandomStringUtils:()V#66#149 prob_bp = 1.0
org.apache.commons.lang3.RandomStringUtilsTest:testRandomStringUtils:()V#66#150 prob_bp = 1.0
org.apache.commons.lang3.RandomStringUtilsTest:testRandomStringUtils:()V#66#153 prob_bp = 1.0
org.apache.commons.lang3.RandomStringUtilsTest:testRandomStringUtils:()V#67#156 prob_bp = 1.0
org.apache.commons.lang3.RandomStringUtilsTest:testRandomStringUtils:()V#67#157 prob_bp = 1.0
org.apache.commons.lang3.RandomStringUtilsTest:testRandomStringUtils:()V#67#158 prob_bp = 1.0
org.apache.commons.lang3.RandomStringUtilsTest:testRandomStringUtils:()V#67#159 prob_bp = 1.0
org.apache.commons.lang3.RandomStringUtilsTest:testRandomStringUtils:()V#67#160 prob_bp = 1.0
org.apache.commons.lang3.RandomStringUtilsTest:testRandomStringUtils:()V#67#163 prob_bp = 1.0
org.apache.commons.lang3.RandomStringUtilsTest:testRandomStringUtils:()V#68#166 prob_bp = 1.0
org.apache.commons.lang3.RandomStringUtilsTest:testRandomStringUtils:()V#68#168 prob_bp = 1.0
org.apache.commons.lang3.RandomStringUtilsTest:testRandomStringUtils:()V#68#169 prob_bp = 1.0
org.apache.commons.lang3.RandomStringUtilsTest:testRandomStringUtils:()V#68#170 prob_bp = 1.0
org.apache.commons.lang3.RandomStringUtilsTest:testRandomStringUtils:()V#68#171 prob_bp = 1.0
org.apache.commons.lang3.RandomStringUtilsTest:testRandomStringUtils:()V#68#174 prob_bp = 1.0
org.apache.commons.lang3.RandomStringUtilsTest:testRandomStringUtils:()V#68#177 prob_bp = 1.0
org.apache.commons.lang3.RandomStringUtilsTest:testRandomStringUtils:()V#68#180 prob_bp = 1.0
org.apache.commons.lang3.RandomStringUtilsTest:testRandomStringUtils:()V#68#181 prob_bp = 1.0
org.apache.commons.lang3.RandomStringUtilsTest:testRandomStringUtils:()V#68#182 prob_bp = 1.0
org.apache.commons.lang3.RandomStringUtilsTest:testRandomStringUtils:()V#68#185 prob_bp = 1.0
org.apache.commons.lang3.RandomStringUtilsTest:testRandomStringUtils:()V#68#188 prob_bp = 1.0
org.apache.commons.lang3.RandomStringUtilsTest:testRandomStringUtils:()V#68#191 prob_bp = 1.0
org.apache.commons.lang3.RandomStringUtilsTest:testRandomStringUtils:()V#68#192 prob_bp = 1.0
org.apache.commons.lang3.RandomStringUtilsTest:testRandomStringUtils:()V#68#196 prob_bp = 1.0
org.apache.commons.lang3.RandomStringUtilsTest:testRandomStringUtils:()V#67#199 prob_bp = 1.0
org.apache.commons.lang3.RandomStringUtilsTest:testRandomStringUtils:()V#67#202 prob_bp = 1.0
org.apache.commons.lang3.RandomStringUtilsTest:testRandomStringUtils:()V#70#205 prob_bp = 1.0
org.apache.commons.lang3.RandomStringUtilsTest:testRandomStringUtils:()V#70#207 prob_bp = 1.0
org.apache.commons.lang3.RandomStringUtilsTest:testRandomStringUtils:()V#70#210 prob_bp = 1.0
org.apache.commons.lang3.RandomStringUtilsTest:testRandomStringUtils:()V#71#211 prob_bp = 1.0
org.apache.commons.lang3.RandomStringUtilsTest:testRandomStringUtils:()V#71#213 prob_bp = 1.0
org.apache.commons.lang3.RandomStringUtilsTest:testRandomStringUtils:()V#71#214 prob_bp = 1.0
org.apache.commons.lang3.RandomStringUtilsTest:testRandomStringUtils:()V#71#215 prob_bp = 1.0
org.apache.commons.lang3.RandomStringUtilsTest:testRandomStringUtils:()V#71#218 prob_bp = 1.0
org.apache.commons.lang3.RandomStringUtilsTest:testRandomStringUtils:()V#71#221 prob_bp = 1.0
org.apache.commons.lang3.RandomStringUtilsTest:testRandomStringUtils:()V#71#222 prob_bp = 1.0
org.apache.commons.lang3.RandomStringUtilsTest:testRandomStringUtils:()V#71#226 prob_bp = 1.0
org.apache.commons.lang3.RandomStringUtilsTest:testRandomStringUtils:()V#73#229 prob_bp = 1.0
org.apache.commons.lang3.RandomStringUtilsTest:testRandomStringUtils:()V#73#231 prob_bp = 1.0
org.apache.commons.lang3.RandomStringUtilsTest:testRandomStringUtils:()V#73#234 prob_bp = 1.0
org.apache.commons.lang3.RandomStringUtilsTest:testRandomStringUtils:()V#74#235 prob_bp = 1.0
org.apache.commons.lang3.RandomStringUtilsTest:testRandomStringUtils:()V#74#237 prob_bp = 1.0
org.apache.commons.lang3.RandomStringUtilsTest:testRandomStringUtils:()V#74#239 prob_bp = 1.0
org.apache.commons.lang3.RandomStringUtilsTest:testRandomStringUtils:()V#74#240 prob_bp = 1.0
org.apache.commons.lang3.RandomStringUtilsTest:testRandomStringUtils:()V#74#243 prob_bp = 1.0
org.apache.commons.lang3.RandomStringUtilsTest:testRandomStringUtils:()V#75#246 prob_bp = 1.0
org.apache.commons.lang3.RandomStringUtilsTest:testRandomStringUtils:()V#75#247 prob_bp = 1.0
org.apache.commons.lang3.RandomStringUtilsTest:testRandomStringUtils:()V#75#248 prob_bp = 1.0
org.apache.commons.lang3.RandomStringUtilsTest:testRandomStringUtils:()V#75#249 prob_bp = 1.0
org.apache.commons.lang3.RandomStringUtilsTest:testRandomStringUtils:()V#75#250 prob_bp = 1.0
org.apache.commons.lang3.RandomStringUtilsTest:testRandomStringUtils:()V#75#253 prob_bp = 1.0
org.apache.commons.lang3.RandomStringUtilsTest:testRandomStringUtils:()V#76#256 prob_bp = 1.0
org.apache.commons.lang3.RandomStringUtilsTest:testRandomStringUtils:()V#76#258 prob_bp = 1.0
org.apache.commons.lang3.RandomStringUtilsTest:testRandomStringUtils:()V#76#259 prob_bp = 1.0
org.apache.commons.lang3.RandomStringUtilsTest:testRandomStringUtils:()V#76#260 prob_bp = 1.0
org.apache.commons.lang3.RandomStringUtilsTest:testRandomStringUtils:()V#76#261 prob_bp = 1.0
org.apache.commons.lang3.RandomStringUtilsTest:testRandomStringUtils:()V#76#264 prob_bp = 1.0
org.apache.commons.lang3.RandomStringUtilsTest:testRandomStringUtils:()V#76#267 prob_bp = 1.0
org.apache.commons.lang3.RandomStringUtilsTest:testRandomStringUtils:()V#75#270 prob_bp = 1.0
org.apache.commons.lang3.RandomStringUtilsTest:testRandomStringUtils:()V#75#273 prob_bp = 1.0
org.apache.commons.lang3.RandomStringUtilsTest:testRandomStringUtils:()V#78#276 prob_bp = 1.0
org.apache.commons.lang3.RandomStringUtilsTest:testRandomStringUtils:()V#78#278 prob_bp = 1.0
org.apache.commons.lang3.RandomStringUtilsTest:testRandomStringUtils:()V#78#281 prob_bp = 1.0
org.apache.commons.lang3.RandomStringUtilsTest:testRandomStringUtils:()V#79#282 prob_bp = 1.0
org.apache.commons.lang3.RandomStringUtilsTest:testRandomStringUtils:()V#79#284 prob_bp = 1.0
org.apache.commons.lang3.RandomStringUtilsTest:testRandomStringUtils:()V#79#285 prob_bp = 1.0
org.apache.commons.lang3.RandomStringUtilsTest:testRandomStringUtils:()V#79#286 prob_bp = 1.0
org.apache.commons.lang3.RandomStringUtilsTest:testRandomStringUtils:()V#79#289 prob_bp = 1.0
org.apache.commons.lang3.RandomStringUtilsTest:testRandomStringUtils:()V#79#292 prob_bp = 1.0
org.apache.commons.lang3.RandomStringUtilsTest:testRandomStringUtils:()V#79#293 prob_bp = 1.0
org.apache.commons.lang3.RandomStringUtilsTest:testRandomStringUtils:()V#79#297 prob_bp = 1.0
org.apache.commons.lang3.RandomStringUtilsTest:testRandomStringUtils:()V#81#300 prob_bp = 1.0
org.apache.commons.lang3.RandomStringUtilsTest:testRandomStringUtils:()V#81#302 prob_bp = 1.0
org.apache.commons.lang3.RandomStringUtilsTest:testRandomStringUtils:()V#81#305 prob_bp = 1.0
org.apache.commons.lang3.RandomStringUtilsTest:testRandomStringUtils:()V#82#306 prob_bp = 1.0
org.apache.commons.lang3.RandomStringUtilsTest:testRandomStringUtils:()V#82#308 prob_bp = 1.0
org.apache.commons.lang3.RandomStringUtilsTest:testRandomStringUtils:()V#82#310 prob_bp = 1.0
org.apache.commons.lang3.RandomStringUtilsTest:testRandomStringUtils:()V#82#311 prob_bp = 1.0
org.apache.commons.lang3.RandomStringUtilsTest:testRandomStringUtils:()V#82#314 prob_bp = 1.0
org.apache.commons.lang3.RandomStringUtilsTest:testRandomStringUtils:()V#83#317 prob_bp = 1.0
org.apache.commons.lang3.RandomStringUtilsTest:testRandomStringUtils:()V#83#318 prob_bp = 1.0
org.apache.commons.lang3.RandomStringUtilsTest:testRandomStringUtils:()V#83#319 prob_bp = 1.0
org.apache.commons.lang3.RandomStringUtilsTest:testRandomStringUtils:()V#83#320 prob_bp = 1.0
org.apache.commons.lang3.RandomStringUtilsTest:testRandomStringUtils:()V#83#321 prob_bp = 1.0
org.apache.commons.lang3.RandomStringUtilsTest:testRandomStringUtils:()V#83#324 prob_bp = 1.0
org.apache.commons.lang3.RandomStringUtilsTest:testRandomStringUtils:()V#84#327 prob_bp = 1.0
org.apache.commons.lang3.RandomStringUtilsTest:testRandomStringUtils:()V#84#329 prob_bp = 1.0
org.apache.commons.lang3.RandomStringUtilsTest:testRandomStringUtils:()V#84#330 prob_bp = 1.0
org.apache.commons.lang3.RandomStringUtilsTest:testRandomStringUtils:()V#84#331 prob_bp = 1.0
org.apache.commons.lang3.RandomStringUtilsTest:testRandomStringUtils:()V#84#332 prob_bp = 1.0
org.apache.commons.lang3.RandomStringUtilsTest:testRandomStringUtils:()V#84#335 prob_bp = 1.0
org.apache.commons.lang3.RandomStringUtilsTest:testRandomStringUtils:()V#84#338 prob_bp = 1.0
org.apache.commons.lang3.RandomStringUtilsTest:testRandomStringUtils:()V#84#341 prob_bp = 1.0
org.apache.commons.lang3.RandomStringUtilsTest:testRandomStringUtils:()V#84#342 prob_bp = 1.0
org.apache.commons.lang3.RandomStringUtilsTest:testRandomStringUtils:()V#84#343 prob_bp = 1.0
org.apache.commons.lang3.RandomStringUtilsTest:testRandomStringUtils:()V#84#346 prob_bp = 1.0
org.apache.commons.lang3.RandomStringUtilsTest:testRandomStringUtils:()V#84#349 prob_bp = 1.0
org.apache.commons.lang3.RandomStringUtilsTest:testRandomStringUtils:()V#84#352 prob_bp = 1.0
org.apache.commons.lang3.RandomStringUtilsTest:testRandomStringUtils:()V#84#353 prob_bp = 1.0
org.apache.commons.lang3.RandomStringUtilsTest:testRandomStringUtils:()V#84#357 prob_bp = 1.0
org.apache.commons.lang3.RandomStringUtilsTest:testRandomStringUtils:()V#83#360 prob_bp = 1.0
org.apache.commons.lang3.RandomStringUtilsTest:testRandomStringUtils:()V#83#363 prob_bp = 1.0
org.apache.commons.lang3.RandomStringUtilsTest:testRandomStringUtils:()V#86#366 prob_bp = 1.0
org.apache.commons.lang3.RandomStringUtilsTest:testRandomStringUtils:()V#86#368 prob_bp = 1.0
org.apache.commons.lang3.RandomStringUtilsTest:testRandomStringUtils:()V#86#371 prob_bp = 1.0
org.apache.commons.lang3.RandomStringUtilsTest:testRandomStringUtils:()V#87#372 prob_bp = 1.0
org.apache.commons.lang3.RandomStringUtilsTest:testRandomStringUtils:()V#87#374 prob_bp = 1.0
org.apache.commons.lang3.RandomStringUtilsTest:testRandomStringUtils:()V#87#375 prob_bp = 1.0
org.apache.commons.lang3.RandomStringUtilsTest:testRandomStringUtils:()V#87#376 prob_bp = 1.0
org.apache.commons.lang3.RandomStringUtilsTest:testRandomStringUtils:()V#87#379 prob_bp = 1.0
org.apache.commons.lang3.RandomStringUtilsTest:testRandomStringUtils:()V#87#382 prob_bp = 1.0
org.apache.commons.lang3.RandomStringUtilsTest:testRandomStringUtils:()V#87#383 prob_bp = 1.0
org.apache.commons.lang3.RandomStringUtilsTest:testRandomStringUtils:()V#87#387 prob_bp = 1.0
org.apache.commons.lang3.RandomStringUtilsTest:testRandomStringUtils:()V#89#390 prob_bp = 1.0
org.apache.commons.lang3.RandomStringUtilsTest:testRandomStringUtils:()V#89#392 prob_bp = 1.0
org.apache.commons.lang3.RandomStringUtilsTest:testRandomStringUtils:()V#90#393 prob_bp = 1.0
org.apache.commons.lang3.RandomStringUtilsTest:testRandomStringUtils:()V#90#395 prob_bp = 1.0
org.apache.commons.lang3.RandomStringUtilsTest:testRandomStringUtils:()V#90#396 prob_bp = 1.0
org.apache.commons.lang3.RandomStringUtilsTest:testRandomStringUtils:()V#90#399 prob_bp = 1.0
org.apache.commons.lang3.RandomStringUtilsTest:testRandomStringUtils:()V#91#400 prob_bp = 1.0
org.apache.commons.lang3.RandomStringUtilsTest:testRandomStringUtils:()V#91#402 prob_bp = 1.0
org.apache.commons.lang3.RandomStringUtilsTest:testRandomStringUtils:()V#91#404 prob_bp = 1.0
org.apache.commons.lang3.RandomStringUtilsTest:testRandomStringUtils:()V#91#405 prob_bp = 1.0
org.apache.commons.lang3.RandomStringUtilsTest:testRandomStringUtils:()V#91#408 prob_bp = 1.0
org.apache.commons.lang3.RandomStringUtilsTest:testRandomStringUtils:()V#92#411 prob_bp = 1.0
org.apache.commons.lang3.RandomStringUtilsTest:testRandomStringUtils:()V#92#412 prob_bp = 1.0
org.apache.commons.lang3.RandomStringUtilsTest:testRandomStringUtils:()V#92#414 prob_bp = 1.0
org.apache.commons.lang3.RandomStringUtilsTest:testRandomStringUtils:()V#92#416 prob_bp = 1.0
org.apache.commons.lang3.RandomStringUtilsTest:testRandomStringUtils:()V#92#417 prob_bp = 1.0
org.apache.commons.lang3.RandomStringUtilsTest:testRandomStringUtils:()V#92#420 prob_bp = 1.0
org.apache.commons.lang3.RandomStringUtilsTest:testRandomStringUtils:()V#93#423 prob_bp = 1.0
org.apache.commons.lang3.RandomStringUtilsTest:testRandomStringUtils:()V#93#425 prob_bp = 1.0
org.apache.commons.lang3.RandomStringUtilsTest:testRandomStringUtils:()V#93#426 prob_bp = 1.0
org.apache.commons.lang3.RandomStringUtilsTest:testRandomStringUtils:()V#93#427 prob_bp = 1.0
org.apache.commons.lang3.RandomStringUtilsTest:testRandomStringUtils:()V#93#429 prob_bp = 1.0
org.apache.commons.lang3.RandomStringUtilsTest:testRandomStringUtils:()V#93#432 prob_bp = 1.0
org.apache.commons.lang3.RandomStringUtilsTest:testRandomStringUtils:()V#93#435 prob_bp = 1.0
org.apache.commons.lang3.RandomStringUtilsTest:testRandomStringUtils:()V#93#436 prob_bp = 1.0
org.apache.commons.lang3.RandomStringUtilsTest:testRandomStringUtils:()V#93#439 prob_bp = 1.0
org.apache.commons.lang3.RandomStringUtilsTest:testRandomStringUtils:()V#93#440 prob_bp = 1.0
org.apache.commons.lang3.RandomStringUtilsTest:testRandomStringUtils:()V#93#444 prob_bp = 1.0
org.apache.commons.lang3.RandomStringUtilsTest:testRandomStringUtils:()V#92#447 prob_bp = 1.0
org.apache.commons.lang3.RandomStringUtilsTest:testRandomStringUtils:()V#92#450 prob_bp = 1.0
org.apache.commons.lang3.RandomStringUtilsTest:testRandomStringUtils:()V#95#453 prob_bp = 1.0
org.apache.commons.lang3.RandomStringUtilsTest:testRandomStringUtils:()V#95#455 prob_bp = 1.0
org.apache.commons.lang3.RandomStringUtilsTest:testRandomStringUtils:()V#95#456 prob_bp = 1.0
org.apache.commons.lang3.RandomStringUtilsTest:testRandomStringUtils:()V#95#459 prob_bp = 1.0
org.apache.commons.lang3.RandomStringUtilsTest:testRandomStringUtils:()V#96#460 prob_bp = 1.0
org.apache.commons.lang3.RandomStringUtilsTest:testRandomStringUtils:()V#96#462 prob_bp = 1.0
org.apache.commons.lang3.RandomStringUtilsTest:testRandomStringUtils:()V#96#463 prob_bp = 1.0
org.apache.commons.lang3.RandomStringUtilsTest:testRandomStringUtils:()V#96#464 prob_bp = 1.0
org.apache.commons.lang3.RandomStringUtilsTest:testRandomStringUtils:()V#96#467 prob_bp = 1.0
org.apache.commons.lang3.RandomStringUtilsTest:testRandomStringUtils:()V#96#470 prob_bp = 1.0
org.apache.commons.lang3.RandomStringUtilsTest:testRandomStringUtils:()V#96#471 prob_bp = 1.0
org.apache.commons.lang3.RandomStringUtilsTest:testRandomStringUtils:()V#96#475 prob_bp = 1.0
org.apache.commons.lang3.RandomStringUtilsTest:testRandomStringUtils:()V#98#478 prob_bp = 1.0
org.apache.commons.lang3.RandomStringUtilsTest:testRandomStringUtils:()V#98#480 prob_bp = 1.0
org.apache.commons.lang3.RandomStringUtilsTest:testRandomStringUtils:()V#98#481 prob_bp = 1.0
org.apache.commons.lang3.RandomStringUtilsTest:testRandomStringUtils:()V#98#484 prob_bp = 1.0
org.apache.commons.lang3.RandomStringUtilsTest:testRandomStringUtils:()V#98#487 prob_bp = 1.0
org.apache.commons.lang3.RandomStringUtilsTest:testRandomStringUtils:()V#99#488 prob_bp = 1.0
org.apache.commons.lang3.RandomStringUtilsTest:testRandomStringUtils:()V#99#490 prob_bp = 1.0
org.apache.commons.lang3.RandomStringUtilsTest:testRandomStringUtils:()V#99#492 prob_bp = 1.0
org.apache.commons.lang3.RandomStringUtilsTest:testRandomStringUtils:()V#99#493 prob_bp = 1.0
org.apache.commons.lang3.RandomStringUtilsTest:testRandomStringUtils:()V#99#496 prob_bp = 1.0
org.apache.commons.lang3.RandomStringUtilsTest:testRandomStringUtils:()V#100#499 prob_bp = 1.0
org.apache.commons.lang3.RandomStringUtilsTest:testRandomStringUtils:()V#100#501 prob_bp = 1.0
org.apache.commons.lang3.RandomStringUtilsTest:testRandomStringUtils:()V#100#502 prob_bp = 1.0
org.apache.commons.lang3.RandomStringUtilsTest:testRandomStringUtils:()V#100#505 prob_bp = 1.0
org.apache.commons.lang3.RandomStringUtilsTest:testRandomStringUtils:()V#100#508 prob_bp = 1.0
org.apache.commons.lang3.RandomStringUtilsTest:testRandomStringUtils:()V#101#509 prob_bp = 1.0
org.apache.commons.lang3.RandomStringUtilsTest:testRandomStringUtils:()V#101#511 prob_bp = 1.0
org.apache.commons.lang3.RandomStringUtilsTest:testRandomStringUtils:()V#101#513 prob_bp = 1.0
org.apache.commons.lang3.RandomStringUtilsTest:testRandomStringUtils:()V#101#514 prob_bp = 1.0
org.apache.commons.lang3.RandomStringUtilsTest:testRandomStringUtils:()V#101#517 prob_bp = 1.0
org.apache.commons.lang3.RandomStringUtilsTest:testRandomStringUtils:()V#102#520 prob_bp = 1.0
org.apache.commons.lang3.RandomStringUtilsTest:testRandomStringUtils:()V#102#522 prob_bp = 1.0
org.apache.commons.lang3.RandomStringUtilsTest:testRandomStringUtils:()V#102#523 prob_bp = 1.0
org.apache.commons.lang3.RandomStringUtilsTest:testRandomStringUtils:()V#102#524 prob_bp = 1.0
org.apache.commons.lang3.RandomStringUtilsTest:testRandomStringUtils:()V#102#527 prob_bp = 1.0
org.apache.commons.lang3.RandomStringUtilsTest:testRandomStringUtils:()V#102#530 prob_bp = 1.0
org.apache.commons.lang3.RandomStringUtilsTest:testRandomStringUtils:()V#102#531 prob_bp = 1.0
org.apache.commons.lang3.RandomStringUtilsTest:testRandomStringUtils:()V#102#535 prob_bp = 1.0
org.apache.commons.lang3.RandomStringUtilsTest:testRandomStringUtils:()V#104#538 prob_bp = 1.0
org.apache.commons.lang3.RandomStringUtilsTest:testRandomStringUtils:()V#104#540 prob_bp = 1.0
org.apache.commons.lang3.RandomStringUtilsTest:testRandomStringUtils:()V#105#541 prob_bp = 1.0
org.apache.commons.lang3.RandomStringUtilsTest:testRandomStringUtils:()V#105#543 prob_bp = 1.0
org.apache.commons.lang3.RandomStringUtilsTest:testRandomStringUtils:()V#105#544 prob_bp = 1.0
org.apache.commons.lang3.RandomStringUtilsTest:testRandomStringUtils:()V#105#547 prob_bp = 1.0
org.apache.commons.lang3.RandomStringUtilsTest:testRandomStringUtils:()V#105#550 prob_bp = 1.0
org.apache.commons.lang3.RandomStringUtilsTest:testRandomStringUtils:()V#106#551 prob_bp = 1.0
org.apache.commons.lang3.RandomStringUtilsTest:testRandomStringUtils:()V#106#553 prob_bp = 1.0
org.apache.commons.lang3.RandomStringUtilsTest:testRandomStringUtils:()V#106#555 prob_bp = 1.0
org.apache.commons.lang3.RandomStringUtilsTest:testRandomStringUtils:()V#106#556 prob_bp = 1.0
org.apache.commons.lang3.RandomStringUtilsTest:testRandomStringUtils:()V#106#559 prob_bp = 1.0
org.apache.commons.lang3.RandomStringUtilsTest:testRandomStringUtils:()V#107#562 prob_bp = 1.0
org.apache.commons.lang3.RandomStringUtilsTest:testRandomStringUtils:()V#107#563 prob_bp = 1.0
org.apache.commons.lang3.RandomStringUtilsTest:testRandomStringUtils:()V#107#565 prob_bp = 1.0
org.apache.commons.lang3.RandomStringUtilsTest:testRandomStringUtils:()V#107#567 prob_bp = 1.0
org.apache.commons.lang3.RandomStringUtilsTest:testRandomStringUtils:()V#107#568 prob_bp = 1.0
org.apache.commons.lang3.RandomStringUtilsTest:testRandomStringUtils:()V#107#571 prob_bp = 1.0
org.apache.commons.lang3.RandomStringUtilsTest:testRandomStringUtils:()V#108#574 prob_bp = 1.0
org.apache.commons.lang3.RandomStringUtilsTest:testRandomStringUtils:()V#108#576 prob_bp = 1.0
org.apache.commons.lang3.RandomStringUtilsTest:testRandomStringUtils:()V#108#577 prob_bp = 1.0
org.apache.commons.lang3.RandomStringUtilsTest:testRandomStringUtils:()V#108#578 prob_bp = 1.0
org.apache.commons.lang3.RandomStringUtilsTest:testRandomStringUtils:()V#108#580 prob_bp = 1.0
org.apache.commons.lang3.RandomStringUtilsTest:testRandomStringUtils:()V#108#583 prob_bp = 1.0
org.apache.commons.lang3.RandomStringUtilsTest:testRandomStringUtils:()V#108#586 prob_bp = 1.0
org.apache.commons.lang3.RandomStringUtilsTest:testRandomStringUtils:()V#108#587 prob_bp = 1.0
org.apache.commons.lang3.RandomStringUtilsTest:testRandomStringUtils:()V#108#590 prob_bp = 1.0
org.apache.commons.lang3.RandomStringUtilsTest:testRandomStringUtils:()V#108#591 prob_bp = 1.0
org.apache.commons.lang3.RandomStringUtilsTest:testRandomStringUtils:()V#108#595 prob_bp = 1.0
org.apache.commons.lang3.RandomStringUtilsTest:testRandomStringUtils:()V#107#598 prob_bp = 1.0
org.apache.commons.lang3.RandomStringUtilsTest:testRandomStringUtils:()V#107#601 prob_bp = 1.0
org.apache.commons.lang3.RandomStringUtilsTest:testRandomStringUtils:()V#110#604 prob_bp = 1.0
org.apache.commons.lang3.RandomStringUtilsTest:testRandomStringUtils:()V#110#606 prob_bp = 1.0
org.apache.commons.lang3.RandomStringUtilsTest:testRandomStringUtils:()V#110#607 prob_bp = 1.0
org.apache.commons.lang3.RandomStringUtilsTest:testRandomStringUtils:()V#110#610 prob_bp = 1.0
org.apache.commons.lang3.RandomStringUtilsTest:testRandomStringUtils:()V#111#611 prob_bp = 1.0
org.apache.commons.lang3.RandomStringUtilsTest:testRandomStringUtils:()V#111#613 prob_bp = 1.0
org.apache.commons.lang3.RandomStringUtilsTest:testRandomStringUtils:()V#111#614 prob_bp = 1.0
org.apache.commons.lang3.RandomStringUtilsTest:testRandomStringUtils:()V#111#615 prob_bp = 1.0
org.apache.commons.lang3.RandomStringUtilsTest:testRandomStringUtils:()V#111#618 prob_bp = 1.0
org.apache.commons.lang3.RandomStringUtilsTest:testRandomStringUtils:()V#111#621 prob_bp = 1.0
org.apache.commons.lang3.RandomStringUtilsTest:testRandomStringUtils:()V#111#622 prob_bp = 1.0
org.apache.commons.lang3.RandomStringUtilsTest:testRandomStringUtils:()V#111#626 prob_bp = 1.0
org.apache.commons.lang3.RandomStringUtilsTest:testRandomStringUtils:()V#113#629 prob_bp = 1.0
org.apache.commons.lang3.RandomStringUtilsTest:testRandomStringUtils:()V#113#631 prob_bp = 1.0
org.apache.commons.lang3.RandomStringUtilsTest:testRandomStringUtils:()V#113#632 prob_bp = 1.0
org.apache.commons.lang3.RandomStringUtilsTest:testRandomStringUtils:()V#113#635 prob_bp = 1.0
org.apache.commons.lang3.RandomStringUtilsTest:testRandomStringUtils:()V#113#638 prob_bp = 1.0
org.apache.commons.lang3.RandomStringUtilsTest:testRandomStringUtils:()V#114#639 prob_bp = 1.0
org.apache.commons.lang3.RandomStringUtilsTest:testRandomStringUtils:()V#114#641 prob_bp = 1.0
org.apache.commons.lang3.RandomStringUtilsTest:testRandomStringUtils:()V#114#643 prob_bp = 1.0
org.apache.commons.lang3.RandomStringUtilsTest:testRandomStringUtils:()V#114#644 prob_bp = 1.0
org.apache.commons.lang3.RandomStringUtilsTest:testRandomStringUtils:()V#114#647 prob_bp = 1.0
org.apache.commons.lang3.RandomStringUtilsTest:testRandomStringUtils:()V#115#650 prob_bp = 1.0
org.apache.commons.lang3.RandomStringUtilsTest:testRandomStringUtils:()V#115#652 prob_bp = 1.0
org.apache.commons.lang3.RandomStringUtilsTest:testRandomStringUtils:()V#115#653 prob_bp = 1.0
org.apache.commons.lang3.RandomStringUtilsTest:testRandomStringUtils:()V#115#656 prob_bp = 1.0
org.apache.commons.lang3.RandomStringUtilsTest:testRandomStringUtils:()V#115#659 prob_bp = 1.0
org.apache.commons.lang3.RandomStringUtilsTest:testRandomStringUtils:()V#116#660 prob_bp = 1.0
org.apache.commons.lang3.RandomStringUtilsTest:testRandomStringUtils:()V#116#662 prob_bp = 1.0
org.apache.commons.lang3.RandomStringUtilsTest:testRandomStringUtils:()V#116#664 prob_bp = 1.0
org.apache.commons.lang3.RandomStringUtilsTest:testRandomStringUtils:()V#116#665 prob_bp = 1.0
org.apache.commons.lang3.RandomStringUtilsTest:testRandomStringUtils:()V#116#668 prob_bp = 1.0
org.apache.commons.lang3.RandomStringUtilsTest:testRandomStringUtils:()V#117#671 prob_bp = 1.0
org.apache.commons.lang3.RandomStringUtilsTest:testRandomStringUtils:()V#117#673 prob_bp = 1.0
org.apache.commons.lang3.RandomStringUtilsTest:testRandomStringUtils:()V#117#674 prob_bp = 1.0
org.apache.commons.lang3.RandomStringUtilsTest:testRandomStringUtils:()V#117#675 prob_bp = 1.0
org.apache.commons.lang3.RandomStringUtilsTest:testRandomStringUtils:()V#117#678 prob_bp = 1.0
org.apache.commons.lang3.RandomStringUtilsTest:testRandomStringUtils:()V#117#681 prob_bp = 1.0
org.apache.commons.lang3.RandomStringUtilsTest:testRandomStringUtils:()V#117#682 prob_bp = 1.0
org.apache.commons.lang3.RandomStringUtilsTest:testRandomStringUtils:()V#117#686 prob_bp = 1.0
org.apache.commons.lang3.RandomStringUtilsTest:testRandomStringUtils:()V#119#689 prob_bp = 1.0
org.apache.commons.lang3.RandomStringUtilsTest:testRandomStringUtils:()V#119#692 prob_bp = 1.0
org.apache.commons.lang3.RandomStringUtilsTest:testRandomStringUtils:()V#120#694 prob_bp = 1.0
org.apache.commons.lang3.RandomStringUtilsTest:testRandomStringUtils:()V#120#696 prob_bp = 1.0
org.apache.commons.lang3.RandomStringUtilsTest:testRandomStringUtils:()V#120#697 prob_bp = 1.0
org.apache.commons.lang3.RandomStringUtilsTest:testRandomStringUtils:()V#120#698 prob_bp = 1.0
org.apache.commons.lang3.RandomStringUtilsTest:testRandomStringUtils:()V#120#699 prob_bp = 1.0
org.apache.commons.lang3.RandomStringUtilsTest:testRandomStringUtils:()V#120#700 prob_bp = 1.0
org.apache.commons.lang3.RandomStringUtilsTest:testRandomStringUtils:()V#120#701 prob_bp = 1.0
org.apache.commons.lang3.RandomStringUtilsTest:testRandomStringUtils:()V#120#704 prob_bp = 1.0
org.apache.commons.lang3.RandomStringUtilsTest:testRandomStringUtils:()V#120#705 prob_bp = 1.0
org.apache.commons.lang3.RandomStringUtilsTest:testRandomStringUtils:()V#120#707 prob_bp = 1.0
org.apache.commons.lang3.RandomStringUtilsTest:testRandomStringUtils:()V#120#710 prob_bp = 1.0
org.apache.commons.lang3.RandomStringUtilsTest:testRandomStringUtils:()V#120#713 prob_bp = 1.0
org.apache.commons.lang3.RandomStringUtilsTest:testRandomStringUtils:()V#121#714 prob_bp = 1.0
org.apache.commons.lang3.RandomStringUtilsTest:testRandomStringUtils:()V#121#716 prob_bp = 1.0
org.apache.commons.lang3.RandomStringUtilsTest:testRandomStringUtils:()V#121#717 prob_bp = 1.0
org.apache.commons.lang3.RandomStringUtilsTest:testRandomStringUtils:()V#121#718 prob_bp = 1.0
org.apache.commons.lang3.RandomStringUtilsTest:testRandomStringUtils:()V#121#719 prob_bp = 1.0
org.apache.commons.lang3.RandomStringUtilsTest:testRandomStringUtils:()V#121#720 prob_bp = 1.0
org.apache.commons.lang3.RandomStringUtilsTest:testRandomStringUtils:()V#121#721 prob_bp = 1.0
org.apache.commons.lang3.RandomStringUtilsTest:testRandomStringUtils:()V#121#724 prob_bp = 1.0
org.apache.commons.lang3.RandomStringUtilsTest:testRandomStringUtils:()V#121#725 prob_bp = 1.0
org.apache.commons.lang3.RandomStringUtilsTest:testRandomStringUtils:()V#121#727 prob_bp = 1.0
org.apache.commons.lang3.RandomStringUtilsTest:testRandomStringUtils:()V#121#730 prob_bp = 1.0
org.apache.commons.lang3.RandomStringUtilsTest:testRandomStringUtils:()V#121#733 prob_bp = 1.0
org.apache.commons.lang3.RandomStringUtilsTest:testRandomStringUtils:()V#122#734 prob_bp = 1.0
org.apache.commons.lang3.RandomStringUtilsTest:testRandomStringUtils:()V#122#736 prob_bp = 1.0
org.apache.commons.lang3.RandomStringUtilsTest:testRandomStringUtils:()V#122#737 prob_bp = 1.0
org.apache.commons.lang3.RandomStringUtilsTest:testRandomStringUtils:()V#122#738 prob_bp = 1.0
org.apache.commons.lang3.RandomStringUtilsTest:testRandomStringUtils:()V#124#741 prob_bp = 1.0
org.apache.commons.lang3.RandomStringUtilsTest:testRandomStringUtils:()V#124#742 prob_bp = 1.0
org.apache.commons.lang3.RandomStringUtilsTest:testRandomStringUtils:()V#124#745 prob_bp = 1.0
org.apache.commons.lang3.RandomStringUtilsTest:testRandomStringUtils:()V#125#746 prob_bp = 1.0
org.apache.commons.lang3.RandomStringUtilsTest:testRandomStringUtils:()V#125#748 prob_bp = 1.0
org.apache.commons.lang3.RandomStringUtilsTest:testRandomStringUtils:()V#125#750 prob_bp = 1.0
org.apache.commons.lang3.RandomStringUtilsTest:testRandomStringUtils:()V#125#751 prob_bp = 1.0
org.apache.commons.lang3.RandomStringUtilsTest:testRandomStringUtils:()V#126#754 prob_bp = 1.0
Belief propagation time : 9.54s
