
Probabilities: 
Vars:756
Stmts:439
org.apache.commons.lang.time.StopWatch:stop:()V#115#4 prob_bp = 0.4998153702120259
org.apache.commons.lang.time.StopWatch:stop:()V#115#8 prob_bp = 0.4998163998857716
org.apache.commons.lang.time.StopWatch:stop:()V#115#13 prob_bp = 0.4998165111417622
org.apache.commons.lang.time.StopWatch:suspend:()V#176#5 prob_bp = 0.4999999433257506
org.apache.commons.lang.time.StopWatch:suspend:()V#176#0 prob_bp = 0.49999994332586983
org.apache.commons.lang.time.StopWatch:suspend:()V#176#1 prob_bp = 0.49999994332587144
org.apache.commons.lang.time.StopWatch:stop:()V#116#16 prob_bp = 0.49999999999999994
org.apache.commons.lang.time.StopWatch:stop:()V#116#20 prob_bp = 0.49999999999999994
org.apache.commons.lang.time.StopWatch:stop:()V#118#27 prob_bp = 0.49999999999999994
org.apache.commons.lang.time.StopWatch:stop:()V#116#22 prob_bp = 0.5
org.apache.commons.lang.time.StopWatch:suspend:()V#177#8 prob_bp = 0.5
org.apache.commons.lang.time.StopWatch:suspend:()V#177#11 prob_bp = 0.5
org.apache.commons.lang.time.StopWatch:suspend:()V#177#12 prob_bp = 0.5
org.apache.commons.lang.time.StopWatch:suspend:()V#177#14 prob_bp = 0.5
org.apache.commons.lang.time.StopWatch:suspend:()V#177#17 prob_bp = 0.5
org.apache.commons.lang.time.StopWatch:split:()V#145#8 prob_bp = 0.5
org.apache.commons.lang.time.StopWatch:split:()V#145#11 prob_bp = 0.5
org.apache.commons.lang.time.StopWatch:split:()V#145#12 prob_bp = 0.5
org.apache.commons.lang.time.StopWatch:split:()V#145#14 prob_bp = 0.5
org.apache.commons.lang.time.StopWatch:split:()V#145#17 prob_bp = 0.5
org.apache.commons.lang.time.StopWatch:unsplit:()V#161#9 prob_bp = 0.5
org.apache.commons.lang.time.StopWatch:unsplit:()V#161#13 prob_bp = 0.5
org.apache.commons.lang.time.StopWatch:resume:()V#193#8 prob_bp = 0.5
org.apache.commons.lang.time.StopWatch:resume:()V#193#12 prob_bp = 0.5
org.apache.commons.lang.time.StopWatch:resume:()V#193#14 prob_bp = 0.5
org.apache.commons.lang.time.StopWatch:start:()V#99#18 prob_bp = 0.5
org.apache.commons.lang.time.StopWatch:start:()V#102#36 prob_bp = 0.5
org.apache.commons.lang.time.StopWatch:start:()V#102#39 prob_bp = 0.5
org.apache.commons.lang.time.StopWatch:start:()V#103#43 prob_bp = 0.5
org.apache.commons.lang.time.StopWatch:start:()V#103#46 prob_bp = 0.5
org.apache.commons.lang.time.StopWatch:start:()V#104#49 prob_bp = 0.5
org.apache.commons.lang.time.StopWatch:start:()V#104#51 prob_bp = 0.5
org.apache.commons.lang.time.StopWatch:start:()V#105#54 prob_bp = 0.5
org.apache.commons.lang.time.StopWatch:start:()V#100#25 prob_bp = 0.5
org.apache.commons.lang.time.StopWatch:start:()V#100#28 prob_bp = 0.5
org.apache.commons.lang.time.StopWatch:start:()V#100#29 prob_bp = 0.5
org.apache.commons.lang.time.StopWatch:start:()V#100#31 prob_bp = 0.5
org.apache.commons.lang.time.StopWatch:start:()V#100#34 prob_bp = 0.5
org.apache.commons.lang.time.StopWatch:getSplitTime:()J#233#9 prob_bp = 0.5
org.apache.commons.lang.time.StopWatch:getSplitTime:()J#233#12 prob_bp = 0.5
org.apache.commons.lang.time.StopWatch:getSplitTime:()J#233#13 prob_bp = 0.5
org.apache.commons.lang.time.StopWatch:getSplitTime:()J#233#15 prob_bp = 0.5
org.apache.commons.lang.time.StopWatch:getSplitTime:()J#233#18 prob_bp = 0.5
org.apache.commons.lang.time.StopWatch:stop:()V#118#30 prob_bp = 0.5
org.apache.commons.lang.time.StopWatch:stop:()V#119#33 prob_bp = 0.5
org.apache.commons.lang.time.StopWatch:stop:()V#119#35 prob_bp = 0.5
org.apache.commons.lang.time.StopWatch:stop:()V#120#38 prob_bp = 0.5
org.apache.commons.lang.time.StopWatch:suspend:()V#179#18 prob_bp = 0.5
org.apache.commons.lang.time.StopWatch:suspend:()V#179#19 prob_bp = 0.5
org.apache.commons.lang.time.StopWatch:suspend:()V#180#25 prob_bp = 0.5
org.apache.commons.lang.time.StopWatch:suspend:()V#180#26 prob_bp = 0.5
org.apache.commons.lang.time.StopWatch:suspend:()V#180#27 prob_bp = 0.5
org.apache.commons.lang.time.StopWatch:suspend:()V#181#30 prob_bp = 0.5
org.apache.commons.lang.time.StopWatch:getTime:()J#209#8 prob_bp = 0.5
org.apache.commons.lang.time.StopWatch:reset:()V#128#0 prob_bp = 0.5
org.apache.commons.lang.time.StopWatch:reset:()V#128#1 prob_bp = 0.5
org.apache.commons.lang.time.StopWatch:reset:()V#128#2 prob_bp = 0.5
org.apache.commons.lang.time.StopWatch:reset:()V#129#5 prob_bp = 0.5
org.apache.commons.lang.time.StopWatch:reset:()V#129#6 prob_bp = 0.5
org.apache.commons.lang.time.StopWatch:reset:()V#129#8 prob_bp = 0.5
org.apache.commons.lang.time.StopWatch:reset:()V#130#11 prob_bp = 0.5
org.apache.commons.lang.time.StopWatch:reset:()V#130#12 prob_bp = 0.5
org.apache.commons.lang.time.StopWatch:reset:()V#130#15 prob_bp = 0.5
org.apache.commons.lang.time.StopWatch:reset:()V#131#18 prob_bp = 0.5
org.apache.commons.lang.time.StopWatch:reset:()V#131#19 prob_bp = 0.5
org.apache.commons.lang.time.StopWatch:reset:()V#131#22 prob_bp = 0.5
org.apache.commons.lang.time.StopWatch:reset:()V#132#25 prob_bp = 0.5
org.apache.commons.lang.time.StopWatch:toString:()Ljava/lang/String;#247#0 prob_bp = 0.5
org.apache.commons.lang.time.StopWatch:toString:()Ljava/lang/String;#247#1 prob_bp = 0.5
org.apache.commons.lang.time.StopWatch:toString:()Ljava/lang/String;#247#4 prob_bp = 0.5
org.apache.commons.lang.time.StopWatch:toString:()Ljava/lang/String;#247#7 prob_bp = 0.5
org.apache.commons.lang.time.StopWatch:getTime:()J#215#35 prob_bp = 0.5
org.apache.commons.lang.time.StopWatch:split:()V#147#18 prob_bp = 0.5
org.apache.commons.lang.time.StopWatch:split:()V#147#19 prob_bp = 0.5
org.apache.commons.lang.time.StopWatch:split:()V#148#25 prob_bp = 0.5
org.apache.commons.lang.time.StopWatch:split:()V#148#26 prob_bp = 0.5
org.apache.commons.lang.time.StopWatch:split:()V#148#28 prob_bp = 0.5
org.apache.commons.lang.time.StopWatch:split:()V#149#31 prob_bp = 0.5
org.apache.commons.lang.time.StopWatch:getSplitTime:()J#235#19 prob_bp = 0.5
org.apache.commons.lang.time.StopWatch:getSplitTime:()J#235#20 prob_bp = 0.5
org.apache.commons.lang.time.StopWatch:getSplitTime:()J#235#23 prob_bp = 0.5
org.apache.commons.lang.time.StopWatch:getSplitTime:()J#235#24 prob_bp = 0.5
org.apache.commons.lang.time.StopWatch:getSplitTime:()J#235#27 prob_bp = 0.5
org.apache.commons.lang.time.StopWatch:getSplitTime:()J#235#28 prob_bp = 0.5
org.apache.commons.lang.time.StopWatch:toSplitString:()Ljava/lang/String;#260#4 prob_bp = 0.5
org.apache.commons.lang.time.StopWatch:toSplitString:()Ljava/lang/String;#260#7 prob_bp = 0.5
org.apache.commons.lang.time.StopWatch:unsplit:()V#163#19 prob_bp = 0.5
org.apache.commons.lang.time.StopWatch:unsplit:()V#163#20 prob_bp = 0.5
org.apache.commons.lang.time.StopWatch:unsplit:()V#163#23 prob_bp = 0.5
org.apache.commons.lang.time.StopWatch:unsplit:()V#164#26 prob_bp = 0.5
org.apache.commons.lang.time.StopWatch:unsplit:()V#164#27 prob_bp = 0.5
org.apache.commons.lang.time.StopWatch:unsplit:()V#164#29 prob_bp = 0.5
org.apache.commons.lang.time.StopWatch:unsplit:()V#165#32 prob_bp = 0.5
org.apache.commons.lang.time.StopWatch:resume:()V#195#18 prob_bp = 0.5
org.apache.commons.lang.time.StopWatch:resume:()V#195#19 prob_bp = 0.5
org.apache.commons.lang.time.StopWatch:resume:()V#195#20 prob_bp = 0.5
org.apache.commons.lang.time.StopWatch:resume:()V#195#23 prob_bp = 0.5
org.apache.commons.lang.time.StopWatch:resume:()V#195#26 prob_bp = 0.5
org.apache.commons.lang.time.StopWatch:resume:()V#195#27 prob_bp = 0.5
org.apache.commons.lang.time.StopWatch:resume:()V#195#30 prob_bp = 0.5
org.apache.commons.lang.time.StopWatch:resume:()V#195#31 prob_bp = 0.5
org.apache.commons.lang.time.StopWatch:resume:()V#195#32 prob_bp = 0.5
org.apache.commons.lang.time.StopWatch:resume:()V#196#35 prob_bp = 0.5
org.apache.commons.lang.time.StopWatch:resume:()V#196#36 prob_bp = 0.5
org.apache.commons.lang.time.StopWatch:resume:()V#196#39 prob_bp = 0.5
org.apache.commons.lang.time.StopWatch:resume:()V#197#42 prob_bp = 0.5
org.apache.commons.lang.time.StopWatch:resume:()V#197#43 prob_bp = 0.5
org.apache.commons.lang.time.StopWatch:resume:()V#197#44 prob_bp = 0.5
org.apache.commons.lang.time.StopWatch:resume:()V#198#47 prob_bp = 0.5
org.apache.commons.lang.time.StopWatch:unsplit:()V#161#15 prob_bp = 0.5000000000000001
org.apache.commons.lang.time.StopWatch:start:()V#102#35 prob_bp = 0.5000000000000001
org.apache.commons.lang.time.StopWatch:start:()V#103#42 prob_bp = 0.5000000000000001
org.apache.commons.lang.time.StopWatch:stop:()V#118#26 prob_bp = 0.5000000000000001
org.apache.commons.lang.time.StopWatch:suspend:()V#179#22 prob_bp = 0.5000000000000001
org.apache.commons.lang.time.StopWatch:getTime:()J#209#0 prob_bp = 0.5000000000000001
org.apache.commons.lang.time.StopWatch:getTime:()J#212#26 prob_bp = 0.5000000000000001
org.apache.commons.lang.time.StopWatch:split:()V#147#22 prob_bp = 0.5000000000000001
org.apache.commons.lang.time.StopWatch:suspend:()V#176#4 prob_bp = 0.5000000000000017
org.apache.commons.lang.time.StopWatch:split:()V#144#4 prob_bp = 0.5000000000000353
org.apache.commons.lang.time.StopWatch:split:()V#144#0 prob_bp = 0.5000000000057545
org.apache.commons.lang.time.StopWatch:split:()V#144#1 prob_bp = 0.5000000000057896
org.apache.commons.lang.time.StopWatch:split:()V#144#5 prob_bp = 0.5000000000057897
org.apache.commons.lang.time.StopWatch:toSplitString:()Ljava/lang/String;#260#1 prob_bp = 0.5000000022352589
org.apache.commons.lang.time.StopWatch:toSplitString:()Ljava/lang/String;#260#0 prob_bp = 0.500000002235259
org.apache.commons.lang.time.StopWatch:getSplitTime:()J#232#0 prob_bp = 0.5000000023016784
org.apache.commons.lang.time.StopWatch:unsplit:()V#160#1 prob_bp = 0.5000000300314077
org.apache.commons.lang.time.StopWatch:start:()V#99#19 prob_bp = 0.500000186720989
org.apache.commons.lang.time.StopWatch:getSplitTime:()J#232#4 prob_bp = 0.5000002447085266
org.apache.commons.lang.time.StopWatch:getSplitTime:()J#232#1 prob_bp = 0.500000247010203
org.apache.commons.lang.time.StopWatch:getSplitTime:()J#232#6 prob_bp = 0.5000002470102067
org.apache.commons.lang.time.StopWatch:stop:()V#115#1 prob_bp = 0.5000006286026394
org.apache.commons.lang.time.StopWatch:stop:()V#115#9 prob_bp = 0.5000011775786642
org.apache.commons.lang.time.StopWatch:resume:()V#192#1 prob_bp = 0.5000022158467619
org.apache.commons.lang.time.StopWatch:unsplit:()V#161#12 prob_bp = 0.500002222337485
org.apache.commons.lang.time.StopWatch:unsplit:()V#161#18 prob_bp = 0.5000022223374888
org.apache.commons.lang.time.StopWatch:unsplit:()V#160#4 prob_bp = 0.5000022223382133
org.apache.commons.lang.time.StopWatch:unsplit:()V#160#0 prob_bp = 0.500002252367909
org.apache.commons.lang.time.StopWatch:unsplit:()V#160#6 prob_bp = 0.500002252368643
org.apache.commons.lang.time.StopWatch:resume:()V#193#11 prob_bp = 0.5000045559632922
org.apache.commons.lang.time.StopWatch:resume:()V#193#17 prob_bp = 0.500004555963349
org.apache.commons.lang.time.StopWatch:resume:()V#192#4 prob_bp = 0.5000045559782829
org.apache.commons.lang.time.StopWatch:resume:()V#192#0 prob_bp = 0.5000067717547166
org.apache.commons.lang.time.StopWatch:resume:()V#192#5 prob_bp = 0.5000067717697902
org.apache.commons.lang.time.StopWatch:stop:()V#116#19 prob_bp = 0.500129418411836
org.apache.commons.lang.time.StopWatch:stop:()V#116#25 prob_bp = 0.5001294184120416
org.apache.commons.lang.time.StopWatch:stop:()V#115#12 prob_bp = 0.5001295295400895
org.apache.commons.lang.time.StopWatch:stop:()V#119#34 prob_bp = 0.5064025139743717
org.apache.commons.lang.time.StopWatch:stop:()V#115#0 prob_bp = 0.5065292455605689
org.apache.commons.lang.time.StopWatch:stop:()V#115#5 prob_bp = 0.5065292820856611
org.apache.commons.lang.time.StopWatch:getTime:()J#209#9 prob_bp = 0.5070796837844782
org.apache.commons.lang.time.StopWatch:getTime:()J#209#12 prob_bp = 0.5070796837844782
org.apache.commons.lang.time.StopWatch:getTime:()J#209#13 prob_bp = 0.5070796841837867
org.apache.commons.lang.time.StopWatch:start:()V#104#50 prob_bp = 0.5076170138548586
org.apache.commons.lang.time.StopWatch:getTime:()J#215#36 prob_bp = 0.5114206964972949
org.apache.commons.lang.time.StopWatch:getTime:()J#215#39 prob_bp = 0.5114206964972949
org.apache.commons.lang.time.StopWatch:getTime:()J#215#40 prob_bp = 0.5114206966048963
org.apache.commons.lang.time.StopWatch:start:()V#96#1 prob_bp = 0.5569152613147109
org.apache.commons.lang.time.StopWatch:start:()V#96#0 prob_bp = 0.5629921737208531
org.apache.commons.lang.time.StopWatch:start:()V#96#5 prob_bp = 0.5629921874375726
org.apache.commons.lang.time.StopWatch:start:()V#99#22 prob_bp = 0.6060936932819068
org.apache.commons.lang.time.StopWatch:getTime:()J#212#27 prob_bp = 0.6248432218436468
org.apache.commons.lang.time.StopWatch:getTime:()J#212#30 prob_bp = 0.6248432219281874
org.apache.commons.lang.time.StopWatch:getTime:()J#209#1 prob_bp = 0.6253793039138875
org.apache.commons.lang.time.StopWatch:getTime:()J#209#4 prob_bp = 0.6253793039138875
org.apache.commons.lang.time.StopWatch:getTime:()J#209#5 prob_bp = 0.6253793052458599
org.apache.commons.lang.time.StopWatch:getTime:()J#216#46 prob_bp = 0.9999999997153796
org.apache.commons.lang.time.StopWatch:start:()V#96#4 prob_bp = 0.9999999998781873
org.apache.commons.lang.time.StopWatch:start:()V#97#8 prob_bp = 0.9999999999
org.apache.commons.lang.time.StopWatch:start:()V#97#11 prob_bp = 0.9999999999
org.apache.commons.lang.time.StopWatch:start:()V#97#12 prob_bp = 0.9999999999
org.apache.commons.lang.time.StopWatch:getTime:()J#213#33 prob_bp = 0.9999999999
org.apache.commons.lang.time.StopWatch:getTime:()J#213#34 prob_bp = 0.9999999999
org.apache.commons.lang.time.StopWatch:getTime:()J#216#43 prob_bp = 0.9999999999
org.apache.commons.lang.time.StopWatch:getTime:()J#216#47 prob_bp = 0.9999999999
org.apache.commons.lang.time.StopWatch:getTime:()J#216#50 prob_bp = 0.9999999999
org.apache.commons.lang.time.StopWatch:getTime:()J#216#51 prob_bp = 0.9999999999
org.apache.commons.lang.time.StopWatchTest:testBadStates:()V#125#0 prob_bp = 1.0
org.apache.commons.lang.time.StopWatchTest:testBadStates:()V#125#3 prob_bp = 1.0
org.apache.commons.lang.time.StopWatchTest:testBadStates:()V#125#4 prob_bp = 1.0
org.apache.commons.lang.time.StopWatchTest:testBadStates:()V#125#7 prob_bp = 1.0
org.apache.commons.lang.time.StopWatchTest:testBadStates:()V#127#8 prob_bp = 1.0
org.apache.commons.lang.time.StopWatchTest:testBadStates:()V#127#9 prob_bp = 1.0
org.apache.commons.lang.time.StopWatchTest:testBadStates:()V#129#20 prob_bp = 1.0
org.apache.commons.lang.time.StopWatchTest:testBadStates:()V#134#21 prob_bp = 1.0
org.apache.commons.lang.time.StopWatchTest:testBadStates:()V#134#22 prob_bp = 1.0
org.apache.commons.lang.time.StopWatchTest:testBadStates:()V#136#33 prob_bp = 1.0
org.apache.commons.lang.time.StopWatchTest:testBadStates:()V#141#34 prob_bp = 1.0
org.apache.commons.lang.time.StopWatchTest:testBadStates:()V#141#35 prob_bp = 1.0
org.apache.commons.lang.time.StopWatchTest:testBadStates:()V#143#46 prob_bp = 1.0
org.apache.commons.lang.time.StopWatchTest:testBadStates:()V#148#47 prob_bp = 1.0
org.apache.commons.lang.time.StopWatchTest:testBadStates:()V#148#48 prob_bp = 1.0
org.apache.commons.lang.time.StopWatchTest:testBadStates:()V#150#59 prob_bp = 1.0
org.apache.commons.lang.time.StopWatchTest:testBadStates:()V#155#60 prob_bp = 1.0
org.apache.commons.lang.time.StopWatchTest:testBadStates:()V#155#61 prob_bp = 1.0
org.apache.commons.lang.time.StopWatchTest:testBadStates:()V#157#72 prob_bp = 1.0
org.apache.commons.lang.time.StopWatchTest:testBadStates:()V#162#73 prob_bp = 1.0
org.apache.commons.lang.time.StopWatchTest:testBadStates:()V#162#74 prob_bp = 1.0
org.apache.commons.lang.time.StopWatchTest:testBadStates:()V#164#85 prob_bp = 1.0
org.apache.commons.lang.time.StopWatchTest:testBadStates:()V#168#86 prob_bp = 1.0
org.apache.commons.lang.time.StopWatchTest:testBadStates:()V#168#87 prob_bp = 1.0
org.apache.commons.lang.time.StopWatchTest:testBadStates:()V#171#90 prob_bp = 1.0
org.apache.commons.lang.time.StopWatchTest:testBadStates:()V#171#91 prob_bp = 1.0
org.apache.commons.lang.time.StopWatchTest:testBadStates:()V#173#102 prob_bp = 1.0
org.apache.commons.lang.time.StopWatchTest:testBadStates:()V#178#103 prob_bp = 1.0
org.apache.commons.lang.time.StopWatchTest:testBadStates:()V#178#104 prob_bp = 1.0
org.apache.commons.lang.time.StopWatchTest:testBadStates:()V#180#115 prob_bp = 1.0
org.apache.commons.lang.time.StopWatchTest:testBadStates:()V#185#116 prob_bp = 1.0
org.apache.commons.lang.time.StopWatchTest:testBadStates:()V#185#117 prob_bp = 1.0
org.apache.commons.lang.time.StopWatchTest:testBadStates:()V#187#129 prob_bp = 1.0
org.apache.commons.lang.time.StopWatchTest:testBadStates:()V#192#130 prob_bp = 1.0
org.apache.commons.lang.time.StopWatchTest:testBadStates:()V#192#131 prob_bp = 1.0
org.apache.commons.lang.time.StopWatchTest:testBadStates:()V#194#142 prob_bp = 1.0
org.apache.commons.lang.time.StopWatchTest:testBadStates:()V#198#143 prob_bp = 1.0
org.apache.commons.lang.time.StopWatchTest:testBadStates:()V#198#144 prob_bp = 1.0
org.apache.commons.lang.time.StopWatchTest:testBadStates:()V#201#147 prob_bp = 1.0
org.apache.commons.lang.time.StopWatchTest:testBadStates:()V#201#148 prob_bp = 1.0
org.apache.commons.lang.time.StopWatch:start:()V#97#14 prob_bp = 1.0
org.apache.commons.lang.time.StopWatch:start:()V#97#17 prob_bp = 1.0
org.apache.commons.lang.time.StopWatchTest:testBadStates:()V#203#159 prob_bp = 1.0
org.apache.commons.lang.time.StopWatchTest:testBadStates:()V#207#160 prob_bp = 1.0
org.apache.commons.lang.time.StopWatchTest:testLang315:()V#112#0 prob_bp = 1.0
org.apache.commons.lang.time.StopWatchTest:testLang315:()V#112#3 prob_bp = 1.0
org.apache.commons.lang.time.StopWatchTest:testLang315:()V#112#4 prob_bp = 1.0
org.apache.commons.lang.time.StopWatchTest:testLang315:()V#112#7 prob_bp = 1.0
org.apache.commons.lang.time.StopWatchTest:testLang315:()V#113#8 prob_bp = 1.0
org.apache.commons.lang.time.StopWatchTest:testLang315:()V#113#9 prob_bp = 1.0
org.apache.commons.lang.time.StopWatchTest:testLang315:()V#114#12 prob_bp = 1.0
org.apache.commons.lang.time.StopWatchTest:testLang315:()V#114#15 prob_bp = 1.0
org.apache.commons.lang.time.StopWatchTest:testLang315:()V#114#18 prob_bp = 1.0
org.apache.commons.lang.time.StopWatchTest:testLang315:()V#115#22 prob_bp = 1.0
org.apache.commons.lang.time.StopWatchTest:testLang315:()V#115#23 prob_bp = 1.0
org.apache.commons.lang.time.StopWatchTest:testLang315:()V#116#26 prob_bp = 1.0
org.apache.commons.lang.time.StopWatchTest:testLang315:()V#116#27 prob_bp = 1.0
org.apache.commons.lang.time.StopWatch:getTime:()J#210#16 prob_bp = 1.0
org.apache.commons.lang.time.StopWatch:getTime:()J#210#17 prob_bp = 1.0
org.apache.commons.lang.time.StopWatch:getTime:()J#210#20 prob_bp = 1.0
org.apache.commons.lang.time.StopWatch:getTime:()J#210#21 prob_bp = 1.0
org.apache.commons.lang.time.StopWatch:getTime:()J#210#24 prob_bp = 1.0
org.apache.commons.lang.time.StopWatch:getTime:()J#210#25 prob_bp = 1.0
org.apache.commons.lang.time.StopWatchTest:testLang315:()V#116#30 prob_bp = 1.0
org.apache.commons.lang.time.StopWatchTest:testLang315:()V#117#31 prob_bp = 1.0
org.apache.commons.lang.time.StopWatchTest:testLang315:()V#117#34 prob_bp = 1.0
org.apache.commons.lang.time.StopWatchTest:testLang315:()V#117#37 prob_bp = 1.0
org.apache.commons.lang.time.StopWatchTest:testLang315:()V#118#42 prob_bp = 1.0
org.apache.commons.lang.time.StopWatchTest:testLang315:()V#118#43 prob_bp = 1.0
org.apache.commons.lang.time.StopWatchTest:testLang315:()V#119#46 prob_bp = 1.0
org.apache.commons.lang.time.StopWatchTest:testLang315:()V#119#47 prob_bp = 1.0
org.apache.commons.lang.time.StopWatchTest:testLang315:()V#119#50 prob_bp = 1.0
org.apache.commons.lang.time.StopWatchTest:testLang315:()V#120#52 prob_bp = 1.0
org.apache.commons.lang.time.StopWatchTest:testLang315:()V#120#53 prob_bp = 1.0
org.apache.commons.lang.time.StopWatchTest:testLang315:()V#120#55 prob_bp = 1.0
org.apache.commons.lang.time.StopWatchTest:testLang315:()V#120#56 prob_bp = 1.0
org.apache.commons.lang.time.StopWatchTest:testLang315:()V#120#63 prob_bp = 1.0
org.apache.commons.lang.time.StopWatchTest:testLang315:()V#120#64 prob_bp = 1.0
org.apache.commons.lang.time.StopWatchTest:testStopWatchSimple:()V#48#0 prob_bp = 1.0
org.apache.commons.lang.time.StopWatchTest:testStopWatchSimple:()V#48#3 prob_bp = 1.0
org.apache.commons.lang.time.StopWatchTest:testStopWatchSimple:()V#48#4 prob_bp = 1.0
org.apache.commons.lang.time.StopWatchTest:testStopWatchSimple:()V#48#7 prob_bp = 1.0
org.apache.commons.lang.time.StopWatchTest:testStopWatchSimple:()V#49#8 prob_bp = 1.0
org.apache.commons.lang.time.StopWatchTest:testStopWatchSimple:()V#49#9 prob_bp = 1.0
org.apache.commons.lang.time.StopWatchTest:testStopWatchSimple:()V#50#12 prob_bp = 1.0
org.apache.commons.lang.time.StopWatchTest:testStopWatchSimple:()V#50#15 prob_bp = 1.0
org.apache.commons.lang.time.StopWatchTest:testStopWatchSimple:()V#50#18 prob_bp = 1.0
org.apache.commons.lang.time.StopWatchTest:testStopWatchSimple:()V#51#22 prob_bp = 1.0
org.apache.commons.lang.time.StopWatchTest:testStopWatchSimple:()V#51#23 prob_bp = 1.0
org.apache.commons.lang.time.StopWatchTest:testStopWatchSimple:()V#52#26 prob_bp = 1.0
org.apache.commons.lang.time.StopWatchTest:testStopWatchSimple:()V#52#27 prob_bp = 1.0
org.apache.commons.lang.time.StopWatchTest:testStopWatchSimple:()V#52#30 prob_bp = 1.0
org.apache.commons.lang.time.StopWatchTest:testStopWatchSimple:()V#53#31 prob_bp = 1.0
org.apache.commons.lang.time.StopWatchTest:testStopWatchSimple:()V#53#32 prob_bp = 1.0
org.apache.commons.lang.time.StopWatchTest:testStopWatchSimple:()V#53#33 prob_bp = 1.0
org.apache.commons.lang.time.StopWatchTest:testStopWatchSimple:()V#53#36 prob_bp = 1.0
org.apache.commons.lang.time.StopWatchTest:testStopWatchSimple:()V#55#39 prob_bp = 1.0
org.apache.commons.lang.time.StopWatchTest:testStopWatchSimple:()V#55#40 prob_bp = 1.0
org.apache.commons.lang.time.StopWatchTest:testStopWatchSimple:()V#55#43 prob_bp = 1.0
org.apache.commons.lang.time.StopWatchTest:testStopWatchSimple:()V#55#44 prob_bp = 1.0
org.apache.commons.lang.time.StopWatchTest:testStopWatchSimple:()V#55#47 prob_bp = 1.0
org.apache.commons.lang.time.StopWatchTest:testStopWatchSimple:()V#55#48 prob_bp = 1.0
org.apache.commons.lang.time.StopWatchTest:testStopWatchSimple:()V#55#52 prob_bp = 1.0
org.apache.commons.lang.time.StopWatchTest:testStopWatchSimple:()V#56#55 prob_bp = 1.0
org.apache.commons.lang.time.StopWatchTest:testStopWatchSimple:()V#56#56 prob_bp = 1.0
org.apache.commons.lang.time.StopWatchTest:testStopWatchSimple:()V#56#59 prob_bp = 1.0
org.apache.commons.lang.time.StopWatchTest:testStopWatchSimple:()V#56#60 prob_bp = 1.0
org.apache.commons.lang.time.StopWatchTest:testStopWatchSimple:()V#56#63 prob_bp = 1.0
org.apache.commons.lang.time.StopWatchTest:testStopWatchSimple:()V#56#64 prob_bp = 1.0
org.apache.commons.lang.time.StopWatchTest:testStopWatchSimple:()V#56#68 prob_bp = 1.0
org.apache.commons.lang.time.StopWatchTest:testStopWatchSimple:()V#58#71 prob_bp = 1.0
org.apache.commons.lang.time.StopWatchTest:testStopWatchSimple:()V#58#72 prob_bp = 1.0
org.apache.commons.lang.time.StopWatchTest:testStopWatchSimple:()V#59#75 prob_bp = 1.0
org.apache.commons.lang.time.StopWatchTest:testStopWatchSimple:()V#59#76 prob_bp = 1.0
org.apache.commons.lang.time.StopWatchTest:testStopWatchSimple:()V#59#77 prob_bp = 1.0
org.apache.commons.lang.time.StopWatchTest:testStopWatchSimple:()V#59#80 prob_bp = 1.0
org.apache.commons.lang.time.StopWatchTest:testStopWatchSimple:()V#60#83 prob_bp = 1.0
org.apache.commons.lang.time.StopWatchTest:testStopWatchSimpleGet:()V#63#0 prob_bp = 1.0
org.apache.commons.lang.time.StopWatchTest:testStopWatchSimpleGet:()V#63#3 prob_bp = 1.0
org.apache.commons.lang.time.StopWatchTest:testStopWatchSimpleGet:()V#63#4 prob_bp = 1.0
org.apache.commons.lang.time.StopWatchTest:testStopWatchSimpleGet:()V#63#7 prob_bp = 1.0
org.apache.commons.lang.time.StopWatchTest:testStopWatchSimpleGet:()V#64#8 prob_bp = 1.0
org.apache.commons.lang.time.StopWatchTest:testStopWatchSimpleGet:()V#64#9 prob_bp = 1.0
org.apache.commons.lang.time.StopWatchTest:testStopWatchSimpleGet:()V#64#10 prob_bp = 1.0
org.apache.commons.lang.time.StopWatchTest:testStopWatchSimpleGet:()V#64#13 prob_bp = 1.0
org.apache.commons.lang.time.StopWatchTest:testStopWatchSimpleGet:()V#65#16 prob_bp = 1.0
org.apache.commons.lang.time.StopWatchTest:testStopWatchSimpleGet:()V#65#18 prob_bp = 1.0
org.apache.commons.lang.time.StopWatchTest:testStopWatchSimpleGet:()V#65#19 prob_bp = 1.0
org.apache.commons.lang.time.StopWatchTest:testStopWatchSimpleGet:()V#65#22 prob_bp = 1.0
org.apache.commons.lang.time.StopWatchTest:testStopWatchSimpleGet:()V#67#25 prob_bp = 1.0
org.apache.commons.lang.time.StopWatchTest:testStopWatchSimpleGet:()V#67#26 prob_bp = 1.0
org.apache.commons.lang.time.StopWatchTest:testStopWatchSimpleGet:()V#68#29 prob_bp = 1.0
org.apache.commons.lang.time.StopWatchTest:testStopWatchSimpleGet:()V#68#32 prob_bp = 1.0
org.apache.commons.lang.time.StopWatchTest:testStopWatchSimpleGet:()V#68#35 prob_bp = 1.0
org.apache.commons.lang.time.StopWatchTest:testStopWatchSimpleGet:()V#69#39 prob_bp = 1.0
org.apache.commons.lang.time.StopWatchTest:testStopWatchSimpleGet:()V#69#40 prob_bp = 1.0
org.apache.commons.lang.time.StopWatchTest:testStopWatchSimpleGet:()V#69#43 prob_bp = 1.0
org.apache.commons.lang.time.StopWatchTest:testStopWatchSimpleGet:()V#69#46 prob_bp = 1.0
org.apache.commons.lang.time.StopWatchTest:testStopWatchSimpleGet:()V#69#47 prob_bp = 1.0
org.apache.commons.lang.time.StopWatchTest:testStopWatchSimpleGet:()V#69#50 prob_bp = 1.0
org.apache.commons.lang.time.StopWatchTest:testStopWatchSimpleGet:()V#69#51 prob_bp = 1.0
org.apache.commons.lang.time.StopWatchTest:testStopWatchSimpleGet:()V#69#55 prob_bp = 1.0
org.apache.commons.lang.time.StopWatchTest:testStopWatchSimpleGet:()V#70#58 prob_bp = 1.0
org.apache.commons.lang.time.StopWatchTest:testStopWatchSplit:()V#73#0 prob_bp = 1.0
org.apache.commons.lang.time.StopWatchTest:testStopWatchSplit:()V#73#3 prob_bp = 1.0
org.apache.commons.lang.time.StopWatchTest:testStopWatchSplit:()V#73#4 prob_bp = 1.0
org.apache.commons.lang.time.StopWatchTest:testStopWatchSplit:()V#73#7 prob_bp = 1.0
org.apache.commons.lang.time.StopWatchTest:testStopWatchSplit:()V#74#8 prob_bp = 1.0
org.apache.commons.lang.time.StopWatchTest:testStopWatchSplit:()V#74#9 prob_bp = 1.0
org.apache.commons.lang.time.StopWatchTest:testStopWatchSplit:()V#75#12 prob_bp = 1.0
org.apache.commons.lang.time.StopWatchTest:testStopWatchSplit:()V#75#15 prob_bp = 1.0
org.apache.commons.lang.time.StopWatchTest:testStopWatchSplit:()V#75#18 prob_bp = 1.0
org.apache.commons.lang.time.StopWatchTest:testStopWatchSplit:()V#76#22 prob_bp = 1.0
org.apache.commons.lang.time.StopWatchTest:testStopWatchSplit:()V#76#23 prob_bp = 1.0
org.apache.commons.lang.time.StopWatchTest:testStopWatchSplit:()V#77#26 prob_bp = 1.0
org.apache.commons.lang.time.StopWatchTest:testStopWatchSplit:()V#77#27 prob_bp = 1.0
org.apache.commons.lang.time.StopWatchTest:testStopWatchSplit:()V#77#30 prob_bp = 1.0
org.apache.commons.lang.time.StopWatchTest:testStopWatchSplit:()V#78#31 prob_bp = 1.0
org.apache.commons.lang.time.StopWatchTest:testStopWatchSplit:()V#78#32 prob_bp = 1.0
org.apache.commons.lang.time.StopWatchTest:testStopWatchSplit:()V#78#35 prob_bp = 1.0
org.apache.commons.lang.time.StopWatchTest:testStopWatchSplit:()V#79#37 prob_bp = 1.0
org.apache.commons.lang.time.StopWatchTest:testStopWatchSplit:()V#79#40 prob_bp = 1.0
org.apache.commons.lang.time.StopWatchTest:testStopWatchSplit:()V#79#43 prob_bp = 1.0
org.apache.commons.lang.time.StopWatchTest:testStopWatchSplit:()V#80#48 prob_bp = 1.0
org.apache.commons.lang.time.StopWatchTest:testStopWatchSplit:()V#80#49 prob_bp = 1.0
org.apache.commons.lang.time.StopWatchTest:testStopWatchSplit:()V#81#52 prob_bp = 1.0
org.apache.commons.lang.time.StopWatchTest:testStopWatchSplit:()V#81#55 prob_bp = 1.0
org.apache.commons.lang.time.StopWatchTest:testStopWatchSplit:()V#81#58 prob_bp = 1.0
org.apache.commons.lang.time.StopWatchTest:testStopWatchSplit:()V#82#63 prob_bp = 1.0
org.apache.commons.lang.time.StopWatchTest:testStopWatchSplit:()V#82#64 prob_bp = 1.0
org.apache.commons.lang.time.StopWatchTest:testStopWatchSplit:()V#83#67 prob_bp = 1.0
org.apache.commons.lang.time.StopWatchTest:testStopWatchSplit:()V#83#68 prob_bp = 1.0
org.apache.commons.lang.time.StopWatchTest:testStopWatchSplit:()V#83#71 prob_bp = 1.0
org.apache.commons.lang.time.StopWatchTest:testStopWatchSplit:()V#85#73 prob_bp = 1.0
org.apache.commons.lang.time.StopWatchTest:testStopWatchSplit:()V#85#75 prob_bp = 1.0
org.apache.commons.lang.time.StopWatchTest:testStopWatchSplit:()V#85#77 prob_bp = 1.0
org.apache.commons.lang.time.StopWatchTest:testStopWatchSplit:()V#85#80 prob_bp = 1.0
org.apache.commons.lang.time.StopWatchTest:testStopWatchSplit:()V#85#82 prob_bp = 1.0
org.apache.commons.lang.time.StopWatchTest:testStopWatchSplit:()V#87#85 prob_bp = 1.0
org.apache.commons.lang.time.StopWatchTest:testStopWatchSplit:()V#87#86 prob_bp = 1.0
org.apache.commons.lang.time.StopWatchTest:testStopWatchSplit:()V#87#89 prob_bp = 1.0
org.apache.commons.lang.time.StopWatchTest:testStopWatchSplit:()V#87#90 prob_bp = 1.0
org.apache.commons.lang.time.StopWatchTest:testStopWatchSplit:()V#87#93 prob_bp = 1.0
org.apache.commons.lang.time.StopWatchTest:testStopWatchSplit:()V#87#94 prob_bp = 1.0
org.apache.commons.lang.time.StopWatchTest:testStopWatchSplit:()V#87#98 prob_bp = 1.0
org.apache.commons.lang.time.StopWatchTest:testStopWatchSplit:()V#88#101 prob_bp = 1.0
org.apache.commons.lang.time.StopWatchTest:testStopWatchSplit:()V#88#102 prob_bp = 1.0
org.apache.commons.lang.time.StopWatchTest:testStopWatchSplit:()V#88#105 prob_bp = 1.0
org.apache.commons.lang.time.StopWatchTest:testStopWatchSplit:()V#88#106 prob_bp = 1.0
org.apache.commons.lang.time.StopWatchTest:testStopWatchSplit:()V#88#109 prob_bp = 1.0
org.apache.commons.lang.time.StopWatchTest:testStopWatchSplit:()V#88#110 prob_bp = 1.0
org.apache.commons.lang.time.StopWatchTest:testStopWatchSplit:()V#88#114 prob_bp = 1.0
org.apache.commons.lang.time.StopWatchTest:testStopWatchSplit:()V#89#117 prob_bp = 1.0
org.apache.commons.lang.time.StopWatchTest:testStopWatchSplit:()V#89#119 prob_bp = 1.0
org.apache.commons.lang.time.StopWatchTest:testStopWatchSplit:()V#89#122 prob_bp = 1.0
org.apache.commons.lang.time.StopWatchTest:testStopWatchSplit:()V#89#123 prob_bp = 1.0
org.apache.commons.lang.time.StopWatchTest:testStopWatchSplit:()V#89#126 prob_bp = 1.0
org.apache.commons.lang.time.StopWatchTest:testStopWatchSplit:()V#89#127 prob_bp = 1.0
org.apache.commons.lang.time.StopWatchTest:testStopWatchSplit:()V#89#131 prob_bp = 1.0
org.apache.commons.lang.time.StopWatchTest:testStopWatchSplit:()V#90#134 prob_bp = 1.0
org.apache.commons.lang.time.StopWatchTest:testStopWatchSplit:()V#90#136 prob_bp = 1.0
org.apache.commons.lang.time.StopWatchTest:testStopWatchSplit:()V#90#139 prob_bp = 1.0
org.apache.commons.lang.time.StopWatchTest:testStopWatchSplit:()V#90#140 prob_bp = 1.0
org.apache.commons.lang.time.StopWatchTest:testStopWatchSplit:()V#90#143 prob_bp = 1.0
org.apache.commons.lang.time.StopWatchTest:testStopWatchSplit:()V#90#144 prob_bp = 1.0
org.apache.commons.lang.time.StopWatchTest:testStopWatchSplit:()V#90#148 prob_bp = 1.0
org.apache.commons.lang.time.StopWatchTest:testStopWatchSplit:()V#91#151 prob_bp = 1.0
org.apache.commons.lang.time.StopWatchTest:testStopWatchSuspend:()V#94#0 prob_bp = 1.0
org.apache.commons.lang.time.StopWatchTest:testStopWatchSuspend:()V#94#3 prob_bp = 1.0
org.apache.commons.lang.time.StopWatchTest:testStopWatchSuspend:()V#94#4 prob_bp = 1.0
org.apache.commons.lang.time.StopWatchTest:testStopWatchSuspend:()V#94#7 prob_bp = 1.0
org.apache.commons.lang.time.StopWatchTest:testStopWatchSuspend:()V#95#8 prob_bp = 1.0
org.apache.commons.lang.time.StopWatchTest:testStopWatchSuspend:()V#95#9 prob_bp = 1.0
org.apache.commons.lang.time.StopWatchTest:testStopWatchSuspend:()V#96#12 prob_bp = 1.0
org.apache.commons.lang.time.StopWatchTest:testStopWatchSuspend:()V#96#15 prob_bp = 1.0
org.apache.commons.lang.time.StopWatchTest:testStopWatchSuspend:()V#96#18 prob_bp = 1.0
org.apache.commons.lang.time.StopWatchTest:testStopWatchSuspend:()V#97#22 prob_bp = 1.0
org.apache.commons.lang.time.StopWatchTest:testStopWatchSuspend:()V#97#23 prob_bp = 1.0
org.apache.commons.lang.time.StopWatchTest:testStopWatchSuspend:()V#98#26 prob_bp = 1.0
org.apache.commons.lang.time.StopWatchTest:testStopWatchSuspend:()V#98#27 prob_bp = 1.0
org.apache.commons.lang.time.StopWatchTest:testStopWatchSuspend:()V#98#30 prob_bp = 1.0
org.apache.commons.lang.time.StopWatchTest:testStopWatchSuspend:()V#99#31 prob_bp = 1.0
org.apache.commons.lang.time.StopWatchTest:testStopWatchSuspend:()V#99#34 prob_bp = 1.0
org.apache.commons.lang.time.StopWatchTest:testStopWatchSuspend:()V#99#37 prob_bp = 1.0
org.apache.commons.lang.time.StopWatchTest:testStopWatchSuspend:()V#100#42 prob_bp = 1.0
org.apache.commons.lang.time.StopWatchTest:testStopWatchSuspend:()V#100#43 prob_bp = 1.0
org.apache.commons.lang.time.StopWatchTest:testStopWatchSuspend:()V#101#46 prob_bp = 1.0
org.apache.commons.lang.time.StopWatchTest:testStopWatchSuspend:()V#101#49 prob_bp = 1.0
org.apache.commons.lang.time.StopWatchTest:testStopWatchSuspend:()V#101#52 prob_bp = 1.0
org.apache.commons.lang.time.StopWatchTest:testStopWatchSuspend:()V#102#57 prob_bp = 1.0
org.apache.commons.lang.time.StopWatchTest:testStopWatchSuspend:()V#102#58 prob_bp = 1.0
org.apache.commons.lang.time.StopWatchTest:testStopWatchSuspend:()V#103#61 prob_bp = 1.0
org.apache.commons.lang.time.StopWatchTest:testStopWatchSuspend:()V#103#62 prob_bp = 1.0
org.apache.commons.lang.time.StopWatchTest:testStopWatchSuspend:()V#103#65 prob_bp = 1.0
org.apache.commons.lang.time.StopWatchTest:testStopWatchSuspend:()V#105#67 prob_bp = 1.0
org.apache.commons.lang.time.StopWatchTest:testStopWatchSuspend:()V#105#68 prob_bp = 1.0
org.apache.commons.lang.time.StopWatchTest:testStopWatchSuspend:()V#105#71 prob_bp = 1.0
org.apache.commons.lang.time.StopWatchTest:testStopWatchSuspend:()V#105#72 prob_bp = 1.0
org.apache.commons.lang.time.StopWatchTest:testStopWatchSuspend:()V#105#75 prob_bp = 1.0
org.apache.commons.lang.time.StopWatchTest:testStopWatchSuspend:()V#105#76 prob_bp = 1.0
org.apache.commons.lang.time.StopWatchTest:testStopWatchSuspend:()V#105#80 prob_bp = 1.0
org.apache.commons.lang.time.StopWatchTest:testStopWatchSuspend:()V#106#83 prob_bp = 1.0
org.apache.commons.lang.time.StopWatchTest:testStopWatchSuspend:()V#106#84 prob_bp = 1.0
org.apache.commons.lang.time.StopWatchTest:testStopWatchSuspend:()V#106#87 prob_bp = 1.0
org.apache.commons.lang.time.StopWatchTest:testStopWatchSuspend:()V#106#88 prob_bp = 1.0
org.apache.commons.lang.time.StopWatchTest:testStopWatchSuspend:()V#106#91 prob_bp = 1.0
org.apache.commons.lang.time.StopWatchTest:testStopWatchSuspend:()V#106#92 prob_bp = 1.0
org.apache.commons.lang.time.StopWatchTest:testStopWatchSuspend:()V#106#96 prob_bp = 1.0
org.apache.commons.lang.time.StopWatchTest:testStopWatchSuspend:()V#107#99 prob_bp = 1.0
org.apache.commons.lang.time.StopWatchTest:testStopWatchSuspend:()V#107#101 prob_bp = 1.0
org.apache.commons.lang.time.StopWatchTest:testStopWatchSuspend:()V#107#104 prob_bp = 1.0
org.apache.commons.lang.time.StopWatchTest:testStopWatchSuspend:()V#107#105 prob_bp = 1.0
org.apache.commons.lang.time.StopWatchTest:testStopWatchSuspend:()V#107#108 prob_bp = 1.0
org.apache.commons.lang.time.StopWatchTest:testStopWatchSuspend:()V#107#109 prob_bp = 1.0
org.apache.commons.lang.time.StopWatchTest:testStopWatchSuspend:()V#107#113 prob_bp = 1.0
org.apache.commons.lang.time.StopWatchTest:testStopWatchSuspend:()V#108#116 prob_bp = 1.0
org.apache.commons.lang.time.StopWatchTest:testStopWatchSuspend:()V#108#118 prob_bp = 1.0
org.apache.commons.lang.time.StopWatchTest:testStopWatchSuspend:()V#108#121 prob_bp = 1.0
org.apache.commons.lang.time.StopWatchTest:testStopWatchSuspend:()V#108#122 prob_bp = 1.0
org.apache.commons.lang.time.StopWatchTest:testStopWatchSuspend:()V#108#125 prob_bp = 1.0
org.apache.commons.lang.time.StopWatchTest:testStopWatchSuspend:()V#108#126 prob_bp = 1.0
org.apache.commons.lang.time.StopWatchTest:testStopWatchSuspend:()V#108#130 prob_bp = 1.0
org.apache.commons.lang.time.StopWatchTest:testStopWatchSuspend:()V#109#133 prob_bp = 1.0
Belief propagation time : 0.19s
