
Probabilities: 
Vars:371
Stmts:247
org.apache.commons.lang3.StringUtils:equals:(Ljava/lang/CharSequence;Ljava/lang/CharSequence;)Z#788#17 prob_bp = 0.4750158693272451
org.apache.commons.lang3.StringUtils:equals:(Ljava/lang/CharSequence;Ljava/lang/CharSequence;)Z#788#18 prob_bp = 0.49089728017271755
org.apache.commons.lang3.StringUtils:equals:(Ljava/lang/CharSequence;Ljava/lang/CharSequence;)Z#782#2 prob_bp = 0.4996516888711783
org.apache.commons.lang3.StringUtils:equals:(Ljava/lang/CharSequence;Ljava/lang/CharSequence;)Z#782#1 prob_bp = 0.4996516889459935
org.apache.commons.lang3.StringUtils:equals:(Ljava/lang/CharSequence;Ljava/lang/CharSequence;)Z#782#0 prob_bp = 0.49965168894599393
org.apache.commons.lang3.StringUtils:equals:(Ljava/lang/CharSequence;Ljava/lang/CharSequence;)Z#783#5 prob_bp = 0.5
org.apache.commons.lang3.StringUtils:equals:(Ljava/lang/CharSequence;Ljava/lang/CharSequence;)Z#783#6 prob_bp = 0.5
org.apache.commons.lang3.StringUtils:equals:(Ljava/lang/CharSequence;Ljava/lang/CharSequence;)Z#788#22 prob_bp = 0.5
org.apache.commons.lang3.StringUtils:equals:(Ljava/lang/CharSequence;Ljava/lang/CharSequence;)Z#786#15 prob_bp = 0.5
org.apache.commons.lang3.exception.ContextedExceptionTest:setUp:()V#30#0 prob_bp = 0.5
org.apache.commons.lang3.exception.ContextedExceptionTest:setUp:()V#30#1 prob_bp = 0.5
org.apache.commons.lang3.exception.ContextedExceptionTest:setUp:()V#30#4 prob_bp = 0.5
org.apache.commons.lang3.exception.ContextedExceptionTest:setUp:()V#30#8 prob_bp = 0.5
org.apache.commons.lang3.exception.ContextedExceptionTest:setUp:()V#30#9 prob_bp = 0.5
org.apache.commons.lang3.exception.ContextedExceptionTest:setUp:()V#30#11 prob_bp = 0.5
org.apache.commons.lang3.exception.ContextedExceptionTest:setUp:()V#30#17 prob_bp = 0.5
org.apache.commons.lang3.exception.ContextedExceptionTest:setUp:()V#32#24 prob_bp = 0.5
org.apache.commons.lang3.exception.ContextedRuntimeExceptionTest:setUp:()V#30#0 prob_bp = 0.5
org.apache.commons.lang3.exception.ContextedRuntimeExceptionTest:setUp:()V#30#1 prob_bp = 0.5
org.apache.commons.lang3.exception.ContextedRuntimeExceptionTest:setUp:()V#30#4 prob_bp = 0.5
org.apache.commons.lang3.exception.ContextedRuntimeExceptionTest:setUp:()V#30#8 prob_bp = 0.5
org.apache.commons.lang3.exception.ContextedRuntimeExceptionTest:setUp:()V#30#9 prob_bp = 0.5
org.apache.commons.lang3.exception.ContextedRuntimeExceptionTest:setUp:()V#30#11 prob_bp = 0.5
org.apache.commons.lang3.exception.ContextedRuntimeExceptionTest:setUp:()V#30#17 prob_bp = 0.5
org.apache.commons.lang3.exception.ContextedRuntimeExceptionTest:setUp:()V#32#24 prob_bp = 0.5
org.apache.commons.lang3.exception.DefaultExceptionContextTest:setUp:()V#27#1 prob_bp = 0.5
org.apache.commons.lang3.exception.DefaultExceptionContextTest:setUp:()V#27#4 prob_bp = 0.5
org.apache.commons.lang3.exception.DefaultExceptionContextTest:setUp:()V#27#8 prob_bp = 0.5
org.apache.commons.lang3.exception.DefaultExceptionContextTest:setUp:()V#29#15 prob_bp = 0.5
org.apache.commons.lang3.StringUtils:equals:(Ljava/lang/CharSequence;Ljava/lang/CharSequence;)Z#788#19 prob_bp = 0.5000000000000001
org.apache.commons.lang3.StringUtils:equals:(Ljava/lang/CharSequence;Ljava/lang/CharSequence;)Z#786#16 prob_bp = 0.5000000000000001
org.apache.commons.lang3.StringUtils:equals:(Ljava/lang/CharSequence;Ljava/lang/CharSequence;)Z#785#7 prob_bp = 0.500312755431579
org.apache.commons.lang3.StringUtils:equals:(Ljava/lang/CharSequence;Ljava/lang/CharSequence;)Z#785#8 prob_bp = 0.5003127554359746
org.apache.commons.lang3.StringUtils:equals:(Ljava/lang/CharSequence;Ljava/lang/CharSequence;)Z#785#11 prob_bp = 0.5089739045318462
org.apache.commons.lang3.StringUtils:equals:(Ljava/lang/CharSequence;Ljava/lang/CharSequence;)Z#785#12 prob_bp = 0.5089739045543036
org.apache.commons.lang3.exception.ContextedExceptionTest:setUp:()V#30#5 prob_bp = 0.9999999992999999
org.apache.commons.lang3.exception.ContextedRuntimeExceptionTest:setUp:()V#30#5 prob_bp = 0.9999999992999999
org.apache.commons.lang3.exception.DefaultExceptionContextTest:setUp:()V#27#0 prob_bp = 0.9999999992999999
org.apache.commons.lang3.exception.ContextedExceptionTest:setUp:()V#30#14 prob_bp = 0.9999999994
org.apache.commons.lang3.exception.ContextedRuntimeExceptionTest:setUp:()V#30#14 prob_bp = 0.9999999994
org.apache.commons.lang3.exception.DefaultExceptionContextTest:setUp:()V#27#5 prob_bp = 0.9999999994
org.apache.commons.lang3.exception.ContextedExceptionTest:setUp:()V#31#20 prob_bp = 0.9999999996
org.apache.commons.lang3.exception.ContextedRuntimeExceptionTest:setUp:()V#31#20 prob_bp = 0.9999999996
org.apache.commons.lang3.exception.DefaultExceptionContextTest:setUp:()V#28#11 prob_bp = 0.9999999996
org.apache.commons.lang3.exception.ContextedExceptionTest:setUp:()V#31#21 prob_bp = 0.9999999999
org.apache.commons.lang3.exception.ContextedRuntimeExceptionTest:setUp:()V#31#21 prob_bp = 0.9999999999
org.apache.commons.lang3.exception.DefaultExceptionContextTest:setUp:()V#28#12 prob_bp = 0.9999999999
org.apache.commons.lang3.StringUtilsEqualsIndexOfTest:testEquals:()V#487#0 prob_bp = 1.0
org.apache.commons.lang3.StringUtilsEqualsIndexOfTest:testEquals:()V#487#2 prob_bp = 1.0
org.apache.commons.lang3.StringUtilsEqualsIndexOfTest:testEquals:()V#487#3 prob_bp = 1.0
org.apache.commons.lang3.StringUtilsEqualsIndexOfTest:testEquals:()V#487#5 prob_bp = 1.0
org.apache.commons.lang3.StringUtilsEqualsIndexOfTest:testEquals:()V#487#6 prob_bp = 1.0
org.apache.commons.lang3.StringUtilsEqualsIndexOfTest:testEquals:()V#487#8 prob_bp = 1.0
org.apache.commons.lang3.StringUtilsEqualsIndexOfTest:testEquals:()V#488#9 prob_bp = 1.0
org.apache.commons.lang3.StringUtilsEqualsIndexOfTest:testEquals:()V#488#10 prob_bp = 1.0
org.apache.commons.lang3.StringUtilsEqualsIndexOfTest:testEquals:()V#488#11 prob_bp = 1.0
org.apache.commons.lang3.StringUtilsEqualsIndexOfTest:testEquals:()V#488#14 prob_bp = 1.0
org.apache.commons.lang3.StringUtilsEqualsIndexOfTest:testEquals:()V#489#17 prob_bp = 1.0
org.apache.commons.lang3.StringUtilsEqualsIndexOfTest:testEquals:()V#489#18 prob_bp = 1.0
org.apache.commons.lang3.StringUtilsEqualsIndexOfTest:testEquals:()V#489#19 prob_bp = 1.0
org.apache.commons.lang3.StringUtilsEqualsIndexOfTest:testEquals:()V#489#22 prob_bp = 1.0
org.apache.commons.lang3.StringUtilsEqualsIndexOfTest:testEquals:()V#490#25 prob_bp = 1.0
org.apache.commons.lang3.StringUtilsEqualsIndexOfTest:testEquals:()V#490#26 prob_bp = 1.0
org.apache.commons.lang3.StringUtilsEqualsIndexOfTest:testEquals:()V#490#29 prob_bp = 1.0
org.apache.commons.lang3.StringUtilsEqualsIndexOfTest:testEquals:()V#490#30 prob_bp = 1.0
org.apache.commons.lang3.StringUtilsEqualsIndexOfTest:testEquals:()V#490#32 prob_bp = 1.0
org.apache.commons.lang3.StringUtilsEqualsIndexOfTest:testEquals:()V#490#35 prob_bp = 1.0
org.apache.commons.lang3.StringUtilsEqualsIndexOfTest:testEquals:()V#490#38 prob_bp = 1.0
org.apache.commons.lang3.StringUtilsEqualsIndexOfTest:testEqualsOnStrings:()V#503#0 prob_bp = 1.0
org.apache.commons.lang3.StringUtilsEqualsIndexOfTest:testEqualsOnStrings:()V#503#1 prob_bp = 1.0
org.apache.commons.lang3.StringUtilsEqualsIndexOfTest:testEqualsOnStrings:()V#503#2 prob_bp = 1.0
org.apache.commons.lang3.StringUtilsEqualsIndexOfTest:testEqualsOnStrings:()V#503#5 prob_bp = 1.0
org.apache.commons.lang3.StringUtilsEqualsIndexOfTest:testEqualsOnStrings:()V#504#8 prob_bp = 1.0
org.apache.commons.lang3.StringUtilsEqualsIndexOfTest:testEqualsOnStrings:()V#504#10 prob_bp = 1.0
org.apache.commons.lang3.StringUtilsEqualsIndexOfTest:testEqualsOnStrings:()V#504#12 prob_bp = 1.0
org.apache.commons.lang3.StringUtilsEqualsIndexOfTest:testEqualsOnStrings:()V#504#15 prob_bp = 1.0
org.apache.commons.lang3.StringUtilsEqualsIndexOfTest:testEqualsOnStrings:()V#505#18 prob_bp = 1.0
org.apache.commons.lang3.StringUtilsEqualsIndexOfTest:testEqualsOnStrings:()V#505#20 prob_bp = 1.0
org.apache.commons.lang3.StringUtilsEqualsIndexOfTest:testEqualsOnStrings:()V#505#23 prob_bp = 1.0
org.apache.commons.lang3.StringUtilsEqualsIndexOfTest:testEqualsOnStrings:()V#505#24 prob_bp = 1.0
org.apache.commons.lang3.StringUtilsEqualsIndexOfTest:testEqualsOnStrings:()V#505#25 prob_bp = 1.0
org.apache.commons.lang3.StringUtilsEqualsIndexOfTest:testEqualsOnStrings:()V#505#27 prob_bp = 1.0
org.apache.commons.lang3.StringUtilsEqualsIndexOfTest:testEqualsOnStrings:()V#505#28 prob_bp = 1.0
org.apache.commons.lang3.StringUtilsEqualsIndexOfTest:testEqualsOnStrings:()V#505#29 prob_bp = 1.0
org.apache.commons.lang3.StringUtilsEqualsIndexOfTest:testEqualsOnStrings:()V#505#31 prob_bp = 1.0
org.apache.commons.lang3.StringUtilsEqualsIndexOfTest:testEqualsOnStrings:()V#505#32 prob_bp = 1.0
org.apache.commons.lang3.StringUtilsEqualsIndexOfTest:testEqualsOnStrings:()V#505#33 prob_bp = 1.0
org.apache.commons.lang3.StringUtilsEqualsIndexOfTest:testEqualsOnStrings:()V#505#34 prob_bp = 1.0
org.apache.commons.lang3.StringUtilsEqualsIndexOfTest:testEqualsOnStrings:()V#505#36 prob_bp = 1.0
org.apache.commons.lang3.StringUtilsEqualsIndexOfTest:testEqualsOnStrings:()V#505#37 prob_bp = 1.0
org.apache.commons.lang3.StringUtilsEqualsIndexOfTest:testEqualsOnStrings:()V#505#38 prob_bp = 1.0
org.apache.commons.lang3.StringUtilsEqualsIndexOfTest:testEqualsOnStrings:()V#505#39 prob_bp = 1.0
org.apache.commons.lang3.StringUtilsEqualsIndexOfTest:testEqualsOnStrings:()V#505#41 prob_bp = 1.0
org.apache.commons.lang3.StringUtilsEqualsIndexOfTest:testEqualsOnStrings:()V#505#42 prob_bp = 1.0
org.apache.commons.lang3.StringUtilsEqualsIndexOfTest:testEqualsOnStrings:()V#505#45 prob_bp = 1.0
org.apache.commons.lang3.StringUtilsEqualsIndexOfTest:testEqualsOnStrings:()V#505#48 prob_bp = 1.0
org.apache.commons.lang3.StringUtilsEqualsIndexOfTest:testEqualsOnStrings:()V#506#51 prob_bp = 1.0
org.apache.commons.lang3.StringUtilsEqualsIndexOfTest:testEqualsOnStrings:()V#506#53 prob_bp = 1.0
org.apache.commons.lang3.StringUtilsEqualsIndexOfTest:testEqualsOnStrings:()V#506#56 prob_bp = 1.0
org.apache.commons.lang3.StringUtilsEqualsIndexOfTest:testEqualsOnStrings:()V#506#57 prob_bp = 1.0
org.apache.commons.lang3.StringUtilsEqualsIndexOfTest:testEqualsOnStrings:()V#506#58 prob_bp = 1.0
org.apache.commons.lang3.StringUtilsEqualsIndexOfTest:testEqualsOnStrings:()V#506#60 prob_bp = 1.0
org.apache.commons.lang3.StringUtilsEqualsIndexOfTest:testEqualsOnStrings:()V#506#61 prob_bp = 1.0
org.apache.commons.lang3.StringUtilsEqualsIndexOfTest:testEqualsOnStrings:()V#506#62 prob_bp = 1.0
org.apache.commons.lang3.StringUtilsEqualsIndexOfTest:testEqualsOnStrings:()V#506#64 prob_bp = 1.0
org.apache.commons.lang3.StringUtilsEqualsIndexOfTest:testEqualsOnStrings:()V#506#65 prob_bp = 1.0
org.apache.commons.lang3.StringUtilsEqualsIndexOfTest:testEqualsOnStrings:()V#506#66 prob_bp = 1.0
org.apache.commons.lang3.StringUtilsEqualsIndexOfTest:testEqualsOnStrings:()V#506#67 prob_bp = 1.0
org.apache.commons.lang3.StringUtilsEqualsIndexOfTest:testEqualsOnStrings:()V#506#69 prob_bp = 1.0
org.apache.commons.lang3.StringUtilsEqualsIndexOfTest:testEqualsOnStrings:()V#506#70 prob_bp = 1.0
org.apache.commons.lang3.StringUtilsEqualsIndexOfTest:testEqualsOnStrings:()V#506#71 prob_bp = 1.0
org.apache.commons.lang3.StringUtilsEqualsIndexOfTest:testEqualsOnStrings:()V#506#72 prob_bp = 1.0
org.apache.commons.lang3.StringUtilsEqualsIndexOfTest:testEqualsOnStrings:()V#506#74 prob_bp = 1.0
org.apache.commons.lang3.StringUtilsEqualsIndexOfTest:testEqualsOnStrings:()V#506#75 prob_bp = 1.0
org.apache.commons.lang3.StringUtilsEqualsIndexOfTest:testEqualsOnStrings:()V#506#78 prob_bp = 1.0
org.apache.commons.lang3.StringUtilsEqualsIndexOfTest:testEqualsOnStrings:()V#506#81 prob_bp = 1.0
org.apache.commons.lang3.StringUtilsEqualsIndexOfTest:testEqualsOnStrings:()V#507#84 prob_bp = 1.0
org.apache.commons.lang3.StringUtilsEqualsIndexOfTest:testEqualsOnStrings:()V#507#86 prob_bp = 1.0
org.apache.commons.lang3.StringUtilsEqualsIndexOfTest:testEqualsOnStrings:()V#507#88 prob_bp = 1.0
org.apache.commons.lang3.StringUtilsEqualsIndexOfTest:testEqualsOnStrings:()V#507#91 prob_bp = 1.0
org.apache.commons.lang3.StringUtilsEqualsIndexOfTest:testEqualsOnStrings:()V#508#94 prob_bp = 1.0
org.apache.commons.lang3.StringUtilsEqualsIndexOfTest:testEqualsOnStrings:()V#508#96 prob_bp = 1.0
org.apache.commons.lang3.StringUtilsEqualsIndexOfTest:testEqualsOnStrings:()V#508#97 prob_bp = 1.0
org.apache.commons.lang3.StringUtilsEqualsIndexOfTest:testEqualsOnStrings:()V#508#100 prob_bp = 1.0
org.apache.commons.lang3.StringUtilsEqualsIndexOfTest:testEqualsOnStrings:()V#509#103 prob_bp = 1.0
org.apache.commons.lang3.StringUtilsEqualsIndexOfTest:testEqualsOnStrings:()V#509#104 prob_bp = 1.0
org.apache.commons.lang3.StringUtilsEqualsIndexOfTest:testEqualsOnStrings:()V#509#106 prob_bp = 1.0
org.apache.commons.lang3.StringUtilsEqualsIndexOfTest:testEqualsOnStrings:()V#509#109 prob_bp = 1.0
org.apache.commons.lang3.StringUtilsEqualsIndexOfTest:testEqualsOnStrings:()V#510#112 prob_bp = 1.0
org.apache.commons.lang3.StringUtilsEqualsIndexOfTest:testEqualsOnStrings:()V#510#114 prob_bp = 1.0
org.apache.commons.lang3.StringUtilsEqualsIndexOfTest:testEqualsOnStrings:()V#510#116 prob_bp = 1.0
org.apache.commons.lang3.StringUtilsEqualsIndexOfTest:testEqualsOnStrings:()V#510#119 prob_bp = 1.0
org.apache.commons.lang3.StringUtilsEqualsIndexOfTest:testEqualsOnStrings:()V#511#122 prob_bp = 1.0
org.apache.commons.lang3.StringUtilsEqualsIndexOfTest:testEqualsOnStrings:()V#511#124 prob_bp = 1.0
org.apache.commons.lang3.StringUtilsEqualsIndexOfTest:testEqualsOnStrings:()V#511#126 prob_bp = 1.0
org.apache.commons.lang3.StringUtilsEqualsIndexOfTest:testEqualsOnStrings:()V#511#129 prob_bp = 1.0
org.apache.commons.lang3.StringUtilsEqualsIndexOfTest:testEqualsOnStrings:()V#512#132 prob_bp = 1.0
org.apache.commons.lang3.exception.ContextedExceptionTest:testContextedExceptionStringThrowable:()V#60#0 prob_bp = 1.0
org.apache.commons.lang3.exception.ContextedExceptionTest:testContextedExceptionStringThrowable:()V#60#1 prob_bp = 1.0
org.apache.commons.lang3.exception.ContextedExceptionTest:testContextedExceptionStringThrowable:()V#60#4 prob_bp = 1.0
org.apache.commons.lang3.exception.ContextedExceptionTest:testContextedExceptionStringThrowable:()V#60#5 prob_bp = 1.0
org.apache.commons.lang3.exception.ContextedExceptionTest:testContextedExceptionStringThrowable:()V#60#7 prob_bp = 1.0
org.apache.commons.lang3.exception.ContextedExceptionTest:testContextedExceptionStringThrowable:()V#60#10 prob_bp = 1.0
org.apache.commons.lang3.exception.ContextedExceptionTest:testContextedExceptionStringThrowable:()V#60#11 prob_bp = 1.0
org.apache.commons.lang3.exception.ContextedExceptionTest:testContextedExceptionStringThrowable:()V#60#13 prob_bp = 1.0
org.apache.commons.lang3.exception.ContextedExceptionTest:testContextedExceptionStringThrowable:()V#60#16 prob_bp = 1.0
org.apache.commons.lang3.exception.ContextedExceptionTest:testContextedExceptionStringThrowable:()V#60#19 prob_bp = 1.0
org.apache.commons.lang3.exception.ContextedExceptionTest:testContextedExceptionStringThrowable:()V#61#22 prob_bp = 1.0
org.apache.commons.lang3.exception.ContextedExceptionTest:testContextedExceptionStringThrowable:()V#61#23 prob_bp = 1.0
org.apache.commons.lang3.exception.ContextedExceptionTest:testContextedExceptionStringThrowable:()V#61#26 prob_bp = 1.0
org.apache.commons.lang3.exception.ContextedExceptionTest:testContextedExceptionStringThrowable:()V#61#29 prob_bp = 1.0
org.apache.commons.lang3.exception.ContextedExceptionTest:testContextedExceptionStringThrowable:()V#61#32 prob_bp = 1.0
org.apache.commons.lang3.exception.ContextedExceptionTest:testContextedExceptionStringThrowable:()V#62#33 prob_bp = 1.0
org.apache.commons.lang3.exception.ContextedExceptionTest:testContextedExceptionStringThrowable:()V#62#34 prob_bp = 1.0
org.apache.commons.lang3.exception.ContextedExceptionTest:testContextedExceptionStringThrowable:()V#62#37 prob_bp = 1.0
org.apache.commons.lang3.exception.ContextedExceptionTest:testContextedExceptionStringThrowable:()V#62#40 prob_bp = 1.0
org.apache.commons.lang3.exception.ContextedExceptionTest:testContextedExceptionStringThrowable:()V#62#43 prob_bp = 1.0
org.apache.commons.lang3.exception.ContextedExceptionTest:testContextedExceptionStringThrowable:()V#63#44 prob_bp = 1.0
org.apache.commons.lang3.exception.ContextedExceptionTest:testContextedExceptionStringThrowable:()V#63#45 prob_bp = 1.0
org.apache.commons.lang3.exception.ContextedExceptionTest:testContextedExceptionStringThrowable:()V#63#47 prob_bp = 1.0
org.apache.commons.lang3.exception.ContextedExceptionTest:testContextedExceptionStringThrowable:()V#63#50 prob_bp = 1.0
org.apache.commons.lang3.exception.ContextedExceptionTest:testContextedExceptionStringThrowable:()V#63#53 prob_bp = 1.0
org.apache.commons.lang3.exception.ContextedExceptionTest:testContextedExceptionStringThrowable:()V#63#54 prob_bp = 1.0
org.apache.commons.lang3.exception.ContextedExceptionTest:testContextedExceptionStringThrowable:()V#63#58 prob_bp = 1.0
org.apache.commons.lang3.exception.ContextedExceptionTest:testContextedExceptionStringThrowable:()V#64#61 prob_bp = 1.0
org.apache.commons.lang3.exception.ContextedExceptionTest:testContextedExceptionStringThrowable:()V#64#62 prob_bp = 1.0
org.apache.commons.lang3.exception.ContextedExceptionTest:testContextedExceptionStringThrowable:()V#64#64 prob_bp = 1.0
org.apache.commons.lang3.exception.ContextedExceptionTest:testContextedExceptionStringThrowable:()V#64#67 prob_bp = 1.0
org.apache.commons.lang3.exception.ContextedExceptionTest:testContextedExceptionStringThrowable:()V#64#70 prob_bp = 1.0
org.apache.commons.lang3.exception.ContextedExceptionTest:testContextedExceptionStringThrowable:()V#64#71 prob_bp = 1.0
org.apache.commons.lang3.exception.ContextedExceptionTest:testContextedExceptionStringThrowable:()V#64#75 prob_bp = 1.0
org.apache.commons.lang3.exception.ContextedExceptionTest:testContextedExceptionStringThrowable:()V#65#78 prob_bp = 1.0
org.apache.commons.lang3.exception.ContextedExceptionTest:testContextedExceptionStringThrowable:()V#65#79 prob_bp = 1.0
org.apache.commons.lang3.exception.ContextedExceptionTest:testContextedExceptionStringThrowable:()V#65#81 prob_bp = 1.0
org.apache.commons.lang3.exception.ContextedExceptionTest:testContextedExceptionStringThrowable:()V#65#84 prob_bp = 1.0
org.apache.commons.lang3.exception.ContextedExceptionTest:testContextedExceptionStringThrowable:()V#65#87 prob_bp = 1.0
org.apache.commons.lang3.exception.ContextedExceptionTest:testContextedExceptionStringThrowable:()V#65#88 prob_bp = 1.0
org.apache.commons.lang3.exception.ContextedExceptionTest:testContextedExceptionStringThrowable:()V#65#92 prob_bp = 1.0
org.apache.commons.lang3.exception.ContextedExceptionTest:testContextedExceptionStringThrowable:()V#66#95 prob_bp = 1.0
org.apache.commons.lang3.exception.ContextedExceptionTest:testContextedExceptionStringThrowable:()V#66#96 prob_bp = 1.0
org.apache.commons.lang3.exception.ContextedExceptionTest:testContextedExceptionStringThrowable:()V#66#98 prob_bp = 1.0
org.apache.commons.lang3.exception.ContextedExceptionTest:testContextedExceptionStringThrowable:()V#66#101 prob_bp = 1.0
org.apache.commons.lang3.exception.ContextedExceptionTest:testContextedExceptionStringThrowable:()V#66#104 prob_bp = 1.0
org.apache.commons.lang3.exception.ContextedExceptionTest:testContextedExceptionStringThrowable:()V#66#105 prob_bp = 1.0
org.apache.commons.lang3.exception.ContextedExceptionTest:testContextedExceptionStringThrowable:()V#66#109 prob_bp = 1.0
org.apache.commons.lang3.exception.ContextedExceptionTest:testContextedExceptionStringThrowable:()V#67#112 prob_bp = 1.0
org.apache.commons.lang3.exception.ContextedRuntimeExceptionTest:testContextedExceptionStringThrowable:()V#60#0 prob_bp = 1.0
org.apache.commons.lang3.exception.ContextedRuntimeExceptionTest:testContextedExceptionStringThrowable:()V#60#1 prob_bp = 1.0
org.apache.commons.lang3.exception.ContextedRuntimeExceptionTest:testContextedExceptionStringThrowable:()V#60#4 prob_bp = 1.0
org.apache.commons.lang3.exception.ContextedRuntimeExceptionTest:testContextedExceptionStringThrowable:()V#60#5 prob_bp = 1.0
org.apache.commons.lang3.exception.ContextedRuntimeExceptionTest:testContextedExceptionStringThrowable:()V#60#7 prob_bp = 1.0
org.apache.commons.lang3.exception.ContextedRuntimeExceptionTest:testContextedExceptionStringThrowable:()V#60#10 prob_bp = 1.0
org.apache.commons.lang3.exception.ContextedRuntimeExceptionTest:testContextedExceptionStringThrowable:()V#60#11 prob_bp = 1.0
org.apache.commons.lang3.exception.ContextedRuntimeExceptionTest:testContextedExceptionStringThrowable:()V#60#13 prob_bp = 1.0
org.apache.commons.lang3.exception.ContextedRuntimeExceptionTest:testContextedExceptionStringThrowable:()V#60#16 prob_bp = 1.0
org.apache.commons.lang3.exception.ContextedRuntimeExceptionTest:testContextedExceptionStringThrowable:()V#60#19 prob_bp = 1.0
org.apache.commons.lang3.exception.ContextedRuntimeExceptionTest:testContextedExceptionStringThrowable:()V#61#22 prob_bp = 1.0
org.apache.commons.lang3.exception.ContextedRuntimeExceptionTest:testContextedExceptionStringThrowable:()V#61#23 prob_bp = 1.0
org.apache.commons.lang3.exception.ContextedRuntimeExceptionTest:testContextedExceptionStringThrowable:()V#61#26 prob_bp = 1.0
org.apache.commons.lang3.exception.ContextedRuntimeExceptionTest:testContextedExceptionStringThrowable:()V#61#29 prob_bp = 1.0
org.apache.commons.lang3.exception.ContextedRuntimeExceptionTest:testContextedExceptionStringThrowable:()V#61#32 prob_bp = 1.0
org.apache.commons.lang3.exception.ContextedRuntimeExceptionTest:testContextedExceptionStringThrowable:()V#62#33 prob_bp = 1.0
org.apache.commons.lang3.exception.ContextedRuntimeExceptionTest:testContextedExceptionStringThrowable:()V#62#34 prob_bp = 1.0
org.apache.commons.lang3.exception.ContextedRuntimeExceptionTest:testContextedExceptionStringThrowable:()V#62#37 prob_bp = 1.0
org.apache.commons.lang3.exception.ContextedRuntimeExceptionTest:testContextedExceptionStringThrowable:()V#62#40 prob_bp = 1.0
org.apache.commons.lang3.exception.ContextedRuntimeExceptionTest:testContextedExceptionStringThrowable:()V#62#43 prob_bp = 1.0
org.apache.commons.lang3.exception.ContextedRuntimeExceptionTest:testContextedExceptionStringThrowable:()V#63#44 prob_bp = 1.0
org.apache.commons.lang3.exception.ContextedRuntimeExceptionTest:testContextedExceptionStringThrowable:()V#63#45 prob_bp = 1.0
org.apache.commons.lang3.exception.ContextedRuntimeExceptionTest:testContextedExceptionStringThrowable:()V#63#47 prob_bp = 1.0
org.apache.commons.lang3.exception.ContextedRuntimeExceptionTest:testContextedExceptionStringThrowable:()V#63#50 prob_bp = 1.0
org.apache.commons.lang3.exception.ContextedRuntimeExceptionTest:testContextedExceptionStringThrowable:()V#63#53 prob_bp = 1.0
org.apache.commons.lang3.exception.ContextedRuntimeExceptionTest:testContextedExceptionStringThrowable:()V#63#54 prob_bp = 1.0
org.apache.commons.lang3.exception.ContextedRuntimeExceptionTest:testContextedExceptionStringThrowable:()V#63#58 prob_bp = 1.0
org.apache.commons.lang3.exception.ContextedRuntimeExceptionTest:testContextedExceptionStringThrowable:()V#64#61 prob_bp = 1.0
org.apache.commons.lang3.exception.ContextedRuntimeExceptionTest:testContextedExceptionStringThrowable:()V#64#62 prob_bp = 1.0
org.apache.commons.lang3.exception.ContextedRuntimeExceptionTest:testContextedExceptionStringThrowable:()V#64#64 prob_bp = 1.0
org.apache.commons.lang3.exception.ContextedRuntimeExceptionTest:testContextedExceptionStringThrowable:()V#64#67 prob_bp = 1.0
org.apache.commons.lang3.exception.ContextedRuntimeExceptionTest:testContextedExceptionStringThrowable:()V#64#70 prob_bp = 1.0
org.apache.commons.lang3.exception.ContextedRuntimeExceptionTest:testContextedExceptionStringThrowable:()V#64#71 prob_bp = 1.0
org.apache.commons.lang3.exception.ContextedRuntimeExceptionTest:testContextedExceptionStringThrowable:()V#64#75 prob_bp = 1.0
org.apache.commons.lang3.exception.ContextedRuntimeExceptionTest:testContextedExceptionStringThrowable:()V#65#78 prob_bp = 1.0
org.apache.commons.lang3.exception.ContextedRuntimeExceptionTest:testContextedExceptionStringThrowable:()V#65#79 prob_bp = 1.0
org.apache.commons.lang3.exception.ContextedRuntimeExceptionTest:testContextedExceptionStringThrowable:()V#65#81 prob_bp = 1.0
org.apache.commons.lang3.exception.ContextedRuntimeExceptionTest:testContextedExceptionStringThrowable:()V#65#84 prob_bp = 1.0
org.apache.commons.lang3.exception.ContextedRuntimeExceptionTest:testContextedExceptionStringThrowable:()V#65#87 prob_bp = 1.0
org.apache.commons.lang3.exception.ContextedRuntimeExceptionTest:testContextedExceptionStringThrowable:()V#65#88 prob_bp = 1.0
org.apache.commons.lang3.exception.ContextedRuntimeExceptionTest:testContextedExceptionStringThrowable:()V#65#92 prob_bp = 1.0
org.apache.commons.lang3.exception.ContextedRuntimeExceptionTest:testContextedExceptionStringThrowable:()V#66#95 prob_bp = 1.0
org.apache.commons.lang3.exception.ContextedRuntimeExceptionTest:testContextedExceptionStringThrowable:()V#66#96 prob_bp = 1.0
org.apache.commons.lang3.exception.ContextedRuntimeExceptionTest:testContextedExceptionStringThrowable:()V#66#98 prob_bp = 1.0
org.apache.commons.lang3.exception.ContextedRuntimeExceptionTest:testContextedExceptionStringThrowable:()V#66#101 prob_bp = 1.0
org.apache.commons.lang3.exception.ContextedRuntimeExceptionTest:testContextedExceptionStringThrowable:()V#66#104 prob_bp = 1.0
org.apache.commons.lang3.exception.ContextedRuntimeExceptionTest:testContextedExceptionStringThrowable:()V#66#105 prob_bp = 1.0
org.apache.commons.lang3.exception.ContextedRuntimeExceptionTest:testContextedExceptionStringThrowable:()V#66#109 prob_bp = 1.0
org.apache.commons.lang3.exception.ContextedRuntimeExceptionTest:testContextedExceptionStringThrowable:()V#67#112 prob_bp = 1.0
org.apache.commons.lang3.exception.DefaultExceptionContextTest:testFormattedExceptionMessageNull:()V#32#0 prob_bp = 1.0
org.apache.commons.lang3.exception.DefaultExceptionContextTest:testFormattedExceptionMessageNull:()V#32#1 prob_bp = 1.0
org.apache.commons.lang3.exception.DefaultExceptionContextTest:testFormattedExceptionMessageNull:()V#32#4 prob_bp = 1.0
org.apache.commons.lang3.exception.DefaultExceptionContextTest:testFormattedExceptionMessageNull:()V#32#5 prob_bp = 1.0
org.apache.commons.lang3.exception.DefaultExceptionContextTest:testFormattedExceptionMessageNull:()V#32#8 prob_bp = 1.0
org.apache.commons.lang3.exception.DefaultExceptionContextTest:testFormattedExceptionMessageNull:()V#33#11 prob_bp = 1.0
org.apache.commons.lang3.exception.DefaultExceptionContextTest:testFormattedExceptionMessageNull:()V#33#12 prob_bp = 1.0
org.apache.commons.lang3.exception.DefaultExceptionContextTest:testFormattedExceptionMessageNull:()V#33#15 prob_bp = 1.0
org.apache.commons.lang3.exception.DefaultExceptionContextTest:testFormattedExceptionMessageNull:()V#33#18 prob_bp = 1.0
org.apache.commons.lang3.exception.DefaultExceptionContextTest:testFormattedExceptionMessageNull:()V#33#19 prob_bp = 1.0
org.apache.commons.lang3.exception.DefaultExceptionContextTest:testFormattedExceptionMessageNull:()V#33#22 prob_bp = 1.0
org.apache.commons.lang3.exception.DefaultExceptionContextTest:testFormattedExceptionMessageNull:()V#34#23 prob_bp = 1.0
Belief propagation time : 0.082s
