
Probabilities: 
Vars:87400
Stmts:656
org.apache.commons.lang3.RandomStringUtils:random:(IIIZZ[CLjava/util/Random;)Ljava/lang/String;#248#111 prob_bp = 0.47012725515378895
org.apache.commons.lang3.RandomStringUtils:random:(IIIZZ[CLjava/util/Random;)Ljava/lang/String;#248#109 prob_bp = 0.490074863527114
org.apache.commons.lang3.RandomStringUtils:random:(I[C)Ljava/lang/String;#321#27 prob_bp = 0.49075631144558535
org.apache.commons.lang3.RandomStringUtils:random:(I[C)Ljava/lang/String;#321#18 prob_bp = 0.49399610955339174
org.apache.commons.lang3.RandomStringUtils:random:(IIIZZ[CLjava/util/Random;)Ljava/lang/String;#248#115 prob_bp = 0.4982651998395976
org.apache.commons.lang3.RandomStringUtils:random:(I[C)Ljava/lang/String;#321#24 prob_bp = 0.4983974201416381
org.apache.commons.lang3.RandomStringUtils:random:(I[C)Ljava/lang/String;#321#19 prob_bp = 0.4985429977819006
org.apache.commons.lang3.RandomStringUtils:random:(IIIZZ[CLjava/util/Random;)Ljava/lang/String;#248#113 prob_bp = 0.4994330619835975
org.apache.commons.lang3.RandomStringUtils:random:(IIIZZ[CLjava/util/Random;)Ljava/lang/String;#240#72 prob_bp = 0.49943629946701285
org.apache.commons.lang3.RandomStringUtils:random:(IIIZZ[CLjava/util/Random;)Ljava/lang/String;#241#80 prob_bp = 0.49946183750739365
org.apache.commons.lang3.RandomStringUtils:random:(I[C)Ljava/lang/String;#318#0 prob_bp = 0.49971955655593536
org.apache.commons.lang3.RandomStringUtils:random:(I[C)Ljava/lang/String;#318#1 prob_bp = 0.4997195565586015
org.apache.commons.lang3.RandomStringUtils:random:(IIIZZ[CLjava/util/Random;)Ljava/lang/String;#241#79 prob_bp = 0.4997926267957439
org.apache.commons.lang3.RandomStringUtils:random:(IIIZZ[CLjava/util/Random;)Ljava/lang/String;#233#60 prob_bp = 0.4997926267963816
org.apache.commons.lang3.RandomStringUtils:random:(IIIZZ[CLjava/util/Random;)Ljava/lang/String;#232#55 prob_bp = 0.49988117609855753
org.apache.commons.lang3.RandomStringUtils:random:(IIIZZ[CLjava/util/Random;)Ljava/lang/String;#240#73 prob_bp = 0.49990819655301305
org.apache.commons.lang3.RandomStringUtils:random:(IIIZZ[CLjava/util/Random;)Ljava/lang/String;#232#51 prob_bp = 0.49990826147331824
org.apache.commons.lang3.RandomStringUtils:random:(I[C)Ljava/lang/String;#321#21 prob_bp = 0.4999082614734516
org.apache.commons.lang3.RandomStringUtils:random:(IIIZZ[CLjava/util/Random;)Ljava/lang/String;#248#119 prob_bp = 0.4999741956552351
org.apache.commons.lang3.RandomStringUtils:random:(IIIZZ[CLjava/util/Random;)Ljava/lang/String;#241#78 prob_bp = 0.49998119900922633
org.apache.commons.lang3.RandomStringUtils:random:(IIIZZ[CLjava/util/Random;)Ljava/lang/String;#231#44#unexe#1 prob_bp = 0.4999811990127153
org.apache.commons.lang3.RandomStringUtils:random:(IIIZZ[CLjava/util/Random;)Ljava/lang/String;#231#48#unexe#1 prob_bp = 0.4999811990135728
org.apache.commons.lang3.RandomStringUtils:random:(IIIZZ[CLjava/util/Random;)Ljava/lang/String;#232#52#unexe#1 prob_bp = 0.49998119901377114
org.apache.commons.lang3.RandomStringUtils:random:(IIIZZ[CLjava/util/Random;)Ljava/lang/String;#232#57#unexe#1 prob_bp = 0.49998119901380544
org.apache.commons.lang3.RandomStringUtils:random:(IIIZZ[CLjava/util/Random;)Ljava/lang/String;#225#0 prob_bp = 0.49999923518681266
org.apache.commons.lang3.RandomStringUtils:random:(IIIZZ[CLjava/util/Random;)Ljava/lang/String;#227#7 prob_bp = 0.4999993297281899
org.apache.commons.lang3.RandomStringUtils:random:(IIIZZ[CLjava/util/Random;)Ljava/lang/String;#232#57 prob_bp = 0.49999936832347164
org.apache.commons.lang3.RandomStringUtils:random:(I[C)Ljava/lang/String;#321#23 prob_bp = 0.4999995689906813
org.apache.commons.lang3.RandomStringUtils:random:(IIIZZ[CLjava/util/Random;)Ljava/lang/String;#232#52 prob_bp = 0.4999995702314297
org.apache.commons.lang3.RandomStringUtils:random:(IIIZZ[CLjava/util/Random;)Ljava/lang/String;#231#48 prob_bp = 0.49999967990227506
org.apache.commons.lang3.RandomStringUtils:random:(IIIZZ[CLjava/util/Random;)Ljava/lang/String;#231#43 prob_bp = 0.49999983739292386
org.apache.commons.lang3.RandomStringUtils:random:(IIIZZ[CLjava/util/Random;)Ljava/lang/String;#227#8 prob_bp = 0.4999998829915612
org.apache.commons.lang3.RandomStringUtils:random:(IIIZZ[CLjava/util/Random;)Ljava/lang/String;#228#24 prob_bp = 0.4999998832992907
org.apache.commons.lang3.RandomStringUtils:random:(IIIZZ[CLjava/util/Random;)Ljava/lang/String;#228#11 prob_bp = 0.49999988330089395
org.apache.commons.lang3.RandomStringUtils:random:(IIIZZ[CLjava/util/Random;)Ljava/lang/String;#228#36 prob_bp = 0.49999988741329277
org.apache.commons.lang3.RandomStringUtils:random:(IIIZZ[CLjava/util/Random;)Ljava/lang/String;#241#77 prob_bp = 0.49999991716385994
org.apache.commons.lang3.RandomStringUtils:random:(IIIZZ[CLjava/util/Random;)Ljava/lang/String;#231#44#unexe#2 prob_bp = 0.49999991716406667
org.apache.commons.lang3.RandomStringUtils:random:(IIIZZ[CLjava/util/Random;)Ljava/lang/String;#231#48#unexe#2 prob_bp = 0.49999991716411596
org.apache.commons.lang3.RandomStringUtils:random:(IIIZZ[CLjava/util/Random;)Ljava/lang/String;#233#62 prob_bp = 0.4999999171641243
org.apache.commons.lang3.RandomStringUtils:random:(IIIZZ[CLjava/util/Random;)Ljava/lang/String;#232#52#unexe#2 prob_bp = 0.4999999171641265
org.apache.commons.lang3.RandomStringUtils:random:(IIIZZ[CLjava/util/Random;)Ljava/lang/String;#232#57#unexe#2 prob_bp = 0.49999991716412684
org.apache.commons.lang3.RandomStringUtils:random:(IIIZZ[CLjava/util/Random;)Ljava/lang/String;#231#47 prob_bp = 0.4999999536246079
org.apache.commons.lang3.RandomStringUtils:random:(IIIZZ[CLjava/util/Random;)Ljava/lang/String;#228#42 prob_bp = 0.4999999857546592
org.apache.commons.lang3.RandomStringUtils:random:(IIIZZ[CLjava/util/Random;)Ljava/lang/String;#228#31 prob_bp = 0.4999999898692818
org.apache.commons.lang3.RandomStringUtils:random:(IIIZZ[CLjava/util/Random;)Ljava/lang/String;#231#44 prob_bp = 0.49999999100309467
org.apache.commons.lang3.RandomStringUtils:random:(IIIZZ)Ljava/lang/String;#163#7 prob_bp = 0.49999999555610675
org.apache.commons.lang3.RandomStringUtils:random:(IIIZZ)Ljava/lang/String;#163#10 prob_bp = 0.49999999555610786
org.apache.commons.lang3.RandomStringUtils:random:(IIIZZ[CLjava/util/Random;)Ljava/lang/String;#228#22 prob_bp = 0.49999999587858607
org.apache.commons.lang3.RandomStringUtils:random:(IIIZZ[CLjava/util/Random;)Ljava/lang/String;#228#33 prob_bp = 0.4999999958788808
org.apache.commons.lang3.RandomStringUtils:random:(IIIZZ[CLjava/util/Random;)Ljava/lang/String;#228#14 prob_bp = 0.49999999588379507
org.apache.commons.lang3.RandomStringUtils:random:(IIIZZ[CLjava/util/Random;)Ljava/lang/String;#228#18 prob_bp = 0.499999999992888
org.apache.commons.lang3.RandomStringUtils:random:(IIIZZ[CLjava/util/Random;)Ljava/lang/String;#228#27 prob_bp = 0.4999999999980953
org.apache.commons.lang3.RandomStringUtils:random:(I[C)Ljava/lang/String;#321#22 prob_bp = 0.4999999999996757
org.apache.commons.lang3.RandomStringUtils:random:(IIIZZ[CLjava/util/Random;)Ljava/lang/String;#228#28 prob_bp = 0.4999999999997051
org.apache.commons.lang3.RandomStringUtils:random:(IIIZZ[CLjava/util/Random;)Ljava/lang/String;#250#149 prob_bp = 0.49999999999999306
org.apache.commons.lang3.RandomStringUtils:random:(IIIZZ[CLjava/util/Random;)Ljava/lang/String;#253#168 prob_bp = 0.49999999999999983
org.apache.commons.lang3.RandomStringUtils:random:(IIIZZ[CLjava/util/Random;)Ljava/lang/String;#228#15 prob_bp = 0.49999999999999994
org.apache.commons.lang3.RandomStringUtils:random:(IIIZZ[CLjava/util/Random;)Ljava/lang/String;#254#172 prob_bp = 0.49999999999999994
org.apache.commons.lang3.RandomStringUtils:random:(IIIZZ[CLjava/util/Random;)Ljava/lang/String;#271#272 prob_bp = 0.49999999999999994
org.apache.commons.lang3.RandomStringUtils:random:(ILjava/lang/String;)Ljava/lang/String;#299#1 prob_bp = 0.49999999999999994
org.apache.commons.lang3.RandomStringUtils:random:(I)Ljava/lang/String;#69#0 prob_bp = 0.5
org.apache.commons.lang3.RandomStringUtils:random:(IZZ)Ljava/lang/String;#143#0 prob_bp = 0.5
org.apache.commons.lang3.RandomStringUtils:random:(IIIZZ)Ljava/lang/String;#163#0 prob_bp = 0.5
org.apache.commons.lang3.RandomStringUtils:random:(IIIZZ[CLjava/util/Random;)Ljava/lang/String;#228#19 prob_bp = 0.5
org.apache.commons.lang3.RandomStringUtils:random:(IIIZZ[CLjava/util/Random;)Ljava/lang/String;#228#39 prob_bp = 0.5
org.apache.commons.lang3.RandomStringUtils:random:(I[C)Ljava/lang/String;#321#17 prob_bp = 0.5
org.apache.commons.lang3.RandomStringUtils:random:(I[C)Ljava/lang/String;#321#20 prob_bp = 0.5
org.apache.commons.lang3.RandomStringUtils:random:(IIIZZ[CLjava/util/Random;)Ljava/lang/String;#233#63 prob_bp = 0.5
org.apache.commons.lang3.RandomStringUtils:random:(IIIZZ[CLjava/util/Random;)Ljava/lang/String;#248#118 prob_bp = 0.5
org.apache.commons.lang3.RandomStringUtils:random:(IIIZZ[CLjava/util/Random;)Ljava/lang/String;#248#120 prob_bp = 0.5
org.apache.commons.lang3.RandomStringUtils:random:(IIIZZ[CLjava/util/Random;)Ljava/lang/String;#246#106 prob_bp = 0.5
org.apache.commons.lang3.RandomStringUtils:random:(IIIZZ[CLjava/util/Random;)Ljava/lang/String;#250#152 prob_bp = 0.5
org.apache.commons.lang3.RandomStringUtils:random:(IIIZZ[CLjava/util/Random;)Ljava/lang/String;#275#286 prob_bp = 0.5
org.apache.commons.lang3.RandomStringUtils:random:(IIIZZ[CLjava/util/Random;)Ljava/lang/String;#275#287 prob_bp = 0.5
org.apache.commons.lang3.RandomStringUtils:random:(IIIZZ[CLjava/util/Random;)Ljava/lang/String;#280#293 prob_bp = 0.5
org.apache.commons.lang3.RandomStringUtils:random:(IIIZZ[CLjava/util/Random;)Ljava/lang/String;#253#164 prob_bp = 0.5
org.apache.commons.lang3.RandomStringUtils:random:(IIIZZ[CLjava/util/Random;)Ljava/lang/String;#254#171 prob_bp = 0.5
org.apache.commons.lang3.RandomStringUtils:random:(IIIZZ[CLjava/util/Random;)Ljava/lang/String;#258#181 prob_bp = 0.5
org.apache.commons.lang3.RandomStringUtils:random:(IIIZZ[CLjava/util/Random;)Ljava/lang/String;#258#183 prob_bp = 0.5
org.apache.commons.lang3.RandomStringUtils:random:(IIIZZ[CLjava/util/Random;)Ljava/lang/String;#258#184 prob_bp = 0.5
org.apache.commons.lang3.RandomStringUtils:random:(IIIZZ[CLjava/util/Random;)Ljava/lang/String;#258#186 prob_bp = 0.5
org.apache.commons.lang3.RandomStringUtils:random:(IIIZZ[CLjava/util/Random;)Ljava/lang/String;#259#187 prob_bp = 0.5
org.apache.commons.lang3.RandomStringUtils:random:(IIIZZ[CLjava/util/Random;)Ljava/lang/String;#260#190 prob_bp = 0.5
org.apache.commons.lang3.RandomStringUtils:random:(IIIZZ[CLjava/util/Random;)Ljava/lang/String;#260#192 prob_bp = 0.5
org.apache.commons.lang3.RandomStringUtils:random:(IIIZZ[CLjava/util/Random;)Ljava/lang/String;#260#193 prob_bp = 0.5
org.apache.commons.lang3.RandomStringUtils:random:(IIIZZ[CLjava/util/Random;)Ljava/lang/String;#260#195 prob_bp = 0.5
org.apache.commons.lang3.RandomStringUtils:random:(IIIZZ[CLjava/util/Random;)Ljava/lang/String;#260#200 prob_bp = 0.5
org.apache.commons.lang3.RandomStringUtils:random:(IIIZZ[CLjava/util/Random;)Ljava/lang/String;#260#203 prob_bp = 0.5
org.apache.commons.lang3.RandomStringUtils:random:(IIIZZ[CLjava/util/Random;)Ljava/lang/String;#260#204 prob_bp = 0.5
org.apache.commons.lang3.RandomStringUtils:random:(IIIZZ[CLjava/util/Random;)Ljava/lang/String;#260#205 prob_bp = 0.5
org.apache.commons.lang3.RandomStringUtils:random:(IIIZZ[CLjava/util/Random;)Ljava/lang/String;#260#206 prob_bp = 0.5
org.apache.commons.lang3.RandomStringUtils:random:(IIIZZ[CLjava/util/Random;)Ljava/lang/String;#254#172#unexe#0 prob_bp = 0.5
org.apache.commons.lang3.RandomStringUtils:random:(IIIZZ[CLjava/util/Random;)Ljava/lang/String;#253#168#unexe#0 prob_bp = 0.5
org.apache.commons.lang3.RandomStringUtils:random:(IIIZZ[CLjava/util/Random;)Ljava/lang/String;#262#216 prob_bp = 0.5
org.apache.commons.lang3.RandomStringUtils:random:(IIIZZ[CLjava/util/Random;)Ljava/lang/String;#262#218 prob_bp = 0.5
org.apache.commons.lang3.RandomStringUtils:random:(IIIZZ[CLjava/util/Random;)Ljava/lang/String;#271#268 prob_bp = 0.5
org.apache.commons.lang3.RandomStringUtils:random:(IIIZZ[CLjava/util/Random;)Ljava/lang/String;#271#272#unexe#0 prob_bp = 0.5
org.apache.commons.lang3.RandomStringUtils:random:(IIIZZ[CLjava/util/Random;)Ljava/lang/String;#262#220#unexe#0 prob_bp = 0.5
org.apache.commons.lang3.RandomStringUtils:random:(IIIZZ[CLjava/util/Random;)Ljava/lang/String;#263#223 prob_bp = 0.5
org.apache.commons.lang3.RandomStringUtils:random:(IIIZZ[CLjava/util/Random;)Ljava/lang/String;#263#224 prob_bp = 0.5
org.apache.commons.lang3.RandomStringUtils:random:(IIIZZ[CLjava/util/Random;)Ljava/lang/String;#267#235 prob_bp = 0.5
org.apache.commons.lang3.RandomStringUtils:random:(IIIZZ[CLjava/util/Random;)Ljava/lang/String;#267#236 prob_bp = 0.5
org.apache.commons.lang3.RandomStringUtils:random:(IIIZZ[CLjava/util/Random;)Ljava/lang/String;#267#238 prob_bp = 0.5
org.apache.commons.lang3.RandomStringUtils:random:(IIIZZ[CLjava/util/Random;)Ljava/lang/String;#267#240 prob_bp = 0.5
org.apache.commons.lang3.RandomStringUtils:random:(IIIZZ[CLjava/util/Random;)Ljava/lang/String;#267#243 prob_bp = 0.5
org.apache.commons.lang3.RandomStringUtils:random:(IIIZZ[CLjava/util/Random;)Ljava/lang/String;#267#246 prob_bp = 0.5
org.apache.commons.lang3.RandomStringUtils:random:(IIIZZ[CLjava/util/Random;)Ljava/lang/String;#267#247 prob_bp = 0.5
org.apache.commons.lang3.RandomStringUtils:random:(IIIZZ[CLjava/util/Random;)Ljava/lang/String;#267#248 prob_bp = 0.5
org.apache.commons.lang3.RandomStringUtils:random:(IIIZZ[CLjava/util/Random;)Ljava/lang/String;#268#249 prob_bp = 0.5
org.apache.commons.lang3.RandomStringUtils:random:(IIIZZ[CLjava/util/Random;)Ljava/lang/String;#269#254 prob_bp = 0.5
org.apache.commons.lang3.RandomStringUtils:random:(IIIZZ[CLjava/util/Random;)Ljava/lang/String;#269#255 prob_bp = 0.5
org.apache.commons.lang3.RandomStringUtils:random:(IIIZZ[CLjava/util/Random;)Ljava/lang/String;#269#257 prob_bp = 0.5
org.apache.commons.lang3.RandomStringUtils:random:(IIIZZ[CLjava/util/Random;)Ljava/lang/String;#269#258 prob_bp = 0.5
org.apache.commons.lang3.RandomStringUtils:random:(IIIZZ[CLjava/util/Random;)Ljava/lang/String;#263#224#unexe#0 prob_bp = 0.5
org.apache.commons.lang3.RandomStringUtils:random:(IIIZZ[CLjava/util/Random;)Ljava/lang/String;#243#86#unexe#0 prob_bp = 0.5
org.apache.commons.lang3.RandomStringUtils:random:(IIIZZ[CLjava/util/Random;)Ljava/lang/String;#281#305 prob_bp = 0.5
org.apache.commons.lang3.RandomStringUtils:randomAscii:(I)Ljava/lang/String;#83#3 prob_bp = 0.5
org.apache.commons.lang3.RandomStringUtils:randomAscii:(I)Ljava/lang/String;#83#6 prob_bp = 0.5
org.apache.commons.lang3.RandomStringUtils:randomAscii:(I)Ljava/lang/String;#83#10 prob_bp = 0.5
org.apache.commons.lang3.RandomStringUtilsTest:testRandomStringUtils:()V#59#76#unexe#3 prob_bp = 0.5
org.apache.commons.lang3.RandomStringUtils:randomAlphabetic:(I)Ljava/lang/String;#97#1 prob_bp = 0.5
org.apache.commons.lang3.RandomStringUtils:randomAlphabetic:(I)Ljava/lang/String;#97#2 prob_bp = 0.5
org.apache.commons.lang3.RandomStringUtils:randomAlphabetic:(I)Ljava/lang/String;#97#3 prob_bp = 0.5
org.apache.commons.lang3.RandomStringUtils:random:(IIIZZ[CLjava/util/Random;)Ljava/lang/String;#235#66 prob_bp = 0.5
org.apache.commons.lang3.RandomStringUtils:randomAlphabetic:(I)Ljava/lang/String;#97#6 prob_bp = 0.5
org.apache.commons.lang3.RandomStringUtilsTest:testRandomStringUtils:()V#67#163#unexe#3 prob_bp = 0.5
org.apache.commons.lang3.RandomStringUtils:randomAlphanumeric:(I)Ljava/lang/String;#111#0 prob_bp = 0.5
org.apache.commons.lang3.RandomStringUtils:randomAlphanumeric:(I)Ljava/lang/String;#111#1 prob_bp = 0.5
org.apache.commons.lang3.RandomStringUtils:randomAlphanumeric:(I)Ljava/lang/String;#111#2 prob_bp = 0.5
org.apache.commons.lang3.RandomStringUtils:randomAlphanumeric:(I)Ljava/lang/String;#111#6 prob_bp = 0.5
org.apache.commons.lang3.RandomStringUtilsTest:testRandomStringUtils:()V#75#253#unexe#3 prob_bp = 0.5
org.apache.commons.lang3.RandomStringUtils:randomNumeric:(I)Ljava/lang/String;#125#0 prob_bp = 0.5
org.apache.commons.lang3.RandomStringUtils:randomNumeric:(I)Ljava/lang/String;#125#2 prob_bp = 0.5
org.apache.commons.lang3.RandomStringUtils:randomNumeric:(I)Ljava/lang/String;#125#6 prob_bp = 0.5
org.apache.commons.lang3.RandomStringUtilsTest:testRandomStringUtils:()V#83#324#unexe#3 prob_bp = 0.5
org.apache.commons.lang3.RandomStringUtils:random:(ILjava/lang/String;)Ljava/lang/String;#302#17 prob_bp = 0.5
org.apache.commons.lang3.RandomStringUtils:random:(ILjava/lang/String;)Ljava/lang/String;#302#19 prob_bp = 0.5
org.apache.commons.lang3.RandomStringUtils:random:(ILjava/lang/String;)Ljava/lang/String;#302#22 prob_bp = 0.5
org.apache.commons.lang3.RandomStringUtils:random:(IIIZZ[CLjava/util/Random;)Ljava/lang/String;#248#121 prob_bp = 0.5
org.apache.commons.lang3.RandomStringUtils:random:(I[C)Ljava/lang/String;#321#30 prob_bp = 0.5
org.apache.commons.lang3.RandomStringUtils:random:(ILjava/lang/String;)Ljava/lang/String;#302#25 prob_bp = 0.5
org.apache.commons.lang3.RandomStringUtilsTest:testRandomStringUtils:()V#92#420#unexe#4 prob_bp = 0.5
org.apache.commons.lang3.RandomStringUtils:random:(ILjava/lang/String;)Ljava/lang/String;#300#4 prob_bp = 0.5
org.apache.commons.lang3.RandomStringUtils:random:(ILjava/lang/String;)Ljava/lang/String;#300#8 prob_bp = 0.5
org.apache.commons.lang3.RandomStringUtils:random:(ILjava/lang/String;)Ljava/lang/String;#300#16 prob_bp = 0.5
org.apache.commons.lang3.RandomStringUtilsTest:testRandomStringUtils:()V#107#571#unexe#4 prob_bp = 0.5
org.apache.commons.lang3.RandomStringUtils:random:(I[C)Ljava/lang/String;#319#4 prob_bp = 0.5
org.apache.commons.lang3.RandomStringUtils:random:(I[C)Ljava/lang/String;#319#16 prob_bp = 0.5
org.apache.commons.lang3.RandomStringUtils:random:(IIIZZ[CLjava/util/Random;)Ljava/lang/String;#226#4 prob_bp = 0.5
org.apache.commons.lang3.RandomStringUtils:random:(I)Ljava/lang/String;#69#1 prob_bp = 0.5000000000000001
org.apache.commons.lang3.RandomStringUtils:random:(I)Ljava/lang/String;#69#2 prob_bp = 0.5000000000000001
org.apache.commons.lang3.RandomStringUtils:random:(IIIZZ)Ljava/lang/String;#163#4 prob_bp = 0.5000000000000001
org.apache.commons.lang3.RandomStringUtils:random:(IIIZZ[CLjava/util/Random;)Ljava/lang/String;#253#159 prob_bp = 0.5000000000000001
org.apache.commons.lang3.RandomStringUtils:random:(IIIZZ[CLjava/util/Random;)Ljava/lang/String;#253#166 prob_bp = 0.5000000000000001
org.apache.commons.lang3.RandomStringUtils:random:(IIIZZ[CLjava/util/Random;)Ljava/lang/String;#260#197 prob_bp = 0.5000000000000001
org.apache.commons.lang3.RandomStringUtils:random:(IIIZZ[CLjava/util/Random;)Ljava/lang/String;#267#233 prob_bp = 0.5000000000000001
org.apache.commons.lang3.RandomStringUtils:random:(IIIZZ[CLjava/util/Random;)Ljava/lang/String;#269#252 prob_bp = 0.5000000000000001
org.apache.commons.lang3.RandomStringUtils:random:(IIIZZ[CLjava/util/Random;)Ljava/lang/String;#281#302 prob_bp = 0.5000000000000001
org.apache.commons.lang3.RandomStringUtils:randomAscii:(I)Ljava/lang/String;#83#0 prob_bp = 0.5000000000000001
org.apache.commons.lang3.RandomStringUtils:randomAscii:(I)Ljava/lang/String;#83#1 prob_bp = 0.5000000000000001
org.apache.commons.lang3.RandomStringUtils:randomAscii:(I)Ljava/lang/String;#83#5 prob_bp = 0.5000000000000001
org.apache.commons.lang3.RandomStringUtils:randomAlphabetic:(I)Ljava/lang/String;#97#0 prob_bp = 0.5000000000000001
org.apache.commons.lang3.RandomStringUtils:randomNumeric:(I)Ljava/lang/String;#125#1 prob_bp = 0.5000000000000001
org.apache.commons.lang3.RandomStringUtils:randomNumeric:(I)Ljava/lang/String;#125#3 prob_bp = 0.5000000000000001
org.apache.commons.lang3.RandomStringUtils:random:(ILjava/lang/String;)Ljava/lang/String;#299#0 prob_bp = 0.5000000000000001
org.apache.commons.lang3.RandomStringUtils:random:(ILjava/lang/String;)Ljava/lang/String;#302#18 prob_bp = 0.5000000000000001
org.apache.commons.lang3.RandomStringUtils:random:(ILjava/lang/String;)Ljava/lang/String;#300#5 prob_bp = 0.5000000000000001
org.apache.commons.lang3.RandomStringUtils:random:(ILjava/lang/String;)Ljava/lang/String;#300#6 prob_bp = 0.5000000000000001
org.apache.commons.lang3.RandomStringUtils:random:(ILjava/lang/String;)Ljava/lang/String;#300#9 prob_bp = 0.5000000000000001
org.apache.commons.lang3.RandomStringUtils:random:(ILjava/lang/String;)Ljava/lang/String;#300#10 prob_bp = 0.5000000000000001
org.apache.commons.lang3.RandomStringUtils:random:(I[C)Ljava/lang/String;#319#5 prob_bp = 0.5000000000000001
org.apache.commons.lang3.RandomStringUtils:random:(I[C)Ljava/lang/String;#319#7 prob_bp = 0.5000000000000001
org.apache.commons.lang3.RandomStringUtils:random:(I[C)Ljava/lang/String;#319#8 prob_bp = 0.5000000000000001
org.apache.commons.lang3.RandomStringUtils:random:(I[C)Ljava/lang/String;#319#9 prob_bp = 0.5000000000000001
org.apache.commons.lang3.RandomStringUtils:random:(I[C)Ljava/lang/String;#319#10 prob_bp = 0.5000000000000001
org.apache.commons.lang3.RandomStringUtils:random:(I)Ljava/lang/String;#69#3 prob_bp = 0.5000000000000002
org.apache.commons.lang3.RandomStringUtils:random:(IZZ)Ljava/lang/String;#143#3 prob_bp = 0.5000000000000002
org.apache.commons.lang3.RandomStringUtils:random:(IZZ)Ljava/lang/String;#143#4 prob_bp = 0.5000000000000002
org.apache.commons.lang3.RandomStringUtils:random:(IIIZZ)Ljava/lang/String;#163#1 prob_bp = 0.5000000000000002
org.apache.commons.lang3.RandomStringUtils:random:(IIIZZ)Ljava/lang/String;#163#2 prob_bp = 0.5000000000000002
org.apache.commons.lang3.RandomStringUtils:random:(IIIZZ[CLjava/util/Random;)Ljava/lang/String;#236#71 prob_bp = 0.5000000000000002
org.apache.commons.lang3.RandomStringUtils:randomAlphanumeric:(I)Ljava/lang/String;#111#3 prob_bp = 0.5000000000000002
org.apache.commons.lang3.RandomStringUtils:random:(ILjava/lang/String;)Ljava/lang/String;#300#7 prob_bp = 0.5000000000000002
org.apache.commons.lang3.RandomStringUtils:random:(IZZ)Ljava/lang/String;#143#2 prob_bp = 0.5000000000000003
org.apache.commons.lang3.RandomStringUtils:random:(IIIZZ[CLjava/util/Random;)Ljava/lang/String;#271#270 prob_bp = 0.5000000000000003
org.apache.commons.lang3.RandomStringUtils:random:(IIIZZ[CLjava/util/Random;)Ljava/lang/String;#235#68 prob_bp = 0.5000000000000003
org.apache.commons.lang3.RandomStringUtils:random:(IZZ)Ljava/lang/String;#143#1 prob_bp = 0.5000000000000004
org.apache.commons.lang3.RandomStringUtils:randomAscii:(I)Ljava/lang/String;#83#7 prob_bp = 0.5000000000000004
org.apache.commons.lang3.RandomStringUtils:random:(IIIZZ[CLjava/util/Random;)Ljava/lang/String;#275#283 prob_bp = 0.5000000000000006
org.apache.commons.lang3.RandomStringUtils:random:(I[C)Ljava/lang/String;#319#6 prob_bp = 0.5000000000000006
org.apache.commons.lang3.RandomStringUtils:random:(IIIZZ)Ljava/lang/String;#163#3 prob_bp = 0.5000000000000007
org.apache.commons.lang3.RandomStringUtils:random:(IIIZZ)Ljava/lang/String;#163#6 prob_bp = 0.5000000000000007
org.apache.commons.lang3.RandomStringUtils:random:(IIIZZ[CLjava/util/Random;)Ljava/lang/String;#250#154#unexe#0 prob_bp = 0.5000000000000007
org.apache.commons.lang3.RandomStringUtils:random:(IIIZZ[CLjava/util/Random;)Ljava/lang/String;#243#86#unexe#9 prob_bp = 0.5000000000000007
org.apache.commons.lang3.RandomStringUtils:random:(I[C)Ljava/lang/String;#319#13 prob_bp = 0.5000000000000007
org.apache.commons.lang3.RandomStringUtils:random:(IIIZZ[CLjava/util/Random;)Ljava/lang/String;#262#209 prob_bp = 0.5000000000000008
org.apache.commons.lang3.RandomStringUtils:random:(IIIZZ[CLjava/util/Random;)Ljava/lang/String;#262#211 prob_bp = 0.5000000000000008
org.apache.commons.lang3.RandomStringUtils:random:(IIIZZ[CLjava/util/Random;)Ljava/lang/String;#243#83 prob_bp = 0.5000000000000009
org.apache.commons.lang3.RandomStringUtils:random:(IIIZZ[CLjava/util/Random;)Ljava/lang/String;#262#220 prob_bp = 0.500000000000001
org.apache.commons.lang3.RandomStringUtils:random:(IZZ)Ljava/lang/String;#143#5 prob_bp = 0.5000000000000011
org.apache.commons.lang3.RandomStringUtils:random:(ILjava/lang/String;)Ljava/lang/String;#300#13 prob_bp = 0.5000000000000011
org.apache.commons.lang3.RandomStringUtils:random:(IIIZZ[CLjava/util/Random;)Ljava/lang/String;#250#154 prob_bp = 0.5000000000000105
org.apache.commons.lang3.RandomStringUtils:random:(IIIZZ[CLjava/util/Random;)Ljava/lang/String;#250#145 prob_bp = 0.5000000000000878
org.apache.commons.lang3.RandomStringUtils:random:(IIIZZ[CLjava/util/Random;)Ljava/lang/String;#278#290 prob_bp = 0.5000000000001056
org.apache.commons.lang3.RandomStringUtils:random:(IIIZZ[CLjava/util/Random;)Ljava/lang/String;#246#102 prob_bp = 0.5000000000001057
org.apache.commons.lang3.RandomStringUtils:random:(IIIZZ[CLjava/util/Random;)Ljava/lang/String;#250#145#unexe#0 prob_bp = 0.5000000000001057
org.apache.commons.lang3.RandomStringUtils:random:(IIIZZ[CLjava/util/Random;)Ljava/lang/String;#250#148 prob_bp = 0.5000000000001058
org.apache.commons.lang3.RandomStringUtils:random:(IIIZZ[CLjava/util/Random;)Ljava/lang/String;#250#149#unexe#0 prob_bp = 0.5000000000001076
org.apache.commons.lang3.RandomStringUtils:random:(IIIZZ[CLjava/util/Random;)Ljava/lang/String;#250#137#unexe#0 prob_bp = 0.5000000000001129
org.apache.commons.lang3.RandomStringUtils:random:(IIIZZ[CLjava/util/Random;)Ljava/lang/String;#253#161 prob_bp = 0.5000000000001243
org.apache.commons.lang3.RandomStringUtils:random:(IIIZZ[CLjava/util/Random;)Ljava/lang/String;#250#137 prob_bp = 0.5000000000001666
org.apache.commons.lang3.RandomStringUtils:random:(IIIZZ[CLjava/util/Random;)Ljava/lang/String;#281#299 prob_bp = 0.5000000002693301
org.apache.commons.lang3.RandomStringUtils:random:(IIIZZ[CLjava/util/Random;)Ljava/lang/String;#281#296 prob_bp = 0.5000000011338385
org.apache.commons.lang3.RandomStringUtils:random:(IIIZZ[CLjava/util/Random;)Ljava/lang/String;#271#265 prob_bp = 0.5000000018164682
org.apache.commons.lang3.RandomStringUtils:random:(IIIZZ[CLjava/util/Random;)Ljava/lang/String;#253#157 prob_bp = 0.5000000018165045
org.apache.commons.lang3.RandomStringUtils:random:(IIIZZ[CLjava/util/Random;)Ljava/lang/String;#275#281 prob_bp = 0.5000000025117396
org.apache.commons.lang3.RandomStringUtils:random:(IIIZZ[CLjava/util/Random;)Ljava/lang/String;#281#300 prob_bp = 0.5000000160086273
org.apache.commons.lang3.RandomStringUtils:random:(IIIZZ[CLjava/util/Random;)Ljava/lang/String;#240#75 prob_bp = 0.5000000185206143
org.apache.commons.lang3.RandomStringUtils:random:(IIIZZ[CLjava/util/Random;)Ljava/lang/String;#262#213 prob_bp = 0.5000000852434204
org.apache.commons.lang3.RandomStringUtils:random:(IIIZZ[CLjava/util/Random;)Ljava/lang/String;#250#127 prob_bp = 0.5000000852440659
org.apache.commons.lang3.RandomStringUtils:random:(IIIZZ[CLjava/util/Random;)Ljava/lang/String;#250#123 prob_bp = 0.5000000852442757
org.apache.commons.lang3.RandomStringUtils:random:(IIIZZ[CLjava/util/Random;)Ljava/lang/String;#246#101 prob_bp = 0.5000004847353527
org.apache.commons.lang3.RandomStringUtils:random:(IIIZZ[CLjava/util/Random;)Ljava/lang/String;#250#132 prob_bp = 0.500000484735355
org.apache.commons.lang3.RandomStringUtils:random:(IIIZZ[CLjava/util/Random;)Ljava/lang/String;#243#86 prob_bp = 0.5000012812454931
org.apache.commons.lang3.RandomStringUtils:random:(IIIZZ[CLjava/util/Random;)Ljava/lang/String;#271#261 prob_bp = 0.5000013461534216
org.apache.commons.lang3.RandomStringUtils:random:(IIIZZ[CLjava/util/Random;)Ljava/lang/String;#250#124 prob_bp = 0.5000287098625115
org.apache.commons.lang3.RandomStringUtils:random:(IIIZZ[CLjava/util/Random;)Ljava/lang/String;#246#96 prob_bp = 0.5000287100740604
org.apache.commons.lang3.RandomStringUtils:random:(IIIZZ[CLjava/util/Random;)Ljava/lang/String;#236#69 prob_bp = 0.500028710581373
org.apache.commons.lang3.RandomStringUtils:random:(IIIZZ[CLjava/util/Random;)Ljava/lang/String;#275#284 prob_bp = 0.5000549956962251
org.apache.commons.lang3.RandomStringUtils:random:(IIIZZ[CLjava/util/Random;)Ljava/lang/String;#225#1 prob_bp = 0.5000549957580681
org.apache.commons.lang3.RandomStringUtils:random:(IIIZZ[CLjava/util/Random;)Ljava/lang/String;#250#135 prob_bp = 0.5000595391909005
org.apache.commons.lang3.RandomStringUtils:random:(IIIZZ[CLjava/util/Random;)Ljava/lang/String;#271#263 prob_bp = 0.5007995855251407
org.apache.commons.lang3.RandomStringUtils:random:(IIIZZ[CLjava/util/Random;)Ljava/lang/String;#245#91 prob_bp = 0.5008584937490657
org.apache.commons.lang3.RandomStringUtils:random:(IIIZZ[CLjava/util/Random;)Ljava/lang/String;#243#82 prob_bp = 0.5031884291863661
org.apache.commons.lang3.RandomStringUtils:random:(IIIZZ[CLjava/util/Random;)Ljava/lang/String;#245#89 prob_bp = 0.5034130460596472
org.apache.commons.lang3.RandomStringUtils:random:(IIIZZ[CLjava/util/Random;)Ljava/lang/String;#250#142 prob_bp = 0.5034384590532894
org.apache.commons.lang3.RandomStringUtils:random:(IIIZZ[CLjava/util/Random;)Ljava/lang/String;#246#103 prob_bp = 0.5034384751366318
org.apache.commons.lang3.RandomStringUtils:random:(IIIZZ[CLjava/util/Random;)Ljava/lang/String;#250#140 prob_bp = 0.5034385306806827
org.apache.commons.lang3.RandomStringUtils:random:(IIIZZ[CLjava/util/Random;)Ljava/lang/String;#250#129 prob_bp = 0.5034386864587119
org.apache.commons.lang3.RandomStringUtils:random:(IIIZZ[CLjava/util/Random;)Ljava/lang/String;#246#98 prob_bp = 0.5034389241727131
org.apache.commons.lang3.RandomStringUtils:random:(IIIZZ[CLjava/util/Random;)Ljava/lang/String;#271#265#unexe#0 prob_bp = 0.5034396204959174
org.apache.commons.lang3.RandomStringUtils:random:(IIIZZ[CLjava/util/Random;)Ljava/lang/String;#262#213#unexe#0 prob_bp = 0.5034433427314605
org.apache.commons.lang3.RandomStringUtils:random:(IIIZZ[CLjava/util/Random;)Ljava/lang/String;#253#161#unexe#0 prob_bp = 0.5034581975756618
org.apache.commons.lang3.RandomStringUtils:random:(IIIZZ[CLjava/util/Random;)Ljava/lang/String;#245#91#unexe#9 prob_bp = 0.5034941985385248
org.apache.commons.lang3.RandomStringUtils:random:(IIIZZ[CLjava/util/Random;)Ljava/lang/String;#246#104 prob_bp = 0.5034942168233174
org.apache.commons.lang3.RandomStringUtils:random:(IIIZZ[CLjava/util/Random;)Ljava/lang/String;#246#94 prob_bp = 0.5034942390280845
org.apache.commons.lang3.RandomStringUtils:random:(IIIZZ[CLjava/util/Random;)Ljava/lang/String;#250#132#unexe#0 prob_bp = 0.5035175812008134
org.apache.commons.lang3.RandomStringUtils:random:(IIIZZ[CLjava/util/Random;)Ljava/lang/String;#250#124#unexe#0 prob_bp = 0.5037550355022474
org.apache.commons.lang3.RandomStringUtils:random:(IIIZZ[CLjava/util/Random;)Ljava/lang/String;#226#6 prob_bp = 0.5084636926644143
org.apache.commons.lang3.RandomStringUtils:random:(IIIZZ)Ljava/lang/String;#163#13 prob_bp = 0.5194327072782622
org.apache.commons.lang3.RandomStringUtils:random:(IZZ)Ljava/lang/String;#143#8 prob_bp = 0.5516906725335852
org.apache.commons.lang3.RandomStringUtils:random:(I)Ljava/lang/String;#69#6 prob_bp = 0.6498794206916463
org.apache.commons.lang3.RandomStringUtilsTest:testExceptions:()V#134#0 prob_bp = 1.0
org.apache.commons.lang3.RandomStringUtilsTest:testExceptions:()V#134#1 prob_bp = 1.0
org.apache.commons.lang3.RandomStringUtilsTest:testExceptions:()V#134#3 prob_bp = 1.0
org.apache.commons.lang3.RandomStringUtilsTest:testExceptions:()V#134#4 prob_bp = 1.0
org.apache.commons.lang3.RandomStringUtilsTest:testExceptions:()V#134#5 prob_bp = 1.0
org.apache.commons.lang3.RandomStringUtilsTest:testExceptions:()V#134#7 prob_bp = 1.0
org.apache.commons.lang3.RandomStringUtilsTest:testExceptions:()V#134#8 prob_bp = 1.0
org.apache.commons.lang3.RandomStringUtilsTest:testExceptions:()V#136#9 prob_bp = 1.0
org.apache.commons.lang3.RandomStringUtilsTest:testExceptions:()V#136#10 prob_bp = 1.0
org.apache.commons.lang3.RandomStringUtilsTest:testExceptions:()V#138#20 prob_bp = 1.0
org.apache.commons.lang3.RandomStringUtilsTest:testExceptions:()V#140#21 prob_bp = 1.0
org.apache.commons.lang3.RandomStringUtilsTest:testExceptions:()V#140#22 prob_bp = 1.0
org.apache.commons.lang3.RandomStringUtilsTest:testExceptions:()V#140#23 prob_bp = 1.0
org.apache.commons.lang3.RandomStringUtilsTest:testExceptions:()V#140#24 prob_bp = 1.0
org.apache.commons.lang3.RandomStringUtilsTest:testExceptions:()V#142#34 prob_bp = 1.0
org.apache.commons.lang3.RandomStringUtilsTest:testExceptions:()V#144#35 prob_bp = 1.0
org.apache.commons.lang3.RandomStringUtilsTest:testExceptions:()V#144#36 prob_bp = 1.0
org.apache.commons.lang3.RandomStringUtilsTest:testExceptions:()V#144#37 prob_bp = 1.0
org.apache.commons.lang3.RandomStringUtilsTest:testExceptions:()V#146#47 prob_bp = 1.0
org.apache.commons.lang3.RandomStringUtilsTest:testExceptions:()V#148#48 prob_bp = 1.0
org.apache.commons.lang3.RandomStringUtilsTest:testExceptions:()V#148#49 prob_bp = 1.0
org.apache.commons.lang3.RandomStringUtilsTest:testExceptions:()V#148#50 prob_bp = 1.0
org.apache.commons.lang3.RandomStringUtilsTest:testExceptions:()V#148#52 prob_bp = 1.0
org.apache.commons.lang3.RandomStringUtilsTest:testLANG805:()V#129#0 prob_bp = 1.0
org.apache.commons.lang3.RandomStringUtilsTest:testLANG805:()V#129#3 prob_bp = 1.0
org.apache.commons.lang3.RandomStringUtilsTest:testLANG805:()V#130#4 prob_bp = 1.0
org.apache.commons.lang3.RandomStringUtilsTest:testLANG805:()V#130#6 prob_bp = 1.0
org.apache.commons.lang3.RandomStringUtilsTest:testLANG805:()V#130#7 prob_bp = 1.0
org.apache.commons.lang3.RandomStringUtilsTest:testLANG805:()V#130#8 prob_bp = 1.0
org.apache.commons.lang3.RandomStringUtilsTest:testLANG805:()V#130#9 prob_bp = 1.0
org.apache.commons.lang3.RandomStringUtilsTest:testLANG805:()V#130#10 prob_bp = 1.0
org.apache.commons.lang3.RandomStringUtilsTest:testLANG805:()V#130#11 prob_bp = 1.0
org.apache.commons.lang3.RandomStringUtilsTest:testLANG805:()V#130#12 prob_bp = 1.0
org.apache.commons.lang3.RandomStringUtilsTest:testLANG805:()V#130#14 prob_bp = 1.0
org.apache.commons.lang3.RandomStringUtilsTest:testLANG805:()V#130#15 prob_bp = 1.0
org.apache.commons.lang3.RandomStringUtilsTest:testLANG805:()V#130#16 prob_bp = 1.0
org.apache.commons.lang3.RandomStringUtilsTest:testLANG805:()V#130#18 prob_bp = 1.0
org.apache.commons.lang3.RandomStringUtilsTest:testLANG805:()V#130#19 prob_bp = 1.0
org.apache.commons.lang3.RandomStringUtilsTest:testLANG805:()V#130#22 prob_bp = 1.0
org.apache.commons.lang3.RandomStringUtilsTest:testLANG805:()V#130#23 prob_bp = 1.0
org.apache.commons.lang3.RandomStringUtilsTest:testLANG805:()V#130#24 prob_bp = 1.0
org.apache.commons.lang3.RandomStringUtilsTest:testLANG805:()V#130#27 prob_bp = 1.0
org.apache.commons.lang3.RandomStringUtilsTest:testRandomStringUtils:()V#51#0 prob_bp = 1.0
org.apache.commons.lang3.RandomStringUtilsTest:testRandomStringUtils:()V#51#2 prob_bp = 1.0
org.apache.commons.lang3.RandomStringUtilsTest:testRandomStringUtils:()V#51#5 prob_bp = 1.0
org.apache.commons.lang3.RandomStringUtilsTest:testRandomStringUtils:()V#52#6 prob_bp = 1.0
org.apache.commons.lang3.RandomStringUtilsTest:testRandomStringUtils:()V#52#8 prob_bp = 1.0
org.apache.commons.lang3.RandomStringUtilsTest:testRandomStringUtils:()V#52#10 prob_bp = 1.0
org.apache.commons.lang3.RandomStringUtilsTest:testRandomStringUtils:()V#52#11 prob_bp = 1.0
org.apache.commons.lang3.RandomStringUtilsTest:testRandomStringUtils:()V#52#14 prob_bp = 1.0
org.apache.commons.lang3.RandomStringUtilsTest:testRandomStringUtils:()V#53#17 prob_bp = 1.0
org.apache.commons.lang3.RandomStringUtilsTest:testRandomStringUtils:()V#53#19 prob_bp = 1.0
org.apache.commons.lang3.RandomStringUtilsTest:testRandomStringUtils:()V#53#22 prob_bp = 1.0
org.apache.commons.lang3.RandomStringUtilsTest:testRandomStringUtils:()V#54#23 prob_bp = 1.0
org.apache.commons.lang3.RandomStringUtilsTest:testRandomStringUtils:()V#54#25 prob_bp = 1.0
org.apache.commons.lang3.RandomStringUtilsTest:testRandomStringUtils:()V#54#27 prob_bp = 1.0
org.apache.commons.lang3.RandomStringUtilsTest:testRandomStringUtils:()V#54#28 prob_bp = 1.0
org.apache.commons.lang3.RandomStringUtilsTest:testRandomStringUtils:()V#54#31 prob_bp = 1.0
org.apache.commons.lang3.RandomStringUtilsTest:testRandomStringUtils:()V#55#34 prob_bp = 1.0
org.apache.commons.lang3.RandomStringUtilsTest:testRandomStringUtils:()V#55#36 prob_bp = 1.0
org.apache.commons.lang3.RandomStringUtilsTest:testRandomStringUtils:()V#55#37 prob_bp = 1.0
org.apache.commons.lang3.RandomStringUtilsTest:testRandomStringUtils:()V#55#38 prob_bp = 1.0
org.apache.commons.lang3.RandomStringUtilsTest:testRandomStringUtils:()V#55#41 prob_bp = 1.0
org.apache.commons.lang3.RandomStringUtilsTest:testRandomStringUtils:()V#55#44 prob_bp = 1.0
org.apache.commons.lang3.RandomStringUtilsTest:testRandomStringUtils:()V#55#45 prob_bp = 1.0
org.apache.commons.lang3.RandomStringUtilsTest:testRandomStringUtils:()V#55#49 prob_bp = 1.0
org.apache.commons.lang3.RandomStringUtilsTest:testRandomStringUtils:()V#57#52 prob_bp = 1.0
org.apache.commons.lang3.RandomStringUtilsTest:testRandomStringUtils:()V#57#54 prob_bp = 1.0
org.apache.commons.lang3.RandomStringUtilsTest:testRandomStringUtils:()V#57#57 prob_bp = 1.0
org.apache.commons.lang3.RandomStringUtilsTest:testRandomStringUtils:()V#58#58 prob_bp = 1.0
org.apache.commons.lang3.RandomStringUtilsTest:testRandomStringUtils:()V#58#60 prob_bp = 1.0
org.apache.commons.lang3.RandomStringUtilsTest:testRandomStringUtils:()V#58#62 prob_bp = 1.0
org.apache.commons.lang3.RandomStringUtilsTest:testRandomStringUtils:()V#58#63 prob_bp = 1.0
org.apache.commons.lang3.RandomStringUtilsTest:testRandomStringUtils:()V#58#66 prob_bp = 1.0
org.apache.commons.lang3.RandomStringUtilsTest:testRandomStringUtils:()V#59#69 prob_bp = 1.0
org.apache.commons.lang3.RandomStringUtilsTest:testRandomStringUtils:()V#59#70 prob_bp = 1.0
org.apache.commons.lang3.RandomStringUtilsTest:testRandomStringUtils:()V#59#71 prob_bp = 1.0
org.apache.commons.lang3.RandomStringUtilsTest:testRandomStringUtils:()V#59#72 prob_bp = 1.0
org.apache.commons.lang3.RandomStringUtilsTest:testRandomStringUtils:()V#59#73 prob_bp = 1.0
org.apache.commons.lang3.RandomStringUtilsTest:testRandomStringUtils:()V#59#76 prob_bp = 1.0
org.apache.commons.lang3.RandomStringUtilsTest:testRandomStringUtils:()V#60#79 prob_bp = 1.0
org.apache.commons.lang3.RandomStringUtilsTest:testRandomStringUtils:()V#60#81 prob_bp = 1.0
org.apache.commons.lang3.RandomStringUtilsTest:testRandomStringUtils:()V#60#82 prob_bp = 1.0
org.apache.commons.lang3.RandomStringUtilsTest:testRandomStringUtils:()V#60#83 prob_bp = 1.0
org.apache.commons.lang3.RandomStringUtilsTest:testRandomStringUtils:()V#60#86 prob_bp = 1.0
org.apache.commons.lang3.RandomStringUtilsTest:testRandomStringUtils:()V#60#88 prob_bp = 1.0
org.apache.commons.lang3.RandomStringUtilsTest:testRandomStringUtils:()V#60#91 prob_bp = 1.0
org.apache.commons.lang3.RandomStringUtilsTest:testRandomStringUtils:()V#60#92 prob_bp = 1.0
org.apache.commons.lang3.RandomStringUtilsTest:testRandomStringUtils:()V#60#93 prob_bp = 1.0
org.apache.commons.lang3.RandomStringUtilsTest:testRandomStringUtils:()V#60#96 prob_bp = 1.0
org.apache.commons.lang3.RandomStringUtilsTest:testRandomStringUtils:()V#60#98 prob_bp = 1.0
org.apache.commons.lang3.RandomStringUtilsTest:testRandomStringUtils:()V#60#101 prob_bp = 1.0
org.apache.commons.lang3.RandomStringUtilsTest:testRandomStringUtils:()V#60#102 prob_bp = 1.0
org.apache.commons.lang3.RandomStringUtilsTest:testRandomStringUtils:()V#60#106 prob_bp = 1.0
org.apache.commons.lang3.RandomStringUtilsTest:testRandomStringUtils:()V#59#109 prob_bp = 1.0
org.apache.commons.lang3.RandomStringUtilsTest:testRandomStringUtils:()V#59#112 prob_bp = 1.0
org.apache.commons.lang3.RandomStringUtilsTest:testRandomStringUtils:()V#62#115 prob_bp = 1.0
org.apache.commons.lang3.RandomStringUtilsTest:testRandomStringUtils:()V#62#117 prob_bp = 1.0
org.apache.commons.lang3.RandomStringUtilsTest:testRandomStringUtils:()V#62#120 prob_bp = 1.0
org.apache.commons.lang3.RandomStringUtilsTest:testRandomStringUtils:()V#63#121 prob_bp = 1.0
org.apache.commons.lang3.RandomStringUtilsTest:testRandomStringUtils:()V#63#123 prob_bp = 1.0
org.apache.commons.lang3.RandomStringUtilsTest:testRandomStringUtils:()V#63#124 prob_bp = 1.0
org.apache.commons.lang3.RandomStringUtilsTest:testRandomStringUtils:()V#63#125 prob_bp = 1.0
org.apache.commons.lang3.RandomStringUtilsTest:testRandomStringUtils:()V#63#128 prob_bp = 1.0
org.apache.commons.lang3.RandomStringUtilsTest:testRandomStringUtils:()V#63#131 prob_bp = 1.0
org.apache.commons.lang3.RandomStringUtilsTest:testRandomStringUtils:()V#63#132 prob_bp = 1.0
org.apache.commons.lang3.RandomStringUtilsTest:testRandomStringUtils:()V#63#136 prob_bp = 1.0
org.apache.commons.lang3.RandomStringUtilsTest:testRandomStringUtils:()V#65#139 prob_bp = 1.0
org.apache.commons.lang3.RandomStringUtilsTest:testRandomStringUtils:()V#65#141 prob_bp = 1.0
org.apache.commons.lang3.RandomStringUtilsTest:testRandomStringUtils:()V#65#144 prob_bp = 1.0
org.apache.commons.lang3.RandomStringUtilsTest:testRandomStringUtils:()V#66#145 prob_bp = 1.0
org.apache.commons.lang3.RandomStringUtilsTest:testRandomStringUtils:()V#66#147 prob_bp = 1.0
org.apache.commons.lang3.RandomStringUtilsTest:testRandomStringUtils:()V#66#149 prob_bp = 1.0
org.apache.commons.lang3.RandomStringUtilsTest:testRandomStringUtils:()V#66#150 prob_bp = 1.0
org.apache.commons.lang3.RandomStringUtilsTest:testRandomStringUtils:()V#66#153 prob_bp = 1.0
org.apache.commons.lang3.RandomStringUtilsTest:testRandomStringUtils:()V#67#156 prob_bp = 1.0
org.apache.commons.lang3.RandomStringUtilsTest:testRandomStringUtils:()V#67#157 prob_bp = 1.0
org.apache.commons.lang3.RandomStringUtilsTest:testRandomStringUtils:()V#67#158 prob_bp = 1.0
org.apache.commons.lang3.RandomStringUtilsTest:testRandomStringUtils:()V#67#159 prob_bp = 1.0
org.apache.commons.lang3.RandomStringUtilsTest:testRandomStringUtils:()V#67#160 prob_bp = 1.0
org.apache.commons.lang3.RandomStringUtilsTest:testRandomStringUtils:()V#67#163 prob_bp = 1.0
org.apache.commons.lang3.RandomStringUtilsTest:testRandomStringUtils:()V#68#166 prob_bp = 1.0
org.apache.commons.lang3.RandomStringUtilsTest:testRandomStringUtils:()V#68#168 prob_bp = 1.0
org.apache.commons.lang3.RandomStringUtilsTest:testRandomStringUtils:()V#68#169 prob_bp = 1.0
org.apache.commons.lang3.RandomStringUtilsTest:testRandomStringUtils:()V#68#170 prob_bp = 1.0
org.apache.commons.lang3.RandomStringUtilsTest:testRandomStringUtils:()V#68#171 prob_bp = 1.0
org.apache.commons.lang3.RandomStringUtilsTest:testRandomStringUtils:()V#68#174 prob_bp = 1.0
org.apache.commons.lang3.RandomStringUtilsTest:testRandomStringUtils:()V#68#177 prob_bp = 1.0
org.apache.commons.lang3.RandomStringUtilsTest:testRandomStringUtils:()V#68#180 prob_bp = 1.0
org.apache.commons.lang3.RandomStringUtilsTest:testRandomStringUtils:()V#68#181 prob_bp = 1.0
org.apache.commons.lang3.RandomStringUtilsTest:testRandomStringUtils:()V#68#182 prob_bp = 1.0
org.apache.commons.lang3.RandomStringUtilsTest:testRandomStringUtils:()V#68#185 prob_bp = 1.0
org.apache.commons.lang3.RandomStringUtilsTest:testRandomStringUtils:()V#68#188 prob_bp = 1.0
org.apache.commons.lang3.RandomStringUtilsTest:testRandomStringUtils:()V#68#191 prob_bp = 1.0
org.apache.commons.lang3.RandomStringUtilsTest:testRandomStringUtils:()V#68#192 prob_bp = 1.0
org.apache.commons.lang3.RandomStringUtilsTest:testRandomStringUtils:()V#68#196 prob_bp = 1.0
org.apache.commons.lang3.RandomStringUtilsTest:testRandomStringUtils:()V#67#199 prob_bp = 1.0
org.apache.commons.lang3.RandomStringUtilsTest:testRandomStringUtils:()V#67#202 prob_bp = 1.0
org.apache.commons.lang3.RandomStringUtilsTest:testRandomStringUtils:()V#70#205 prob_bp = 1.0
org.apache.commons.lang3.RandomStringUtilsTest:testRandomStringUtils:()V#70#207 prob_bp = 1.0
org.apache.commons.lang3.RandomStringUtilsTest:testRandomStringUtils:()V#70#210 prob_bp = 1.0
org.apache.commons.lang3.RandomStringUtilsTest:testRandomStringUtils:()V#71#211 prob_bp = 1.0
org.apache.commons.lang3.RandomStringUtilsTest:testRandomStringUtils:()V#71#213 prob_bp = 1.0
org.apache.commons.lang3.RandomStringUtilsTest:testRandomStringUtils:()V#71#214 prob_bp = 1.0
org.apache.commons.lang3.RandomStringUtilsTest:testRandomStringUtils:()V#71#215 prob_bp = 1.0
org.apache.commons.lang3.RandomStringUtilsTest:testRandomStringUtils:()V#71#218 prob_bp = 1.0
org.apache.commons.lang3.RandomStringUtilsTest:testRandomStringUtils:()V#71#221 prob_bp = 1.0
org.apache.commons.lang3.RandomStringUtilsTest:testRandomStringUtils:()V#71#222 prob_bp = 1.0
org.apache.commons.lang3.RandomStringUtilsTest:testRandomStringUtils:()V#71#226 prob_bp = 1.0
org.apache.commons.lang3.RandomStringUtilsTest:testRandomStringUtils:()V#73#229 prob_bp = 1.0
org.apache.commons.lang3.RandomStringUtilsTest:testRandomStringUtils:()V#73#231 prob_bp = 1.0
org.apache.commons.lang3.RandomStringUtilsTest:testRandomStringUtils:()V#73#234 prob_bp = 1.0
org.apache.commons.lang3.RandomStringUtilsTest:testRandomStringUtils:()V#74#235 prob_bp = 1.0
org.apache.commons.lang3.RandomStringUtilsTest:testRandomStringUtils:()V#74#237 prob_bp = 1.0
org.apache.commons.lang3.RandomStringUtilsTest:testRandomStringUtils:()V#74#239 prob_bp = 1.0
org.apache.commons.lang3.RandomStringUtilsTest:testRandomStringUtils:()V#74#240 prob_bp = 1.0
org.apache.commons.lang3.RandomStringUtilsTest:testRandomStringUtils:()V#74#243 prob_bp = 1.0
org.apache.commons.lang3.RandomStringUtilsTest:testRandomStringUtils:()V#75#246 prob_bp = 1.0
org.apache.commons.lang3.RandomStringUtilsTest:testRandomStringUtils:()V#75#247 prob_bp = 1.0
org.apache.commons.lang3.RandomStringUtilsTest:testRandomStringUtils:()V#75#248 prob_bp = 1.0
org.apache.commons.lang3.RandomStringUtilsTest:testRandomStringUtils:()V#75#249 prob_bp = 1.0
org.apache.commons.lang3.RandomStringUtilsTest:testRandomStringUtils:()V#75#250 prob_bp = 1.0
org.apache.commons.lang3.RandomStringUtilsTest:testRandomStringUtils:()V#75#253 prob_bp = 1.0
org.apache.commons.lang3.RandomStringUtilsTest:testRandomStringUtils:()V#76#256 prob_bp = 1.0
org.apache.commons.lang3.RandomStringUtilsTest:testRandomStringUtils:()V#76#258 prob_bp = 1.0
org.apache.commons.lang3.RandomStringUtilsTest:testRandomStringUtils:()V#76#259 prob_bp = 1.0
org.apache.commons.lang3.RandomStringUtilsTest:testRandomStringUtils:()V#76#260 prob_bp = 1.0
org.apache.commons.lang3.RandomStringUtilsTest:testRandomStringUtils:()V#76#261 prob_bp = 1.0
org.apache.commons.lang3.RandomStringUtilsTest:testRandomStringUtils:()V#76#264 prob_bp = 1.0
org.apache.commons.lang3.RandomStringUtilsTest:testRandomStringUtils:()V#76#267 prob_bp = 1.0
org.apache.commons.lang3.RandomStringUtilsTest:testRandomStringUtils:()V#75#270 prob_bp = 1.0
org.apache.commons.lang3.RandomStringUtilsTest:testRandomStringUtils:()V#75#273 prob_bp = 1.0
org.apache.commons.lang3.RandomStringUtilsTest:testRandomStringUtils:()V#78#276 prob_bp = 1.0
org.apache.commons.lang3.RandomStringUtilsTest:testRandomStringUtils:()V#78#278 prob_bp = 1.0
org.apache.commons.lang3.RandomStringUtilsTest:testRandomStringUtils:()V#78#281 prob_bp = 1.0
org.apache.commons.lang3.RandomStringUtilsTest:testRandomStringUtils:()V#79#282 prob_bp = 1.0
org.apache.commons.lang3.RandomStringUtilsTest:testRandomStringUtils:()V#79#284 prob_bp = 1.0
org.apache.commons.lang3.RandomStringUtilsTest:testRandomStringUtils:()V#79#285 prob_bp = 1.0
org.apache.commons.lang3.RandomStringUtilsTest:testRandomStringUtils:()V#79#286 prob_bp = 1.0
org.apache.commons.lang3.RandomStringUtilsTest:testRandomStringUtils:()V#79#289 prob_bp = 1.0
org.apache.commons.lang3.RandomStringUtilsTest:testRandomStringUtils:()V#79#292 prob_bp = 1.0
org.apache.commons.lang3.RandomStringUtilsTest:testRandomStringUtils:()V#79#293 prob_bp = 1.0
org.apache.commons.lang3.RandomStringUtilsTest:testRandomStringUtils:()V#79#297 prob_bp = 1.0
org.apache.commons.lang3.RandomStringUtilsTest:testRandomStringUtils:()V#81#300 prob_bp = 1.0
org.apache.commons.lang3.RandomStringUtilsTest:testRandomStringUtils:()V#81#302 prob_bp = 1.0
org.apache.commons.lang3.RandomStringUtilsTest:testRandomStringUtils:()V#81#305 prob_bp = 1.0
org.apache.commons.lang3.RandomStringUtilsTest:testRandomStringUtils:()V#82#306 prob_bp = 1.0
org.apache.commons.lang3.RandomStringUtilsTest:testRandomStringUtils:()V#82#308 prob_bp = 1.0
org.apache.commons.lang3.RandomStringUtilsTest:testRandomStringUtils:()V#82#310 prob_bp = 1.0
org.apache.commons.lang3.RandomStringUtilsTest:testRandomStringUtils:()V#82#311 prob_bp = 1.0
org.apache.commons.lang3.RandomStringUtilsTest:testRandomStringUtils:()V#82#314 prob_bp = 1.0
org.apache.commons.lang3.RandomStringUtilsTest:testRandomStringUtils:()V#83#317 prob_bp = 1.0
org.apache.commons.lang3.RandomStringUtilsTest:testRandomStringUtils:()V#83#318 prob_bp = 1.0
org.apache.commons.lang3.RandomStringUtilsTest:testRandomStringUtils:()V#83#319 prob_bp = 1.0
org.apache.commons.lang3.RandomStringUtilsTest:testRandomStringUtils:()V#83#320 prob_bp = 1.0
org.apache.commons.lang3.RandomStringUtilsTest:testRandomStringUtils:()V#83#321 prob_bp = 1.0
org.apache.commons.lang3.RandomStringUtilsTest:testRandomStringUtils:()V#83#324 prob_bp = 1.0
org.apache.commons.lang3.RandomStringUtilsTest:testRandomStringUtils:()V#84#327 prob_bp = 1.0
org.apache.commons.lang3.RandomStringUtilsTest:testRandomStringUtils:()V#84#329 prob_bp = 1.0
org.apache.commons.lang3.RandomStringUtilsTest:testRandomStringUtils:()V#84#330 prob_bp = 1.0
org.apache.commons.lang3.RandomStringUtilsTest:testRandomStringUtils:()V#84#331 prob_bp = 1.0
org.apache.commons.lang3.RandomStringUtilsTest:testRandomStringUtils:()V#84#332 prob_bp = 1.0
org.apache.commons.lang3.RandomStringUtilsTest:testRandomStringUtils:()V#84#335 prob_bp = 1.0
org.apache.commons.lang3.RandomStringUtilsTest:testRandomStringUtils:()V#84#338 prob_bp = 1.0
org.apache.commons.lang3.RandomStringUtilsTest:testRandomStringUtils:()V#84#341 prob_bp = 1.0
org.apache.commons.lang3.RandomStringUtilsTest:testRandomStringUtils:()V#84#342 prob_bp = 1.0
org.apache.commons.lang3.RandomStringUtilsTest:testRandomStringUtils:()V#84#343 prob_bp = 1.0
org.apache.commons.lang3.RandomStringUtilsTest:testRandomStringUtils:()V#84#346 prob_bp = 1.0
org.apache.commons.lang3.RandomStringUtilsTest:testRandomStringUtils:()V#84#349 prob_bp = 1.0
org.apache.commons.lang3.RandomStringUtilsTest:testRandomStringUtils:()V#84#352 prob_bp = 1.0
org.apache.commons.lang3.RandomStringUtilsTest:testRandomStringUtils:()V#84#353 prob_bp = 1.0
org.apache.commons.lang3.RandomStringUtilsTest:testRandomStringUtils:()V#84#357 prob_bp = 1.0
org.apache.commons.lang3.RandomStringUtilsTest:testRandomStringUtils:()V#83#360 prob_bp = 1.0
org.apache.commons.lang3.RandomStringUtilsTest:testRandomStringUtils:()V#83#363 prob_bp = 1.0
org.apache.commons.lang3.RandomStringUtilsTest:testRandomStringUtils:()V#86#366 prob_bp = 1.0
org.apache.commons.lang3.RandomStringUtilsTest:testRandomStringUtils:()V#86#368 prob_bp = 1.0
org.apache.commons.lang3.RandomStringUtilsTest:testRandomStringUtils:()V#86#371 prob_bp = 1.0
org.apache.commons.lang3.RandomStringUtilsTest:testRandomStringUtils:()V#87#372 prob_bp = 1.0
org.apache.commons.lang3.RandomStringUtilsTest:testRandomStringUtils:()V#87#374 prob_bp = 1.0
org.apache.commons.lang3.RandomStringUtilsTest:testRandomStringUtils:()V#87#375 prob_bp = 1.0
org.apache.commons.lang3.RandomStringUtilsTest:testRandomStringUtils:()V#87#376 prob_bp = 1.0
org.apache.commons.lang3.RandomStringUtilsTest:testRandomStringUtils:()V#87#379 prob_bp = 1.0
org.apache.commons.lang3.RandomStringUtilsTest:testRandomStringUtils:()V#87#382 prob_bp = 1.0
org.apache.commons.lang3.RandomStringUtilsTest:testRandomStringUtils:()V#87#383 prob_bp = 1.0
org.apache.commons.lang3.RandomStringUtilsTest:testRandomStringUtils:()V#87#387 prob_bp = 1.0
org.apache.commons.lang3.RandomStringUtilsTest:testRandomStringUtils:()V#89#390 prob_bp = 1.0
org.apache.commons.lang3.RandomStringUtilsTest:testRandomStringUtils:()V#89#392 prob_bp = 1.0
org.apache.commons.lang3.RandomStringUtilsTest:testRandomStringUtils:()V#90#393 prob_bp = 1.0
org.apache.commons.lang3.RandomStringUtilsTest:testRandomStringUtils:()V#90#395 prob_bp = 1.0
org.apache.commons.lang3.RandomStringUtilsTest:testRandomStringUtils:()V#90#396 prob_bp = 1.0
org.apache.commons.lang3.RandomStringUtilsTest:testRandomStringUtils:()V#90#399 prob_bp = 1.0
org.apache.commons.lang3.RandomStringUtilsTest:testRandomStringUtils:()V#91#400 prob_bp = 1.0
org.apache.commons.lang3.RandomStringUtilsTest:testRandomStringUtils:()V#91#402 prob_bp = 1.0
org.apache.commons.lang3.RandomStringUtilsTest:testRandomStringUtils:()V#91#404 prob_bp = 1.0
org.apache.commons.lang3.RandomStringUtilsTest:testRandomStringUtils:()V#91#405 prob_bp = 1.0
org.apache.commons.lang3.RandomStringUtilsTest:testRandomStringUtils:()V#91#408 prob_bp = 1.0
org.apache.commons.lang3.RandomStringUtilsTest:testRandomStringUtils:()V#92#411 prob_bp = 1.0
org.apache.commons.lang3.RandomStringUtilsTest:testRandomStringUtils:()V#92#412 prob_bp = 1.0
org.apache.commons.lang3.RandomStringUtilsTest:testRandomStringUtils:()V#92#414 prob_bp = 1.0
org.apache.commons.lang3.RandomStringUtilsTest:testRandomStringUtils:()V#92#416 prob_bp = 1.0
org.apache.commons.lang3.RandomStringUtilsTest:testRandomStringUtils:()V#92#417 prob_bp = 1.0
org.apache.commons.lang3.RandomStringUtilsTest:testRandomStringUtils:()V#92#420 prob_bp = 1.0
org.apache.commons.lang3.RandomStringUtilsTest:testRandomStringUtils:()V#93#423 prob_bp = 1.0
org.apache.commons.lang3.RandomStringUtilsTest:testRandomStringUtils:()V#93#425 prob_bp = 1.0
org.apache.commons.lang3.RandomStringUtilsTest:testRandomStringUtils:()V#93#426 prob_bp = 1.0
org.apache.commons.lang3.RandomStringUtilsTest:testRandomStringUtils:()V#93#427 prob_bp = 1.0
org.apache.commons.lang3.RandomStringUtilsTest:testRandomStringUtils:()V#93#429 prob_bp = 1.0
org.apache.commons.lang3.RandomStringUtilsTest:testRandomStringUtils:()V#93#432 prob_bp = 1.0
org.apache.commons.lang3.RandomStringUtilsTest:testRandomStringUtils:()V#93#435 prob_bp = 1.0
org.apache.commons.lang3.RandomStringUtilsTest:testRandomStringUtils:()V#93#436 prob_bp = 1.0
org.apache.commons.lang3.RandomStringUtilsTest:testRandomStringUtils:()V#93#439 prob_bp = 1.0
org.apache.commons.lang3.RandomStringUtilsTest:testRandomStringUtils:()V#93#440 prob_bp = 1.0
org.apache.commons.lang3.RandomStringUtilsTest:testRandomStringUtils:()V#93#444 prob_bp = 1.0
org.apache.commons.lang3.RandomStringUtilsTest:testRandomStringUtils:()V#92#447 prob_bp = 1.0
org.apache.commons.lang3.RandomStringUtilsTest:testRandomStringUtils:()V#92#450 prob_bp = 1.0
org.apache.commons.lang3.RandomStringUtilsTest:testRandomStringUtils:()V#95#453 prob_bp = 1.0
org.apache.commons.lang3.RandomStringUtilsTest:testRandomStringUtils:()V#95#455 prob_bp = 1.0
org.apache.commons.lang3.RandomStringUtilsTest:testRandomStringUtils:()V#95#456 prob_bp = 1.0
org.apache.commons.lang3.RandomStringUtilsTest:testRandomStringUtils:()V#95#459 prob_bp = 1.0
org.apache.commons.lang3.RandomStringUtilsTest:testRandomStringUtils:()V#96#460 prob_bp = 1.0
org.apache.commons.lang3.RandomStringUtilsTest:testRandomStringUtils:()V#96#462 prob_bp = 1.0
org.apache.commons.lang3.RandomStringUtilsTest:testRandomStringUtils:()V#96#463 prob_bp = 1.0
org.apache.commons.lang3.RandomStringUtilsTest:testRandomStringUtils:()V#96#464 prob_bp = 1.0
org.apache.commons.lang3.RandomStringUtilsTest:testRandomStringUtils:()V#96#467 prob_bp = 1.0
org.apache.commons.lang3.RandomStringUtilsTest:testRandomStringUtils:()V#96#470 prob_bp = 1.0
org.apache.commons.lang3.RandomStringUtilsTest:testRandomStringUtils:()V#96#471 prob_bp = 1.0
org.apache.commons.lang3.RandomStringUtilsTest:testRandomStringUtils:()V#96#475 prob_bp = 1.0
org.apache.commons.lang3.RandomStringUtilsTest:testRandomStringUtils:()V#98#478 prob_bp = 1.0
org.apache.commons.lang3.RandomStringUtilsTest:testRandomStringUtils:()V#98#480 prob_bp = 1.0
org.apache.commons.lang3.RandomStringUtilsTest:testRandomStringUtils:()V#98#481 prob_bp = 1.0
org.apache.commons.lang3.RandomStringUtilsTest:testRandomStringUtils:()V#98#484 prob_bp = 1.0
org.apache.commons.lang3.RandomStringUtilsTest:testRandomStringUtils:()V#98#487 prob_bp = 1.0
org.apache.commons.lang3.RandomStringUtilsTest:testRandomStringUtils:()V#99#488 prob_bp = 1.0
org.apache.commons.lang3.RandomStringUtilsTest:testRandomStringUtils:()V#99#490 prob_bp = 1.0
org.apache.commons.lang3.RandomStringUtilsTest:testRandomStringUtils:()V#99#492 prob_bp = 1.0
org.apache.commons.lang3.RandomStringUtilsTest:testRandomStringUtils:()V#99#493 prob_bp = 1.0
org.apache.commons.lang3.RandomStringUtilsTest:testRandomStringUtils:()V#99#496 prob_bp = 1.0
org.apache.commons.lang3.RandomStringUtilsTest:testRandomStringUtils:()V#100#499 prob_bp = 1.0
org.apache.commons.lang3.RandomStringUtilsTest:testRandomStringUtils:()V#100#501 prob_bp = 1.0
org.apache.commons.lang3.RandomStringUtilsTest:testRandomStringUtils:()V#100#502 prob_bp = 1.0
org.apache.commons.lang3.RandomStringUtilsTest:testRandomStringUtils:()V#100#505 prob_bp = 1.0
org.apache.commons.lang3.RandomStringUtilsTest:testRandomStringUtils:()V#100#508 prob_bp = 1.0
org.apache.commons.lang3.RandomStringUtilsTest:testRandomStringUtils:()V#101#509 prob_bp = 1.0
org.apache.commons.lang3.RandomStringUtilsTest:testRandomStringUtils:()V#101#511 prob_bp = 1.0
org.apache.commons.lang3.RandomStringUtilsTest:testRandomStringUtils:()V#101#513 prob_bp = 1.0
org.apache.commons.lang3.RandomStringUtilsTest:testRandomStringUtils:()V#101#514 prob_bp = 1.0
org.apache.commons.lang3.RandomStringUtilsTest:testRandomStringUtils:()V#101#517 prob_bp = 1.0
org.apache.commons.lang3.RandomStringUtilsTest:testRandomStringUtils:()V#102#520 prob_bp = 1.0
org.apache.commons.lang3.RandomStringUtilsTest:testRandomStringUtils:()V#102#522 prob_bp = 1.0
org.apache.commons.lang3.RandomStringUtilsTest:testRandomStringUtils:()V#102#523 prob_bp = 1.0
org.apache.commons.lang3.RandomStringUtilsTest:testRandomStringUtils:()V#102#524 prob_bp = 1.0
org.apache.commons.lang3.RandomStringUtilsTest:testRandomStringUtils:()V#102#527 prob_bp = 1.0
org.apache.commons.lang3.RandomStringUtilsTest:testRandomStringUtils:()V#102#530 prob_bp = 1.0
org.apache.commons.lang3.RandomStringUtilsTest:testRandomStringUtils:()V#102#531 prob_bp = 1.0
org.apache.commons.lang3.RandomStringUtilsTest:testRandomStringUtils:()V#102#535 prob_bp = 1.0
org.apache.commons.lang3.RandomStringUtilsTest:testRandomStringUtils:()V#104#538 prob_bp = 1.0
org.apache.commons.lang3.RandomStringUtilsTest:testRandomStringUtils:()V#104#540 prob_bp = 1.0
org.apache.commons.lang3.RandomStringUtilsTest:testRandomStringUtils:()V#105#541 prob_bp = 1.0
org.apache.commons.lang3.RandomStringUtilsTest:testRandomStringUtils:()V#105#543 prob_bp = 1.0
org.apache.commons.lang3.RandomStringUtilsTest:testRandomStringUtils:()V#105#544 prob_bp = 1.0
org.apache.commons.lang3.RandomStringUtilsTest:testRandomStringUtils:()V#105#547 prob_bp = 1.0
org.apache.commons.lang3.RandomStringUtilsTest:testRandomStringUtils:()V#105#550 prob_bp = 1.0
org.apache.commons.lang3.RandomStringUtilsTest:testRandomStringUtils:()V#106#551 prob_bp = 1.0
org.apache.commons.lang3.RandomStringUtilsTest:testRandomStringUtils:()V#106#553 prob_bp = 1.0
org.apache.commons.lang3.RandomStringUtilsTest:testRandomStringUtils:()V#106#555 prob_bp = 1.0
org.apache.commons.lang3.RandomStringUtilsTest:testRandomStringUtils:()V#106#556 prob_bp = 1.0
org.apache.commons.lang3.RandomStringUtilsTest:testRandomStringUtils:()V#106#559 prob_bp = 1.0
org.apache.commons.lang3.RandomStringUtilsTest:testRandomStringUtils:()V#107#562 prob_bp = 1.0
org.apache.commons.lang3.RandomStringUtilsTest:testRandomStringUtils:()V#107#563 prob_bp = 1.0
org.apache.commons.lang3.RandomStringUtilsTest:testRandomStringUtils:()V#107#565 prob_bp = 1.0
org.apache.commons.lang3.RandomStringUtilsTest:testRandomStringUtils:()V#107#567 prob_bp = 1.0
org.apache.commons.lang3.RandomStringUtilsTest:testRandomStringUtils:()V#107#568 prob_bp = 1.0
org.apache.commons.lang3.RandomStringUtilsTest:testRandomStringUtils:()V#107#571 prob_bp = 1.0
org.apache.commons.lang3.RandomStringUtilsTest:testRandomStringUtils:()V#108#574 prob_bp = 1.0
org.apache.commons.lang3.RandomStringUtilsTest:testRandomStringUtils:()V#108#576 prob_bp = 1.0
org.apache.commons.lang3.RandomStringUtilsTest:testRandomStringUtils:()V#108#577 prob_bp = 1.0
org.apache.commons.lang3.RandomStringUtilsTest:testRandomStringUtils:()V#108#578 prob_bp = 1.0
org.apache.commons.lang3.RandomStringUtilsTest:testRandomStringUtils:()V#108#580 prob_bp = 1.0
org.apache.commons.lang3.RandomStringUtilsTest:testRandomStringUtils:()V#108#583 prob_bp = 1.0
org.apache.commons.lang3.RandomStringUtilsTest:testRandomStringUtils:()V#108#586 prob_bp = 1.0
org.apache.commons.lang3.RandomStringUtilsTest:testRandomStringUtils:()V#108#587 prob_bp = 1.0
org.apache.commons.lang3.RandomStringUtilsTest:testRandomStringUtils:()V#108#590 prob_bp = 1.0
org.apache.commons.lang3.RandomStringUtilsTest:testRandomStringUtils:()V#108#591 prob_bp = 1.0
org.apache.commons.lang3.RandomStringUtilsTest:testRandomStringUtils:()V#108#595 prob_bp = 1.0
org.apache.commons.lang3.RandomStringUtilsTest:testRandomStringUtils:()V#107#598 prob_bp = 1.0
org.apache.commons.lang3.RandomStringUtilsTest:testRandomStringUtils:()V#107#601 prob_bp = 1.0
org.apache.commons.lang3.RandomStringUtilsTest:testRandomStringUtils:()V#110#604 prob_bp = 1.0
org.apache.commons.lang3.RandomStringUtilsTest:testRandomStringUtils:()V#110#606 prob_bp = 1.0
org.apache.commons.lang3.RandomStringUtilsTest:testRandomStringUtils:()V#110#607 prob_bp = 1.0
org.apache.commons.lang3.RandomStringUtilsTest:testRandomStringUtils:()V#110#610 prob_bp = 1.0
org.apache.commons.lang3.RandomStringUtilsTest:testRandomStringUtils:()V#111#611 prob_bp = 1.0
org.apache.commons.lang3.RandomStringUtilsTest:testRandomStringUtils:()V#111#613 prob_bp = 1.0
org.apache.commons.lang3.RandomStringUtilsTest:testRandomStringUtils:()V#111#614 prob_bp = 1.0
org.apache.commons.lang3.RandomStringUtilsTest:testRandomStringUtils:()V#111#615 prob_bp = 1.0
org.apache.commons.lang3.RandomStringUtilsTest:testRandomStringUtils:()V#111#618 prob_bp = 1.0
org.apache.commons.lang3.RandomStringUtilsTest:testRandomStringUtils:()V#111#621 prob_bp = 1.0
org.apache.commons.lang3.RandomStringUtilsTest:testRandomStringUtils:()V#111#622 prob_bp = 1.0
org.apache.commons.lang3.RandomStringUtilsTest:testRandomStringUtils:()V#111#626 prob_bp = 1.0
org.apache.commons.lang3.RandomStringUtilsTest:testRandomStringUtils:()V#113#629 prob_bp = 1.0
org.apache.commons.lang3.RandomStringUtilsTest:testRandomStringUtils:()V#113#631 prob_bp = 1.0
org.apache.commons.lang3.RandomStringUtilsTest:testRandomStringUtils:()V#113#632 prob_bp = 1.0
org.apache.commons.lang3.RandomStringUtilsTest:testRandomStringUtils:()V#113#635 prob_bp = 1.0
org.apache.commons.lang3.RandomStringUtilsTest:testRandomStringUtils:()V#113#638 prob_bp = 1.0
org.apache.commons.lang3.RandomStringUtilsTest:testRandomStringUtils:()V#114#639 prob_bp = 1.0
org.apache.commons.lang3.RandomStringUtilsTest:testRandomStringUtils:()V#114#641 prob_bp = 1.0
org.apache.commons.lang3.RandomStringUtilsTest:testRandomStringUtils:()V#114#643 prob_bp = 1.0
org.apache.commons.lang3.RandomStringUtilsTest:testRandomStringUtils:()V#114#644 prob_bp = 1.0
org.apache.commons.lang3.RandomStringUtilsTest:testRandomStringUtils:()V#114#647 prob_bp = 1.0
org.apache.commons.lang3.RandomStringUtilsTest:testRandomStringUtils:()V#115#650 prob_bp = 1.0
org.apache.commons.lang3.RandomStringUtilsTest:testRandomStringUtils:()V#115#652 prob_bp = 1.0
org.apache.commons.lang3.RandomStringUtilsTest:testRandomStringUtils:()V#115#653 prob_bp = 1.0
org.apache.commons.lang3.RandomStringUtilsTest:testRandomStringUtils:()V#115#656 prob_bp = 1.0
org.apache.commons.lang3.RandomStringUtilsTest:testRandomStringUtils:()V#115#659 prob_bp = 1.0
org.apache.commons.lang3.RandomStringUtilsTest:testRandomStringUtils:()V#116#660 prob_bp = 1.0
org.apache.commons.lang3.RandomStringUtilsTest:testRandomStringUtils:()V#116#662 prob_bp = 1.0
org.apache.commons.lang3.RandomStringUtilsTest:testRandomStringUtils:()V#116#664 prob_bp = 1.0
org.apache.commons.lang3.RandomStringUtilsTest:testRandomStringUtils:()V#116#665 prob_bp = 1.0
org.apache.commons.lang3.RandomStringUtilsTest:testRandomStringUtils:()V#116#668 prob_bp = 1.0
org.apache.commons.lang3.RandomStringUtilsTest:testRandomStringUtils:()V#117#671 prob_bp = 1.0
org.apache.commons.lang3.RandomStringUtilsTest:testRandomStringUtils:()V#117#673 prob_bp = 1.0
org.apache.commons.lang3.RandomStringUtilsTest:testRandomStringUtils:()V#117#674 prob_bp = 1.0
org.apache.commons.lang3.RandomStringUtilsTest:testRandomStringUtils:()V#117#675 prob_bp = 1.0
org.apache.commons.lang3.RandomStringUtilsTest:testRandomStringUtils:()V#117#678 prob_bp = 1.0
org.apache.commons.lang3.RandomStringUtilsTest:testRandomStringUtils:()V#117#681 prob_bp = 1.0
org.apache.commons.lang3.RandomStringUtilsTest:testRandomStringUtils:()V#117#682 prob_bp = 1.0
org.apache.commons.lang3.RandomStringUtilsTest:testRandomStringUtils:()V#117#686 prob_bp = 1.0
org.apache.commons.lang3.RandomStringUtilsTest:testRandomStringUtils:()V#119#689 prob_bp = 1.0
org.apache.commons.lang3.RandomStringUtilsTest:testRandomStringUtils:()V#119#692 prob_bp = 1.0
org.apache.commons.lang3.RandomStringUtilsTest:testRandomStringUtils:()V#120#694 prob_bp = 1.0
org.apache.commons.lang3.RandomStringUtilsTest:testRandomStringUtils:()V#120#696 prob_bp = 1.0
org.apache.commons.lang3.RandomStringUtilsTest:testRandomStringUtils:()V#120#697 prob_bp = 1.0
org.apache.commons.lang3.RandomStringUtilsTest:testRandomStringUtils:()V#120#698 prob_bp = 1.0
org.apache.commons.lang3.RandomStringUtilsTest:testRandomStringUtils:()V#120#699 prob_bp = 1.0
org.apache.commons.lang3.RandomStringUtilsTest:testRandomStringUtils:()V#120#700 prob_bp = 1.0
org.apache.commons.lang3.RandomStringUtilsTest:testRandomStringUtils:()V#120#701 prob_bp = 1.0
org.apache.commons.lang3.RandomStringUtilsTest:testRandomStringUtils:()V#120#704 prob_bp = 1.0
org.apache.commons.lang3.RandomStringUtilsTest:testRandomStringUtils:()V#120#705 prob_bp = 1.0
org.apache.commons.lang3.RandomStringUtilsTest:testRandomStringUtils:()V#120#707 prob_bp = 1.0
org.apache.commons.lang3.RandomStringUtilsTest:testRandomStringUtils:()V#120#710 prob_bp = 1.0
org.apache.commons.lang3.RandomStringUtilsTest:testRandomStringUtils:()V#120#713 prob_bp = 1.0
org.apache.commons.lang3.RandomStringUtilsTest:testRandomStringUtils:()V#121#714 prob_bp = 1.0
org.apache.commons.lang3.RandomStringUtilsTest:testRandomStringUtils:()V#121#716 prob_bp = 1.0
org.apache.commons.lang3.RandomStringUtilsTest:testRandomStringUtils:()V#121#717 prob_bp = 1.0
org.apache.commons.lang3.RandomStringUtilsTest:testRandomStringUtils:()V#121#718 prob_bp = 1.0
org.apache.commons.lang3.RandomStringUtilsTest:testRandomStringUtils:()V#121#719 prob_bp = 1.0
org.apache.commons.lang3.RandomStringUtilsTest:testRandomStringUtils:()V#121#720 prob_bp = 1.0
org.apache.commons.lang3.RandomStringUtilsTest:testRandomStringUtils:()V#121#721 prob_bp = 1.0
org.apache.commons.lang3.RandomStringUtilsTest:testRandomStringUtils:()V#121#724 prob_bp = 1.0
org.apache.commons.lang3.RandomStringUtilsTest:testRandomStringUtils:()V#121#725 prob_bp = 1.0
org.apache.commons.lang3.RandomStringUtilsTest:testRandomStringUtils:()V#121#727 prob_bp = 1.0
org.apache.commons.lang3.RandomStringUtilsTest:testRandomStringUtils:()V#121#730 prob_bp = 1.0
org.apache.commons.lang3.RandomStringUtilsTest:testRandomStringUtils:()V#121#733 prob_bp = 1.0
org.apache.commons.lang3.RandomStringUtilsTest:testRandomStringUtils:()V#122#734 prob_bp = 1.0
org.apache.commons.lang3.RandomStringUtilsTest:testRandomStringUtils:()V#122#736 prob_bp = 1.0
org.apache.commons.lang3.RandomStringUtilsTest:testRandomStringUtils:()V#122#737 prob_bp = 1.0
org.apache.commons.lang3.RandomStringUtilsTest:testRandomStringUtils:()V#122#738 prob_bp = 1.0
org.apache.commons.lang3.RandomStringUtilsTest:testRandomStringUtils:()V#124#741 prob_bp = 1.0
org.apache.commons.lang3.RandomStringUtilsTest:testRandomStringUtils:()V#124#742 prob_bp = 1.0
org.apache.commons.lang3.RandomStringUtilsTest:testRandomStringUtils:()V#124#745 prob_bp = 1.0
org.apache.commons.lang3.RandomStringUtilsTest:testRandomStringUtils:()V#125#746 prob_bp = 1.0
org.apache.commons.lang3.RandomStringUtilsTest:testRandomStringUtils:()V#125#748 prob_bp = 1.0
org.apache.commons.lang3.RandomStringUtilsTest:testRandomStringUtils:()V#125#750 prob_bp = 1.0
org.apache.commons.lang3.RandomStringUtilsTest:testRandomStringUtils:()V#125#751 prob_bp = 1.0
org.apache.commons.lang3.RandomStringUtilsTest:testRandomStringUtils:()V#126#754 prob_bp = 1.0
Belief propagation time : 10.096s
