
Probabilities: 
Vars:189
Stmts:146
org.apache.commons.lang3.StringEscapeUtilsTest:testEscapeHiragana:()V#418#0 prob_bp = 1.0
org.apache.commons.lang3.StringEscapeUtilsTest:testEscapeHiragana:()V#418#2 prob_bp = 1.0
org.apache.commons.lang3.StringEscapeUtilsTest:testEscapeHiragana:()V#419#3 prob_bp = 1.0
org.apache.commons.lang3.StringEscapeUtilsTest:testEscapeHiragana:()V#419#4 prob_bp = 1.0
org.apache.commons.lang3.StringEscapeUtilsTest:testEscapeHiragana:()V#419#7 prob_bp = 1.0
org.apache.commons.lang3.StringEscapeUtilsTest:testEscapeHiragana:()V#420#8 prob_bp = 1.0
org.apache.commons.lang3.StringEscapeUtilsTest:testEscapeHiragana:()V#420#10 prob_bp = 1.0
org.apache.commons.lang3.StringEscapeUtilsTest:testEscapeHiragana:()V#420#11 prob_bp = 1.0
org.apache.commons.lang3.StringEscapeUtilsTest:testEscapeHiragana:()V#420#12 prob_bp = 1.0
org.apache.commons.lang3.StringEscapeUtilsTest:testEscapeHiragana:()V#423#15 prob_bp = 1.0
org.apache.commons.lang3.StringEscapeUtilsTest:testEscapeHiragana:()V#423#16 prob_bp = 1.0
org.apache.commons.lang3.StringEscapeUtilsTest:testEscapeHiragana:()V#423#19 prob_bp = 1.0
org.apache.commons.lang3.StringEscapeUtilsTest:testEscapeHiragana:()V#425#20 prob_bp = 1.0
org.apache.commons.lang3.StringEscapeUtilsTest:testEscapeHiragana:()V#425#22 prob_bp = 1.0
org.apache.commons.lang3.StringEscapeUtilsTest:testEscapeHiragana:()V#425#23 prob_bp = 1.0
org.apache.commons.lang3.StringEscapeUtilsTest:testEscapeHiragana:()V#425#24 prob_bp = 1.0
org.apache.commons.lang3.StringEscapeUtilsTest:testEscapeHiragana:()V#426#27 prob_bp = 1.0
org.apache.commons.lang3.StringEscapeUtilsTest:testEscapeHtmlHighUnicode:()V#400#0 prob_bp = 1.0
org.apache.commons.lang3.StringEscapeUtilsTest:testEscapeHtmlHighUnicode:()V#400#1 prob_bp = 1.0
org.apache.commons.lang3.StringEscapeUtilsTest:testEscapeHtmlHighUnicode:()V#400#3 prob_bp = 1.0
org.apache.commons.lang3.StringEscapeUtilsTest:testEscapeHtmlHighUnicode:()V#400#4 prob_bp = 1.0
org.apache.commons.lang3.StringEscapeUtilsTest:testEscapeHtmlHighUnicode:()V#400#5 prob_bp = 1.0
org.apache.commons.lang3.StringEscapeUtilsTest:testEscapeHtmlHighUnicode:()V#400#7 prob_bp = 1.0
org.apache.commons.lang3.StringEscapeUtilsTest:testEscapeHtmlHighUnicode:()V#400#8 prob_bp = 1.0
org.apache.commons.lang3.StringEscapeUtilsTest:testEscapeHtmlHighUnicode:()V#400#9 prob_bp = 1.0
org.apache.commons.lang3.StringEscapeUtilsTest:testEscapeHtmlHighUnicode:()V#400#10 prob_bp = 1.0
org.apache.commons.lang3.StringEscapeUtilsTest:testEscapeHtmlHighUnicode:()V#400#12 prob_bp = 1.0
org.apache.commons.lang3.StringEscapeUtilsTest:testEscapeHtmlHighUnicode:()V#400#13 prob_bp = 1.0
org.apache.commons.lang3.StringEscapeUtilsTest:testEscapeHtmlHighUnicode:()V#400#14 prob_bp = 1.0
org.apache.commons.lang3.StringEscapeUtilsTest:testEscapeHtmlHighUnicode:()V#400#15 prob_bp = 1.0
org.apache.commons.lang3.StringEscapeUtilsTest:testEscapeHtmlHighUnicode:()V#400#17 prob_bp = 1.0
org.apache.commons.lang3.StringEscapeUtilsTest:testEscapeHtmlHighUnicode:()V#400#18 prob_bp = 1.0
org.apache.commons.lang3.StringEscapeUtilsTest:testEscapeHtmlHighUnicode:()V#400#19 prob_bp = 1.0
org.apache.commons.lang3.StringEscapeUtilsTest:testEscapeHtmlHighUnicode:()V#400#20 prob_bp = 1.0
org.apache.commons.lang3.StringEscapeUtilsTest:testEscapeHtmlHighUnicode:()V#400#22 prob_bp = 1.0
org.apache.commons.lang3.StringEscapeUtilsTest:testEscapeHtmlHighUnicode:()V#400#23 prob_bp = 1.0
org.apache.commons.lang3.StringEscapeUtilsTest:testEscapeHtmlHighUnicode:()V#402#24 prob_bp = 1.0
org.apache.commons.lang3.StringEscapeUtilsTest:testEscapeHtmlHighUnicode:()V#402#27 prob_bp = 1.0
org.apache.commons.lang3.StringEscapeUtilsTest:testEscapeHtmlHighUnicode:()V#402#28 prob_bp = 1.0
org.apache.commons.lang3.StringEscapeUtilsTest:testEscapeHtmlHighUnicode:()V#402#29 prob_bp = 1.0
org.apache.commons.lang3.StringEscapeUtilsTest:testEscapeHtmlHighUnicode:()V#402#31 prob_bp = 1.0
org.apache.commons.lang3.StringEscapeUtilsTest:testEscapeHtmlHighUnicode:()V#402#34 prob_bp = 1.0
org.apache.commons.lang3.StringEscapeUtilsTest:testEscapeHtmlHighUnicode:()V#404#35 prob_bp = 1.0
org.apache.commons.lang3.StringEscapeUtilsTest:testEscapeHtmlHighUnicode:()V#404#36 prob_bp = 1.0
org.apache.commons.lang3.StringEscapeUtilsTest:testEscapeHtmlHighUnicode:()V#404#39 prob_bp = 1.0
org.apache.commons.lang3.StringEscapeUtilsTest:testEscapeHtmlHighUnicode:()V#405#40 prob_bp = 1.0
org.apache.commons.lang3.StringEscapeUtilsTest:testEscapeHtmlHighUnicode:()V#405#42 prob_bp = 1.0
org.apache.commons.lang3.StringEscapeUtilsTest:testEscapeHtmlHighUnicode:()V#405#43 prob_bp = 1.0
org.apache.commons.lang3.StringEscapeUtilsTest:testEscapeHtmlHighUnicode:()V#405#44 prob_bp = 1.0
org.apache.commons.lang3.StringEscapeUtilsTest:testEscapeHtmlHighUnicode:()V#407#47 prob_bp = 1.0
org.apache.commons.lang3.StringEscapeUtilsTest:testEscapeHtmlHighUnicode:()V#407#48 prob_bp = 1.0
org.apache.commons.lang3.StringEscapeUtilsTest:testEscapeHtmlHighUnicode:()V#407#51 prob_bp = 1.0
org.apache.commons.lang3.StringEscapeUtilsTest:testEscapeHtmlHighUnicode:()V#408#53 prob_bp = 1.0
org.apache.commons.lang3.StringEscapeUtilsTest:testEscapeHtmlHighUnicode:()V#408#55 prob_bp = 1.0
org.apache.commons.lang3.StringEscapeUtilsTest:testEscapeHtmlHighUnicode:()V#408#56 prob_bp = 1.0
org.apache.commons.lang3.StringEscapeUtilsTest:testEscapeHtmlHighUnicode:()V#408#58 prob_bp = 1.0
org.apache.commons.lang3.StringEscapeUtilsTest:testEscapeHtmlHighUnicode:()V#413#61 prob_bp = 1.0
org.apache.commons.lang3.StringEscapeUtilsTest:testEscapeXml:()V#284#0 prob_bp = 1.0
org.apache.commons.lang3.StringEscapeUtilsTest:testEscapeXml:()V#284#2 prob_bp = 1.0
org.apache.commons.lang3.StringEscapeUtilsTest:testEscapeXml:()V#284#4 prob_bp = 1.0
org.apache.commons.lang3.StringEscapeUtilsTest:testEscapeXml:()V#284#7 prob_bp = 1.0
org.apache.commons.lang3.StringEscapeUtilsTest:testEscapeXml:()V#285#10 prob_bp = 1.0
org.apache.commons.lang3.StringEscapeUtilsTest:testEscapeXml:()V#285#12 prob_bp = 1.0
org.apache.commons.lang3.StringEscapeUtilsTest:testEscapeXml:()V#285#14 prob_bp = 1.0
org.apache.commons.lang3.StringEscapeUtilsTest:testEscapeXml:()V#285#17 prob_bp = 1.0
org.apache.commons.lang3.StringEscapeUtilsTest:testEscapeXml:()V#287#20 prob_bp = 1.0
org.apache.commons.lang3.StringEscapeUtilsTest:testEscapeXml:()V#287#22 prob_bp = 1.0
org.apache.commons.lang3.StringEscapeUtilsTest:testEscapeXml:()V#287#24 prob_bp = 1.0
org.apache.commons.lang3.StringEscapeUtilsTest:testEscapeXml:()V#287#26 prob_bp = 1.0
org.apache.commons.lang3.StringEscapeUtilsTest:testEscapeXml:()V#287#29 prob_bp = 1.0
org.apache.commons.lang3.StringEscapeUtilsTest:testEscapeXml:()V#289#32 prob_bp = 1.0
org.apache.commons.lang3.StringEscapeUtilsTest:testEscapeXml:()V#289#34 prob_bp = 1.0
org.apache.commons.lang3.StringEscapeUtilsTest:testEscapeXml:()V#289#36 prob_bp = 1.0
org.apache.commons.lang3.StringEscapeUtilsTest:testEscapeXml:()V#289#38 prob_bp = 1.0
org.apache.commons.lang3.StringEscapeUtilsTest:testEscapeXml:()V#289#41 prob_bp = 1.0
org.apache.commons.lang3.StringEscapeUtilsTest:testEscapeXml:()V#292#44 prob_bp = 1.0
org.apache.commons.lang3.StringEscapeUtilsTest:testEscapeXml:()V#292#46 prob_bp = 1.0
org.apache.commons.lang3.StringEscapeUtilsTest:testEscapeXml:()V#292#48 prob_bp = 1.0
org.apache.commons.lang3.StringEscapeUtilsTest:testEscapeXml:()V#292#51 prob_bp = 1.0
org.apache.commons.lang3.StringEscapeUtilsTest:testEscapeXml:()V#293#54 prob_bp = 1.0
org.apache.commons.lang3.StringEscapeUtilsTest:testEscapeXml:()V#293#56 prob_bp = 1.0
org.apache.commons.lang3.StringEscapeUtilsTest:testEscapeXml:()V#293#58 prob_bp = 1.0
org.apache.commons.lang3.StringEscapeUtilsTest:testEscapeXml:()V#293#61 prob_bp = 1.0
org.apache.commons.lang3.StringEscapeUtilsTest:testEscapeXml:()V#294#64 prob_bp = 1.0
org.apache.commons.lang3.StringEscapeUtilsTest:testEscapeXml:()V#294#66 prob_bp = 1.0
org.apache.commons.lang3.StringEscapeUtilsTest:testEscapeXml:()V#294#68 prob_bp = 1.0
org.apache.commons.lang3.StringEscapeUtilsTest:testEscapeXml:()V#294#71 prob_bp = 1.0
org.apache.commons.lang3.StringEscapeUtilsTest:testEscapeXml:()V#295#74 prob_bp = 1.0
org.apache.commons.lang3.StringEscapeUtilsTest:testEscapeXml:()V#295#75 prob_bp = 1.0
org.apache.commons.lang3.StringEscapeUtilsTest:testEscapeXml:()V#295#76 prob_bp = 1.0
org.apache.commons.lang3.StringEscapeUtilsTest:testEscapeXml:()V#295#79 prob_bp = 1.0
org.apache.commons.lang3.StringEscapeUtilsTest:testEscapeXml:()V#296#82 prob_bp = 1.0
org.apache.commons.lang3.StringEscapeUtilsTest:testEscapeXml:()V#296#83 prob_bp = 1.0
org.apache.commons.lang3.StringEscapeUtilsTest:testEscapeXml:()V#296#84 prob_bp = 1.0
org.apache.commons.lang3.StringEscapeUtilsTest:testEscapeXml:()V#296#87 prob_bp = 1.0
org.apache.commons.lang3.StringEscapeUtilsTest:testEscapeXml:()V#298#90 prob_bp = 1.0
org.apache.commons.lang3.StringEscapeUtilsTest:testEscapeXml:()V#298#93 prob_bp = 1.0
org.apache.commons.lang3.StringEscapeUtilsTest:testEscapeXml:()V#298#94 prob_bp = 1.0
org.apache.commons.lang3.StringEscapeUtilsTest:testEscapeXml:()V#298#97 prob_bp = 1.0
org.apache.commons.lang3.StringEscapeUtilsTest:testEscapeXml:()V#300#98 prob_bp = 1.0
org.apache.commons.lang3.StringEscapeUtilsTest:testEscapeXml:()V#300#101 prob_bp = 1.0
org.apache.commons.lang3.StringEscapeUtilsTest:testEscapeXml:()V#300#103 prob_bp = 1.0
org.apache.commons.lang3.StringEscapeUtilsTest:testEscapeXml:()V#300#104 prob_bp = 1.0
org.apache.commons.lang3.StringEscapeUtilsTest:testEscapeXml:()V#302#107 prob_bp = 1.0
org.apache.commons.lang3.StringEscapeUtilsTest:testEscapeXml:()V#303#111 prob_bp = 1.0
org.apache.commons.lang3.StringEscapeUtilsTest:testEscapeXml:()V#303#113 prob_bp = 1.0
org.apache.commons.lang3.StringEscapeUtilsTest:testEscapeXml:()V#303#115 prob_bp = 1.0
org.apache.commons.lang3.StringEscapeUtilsTest:testEscapeXml:()V#303#116 prob_bp = 1.0
org.apache.commons.lang3.StringEscapeUtilsTest:testEscapeXml:()V#303#119 prob_bp = 1.0
org.apache.commons.lang3.StringEscapeUtilsTest:testEscapeXml:()V#305#122 prob_bp = 1.0
org.apache.commons.lang3.StringEscapeUtilsTest:testEscapeXml:()V#305#125 prob_bp = 1.0
org.apache.commons.lang3.StringEscapeUtilsTest:testEscapeXml:()V#305#126 prob_bp = 1.0
org.apache.commons.lang3.StringEscapeUtilsTest:testEscapeXml:()V#305#129 prob_bp = 1.0
org.apache.commons.lang3.StringEscapeUtilsTest:testEscapeXml:()V#307#130 prob_bp = 1.0
org.apache.commons.lang3.StringEscapeUtilsTest:testEscapeXml:()V#307#133 prob_bp = 1.0
org.apache.commons.lang3.StringEscapeUtilsTest:testEscapeXml:()V#307#135 prob_bp = 1.0
org.apache.commons.lang3.StringEscapeUtilsTest:testEscapeXml:()V#307#136 prob_bp = 1.0
org.apache.commons.lang3.StringEscapeUtilsTest:testEscapeXml:()V#309#139 prob_bp = 1.0
org.apache.commons.lang3.StringEscapeUtilsTest:testEscapeXml:()V#310#143 prob_bp = 1.0
org.apache.commons.lang3.StringEscapeUtilsTest:testEscapeXml:()V#310#145 prob_bp = 1.0
org.apache.commons.lang3.StringEscapeUtilsTest:testEscapeXml:()V#310#147 prob_bp = 1.0
org.apache.commons.lang3.StringEscapeUtilsTest:testEscapeXml:()V#310#148 prob_bp = 1.0
org.apache.commons.lang3.StringEscapeUtilsTest:testEscapeXml:()V#310#151 prob_bp = 1.0
org.apache.commons.lang3.StringEscapeUtilsTest:testEscapeXml:()V#311#154 prob_bp = 1.0
org.apache.commons.lang3.StringEscapeUtilsTest:testLang313:()V#323#0 prob_bp = 1.0
org.apache.commons.lang3.StringEscapeUtilsTest:testLang313:()V#323#2 prob_bp = 1.0
org.apache.commons.lang3.StringEscapeUtilsTest:testLang313:()V#323#4 prob_bp = 1.0
org.apache.commons.lang3.StringEscapeUtilsTest:testLang313:()V#323#7 prob_bp = 1.0
org.apache.commons.lang3.StringEscapeUtilsTest:testLang313:()V#324#10 prob_bp = 1.0
org.apache.commons.lang3.StringEscapeUtilsTest:testStandaloneAmphersand:()V#316#0 prob_bp = 1.0
org.apache.commons.lang3.StringEscapeUtilsTest:testStandaloneAmphersand:()V#316#2 prob_bp = 1.0
org.apache.commons.lang3.StringEscapeUtilsTest:testStandaloneAmphersand:()V#316#4 prob_bp = 1.0
org.apache.commons.lang3.StringEscapeUtilsTest:testStandaloneAmphersand:()V#316#7 prob_bp = 1.0
org.apache.commons.lang3.StringEscapeUtilsTest:testStandaloneAmphersand:()V#317#10 prob_bp = 1.0
org.apache.commons.lang3.StringEscapeUtilsTest:testStandaloneAmphersand:()V#317#12 prob_bp = 1.0
org.apache.commons.lang3.StringEscapeUtilsTest:testStandaloneAmphersand:()V#317#14 prob_bp = 1.0
org.apache.commons.lang3.StringEscapeUtilsTest:testStandaloneAmphersand:()V#317#17 prob_bp = 1.0
org.apache.commons.lang3.StringEscapeUtilsTest:testStandaloneAmphersand:()V#318#20 prob_bp = 1.0
org.apache.commons.lang3.StringEscapeUtilsTest:testStandaloneAmphersand:()V#318#22 prob_bp = 1.0
org.apache.commons.lang3.StringEscapeUtilsTest:testStandaloneAmphersand:()V#318#24 prob_bp = 1.0
org.apache.commons.lang3.StringEscapeUtilsTest:testStandaloneAmphersand:()V#318#27 prob_bp = 1.0
org.apache.commons.lang3.StringEscapeUtilsTest:testStandaloneAmphersand:()V#319#30 prob_bp = 1.0
org.apache.commons.lang3.StringEscapeUtilsTest:testStandaloneAmphersand:()V#319#32 prob_bp = 1.0
org.apache.commons.lang3.StringEscapeUtilsTest:testStandaloneAmphersand:()V#319#34 prob_bp = 1.0
org.apache.commons.lang3.StringEscapeUtilsTest:testStandaloneAmphersand:()V#319#37 prob_bp = 1.0
org.apache.commons.lang3.StringEscapeUtilsTest:testStandaloneAmphersand:()V#320#40 prob_bp = 1.0
Belief propagation time : 0.009s
