
Probabilities: 
Vars:18184
Stmts:637
org.apache.commons.lang.StringEscapeUtils:escapeJavaScript:(Ljava/lang/String;)Ljava/lang/String;#122#2 prob_bp = 0.49999987159313886
org.apache.commons.lang.StringEscapeUtils:escapeJavaScript:(Ljava/lang/String;)Ljava/lang/String;#122#1 prob_bp = 0.4999998715931397
org.apache.commons.lang.StringEscapeUtils:escapeJavaScript:(Ljava/lang/String;)Ljava/lang/String;#122#5 prob_bp = 0.4999998741908109
org.apache.commons.lang.StringEscapeUtils:escapeJavaStyleString:(Ljava/lang/String;Z)Ljava/lang/String;#155#30 prob_bp = 0.4999998742032913
org.apache.commons.lang.StringEscapeUtils:escapeJavaStyleString:(Ljava/lang/String;Z)Ljava/lang/String;#155#27 prob_bp = 0.4999998742064156
org.apache.commons.lang.StringEscapeUtils:escapeJavaStyleString:(Ljava/lang/String;Z)Ljava/lang/String;#155#26 prob_bp = 0.4999998742071967
org.apache.commons.lang.StringEscapeUtils:escapeJavaStyleString:(Ljava/lang/String;Z)Ljava/lang/String;#153#19 prob_bp = 0.4999998742073917
org.apache.commons.lang.StringEscapeUtils:escapeJavaStyleString:(Ljava/lang/String;Z)Ljava/lang/String;#153#15 prob_bp = 0.49999987420744096
org.apache.commons.lang.StringEscapeUtils:escapeJavaStyleString:(Ljava/lang/String;Z)Ljava/lang/String;#153#9 prob_bp = 0.49999987420744146
org.apache.commons.lang.StringEscapeUtils:escapeJavaStyleString:(Ljava/lang/String;Z)Ljava/lang/String;#153#10 prob_bp = 0.49999987420744163
org.apache.commons.lang.StringEscapeUtils:escapeJavaStyleString:(Ljava/lang/String;Z)Ljava/lang/String;#153#6 prob_bp = 0.4999998742074425
org.apache.commons.lang.StringEscapeUtils:escapeJavaStyleString:(Ljava/io/Writer;Ljava/lang/String;Z)V#173#7 prob_bp = 0.49999999571852033
org.apache.commons.lang.StringEscapeUtils:escapeJavaStyleString:(Ljava/io/Writer;Ljava/lang/String;Z)V#173#8 prob_bp = 0.4999999957190742
org.apache.commons.lang.StringEscapeUtils:escapeJavaStyleString:(Ljava/io/Writer;Ljava/lang/String;Z)V#173#4 prob_bp = 0.49999999974722587
org.apache.commons.lang.StringEscapeUtils:escapeJavaStyleString:(Ljava/io/Writer;Ljava/lang/String;Z)V#172#1 prob_bp = 0.4999999997768873
org.apache.commons.lang.StringEscapeUtils:escapeJava:(Ljava/io/Writer;Ljava/lang/String;)V#97#2 prob_bp = 0.49999999999999956
org.apache.commons.lang.StringEscapeUtils:escapeJavaStyleString:(Ljava/io/Writer;Ljava/lang/String;Z)V#230#406 prob_bp = 0.4999999999999999
org.apache.commons.lang.StringEscapeUtils:escapeJavaStyleString:(Ljava/io/Writer;Ljava/lang/String;Z)V#187#95 prob_bp = 0.49999999999999994
org.apache.commons.lang.StringEscapeUtils:unescapeJava:(Ljava/io/Writer;Ljava/lang/String;)V#365#323 prob_bp = 0.49999999999999994
org.apache.commons.lang.StringEscapeUtils:unescapeJava:(Ljava/io/Writer;Ljava/lang/String;)V#371#346 prob_bp = 0.49999999999999994
org.apache.commons.lang.StringEscapeUtilsTest:assertUnescapeJava:(Ljava/lang/String;Ljava/lang/String;Ljava/lang/String;)V#156#22 prob_bp = 0.49999999999999994
org.apache.commons.lang.StringEscapeUtils:escapeJava:(Ljava/lang/String;)Ljava/lang/String;#81#5 prob_bp = 0.5
org.apache.commons.lang.StringEscapeUtils:escapeJavaStyleString:(Ljava/io/Writer;Ljava/lang/String;Z)V#173#10 prob_bp = 0.5
org.apache.commons.lang.StringEscapeUtilsTest:assertEscapeJava:(Ljava/lang/String;Ljava/lang/String;Ljava/lang/String;)V#105#0 prob_bp = 0.5
org.apache.commons.lang.StringEscapeUtilsTest:assertEscapeJava:(Ljava/lang/String;Ljava/lang/String;Ljava/lang/String;)V#105#1 prob_bp = 0.5
org.apache.commons.lang.StringEscapeUtils:escapeJavaStyleString:(Ljava/lang/String;Z)Ljava/lang/String;#154#20 prob_bp = 0.5
org.apache.commons.lang.StringEscapeUtils:escapeJavaStyleString:(Ljava/io/Writer;Ljava/lang/String;Z)V#180#30#unexe#4 prob_bp = 0.5
org.apache.commons.lang.StringEscapeUtils:escapeJavaStyleString:(Ljava/io/Writer;Ljava/lang/String;Z)V#180#30#unexe#5 prob_bp = 0.5
org.apache.commons.lang.StringEscapeUtils:escapeJavaStyleString:(Ljava/io/Writer;Ljava/lang/String;Z)V#242#441 prob_bp = 0.5
org.apache.commons.lang.StringEscapeUtilsTest:assertEscapeJava:(Ljava/lang/String;Ljava/lang/String;Ljava/lang/String;)V#105#4 prob_bp = 0.5
org.apache.commons.lang.StringEscapeUtilsTest:assertEscapeJava:(Ljava/lang/String;Ljava/lang/String;Ljava/lang/String;)V#106#36 prob_bp = 0.5
org.apache.commons.lang.StringEscapeUtilsTest:assertEscapeJava:(Ljava/lang/String;Ljava/lang/String;Ljava/lang/String;)V#106#43 prob_bp = 0.5
org.apache.commons.lang.StringEscapeUtilsTest:assertEscapeJava:(Ljava/lang/String;Ljava/lang/String;Ljava/lang/String;)V#107#54 prob_bp = 0.5
org.apache.commons.lang.StringEscapeUtilsTest:assertEscapeJava:(Ljava/lang/String;Ljava/lang/String;Ljava/lang/String;)V#107#55 prob_bp = 0.5
org.apache.commons.lang.StringEscapeUtilsTest:assertEscapeJava:(Ljava/lang/String;Ljava/lang/String;Ljava/lang/String;)V#109#64 prob_bp = 0.5
org.apache.commons.lang.StringEscapeUtilsTest:assertEscapeJava:(Ljava/lang/String;Ljava/lang/String;Ljava/lang/String;)V#110#71 prob_bp = 0.5
org.apache.commons.lang.StringEscapeUtils:escapeJava:(Ljava/io/Writer;Ljava/lang/String;)V#98#6 prob_bp = 0.5
org.apache.commons.lang.StringEscapeUtilsTest:assertEscapeJava:(Ljava/lang/String;Ljava/lang/String;Ljava/lang/String;)V#112#84 prob_bp = 0.5
org.apache.commons.lang.StringEscapeUtilsTest:assertEscapeJava:(Ljava/lang/String;Ljava/lang/String;)V#101#1 prob_bp = 0.5
org.apache.commons.lang.StringEscapeUtilsTest:assertEscapeJava:(Ljava/lang/String;Ljava/lang/String;)V#101#3 prob_bp = 0.5
org.apache.commons.lang.StringEscapeUtilsTest:assertEscapeJava:(Ljava/lang/String;Ljava/lang/String;)V#101#4 prob_bp = 0.5
org.apache.commons.lang.StringEscapeUtils:escapeJavaStyleString:(Ljava/io/Writer;Ljava/lang/String;Z)V#181#39 prob_bp = 0.5
org.apache.commons.lang.StringEscapeUtils:escapeJavaStyleString:(Ljava/io/Writer;Ljava/lang/String;Z)V#186#79 prob_bp = 0.5
org.apache.commons.lang.StringEscapeUtils:escapeJavaStyleString:(Ljava/io/Writer;Ljava/lang/String;Z)V#188#117 prob_bp = 0.5
org.apache.commons.lang.StringEscapeUtils:escapeJavaStyleString:(Ljava/io/Writer;Ljava/lang/String;Z)V#190#154 prob_bp = 0.5
org.apache.commons.lang.StringEscapeUtils:escapeJavaStyleString:(Ljava/io/Writer;Ljava/lang/String;Z)V#221#344 prob_bp = 0.5
org.apache.commons.lang.StringEscapeUtils:escapeJavaStyleString:(Ljava/io/Writer;Ljava/lang/String;Z)V#237#429 prob_bp = 0.5
org.apache.commons.lang.StringEscapeUtils:escapeJavaStyleString:(Ljava/io/Writer;Ljava/lang/String;Z)V#237#430 prob_bp = 0.5
org.apache.commons.lang.StringEscapeUtils:escapeJavaStyleString:(Ljava/io/Writer;Ljava/lang/String;Z)V#237#432 prob_bp = 0.5
org.apache.commons.lang.StringEscapeUtils:escapeJavaStyleString:(Ljava/io/Writer;Ljava/lang/String;Z)V#180#438 prob_bp = 0.5
org.apache.commons.lang.StringEscapeUtilsTest:assertEscapeJava:(Ljava/lang/String;Ljava/lang/String;Ljava/lang/String;)V#106#24 prob_bp = 0.5
org.apache.commons.lang.StringEscapeUtilsTest:assertEscapeJava:(Ljava/lang/String;Ljava/lang/String;)V#102#7 prob_bp = 0.5
org.apache.commons.lang.StringEscapeUtils:escapeJavaStyleString:(Ljava/io/Writer;Ljava/lang/String;Z)V#191#163 prob_bp = 0.5
org.apache.commons.lang.StringEscapeUtils:escapeJavaStyleString:(Ljava/io/Writer;Ljava/lang/String;Z)V#201#230 prob_bp = 0.5
org.apache.commons.lang.StringEscapeUtils:escapeJavaStyleString:(Ljava/io/Writer;Ljava/lang/String;Z)V#201#231 prob_bp = 0.5
org.apache.commons.lang.StringEscapeUtils:escapeJavaStyleString:(Ljava/io/Writer;Ljava/lang/String;Z)V#201#233 prob_bp = 0.5
org.apache.commons.lang.StringEscapeUtils:escapeJavaStyleString:(Ljava/io/Writer;Ljava/lang/String;Z)V#202#236 prob_bp = 0.5
org.apache.commons.lang.StringEscapeUtils:escapeJavaStyleString:(Ljava/io/Writer;Ljava/lang/String;Z)V#202#237 prob_bp = 0.5
org.apache.commons.lang.StringEscapeUtils:escapeJavaStyleString:(Ljava/io/Writer;Ljava/lang/String;Z)V#202#239 prob_bp = 0.5
org.apache.commons.lang.StringEscapeUtils:escapeJavaStyleString:(Ljava/io/Writer;Ljava/lang/String;Z)V#203#242 prob_bp = 0.5
org.apache.commons.lang.StringEscapeUtils:escapeJavaStyleString:(Ljava/io/Writer;Ljava/lang/String;Z)V#233#414 prob_bp = 0.5
org.apache.commons.lang.StringEscapeUtils:escapeJavaStyleString:(Ljava/io/Writer;Ljava/lang/String;Z)V#233#415 prob_bp = 0.5
org.apache.commons.lang.StringEscapeUtils:escapeJavaStyleString:(Ljava/io/Writer;Ljava/lang/String;Z)V#233#417 prob_bp = 0.5
org.apache.commons.lang.StringEscapeUtils:escapeJavaStyleString:(Ljava/io/Writer;Ljava/lang/String;Z)V#234#420 prob_bp = 0.5
org.apache.commons.lang.StringEscapeUtils:escapeJavaStyleString:(Ljava/io/Writer;Ljava/lang/String;Z)V#234#421 prob_bp = 0.5
org.apache.commons.lang.StringEscapeUtils:escapeJavaStyleString:(Ljava/io/Writer;Ljava/lang/String;Z)V#234#423 prob_bp = 0.5
org.apache.commons.lang.StringEscapeUtils:escapeJavaStyleString:(Ljava/io/Writer;Ljava/lang/String;Z)V#235#426 prob_bp = 0.5
org.apache.commons.lang.StringEscapeUtils:escapeJavaStyleString:(Ljava/io/Writer;Ljava/lang/String;Z)V#223#380 prob_bp = 0.5
org.apache.commons.lang.StringEscapeUtils:escapeJavaStyleString:(Ljava/io/Writer;Ljava/lang/String;Z)V#223#381 prob_bp = 0.5
org.apache.commons.lang.StringEscapeUtils:escapeJavaStyleString:(Ljava/io/Writer;Ljava/lang/String;Z)V#226#390 prob_bp = 0.5
org.apache.commons.lang.StringEscapeUtils:escapeJavaStyleString:(Ljava/io/Writer;Ljava/lang/String;Z)V#226#391 prob_bp = 0.5
org.apache.commons.lang.StringEscapeUtils:escapeJavaStyleString:(Ljava/io/Writer;Ljava/lang/String;Z)V#226#393 prob_bp = 0.5
org.apache.commons.lang.StringEscapeUtils:escapeJavaStyleString:(Ljava/io/Writer;Ljava/lang/String;Z)V#227#396 prob_bp = 0.5
org.apache.commons.lang.StringEscapeUtils:escapeJavaStyleString:(Ljava/io/Writer;Ljava/lang/String;Z)V#193#200 prob_bp = 0.5
org.apache.commons.lang.StringEscapeUtils:escapeJavaStyleString:(Ljava/io/Writer;Ljava/lang/String;Z)V#193#201 prob_bp = 0.5
org.apache.commons.lang.StringEscapeUtils:escapeJavaStyleString:(Ljava/io/Writer;Ljava/lang/String;Z)V#193#203 prob_bp = 0.5
org.apache.commons.lang.StringEscapeUtils:escapeJavaStyleString:(Ljava/io/Writer;Ljava/lang/String;Z)V#194#206 prob_bp = 0.5
org.apache.commons.lang.StringEscapeUtils:escapeJavaStyleString:(Ljava/io/Writer;Ljava/lang/String;Z)V#194#207 prob_bp = 0.5
org.apache.commons.lang.StringEscapeUtils:escapeJavaStyleString:(Ljava/io/Writer;Ljava/lang/String;Z)V#194#209 prob_bp = 0.5
org.apache.commons.lang.StringEscapeUtils:escapeJavaStyleString:(Ljava/io/Writer;Ljava/lang/String;Z)V#195#212 prob_bp = 0.5
org.apache.commons.lang.StringEscapeUtils:escapeJavaStyleString:(Ljava/io/Writer;Ljava/lang/String;Z)V#209#260 prob_bp = 0.5
org.apache.commons.lang.StringEscapeUtils:escapeJavaStyleString:(Ljava/io/Writer;Ljava/lang/String;Z)V#209#261 prob_bp = 0.5
org.apache.commons.lang.StringEscapeUtils:escapeJavaStyleString:(Ljava/io/Writer;Ljava/lang/String;Z)V#209#263 prob_bp = 0.5
org.apache.commons.lang.StringEscapeUtils:escapeJavaStyleString:(Ljava/io/Writer;Ljava/lang/String;Z)V#210#266 prob_bp = 0.5
org.apache.commons.lang.StringEscapeUtils:escapeJavaStyleString:(Ljava/io/Writer;Ljava/lang/String;Z)V#210#267 prob_bp = 0.5
org.apache.commons.lang.StringEscapeUtils:escapeJavaStyleString:(Ljava/io/Writer;Ljava/lang/String;Z)V#210#269 prob_bp = 0.5
org.apache.commons.lang.StringEscapeUtils:escapeJavaStyleString:(Ljava/io/Writer;Ljava/lang/String;Z)V#211#272 prob_bp = 0.5
org.apache.commons.lang.StringEscapeUtils:escapeJavaStyleString:(Ljava/io/Writer;Ljava/lang/String;Z)V#185#53 prob_bp = 0.5
org.apache.commons.lang.StringEscapeUtils:escapeJavaStyleString:(Ljava/io/Writer;Ljava/lang/String;Z)V#185#54 prob_bp = 0.5
org.apache.commons.lang.StringEscapeUtils:escapeJavaStyleString:(Ljava/io/Writer;Ljava/lang/String;Z)V#185#62 prob_bp = 0.5
org.apache.commons.lang.StringEscapeUtils:hex:(C)Ljava/lang/String;#252#4 prob_bp = 0.5
org.apache.commons.lang.StringEscapeUtils:hex:(C)Ljava/lang/String;#252#7 prob_bp = 0.5
org.apache.commons.lang.StringEscapeUtils:escapeJavaStyleString:(Ljava/io/Writer;Ljava/lang/String;Z)V#185#67 prob_bp = 0.5
org.apache.commons.lang.StringEscapeUtils:escapeJavaStyleString:(Ljava/io/Writer;Ljava/lang/String;Z)V#185#70 prob_bp = 0.5
org.apache.commons.lang.StringEscapeUtils:escapeJavaStyleString:(Ljava/io/Writer;Ljava/lang/String;Z)V#185#73 prob_bp = 0.5
org.apache.commons.lang.StringEscapeUtils:escapeJavaStyleString:(Ljava/io/Writer;Ljava/lang/String;Z)V#185#76 prob_bp = 0.5
org.apache.commons.lang.StringEscapeUtils:escapeJavaStyleString:(Ljava/io/Writer;Ljava/lang/String;Z)V#187#87 prob_bp = 0.5
org.apache.commons.lang.StringEscapeUtils:escapeJavaStyleString:(Ljava/io/Writer;Ljava/lang/String;Z)V#187#91 prob_bp = 0.5
org.apache.commons.lang.StringEscapeUtils:escapeJavaStyleString:(Ljava/io/Writer;Ljava/lang/String;Z)V#187#92 prob_bp = 0.5
org.apache.commons.lang.StringEscapeUtils:escapeJavaStyleString:(Ljava/io/Writer;Ljava/lang/String;Z)V#187#97 prob_bp = 0.5
org.apache.commons.lang.StringEscapeUtils:escapeJavaStyleString:(Ljava/io/Writer;Ljava/lang/String;Z)V#187#100 prob_bp = 0.5
org.apache.commons.lang.StringEscapeUtils:escapeJavaStyleString:(Ljava/io/Writer;Ljava/lang/String;Z)V#187#102 prob_bp = 0.5
org.apache.commons.lang.StringEscapeUtils:escapeJavaStyleString:(Ljava/io/Writer;Ljava/lang/String;Z)V#187#105 prob_bp = 0.5
org.apache.commons.lang.StringEscapeUtils:escapeJavaStyleString:(Ljava/io/Writer;Ljava/lang/String;Z)V#187#108 prob_bp = 0.5
org.apache.commons.lang.StringEscapeUtils:escapeJavaStyleString:(Ljava/io/Writer;Ljava/lang/String;Z)V#187#114 prob_bp = 0.5
org.apache.commons.lang.StringEscapeUtils:escapeJavaStyleString:(Ljava/io/Writer;Ljava/lang/String;Z)V#189#124 prob_bp = 0.5
org.apache.commons.lang.StringEscapeUtils:escapeJavaStyleString:(Ljava/io/Writer;Ljava/lang/String;Z)V#189#128 prob_bp = 0.5
org.apache.commons.lang.StringEscapeUtils:escapeJavaStyleString:(Ljava/io/Writer;Ljava/lang/String;Z)V#189#129 prob_bp = 0.5
org.apache.commons.lang.StringEscapeUtils:escapeJavaStyleString:(Ljava/io/Writer;Ljava/lang/String;Z)V#189#134 prob_bp = 0.5
org.apache.commons.lang.StringEscapeUtils:escapeJavaStyleString:(Ljava/io/Writer;Ljava/lang/String;Z)V#189#137 prob_bp = 0.5
org.apache.commons.lang.StringEscapeUtils:escapeJavaStyleString:(Ljava/io/Writer;Ljava/lang/String;Z)V#189#145 prob_bp = 0.5
org.apache.commons.lang.StringEscapeUtils:escapeJavaStyleString:(Ljava/io/Writer;Ljava/lang/String;Z)V#189#148 prob_bp = 0.5
org.apache.commons.lang.StringEscapeUtils:escapeJavaStyleString:(Ljava/io/Writer;Ljava/lang/String;Z)V#189#151 prob_bp = 0.5
org.apache.commons.lang.StringEscapeUtils:escapeJavaStyleString:(Ljava/io/Writer;Ljava/lang/String;Z)V#213#275 prob_bp = 0.5
org.apache.commons.lang.StringEscapeUtils:escapeJavaStyleString:(Ljava/io/Writer;Ljava/lang/String;Z)V#213#277 prob_bp = 0.5
org.apache.commons.lang.StringEscapeUtils:escapeJavaStyleString:(Ljava/io/Writer;Ljava/lang/String;Z)V#213#279 prob_bp = 0.5
org.apache.commons.lang.StringEscapeUtils:escapeJavaStyleString:(Ljava/io/Writer;Ljava/lang/String;Z)V#216#312 prob_bp = 0.5
org.apache.commons.lang.StringEscapeUtils:escapeJavaStyleString:(Ljava/io/Writer;Ljava/lang/String;Z)V#216#313 prob_bp = 0.5
org.apache.commons.lang.StringEscapeUtils:escapeJavaStyleString:(Ljava/io/Writer;Ljava/lang/String;Z)V#216#316 prob_bp = 0.5
org.apache.commons.lang.StringEscapeUtils:escapeJavaStyleString:(Ljava/io/Writer;Ljava/lang/String;Z)V#216#317 prob_bp = 0.5
org.apache.commons.lang.StringEscapeUtils:escapeJavaStyleString:(Ljava/io/Writer;Ljava/lang/String;Z)V#216#320 prob_bp = 0.5
org.apache.commons.lang.StringEscapeUtils:escapeJavaStyleString:(Ljava/io/Writer;Ljava/lang/String;Z)V#216#322 prob_bp = 0.5
org.apache.commons.lang.StringEscapeUtils:escapeJavaStyleString:(Ljava/io/Writer;Ljava/lang/String;Z)V#216#325 prob_bp = 0.5
org.apache.commons.lang.StringEscapeUtils:escapeJavaStyleString:(Ljava/io/Writer;Ljava/lang/String;Z)V#216#327 prob_bp = 0.5
org.apache.commons.lang.StringEscapeUtils:escapeJavaStyleString:(Ljava/io/Writer;Ljava/lang/String;Z)V#216#330 prob_bp = 0.5
org.apache.commons.lang.StringEscapeUtils:escapeJavaStyleString:(Ljava/io/Writer;Ljava/lang/String;Z)V#216#333 prob_bp = 0.5
org.apache.commons.lang.StringEscapeUtils:escapeJavaStyleString:(Ljava/io/Writer;Ljava/lang/String;Z)V#216#336 prob_bp = 0.5
org.apache.commons.lang.StringEscapeUtils:escapeJavaStyleString:(Ljava/io/Writer;Ljava/lang/String;Z)V#218#339 prob_bp = 0.5
org.apache.commons.lang.StringEscapeUtils:escapeJavaStyleString:(Ljava/io/Writer;Ljava/lang/String;Z)V#229#399 prob_bp = 0.5
org.apache.commons.lang.StringEscapeUtils:escapeJavaStyleString:(Ljava/io/Writer;Ljava/lang/String;Z)V#229#400 prob_bp = 0.5
org.apache.commons.lang.StringEscapeUtils:escapeJavaStyleString:(Ljava/io/Writer;Ljava/lang/String;Z)V#229#402 prob_bp = 0.5
org.apache.commons.lang.StringEscapeUtils:escapeJavaStyleString:(Ljava/io/Writer;Ljava/lang/String;Z)V#230#405 prob_bp = 0.5
org.apache.commons.lang.StringEscapeUtils:escapeJavaStyleString:(Ljava/io/Writer;Ljava/lang/String;Z)V#230#408 prob_bp = 0.5
org.apache.commons.lang.StringEscapeUtils:escapeJavaStyleString:(Ljava/io/Writer;Ljava/lang/String;Z)V#231#411 prob_bp = 0.5
org.apache.commons.lang.StringEscapeUtils:escapeJavaScript:(Ljava/lang/String;)Ljava/lang/String;#122#0 prob_bp = 0.5
org.apache.commons.lang.StringEscapeUtils:escapeJavaScript:(Ljava/io/Writer;Ljava/lang/String;)V#138#2 prob_bp = 0.5
org.apache.commons.lang.StringEscapeUtils:escapeJavaScript:(Ljava/io/Writer;Ljava/lang/String;)V#138#3 prob_bp = 0.5
org.apache.commons.lang.StringEscapeUtils:escapeJavaStyleString:(Ljava/io/Writer;Ljava/lang/String;Z)V#224#384 prob_bp = 0.5
org.apache.commons.lang.StringEscapeUtils:escapeJavaStyleString:(Ljava/io/Writer;Ljava/lang/String;Z)V#224#385 prob_bp = 0.5
org.apache.commons.lang.StringEscapeUtils:escapeJavaStyleString:(Ljava/io/Writer;Ljava/lang/String;Z)V#224#387 prob_bp = 0.5
org.apache.commons.lang.StringEscapeUtils:unescapeJava:(Ljava/io/Writer;Ljava/lang/String;)V#296#4 prob_bp = 0.5
org.apache.commons.lang.StringEscapeUtils:unescapeJava:(Ljava/io/Writer;Ljava/lang/String;)V#296#7 prob_bp = 0.5
org.apache.commons.lang.StringEscapeUtils:unescapeJava:(Ljava/io/Writer;Ljava/lang/String;)V#296#8 prob_bp = 0.5
org.apache.commons.lang.StringEscapeUtils:unescapeJava:(Ljava/io/Writer;Ljava/lang/String;)V#296#10 prob_bp = 0.5
org.apache.commons.lang.StringEscapeUtils:unescapeJava:(Ljava/io/Writer;Ljava/lang/String;)V#296#13 prob_bp = 0.5
org.apache.commons.lang.StringEscapeUtils:unescapeJava:(Ljava/io/Writer;Ljava/lang/String;)V#298#14 prob_bp = 0.5
org.apache.commons.lang.StringEscapeUtils:unescapeJava:(Ljava/io/Writer;Ljava/lang/String;)V#301#19 prob_bp = 0.5
org.apache.commons.lang.StringEscapeUtils:unescapeJava:(Ljava/io/Writer;Ljava/lang/String;)V#301#20 prob_bp = 0.5
org.apache.commons.lang.StringEscapeUtils:unescapeJava:(Ljava/io/Writer;Ljava/lang/String;)V#302#27 prob_bp = 0.5
org.apache.commons.lang.StringEscapeUtils:unescapeJava:(Ljava/io/Writer;Ljava/lang/String;)V#302#29 prob_bp = 0.5
org.apache.commons.lang.StringEscapeUtils:unescapeJava:(Ljava/io/Writer;Ljava/lang/String;)V#302#32 prob_bp = 0.5
org.apache.commons.lang.StringEscapeUtils:unescapeJava:(Ljava/io/Writer;Ljava/lang/String;)V#304#36 prob_bp = 0.5
org.apache.commons.lang.StringEscapeUtils:unescapeJava:(Ljava/io/Writer;Ljava/lang/String;)V#304#37 prob_bp = 0.5
org.apache.commons.lang.StringEscapeUtils:unescapeJava:(Ljava/io/Writer;Ljava/lang/String;)V#367#329 prob_bp = 0.5
org.apache.commons.lang.StringEscapeUtils:unescapeJava:(Ljava/io/Writer;Ljava/lang/String;)V#365#323#unexe#4 prob_bp = 0.5
org.apache.commons.lang.StringEscapeUtils:unescapeJava:(Ljava/io/Writer;Ljava/lang/String;)V#326#141#unexe#4 prob_bp = 0.5
org.apache.commons.lang.StringEscapeUtils:unescapeJava:(Ljava/io/Writer;Ljava/lang/String;)V#307#58#unexe#8 prob_bp = 0.5
org.apache.commons.lang.StringEscapeUtils:unescapeJava:(Ljava/io/Writer;Ljava/lang/String;)V#305#341 prob_bp = 0.5
org.apache.commons.lang.StringEscapeUtils:unescapeJava:(Ljava/io/Writer;Ljava/lang/String;)V#328#144 prob_bp = 0.5
org.apache.commons.lang.StringEscapeUtils:unescapeJava:(Ljava/io/Writer;Ljava/lang/String;)V#329#149 prob_bp = 0.5
org.apache.commons.lang.StringEscapeUtils:unescapeJava:(Ljava/io/Writer;Ljava/lang/String;)V#357#304 prob_bp = 0.5
org.apache.commons.lang.StringEscapeUtils:unescapeJava:(Ljava/io/Writer;Ljava/lang/String;)V#357#305 prob_bp = 0.5
org.apache.commons.lang.StringEscapeUtils:unescapeJava:(Ljava/io/Writer;Ljava/lang/String;)V#358#307 prob_bp = 0.5
org.apache.commons.lang.StringEscapeUtils:unescapeJava:(Ljava/io/Writer;Ljava/lang/String;)V#329#149#unexe#5 prob_bp = 0.5
org.apache.commons.lang.StringEscapeUtils:unescapeJava:(Ljava/io/Writer;Ljava/lang/String;)V#310#61 prob_bp = 0.5
org.apache.commons.lang.StringEscapeUtils:unescapeJava:(Ljava/io/Writer;Ljava/lang/String;)V#310#64 prob_bp = 0.5
org.apache.commons.lang.StringEscapeUtils:unescapeJava:(Ljava/io/Writer;Ljava/lang/String;)V#310#67 prob_bp = 0.5
org.apache.commons.lang.StringEscapeUtils:unescapeJava:(Ljava/io/Writer;Ljava/lang/String;)V#311#68 prob_bp = 0.5
org.apache.commons.lang.StringEscapeUtils:unescapeJava:(Ljava/io/Writer;Ljava/lang/String;)V#311#69 prob_bp = 0.5
org.apache.commons.lang.StringEscapeUtils:unescapeJava:(Ljava/io/Writer;Ljava/lang/String;)V#311#73#unexe#5 prob_bp = 0.5
org.apache.commons.lang.StringEscapeUtils:unescapeJava:(Ljava/io/Writer;Ljava/lang/String;)V#311#73#unexe#8 prob_bp = 0.5
org.apache.commons.lang.StringEscapeUtils:unescapeJava:(Ljava/io/Writer;Ljava/lang/String;)V#315#76 prob_bp = 0.5
org.apache.commons.lang.StringEscapeUtils:unescapeJava:(Ljava/io/Writer;Ljava/lang/String;)V#315#77 prob_bp = 0.5
org.apache.commons.lang.StringEscapeUtils:unescapeJava:(Ljava/io/Writer;Ljava/lang/String;)V#320#108 prob_bp = 0.5
org.apache.commons.lang.StringEscapeUtils:unescapeJava:(Ljava/io/Writer;Ljava/lang/String;)V#321#110 prob_bp = 0.5
org.apache.commons.lang.StringEscapeUtils:unescapeJava:(Ljava/io/Writer;Ljava/lang/String;)V#321#113 prob_bp = 0.5
org.apache.commons.lang.StringEscapeUtils:unescapeJava:(Ljava/io/Writer;Ljava/lang/String;)V#321#114 prob_bp = 0.5
org.apache.commons.lang.StringEscapeUtils:unescapeJava:(Ljava/io/Writer;Ljava/lang/String;)V#321#117 prob_bp = 0.5
org.apache.commons.lang.StringEscapeUtils:unescapeJava:(Ljava/io/Writer;Ljava/lang/String;)V#321#118 prob_bp = 0.5
org.apache.commons.lang.StringEscapeUtils:unescapeJava:(Ljava/io/Writer;Ljava/lang/String;)V#321#121 prob_bp = 0.5
org.apache.commons.lang.StringEscapeUtils:unescapeJava:(Ljava/io/Writer;Ljava/lang/String;)V#321#123 prob_bp = 0.5
org.apache.commons.lang.StringEscapeUtils:unescapeJava:(Ljava/io/Writer;Ljava/lang/String;)V#321#126 prob_bp = 0.5
org.apache.commons.lang.StringEscapeUtils:unescapeJava:(Ljava/io/Writer;Ljava/lang/String;)V#321#127 prob_bp = 0.5
org.apache.commons.lang.StringEscapeUtils:unescapeJava:(Ljava/io/Writer;Ljava/lang/String;)V#321#130 prob_bp = 0.5
org.apache.commons.lang.StringEscapeUtils:unescapeJava:(Ljava/io/Writer;Ljava/lang/String;)V#321#133 prob_bp = 0.5
org.apache.commons.lang.StringEscapeUtils:unescapeJava:(Ljava/io/Writer;Ljava/lang/String;)V#321#135 prob_bp = 0.5
org.apache.commons.lang.StringEscapeUtils:unescapeJava:(Ljava/io/Writer;Ljava/lang/String;)V#321#138 prob_bp = 0.5
org.apache.commons.lang.StringEscapeUtilsTest:assertUnescapeJava:(Ljava/lang/String;Ljava/lang/String;)V#149#1 prob_bp = 0.5
org.apache.commons.lang.StringEscapeUtilsTest:assertUnescapeJava:(Ljava/lang/String;Ljava/lang/String;)V#149#2 prob_bp = 0.5
org.apache.commons.lang.StringEscapeUtilsTest:assertUnescapeJava:(Ljava/lang/String;Ljava/lang/String;)V#149#3 prob_bp = 0.5
org.apache.commons.lang.StringEscapeUtilsTest:assertUnescapeJava:(Ljava/lang/String;Ljava/lang/String;Ljava/lang/String;)V#153#0 prob_bp = 0.5
org.apache.commons.lang.StringEscapeUtilsTest:assertUnescapeJava:(Ljava/lang/String;Ljava/lang/String;Ljava/lang/String;)V#153#1 prob_bp = 0.5
org.apache.commons.lang.StringEscapeUtils:unescapeJava:(Ljava/io/Writer;Ljava/lang/String;)V#305#45#unexe#5 prob_bp = 0.5
org.apache.commons.lang.StringEscapeUtils:unescapeJava:(Ljava/io/Writer;Ljava/lang/String;)V#305#45#unexe#6 prob_bp = 0.5
org.apache.commons.lang.StringEscapeUtils:unescapeJava:(Ljava/io/Writer;Ljava/lang/String;)V#305#45#unexe#7 prob_bp = 0.5
org.apache.commons.lang.StringEscapeUtils:unescapeJava:(Ljava/io/Writer;Ljava/lang/String;)V#305#45#unexe#8 prob_bp = 0.5
org.apache.commons.lang.StringEscapeUtils:unescapeJava:(Ljava/io/Writer;Ljava/lang/String;)V#371#344 prob_bp = 0.5
org.apache.commons.lang.StringEscapeUtils:unescapeJava:(Ljava/io/Writer;Ljava/lang/String;)V#376#355 prob_bp = 0.5
org.apache.commons.lang.StringEscapeUtils:unescapeJava:(Ljava/lang/String;)Ljava/lang/String;#271#24 prob_bp = 0.5
org.apache.commons.lang.StringEscapeUtils:unescapeJava:(Ljava/lang/String;)Ljava/lang/String;#271#27 prob_bp = 0.5
org.apache.commons.lang.StringEscapeUtilsTest:assertUnescapeJava:(Ljava/lang/String;Ljava/lang/String;Ljava/lang/String;)V#154#7 prob_bp = 0.5
org.apache.commons.lang.StringEscapeUtilsTest:assertUnescapeJava:(Ljava/lang/String;Ljava/lang/String;Ljava/lang/String;)V#156#12 prob_bp = 0.5
org.apache.commons.lang.StringEscapeUtilsTest:assertUnescapeJava:(Ljava/lang/String;Ljava/lang/String;Ljava/lang/String;)V#156#13 prob_bp = 0.5
org.apache.commons.lang.StringEscapeUtilsTest:assertUnescapeJava:(Ljava/lang/String;Ljava/lang/String;Ljava/lang/String;)V#156#21 prob_bp = 0.5
org.apache.commons.lang.StringEscapeUtilsTest:assertUnescapeJava:(Ljava/lang/String;Ljava/lang/String;Ljava/lang/String;)V#156#27 prob_bp = 0.5
org.apache.commons.lang.StringEscapeUtilsTest:assertUnescapeJava:(Ljava/lang/String;Ljava/lang/String;Ljava/lang/String;)V#156#57 prob_bp = 0.5
org.apache.commons.lang.StringEscapeUtilsTest:assertUnescapeJava:(Ljava/lang/String;Ljava/lang/String;Ljava/lang/String;)V#156#59 prob_bp = 0.5
org.apache.commons.lang.StringEscapeUtilsTest:assertUnescapeJava:(Ljava/lang/String;Ljava/lang/String;Ljava/lang/String;)V#156#62 prob_bp = 0.5
org.apache.commons.lang.StringEscapeUtilsTest:assertUnescapeJava:(Ljava/lang/String;Ljava/lang/String;Ljava/lang/String;)V#156#65 prob_bp = 0.5
org.apache.commons.lang.StringEscapeUtilsTest:assertUnescapeJava:(Ljava/lang/String;Ljava/lang/String;Ljava/lang/String;)V#156#70 prob_bp = 0.5
org.apache.commons.lang.StringEscapeUtilsTest:assertUnescapeJava:(Ljava/lang/String;Ljava/lang/String;Ljava/lang/String;)V#156#72 prob_bp = 0.5
org.apache.commons.lang.StringEscapeUtilsTest:assertUnescapeJava:(Ljava/lang/String;Ljava/lang/String;Ljava/lang/String;)V#156#75 prob_bp = 0.5
org.apache.commons.lang.StringEscapeUtilsTest:assertUnescapeJava:(Ljava/lang/String;Ljava/lang/String;Ljava/lang/String;)V#156#78 prob_bp = 0.5
org.apache.commons.lang.StringEscapeUtilsTest:assertUnescapeJava:(Ljava/lang/String;Ljava/lang/String;Ljava/lang/String;)V#156#83 prob_bp = 0.5
org.apache.commons.lang.StringEscapeUtilsTest:assertUnescapeJava:(Ljava/lang/String;Ljava/lang/String;Ljava/lang/String;)V#156#86 prob_bp = 0.5
org.apache.commons.lang.StringEscapeUtilsTest:assertUnescapeJava:(Ljava/lang/String;Ljava/lang/String;Ljava/lang/String;)V#156#88 prob_bp = 0.5
org.apache.commons.lang.StringEscapeUtilsTest:assertUnescapeJava:(Ljava/lang/String;Ljava/lang/String;Ljava/lang/String;)V#156#90 prob_bp = 0.5
org.apache.commons.lang.StringEscapeUtilsTest:assertUnescapeJava:(Ljava/lang/String;Ljava/lang/String;Ljava/lang/String;)V#163#93 prob_bp = 0.5
org.apache.commons.lang.StringEscapeUtilsTest:assertUnescapeJava:(Ljava/lang/String;Ljava/lang/String;Ljava/lang/String;)V#163#97 prob_bp = 0.5
org.apache.commons.lang.StringEscapeUtilsTest:assertUnescapeJava:(Ljava/lang/String;Ljava/lang/String;Ljava/lang/String;)V#163#100 prob_bp = 0.5
org.apache.commons.lang.StringEscapeUtilsTest:assertUnescapeJava:(Ljava/lang/String;Ljava/lang/String;Ljava/lang/String;)V#164#102 prob_bp = 0.5
org.apache.commons.lang.StringEscapeUtilsTest:assertUnescapeJava:(Ljava/lang/String;Ljava/lang/String;Ljava/lang/String;)V#165#108 prob_bp = 0.5
org.apache.commons.lang.StringEscapeUtilsTest:assertUnescapeJava:(Ljava/lang/String;Ljava/lang/String;Ljava/lang/String;)V#165#111 prob_bp = 0.5
org.apache.commons.lang.StringEscapeUtilsTest:assertUnescapeJava:(Ljava/lang/String;Ljava/lang/String;Ljava/lang/String;)V#165#114 prob_bp = 0.5
org.apache.commons.lang.StringEscapeUtilsTest:assertUnescapeJava:(Ljava/lang/String;Ljava/lang/String;Ljava/lang/String;)V#167#117 prob_bp = 0.5
org.apache.commons.lang.StringEscapeUtilsTest:assertUnescapeJava:(Ljava/lang/String;Ljava/lang/String;)V#150#7 prob_bp = 0.5
org.apache.commons.lang.StringEscapeUtils:unescapeJava:(Ljava/io/Writer;Ljava/lang/String;)V#369#332 prob_bp = 0.5
org.apache.commons.lang.StringEscapeUtils:unescapeJava:(Ljava/io/Writer;Ljava/lang/String;)V#369#333 prob_bp = 0.5
org.apache.commons.lang.StringEscapeUtils:unescapeJava:(Ljava/io/Writer;Ljava/lang/String;)V#369#335 prob_bp = 0.5
org.apache.commons.lang.StringEscapeUtils:unescapeJava:(Ljava/io/Writer;Ljava/lang/String;)V#349#286 prob_bp = 0.5
org.apache.commons.lang.StringEscapeUtils:unescapeJava:(Ljava/io/Writer;Ljava/lang/String;)V#349#287 prob_bp = 0.5
org.apache.commons.lang.StringEscapeUtils:unescapeJava:(Ljava/io/Writer;Ljava/lang/String;)V#349#289 prob_bp = 0.5
org.apache.commons.lang.StringEscapeUtils:unescapeJava:(Ljava/io/Writer;Ljava/lang/String;)V#350#292 prob_bp = 0.5
org.apache.commons.lang.StringEscapeUtils:unescapeJava:(Ljava/io/Writer;Ljava/lang/String;)V#352#295 prob_bp = 0.5
org.apache.commons.lang.StringEscapeUtils:unescapeJava:(Ljava/io/Writer;Ljava/lang/String;)V#352#296 prob_bp = 0.5
org.apache.commons.lang.StringEscapeUtils:unescapeJava:(Ljava/io/Writer;Ljava/lang/String;)V#352#298 prob_bp = 0.5
org.apache.commons.lang.StringEscapeUtils:unescapeJava:(Ljava/io/Writer;Ljava/lang/String;)V#353#301 prob_bp = 0.5
org.apache.commons.lang.StringEscapeUtils:escapeJavaStyleString:(Ljava/io/Writer;Ljava/lang/String;Z)V#197#215 prob_bp = 0.5
org.apache.commons.lang.StringEscapeUtils:escapeJavaStyleString:(Ljava/io/Writer;Ljava/lang/String;Z)V#197#216 prob_bp = 0.5
org.apache.commons.lang.StringEscapeUtils:escapeJavaStyleString:(Ljava/io/Writer;Ljava/lang/String;Z)V#197#218 prob_bp = 0.5
org.apache.commons.lang.StringEscapeUtils:escapeJavaStyleString:(Ljava/io/Writer;Ljava/lang/String;Z)V#198#221 prob_bp = 0.5
org.apache.commons.lang.StringEscapeUtils:escapeJavaStyleString:(Ljava/io/Writer;Ljava/lang/String;Z)V#198#222 prob_bp = 0.5
org.apache.commons.lang.StringEscapeUtils:escapeJavaStyleString:(Ljava/io/Writer;Ljava/lang/String;Z)V#198#224 prob_bp = 0.5
org.apache.commons.lang.StringEscapeUtils:escapeJavaStyleString:(Ljava/io/Writer;Ljava/lang/String;Z)V#199#227 prob_bp = 0.5
org.apache.commons.lang.StringEscapeUtils:unescapeJava:(Ljava/io/Writer;Ljava/lang/String;)V#315#85 prob_bp = 0.5
org.apache.commons.lang.StringEscapeUtils:unescapeJava:(Ljava/io/Writer;Ljava/lang/String;)V#316#87 prob_bp = 0.5
org.apache.commons.lang.StringEscapeUtils:unescapeJava:(Ljava/io/Writer;Ljava/lang/String;)V#316#88 prob_bp = 0.5
org.apache.commons.lang.StringEscapeUtils:unescapeJava:(Ljava/io/Writer;Ljava/lang/String;)V#316#90 prob_bp = 0.5
org.apache.commons.lang.StringEscapeUtils:unescapeJava:(Ljava/io/Writer;Ljava/lang/String;)V#317#94 prob_bp = 0.5
org.apache.commons.lang.StringEscapeUtils:unescapeJava:(Ljava/io/Writer;Ljava/lang/String;)V#317#96 prob_bp = 0.5
org.apache.commons.lang.StringEscapeUtils:unescapeJava:(Ljava/io/Writer;Ljava/lang/String;)V#318#100 prob_bp = 0.5
org.apache.commons.lang.StringEscapeUtils:unescapeJava:(Ljava/io/Writer;Ljava/lang/String;)V#319#103 prob_bp = 0.5
org.apache.commons.lang.StringEscapeUtils:unescapeJava:(Ljava/io/Writer;Ljava/lang/String;)V#322#105 prob_bp = 0.5
org.apache.commons.lang.StringEscapeUtils:unescapeJava:(Ljava/io/Writer;Ljava/lang/String;)V#334#241 prob_bp = 0.5
org.apache.commons.lang.StringEscapeUtils:unescapeJava:(Ljava/io/Writer;Ljava/lang/String;)V#334#242 prob_bp = 0.5
org.apache.commons.lang.StringEscapeUtils:unescapeJava:(Ljava/io/Writer;Ljava/lang/String;)V#334#244 prob_bp = 0.5
org.apache.commons.lang.StringEscapeUtils:unescapeJava:(Ljava/io/Writer;Ljava/lang/String;)V#335#247 prob_bp = 0.5
org.apache.commons.lang.StringEscapeUtils:unescapeJava:(Ljava/io/Writer;Ljava/lang/String;)V#343#268 prob_bp = 0.5
org.apache.commons.lang.StringEscapeUtils:unescapeJava:(Ljava/io/Writer;Ljava/lang/String;)V#343#269 prob_bp = 0.5
org.apache.commons.lang.StringEscapeUtils:unescapeJava:(Ljava/io/Writer;Ljava/lang/String;)V#343#271 prob_bp = 0.5
org.apache.commons.lang.StringEscapeUtils:unescapeJava:(Ljava/io/Writer;Ljava/lang/String;)V#344#274 prob_bp = 0.5
org.apache.commons.lang.StringEscapeUtils:unescapeJava:(Ljava/io/Writer;Ljava/lang/String;)V#346#277 prob_bp = 0.5
org.apache.commons.lang.StringEscapeUtils:unescapeJava:(Ljava/io/Writer;Ljava/lang/String;)V#346#278 prob_bp = 0.5
org.apache.commons.lang.StringEscapeUtils:unescapeJava:(Ljava/io/Writer;Ljava/lang/String;)V#346#280 prob_bp = 0.5
org.apache.commons.lang.StringEscapeUtils:unescapeJava:(Ljava/io/Writer;Ljava/lang/String;)V#347#283 prob_bp = 0.5
org.apache.commons.lang.StringEscapeUtils:unescapeJava:(Ljava/io/Writer;Ljava/lang/String;)V#340#259 prob_bp = 0.5
org.apache.commons.lang.StringEscapeUtils:unescapeJava:(Ljava/io/Writer;Ljava/lang/String;)V#340#260 prob_bp = 0.5
org.apache.commons.lang.StringEscapeUtils:unescapeJava:(Ljava/io/Writer;Ljava/lang/String;)V#340#262 prob_bp = 0.5
org.apache.commons.lang.StringEscapeUtils:unescapeJava:(Ljava/io/Writer;Ljava/lang/String;)V#341#265 prob_bp = 0.5
org.apache.commons.lang.StringEscapeUtils:escapeJavaStyleString:(Ljava/io/Writer;Ljava/lang/String;Z)V#205#245 prob_bp = 0.5
org.apache.commons.lang.StringEscapeUtils:escapeJavaStyleString:(Ljava/io/Writer;Ljava/lang/String;Z)V#205#246 prob_bp = 0.5
org.apache.commons.lang.StringEscapeUtils:escapeJavaStyleString:(Ljava/io/Writer;Ljava/lang/String;Z)V#205#248 prob_bp = 0.5
org.apache.commons.lang.StringEscapeUtils:escapeJavaStyleString:(Ljava/io/Writer;Ljava/lang/String;Z)V#206#251 prob_bp = 0.5
org.apache.commons.lang.StringEscapeUtils:escapeJavaStyleString:(Ljava/io/Writer;Ljava/lang/String;Z)V#206#252 prob_bp = 0.5
org.apache.commons.lang.StringEscapeUtils:escapeJavaStyleString:(Ljava/io/Writer;Ljava/lang/String;Z)V#206#254 prob_bp = 0.5
org.apache.commons.lang.StringEscapeUtils:escapeJavaStyleString:(Ljava/io/Writer;Ljava/lang/String;Z)V#207#257 prob_bp = 0.5
org.apache.commons.lang.StringEscapeUtils:unescapeJava:(Ljava/io/Writer;Ljava/lang/String;)V#374#349 prob_bp = 0.5
org.apache.commons.lang.StringEscapeUtils:unescapeJava:(Ljava/io/Writer;Ljava/lang/String;)V#374#350 prob_bp = 0.5
org.apache.commons.lang.StringEscapeUtils:unescapeJava:(Ljava/io/Writer;Ljava/lang/String;)V#374#352 prob_bp = 0.5
org.apache.commons.lang.StringEscapeUtilsTest:assertUnescapeJava:(Ljava/lang/String;Ljava/lang/String;Ljava/lang/String;)V#156#33 prob_bp = 0.5
org.apache.commons.lang.StringEscapeUtilsTest:assertUnescapeJava:(Ljava/lang/String;Ljava/lang/String;Ljava/lang/String;)V#156#34 prob_bp = 0.5
org.apache.commons.lang.StringEscapeUtilsTest:assertUnescapeJava:(Ljava/lang/String;Ljava/lang/String;Ljava/lang/String;)V#156#43 prob_bp = 0.5
org.apache.commons.lang.StringEscapeUtilsTest:assertUnescapeJava:(Ljava/lang/String;Ljava/lang/String;Ljava/lang/String;)V#156#46 prob_bp = 0.5
org.apache.commons.lang.StringUtilsTest:setUp:()V#110#4 prob_bp = 0.5
org.apache.commons.lang.StringUtilsTest:tearDown:()V#114#4 prob_bp = 0.5
org.apache.commons.lang.StringEscapeUtils:escapeJavaStyleString:(Ljava/lang/String;Z)Ljava/lang/String;#150#4 prob_bp = 0.5000000000000001
org.apache.commons.lang.StringEscapeUtils:escapeJavaStyleString:(Ljava/lang/String;Z)Ljava/lang/String;#150#5 prob_bp = 0.5000000000000001
org.apache.commons.lang.StringEscapeUtils:escapeJavaStyleString:(Ljava/io/Writer;Ljava/lang/String;Z)V#173#13 prob_bp = 0.5000000000000001
org.apache.commons.lang.StringEscapeUtilsTest:assertEscapeJava:(Ljava/lang/String;Ljava/lang/String;Ljava/lang/String;)V#106#10 prob_bp = 0.5000000000000001
org.apache.commons.lang.StringEscapeUtilsTest:assertEscapeJava:(Ljava/lang/String;Ljava/lang/String;Ljava/lang/String;)V#106#30 prob_bp = 0.5000000000000001
org.apache.commons.lang.StringEscapeUtilsTest:assertEscapeJava:(Ljava/lang/String;Ljava/lang/String;Ljava/lang/String;)V#106#31 prob_bp = 0.5000000000000001
org.apache.commons.lang.StringEscapeUtilsTest:assertEscapeJava:(Ljava/lang/String;Ljava/lang/String;Ljava/lang/String;)V#106#39 prob_bp = 0.5000000000000001
org.apache.commons.lang.StringEscapeUtilsTest:assertEscapeJava:(Ljava/lang/String;Ljava/lang/String;)V#101#0 prob_bp = 0.5000000000000001
org.apache.commons.lang.StringEscapeUtilsTest:assertEscapeJava:(Ljava/lang/String;Ljava/lang/String;)V#101#2 prob_bp = 0.5000000000000001
org.apache.commons.lang.StringEscapeUtils:escapeJavaStyleString:(Ljava/io/Writer;Ljava/lang/String;Z)V#181#33 prob_bp = 0.5000000000000001
org.apache.commons.lang.StringEscapeUtils:escapeJavaStyleString:(Ljava/io/Writer;Ljava/lang/String;Z)V#181#34 prob_bp = 0.5000000000000001
org.apache.commons.lang.StringEscapeUtils:escapeJavaStyleString:(Ljava/io/Writer;Ljava/lang/String;Z)V#184#41 prob_bp = 0.5000000000000001
org.apache.commons.lang.StringEscapeUtils:escapeJavaStyleString:(Ljava/io/Writer;Ljava/lang/String;Z)V#188#119 prob_bp = 0.5000000000000001
org.apache.commons.lang.StringEscapeUtils:escapeJavaStyleString:(Ljava/io/Writer;Ljava/lang/String;Z)V#191#161 prob_bp = 0.5000000000000001
org.apache.commons.lang.StringEscapeUtils:escapeJavaStyleString:(Ljava/io/Writer;Ljava/lang/String;Z)V#185#59 prob_bp = 0.5000000000000001
org.apache.commons.lang.StringEscapeUtils:escapeJavaStyleString:(Ljava/io/Writer;Ljava/lang/String;Z)V#187#88 prob_bp = 0.5000000000000001
org.apache.commons.lang.StringEscapeUtils:escapeJavaStyleString:(Ljava/io/Writer;Ljava/lang/String;Z)V#187#111 prob_bp = 0.5000000000000001
org.apache.commons.lang.StringEscapeUtils:escapeJavaStyleString:(Ljava/io/Writer;Ljava/lang/String;Z)V#189#132 prob_bp = 0.5000000000000001
org.apache.commons.lang.StringEscapeUtils:escapeJavaStyleString:(Ljava/io/Writer;Ljava/lang/String;Z)V#189#139 prob_bp = 0.5000000000000001
org.apache.commons.lang.StringEscapeUtils:escapeJavaStyleString:(Ljava/io/Writer;Ljava/lang/String;Z)V#189#142 prob_bp = 0.5000000000000001
org.apache.commons.lang.StringEscapeUtils:escapeJavaScript:(Ljava/io/Writer;Ljava/lang/String;)V#138#0 prob_bp = 0.5000000000000001
org.apache.commons.lang.StringEscapeUtils:escapeJavaScript:(Ljava/io/Writer;Ljava/lang/String;)V#138#1 prob_bp = 0.5000000000000001
org.apache.commons.lang.StringEscapeUtils:unescapeJava:(Ljava/lang/String;)Ljava/lang/String;#269#9 prob_bp = 0.5000000000000001
org.apache.commons.lang.StringEscapeUtils:unescapeJava:(Ljava/lang/String;)Ljava/lang/String;#269#11 prob_bp = 0.5000000000000001
org.apache.commons.lang.StringEscapeUtils:unescapeJava:(Ljava/lang/String;)Ljava/lang/String;#270#18 prob_bp = 0.5000000000000001
org.apache.commons.lang.StringEscapeUtils:unescapeJava:(Ljava/io/Writer;Ljava/lang/String;)V#302#24 prob_bp = 0.5000000000000001
org.apache.commons.lang.StringEscapeUtils:unescapeJava:(Ljava/io/Writer;Ljava/lang/String;)V#303#33 prob_bp = 0.5000000000000001
org.apache.commons.lang.StringEscapeUtils:unescapeJava:(Ljava/io/Writer;Ljava/lang/String;)V#303#34 prob_bp = 0.5000000000000001
org.apache.commons.lang.StringEscapeUtils:unescapeJava:(Ljava/io/Writer;Ljava/lang/String;)V#306#54 prob_bp = 0.5000000000000001
org.apache.commons.lang.StringEscapeUtils:unescapeJava:(Ljava/io/Writer;Ljava/lang/String;)V#366#326 prob_bp = 0.5000000000000001
org.apache.commons.lang.StringEscapeUtils:unescapeJava:(Ljava/io/Writer;Ljava/lang/String;)V#366#327 prob_bp = 0.5000000000000001
org.apache.commons.lang.StringEscapeUtils:unescapeJava:(Ljava/io/Writer;Ljava/lang/String;)V#326#141#unexe#5 prob_bp = 0.5000000000000001
org.apache.commons.lang.StringEscapeUtils:unescapeJava:(Ljava/io/Writer;Ljava/lang/String;)V#307#58#unexe#4 prob_bp = 0.5000000000000001
org.apache.commons.lang.StringEscapeUtils:unescapeJava:(Ljava/io/Writer;Ljava/lang/String;)V#307#58#unexe#5 prob_bp = 0.5000000000000001
org.apache.commons.lang.StringEscapeUtils:unescapeJava:(Ljava/io/Writer;Ljava/lang/String;)V#328#145 prob_bp = 0.5000000000000001
org.apache.commons.lang.StringEscapeUtils:unescapeJava:(Ljava/io/Writer;Ljava/lang/String;)V#329#147 prob_bp = 0.5000000000000001
org.apache.commons.lang.StringEscapeUtils:unescapeJava:(Ljava/io/Writer;Ljava/lang/String;)V#310#62 prob_bp = 0.5000000000000001
org.apache.commons.lang.StringEscapeUtils:unescapeJava:(Ljava/io/Writer;Ljava/lang/String;)V#311#72 prob_bp = 0.5000000000000001
org.apache.commons.lang.StringEscapeUtils:unescapeJava:(Ljava/io/Writer;Ljava/lang/String;)V#311#73#unexe#4 prob_bp = 0.5000000000000001
org.apache.commons.lang.StringEscapeUtils:unescapeJava:(Ljava/io/Writer;Ljava/lang/String;)V#315#80 prob_bp = 0.5000000000000001
org.apache.commons.lang.StringEscapeUtilsTest:assertUnescapeJava:(Ljava/lang/String;Ljava/lang/String;)V#149#0 prob_bp = 0.5000000000000001
org.apache.commons.lang.StringEscapeUtilsTest:assertUnescapeJava:(Ljava/lang/String;Ljava/lang/String;)V#149#4 prob_bp = 0.5000000000000001
org.apache.commons.lang.StringEscapeUtils:unescapeJava:(Ljava/io/Writer;Ljava/lang/String;)V#305#45#unexe#4 prob_bp = 0.5000000000000001
org.apache.commons.lang.StringEscapeUtils:unescapeJava:(Ljava/lang/String;)Ljava/lang/String;#271#23 prob_bp = 0.5000000000000001
org.apache.commons.lang.StringEscapeUtilsTest:assertUnescapeJava:(Ljava/lang/String;Ljava/lang/String;Ljava/lang/String;)V#156#9 prob_bp = 0.5000000000000001
org.apache.commons.lang.StringEscapeUtilsTest:assertUnescapeJava:(Ljava/lang/String;Ljava/lang/String;Ljava/lang/String;)V#156#16 prob_bp = 0.5000000000000001
org.apache.commons.lang.StringEscapeUtilsTest:assertUnescapeJava:(Ljava/lang/String;Ljava/lang/String;Ljava/lang/String;)V#156#25 prob_bp = 0.5000000000000001
org.apache.commons.lang.StringEscapeUtilsTest:assertUnescapeJava:(Ljava/lang/String;Ljava/lang/String;Ljava/lang/String;)V#156#49 prob_bp = 0.5000000000000001
org.apache.commons.lang.StringEscapeUtilsTest:assertUnescapeJava:(Ljava/lang/String;Ljava/lang/String;Ljava/lang/String;)V#156#52 prob_bp = 0.5000000000000001
org.apache.commons.lang.StringEscapeUtilsTest:assertUnescapeJava:(Ljava/lang/String;Ljava/lang/String;Ljava/lang/String;)V#156#67 prob_bp = 0.5000000000000001
org.apache.commons.lang.StringEscapeUtilsTest:assertUnescapeJava:(Ljava/lang/String;Ljava/lang/String;Ljava/lang/String;)V#156#80 prob_bp = 0.5000000000000001
org.apache.commons.lang.StringEscapeUtilsTest:assertUnescapeJava:(Ljava/lang/String;Ljava/lang/String;Ljava/lang/String;)V#163#96 prob_bp = 0.5000000000000001
org.apache.commons.lang.StringEscapeUtilsTest:assertUnescapeJava:(Ljava/lang/String;Ljava/lang/String;Ljava/lang/String;)V#165#109 prob_bp = 0.5000000000000001
org.apache.commons.lang.StringEscapeUtils:unescapeJava:(Ljava/io/Writer;Ljava/lang/String;)V#316#91 prob_bp = 0.5000000000000001
org.apache.commons.lang.StringEscapeUtilsTest:assertUnescapeJava:(Ljava/lang/String;Ljava/lang/String;Ljava/lang/String;)V#156#30 prob_bp = 0.5000000000000001
org.apache.commons.lang.StringEscapeUtilsTest:assertUnescapeJava:(Ljava/lang/String;Ljava/lang/String;Ljava/lang/String;)V#156#37 prob_bp = 0.5000000000000001
org.apache.commons.lang.StringEscapeUtils:escapeJavaStyleString:(Ljava/io/Writer;Ljava/lang/String;Z)V#172#0 prob_bp = 0.5000000000000002
org.apache.commons.lang.StringEscapeUtilsTest:assertEscapeJava:(Ljava/lang/String;Ljava/lang/String;Ljava/lang/String;)V#106#27 prob_bp = 0.5000000000000002
org.apache.commons.lang.StringEscapeUtilsTest:assertEscapeJava:(Ljava/lang/String;Ljava/lang/String;Ljava/lang/String;)V#106#34 prob_bp = 0.5000000000000002
org.apache.commons.lang.StringEscapeUtilsTest:assertEscapeJava:(Ljava/lang/String;Ljava/lang/String;Ljava/lang/String;)V#106#40 prob_bp = 0.5000000000000002
org.apache.commons.lang.StringEscapeUtils:escapeJavaStyleString:(Ljava/io/Writer;Ljava/lang/String;Z)V#185#49 prob_bp = 0.5000000000000002
org.apache.commons.lang.StringEscapeUtils:hex:(C)Ljava/lang/String;#252#0 prob_bp = 0.5000000000000002
org.apache.commons.lang.StringEscapeUtils:hex:(C)Ljava/lang/String;#252#1 prob_bp = 0.5000000000000002
org.apache.commons.lang.StringEscapeUtils:unescapeJava:(Ljava/io/Writer;Ljava/lang/String;)V#305#39 prob_bp = 0.5000000000000002
org.apache.commons.lang.StringEscapeUtils:unescapeJava:(Ljava/io/Writer;Ljava/lang/String;)V#307#56 prob_bp = 0.5000000000000002
org.apache.commons.lang.StringEscapeUtils:unescapeJava:(Ljava/io/Writer;Ljava/lang/String;)V#315#82 prob_bp = 0.5000000000000002
org.apache.commons.lang.StringEscapeUtilsTest:assertUnescapeJava:(Ljava/lang/String;Ljava/lang/String;Ljava/lang/String;)V#156#18 prob_bp = 0.5000000000000002
org.apache.commons.lang.StringEscapeUtilsTest:assertUnescapeJava:(Ljava/lang/String;Ljava/lang/String;Ljava/lang/String;)V#156#54 prob_bp = 0.5000000000000002
org.apache.commons.lang.StringEscapeUtils:unescapeJava:(Ljava/io/Writer;Ljava/lang/String;)V#317#95 prob_bp = 0.5000000000000002
org.apache.commons.lang.StringEscapeUtils:unescapeJava:(Ljava/io/Writer;Ljava/lang/String;)V#318#99 prob_bp = 0.5000000000000002
org.apache.commons.lang.StringEscapeUtils:unescapeJava:(Ljava/io/Writer;Ljava/lang/String;)V#319#102 prob_bp = 0.5000000000000002
org.apache.commons.lang.StringEscapeUtilsTest:assertUnescapeJava:(Ljava/lang/String;Ljava/lang/String;Ljava/lang/String;)V#156#39 prob_bp = 0.5000000000000002
org.apache.commons.lang.StringEscapeUtilsTest:assertUnescapeJava:(Ljava/lang/String;Ljava/lang/String;Ljava/lang/String;)V#156#42 prob_bp = 0.5000000000000002
org.apache.commons.lang.StringEscapeUtils:escapeJava:(Ljava/lang/String;)Ljava/lang/String;#81#0 prob_bp = 0.5000000000000003
org.apache.commons.lang.StringEscapeUtils:escapeJava:(Ljava/io/Writer;Ljava/lang/String;)V#97#0 prob_bp = 0.5000000000000003
org.apache.commons.lang.StringEscapeUtils:escapeJavaStyleString:(Ljava/io/Writer;Ljava/lang/String;Z)V#180#24 prob_bp = 0.5000000000000003
org.apache.commons.lang.StringEscapeUtils:escapeJavaStyleString:(Ljava/io/Writer;Ljava/lang/String;Z)V#181#36 prob_bp = 0.5000000000000003
org.apache.commons.lang.StringEscapeUtils:escapeJavaStyleString:(Ljava/io/Writer;Ljava/lang/String;Z)V#221#342 prob_bp = 0.5000000000000003
org.apache.commons.lang.StringEscapeUtils:escapeJavaStyleString:(Ljava/io/Writer;Ljava/lang/String;Z)V#185#50 prob_bp = 0.5000000000000003
org.apache.commons.lang.StringEscapeUtils:escapeJavaStyleString:(Ljava/io/Writer;Ljava/lang/String;Z)V#185#57 prob_bp = 0.5000000000000003
org.apache.commons.lang.StringEscapeUtils:escapeJavaStyleString:(Ljava/io/Writer;Ljava/lang/String;Z)V#185#64 prob_bp = 0.5000000000000003
org.apache.commons.lang.StringEscapeUtils:escapeJavaStyleString:(Ljava/io/Writer;Ljava/lang/String;Z)V#189#125 prob_bp = 0.5000000000000003
org.apache.commons.lang.StringEscapeUtils:unescapeJava:(Ljava/lang/String;)Ljava/lang/String;#269#17 prob_bp = 0.5000000000000003
org.apache.commons.lang.StringEscapeUtils:unescapeJava:(Ljava/io/Writer;Ljava/lang/String;)V#306#48 prob_bp = 0.5000000000000003
org.apache.commons.lang.StringEscapeUtils:unescapeJava:(Ljava/io/Writer;Ljava/lang/String;)V#326#139 prob_bp = 0.5000000000000003
org.apache.commons.lang.StringEscapeUtils:unescapeJava:(Ljava/lang/String;)Ljava/lang/String;#269#6 prob_bp = 0.5000000000000004
org.apache.commons.lang.StringEscapeUtils:unescapeJava:(Ljava/io/Writer;Ljava/lang/String;)V#365#319 prob_bp = 0.5000000000000004
org.apache.commons.lang.StringEscapeUtils:unescapeJava:(Ljava/io/Writer;Ljava/lang/String;)V#311#73 prob_bp = 0.5000000000000004
org.apache.commons.lang.StringEscapeUtils:escapeJavaStyleString:(Ljava/io/Writer;Ljava/lang/String;Z)V#179#20 prob_bp = 0.5000000000000006
org.apache.commons.lang.StringEscapeUtils:escapeJavaStyleString:(Ljava/io/Writer;Ljava/lang/String;Z)V#184#46 prob_bp = 0.5000000000000006
org.apache.commons.lang.StringEscapeUtils:escapeJavaStyleString:(Ljava/io/Writer;Ljava/lang/String;Z)V#186#84 prob_bp = 0.5000000000000006
org.apache.commons.lang.StringEscapeUtils:unescapeJava:(Ljava/io/Writer;Ljava/lang/String;)V#305#45 prob_bp = 0.5000000000000007
org.apache.commons.lang.StringEscapeUtils:unescapeJava:(Ljava/io/Writer;Ljava/lang/String;)V#306#49 prob_bp = 0.5000000000000008
org.apache.commons.lang.StringEscapeUtils:unescapeJava:(Ljava/io/Writer;Ljava/lang/String;)V#365#321 prob_bp = 0.5000000000000009
org.apache.commons.lang.StringEscapeUtils:unescapeJava:(Ljava/io/Writer;Ljava/lang/String;)V#326#141 prob_bp = 0.500000000000001
org.apache.commons.lang.StringEscapeUtils:escapeJavaStyleString:(Ljava/lang/String;Z)Ljava/lang/String;#153#11 prob_bp = 0.5000000000000012
org.apache.commons.lang.StringEscapeUtils:escapeJavaStyleString:(Ljava/io/Writer;Ljava/lang/String;Z)V#180#30 prob_bp = 0.5000000000000012
org.apache.commons.lang.StringEscapeUtils:unescapeJava:(Ljava/io/Writer;Ljava/lang/String;)V#306#51 prob_bp = 0.5000000000000012
org.apache.commons.lang.StringEscapeUtils:escapeJavaStyleString:(Ljava/lang/String;Z)Ljava/lang/String;#154#22 prob_bp = 0.5000000000000013
org.apache.commons.lang.StringEscapeUtils:unescapeJava:(Ljava/io/Writer;Ljava/lang/String;)V#307#58 prob_bp = 0.5000000000000017
org.apache.commons.lang.StringEscapeUtils:escapeJavaStyleString:(Ljava/io/Writer;Ljava/lang/String;Z)V#190#156 prob_bp = 0.5000000000000018
org.apache.commons.lang.StringEscapeUtils:escapeJavaStyleString:(Ljava/io/Writer;Ljava/lang/String;Z)V#186#81 prob_bp = 0.500000000000002
org.apache.commons.lang.StringEscapeUtils:escapeJavaStyleString:(Ljava/io/Writer;Ljava/lang/String;Z)V#184#43 prob_bp = 0.5000000000000037
org.apache.commons.lang.StringEscapeUtils:unescapeJava:(Ljava/io/Writer;Ljava/lang/String;)V#295#1 prob_bp = 0.5000000000000039
org.apache.commons.lang.StringEscapeUtils:unescapeJava:(Ljava/io/Writer;Ljava/lang/String;)V#305#40 prob_bp = 0.5000000000000043
org.apache.commons.lang.StringEscapeUtils:unescapeJava:(Ljava/io/Writer;Ljava/lang/String;)V#302#28 prob_bp = 0.5000000000000046
org.apache.commons.lang.StringEscapeUtils:unescapeJava:(Ljava/io/Writer;Ljava/lang/String;)V#305#42 prob_bp = 0.5000000000000046
org.apache.commons.lang.StringEscapeUtilsTest:assertUnescapeJava:(Ljava/lang/String;Ljava/lang/String;Ljava/lang/String;)V#164#105 prob_bp = 0.500000000000008
org.apache.commons.lang.StringEscapeUtilsTest:assertUnescapeJava:(Ljava/lang/String;Ljava/lang/String;Ljava/lang/String;)V#164#104 prob_bp = 0.5000000000000081
org.apache.commons.lang.StringEscapeUtils:escapeJavaStyleString:(Ljava/io/Writer;Ljava/lang/String;Z)V#190#158 prob_bp = 0.500000000000009
org.apache.commons.lang.StringEscapeUtils:escapeJavaStyleString:(Ljava/io/Writer;Ljava/lang/String;Z)V#188#121 prob_bp = 0.5000000000000094
org.apache.commons.lang.StringEscapeUtils:unescapeJava:(Ljava/io/Writer;Ljava/lang/String;)V#305#338 prob_bp = 0.5000000000000238
org.apache.commons.lang.StringEscapeUtils:escapeJavaStyleString:(Ljava/io/Writer;Ljava/lang/String;Z)V#179#19 prob_bp = 0.5000000000302136
org.apache.commons.lang.StringEscapeUtils:escapeJavaStyleString:(Ljava/io/Writer;Ljava/lang/String;Z)V#180#25 prob_bp = 0.5000000000302137
org.apache.commons.lang.StringEscapeUtils:escapeJavaStyleString:(Ljava/io/Writer;Ljava/lang/String;Z)V#180#27 prob_bp = 0.5000000000302144
org.apache.commons.lang.StringEscapeUtils:escapeJavaStyleString:(Ljava/io/Writer;Ljava/lang/String;Z)V#180#435 prob_bp = 0.5000000000906419
org.apache.commons.lang.StringEscapeUtils:unescapeJava:(Ljava/lang/String;)Ljava/lang/String;#265#1 prob_bp = 0.500000000180805
org.apache.commons.lang.StringEscapeUtils:unescapeJava:(Ljava/lang/String;)Ljava/lang/String;#265#0 prob_bp = 0.5000000001808058
org.apache.commons.lang.StringEscapeUtils:unescapeJava:(Ljava/lang/String;)Ljava/lang/String;#269#10 prob_bp = 0.5000000039032936
org.apache.commons.lang.StringEscapeUtils:unescapeJava:(Ljava/lang/String;)Ljava/lang/String;#269#14 prob_bp = 0.5000000039032967
org.apache.commons.lang.StringEscapeUtils:unescapeJava:(Ljava/lang/String;)Ljava/lang/String;#270#19 prob_bp = 0.5000000039033085
org.apache.commons.lang.StringEscapeUtils:unescapeJava:(Ljava/lang/String;)Ljava/lang/String;#270#20 prob_bp = 0.500000003903358
org.apache.commons.lang.StringEscapeUtils:unescapeJava:(Ljava/io/Writer;Ljava/lang/String;)V#295#0 prob_bp = 0.5000000039035611
org.apache.commons.lang.StringEscapeUtilsTest:assertUnescapeJava:(Ljava/lang/String;Ljava/lang/String;Ljava/lang/String;)V#154#3 prob_bp = 0.5000000039039164
org.apache.commons.lang.StringEscapeUtilsTest:assertUnescapeJava:(Ljava/lang/String;Ljava/lang/String;Ljava/lang/String;)V#154#4 prob_bp = 0.5000000039039164
org.apache.commons.lang.StringEscapeUtils:unescapeJava:(Ljava/lang/String;)Ljava/lang/String;#266#5 prob_bp = 0.5000000039039271
org.apache.commons.lang.StringEscapeUtils:unescapeJava:(Ljava/lang/String;)Ljava/lang/String;#266#4 prob_bp = 0.5000000039039322
org.apache.commons.lang.StringEscapeUtils:unescapeJava:(Ljava/io/Writer;Ljava/lang/String;)V#301#23 prob_bp = 0.5000000039043434
org.apache.commons.lang.StringEscapeUtils:unescapeJava:(Ljava/io/Writer;Ljava/lang/String;)V#305#44 prob_bp = 0.5000000039074731
org.apache.commons.lang.StringEscapeUtils:unescapeJava:(Ljava/io/Writer;Ljava/lang/String;)V#298#15 prob_bp = 0.5000000039199891
org.apache.commons.lang.StringEscapeUtils:escapeJavaStyleString:(Ljava/lang/String;Z)Ljava/lang/String;#149#0 prob_bp = 0.5000002386904708
org.apache.commons.lang.StringEscapeUtils:escapeJavaStyleString:(Ljava/lang/String;Z)Ljava/lang/String;#149#1 prob_bp = 0.5000002386905288
org.apache.commons.lang.StringEscapeUtils:escapeJava:(Ljava/lang/String;)Ljava/lang/String;#81#1 prob_bp = 0.5000002413045408
org.apache.commons.lang.StringEscapeUtils:escapeJava:(Ljava/lang/String;)Ljava/lang/String;#81#2 prob_bp = 0.5000002413047062
org.apache.commons.lang.StringEscapeUtilsTest:assertEscapeJava:(Ljava/lang/String;Ljava/lang/String;Ljava/lang/String;)V#110#69 prob_bp = 0.5000009539382619
org.apache.commons.lang.StringEscapeUtilsTest:assertEscapeJava:(Ljava/lang/String;Ljava/lang/String;Ljava/lang/String;)V#110#72 prob_bp = 0.5000009539382668
org.apache.commons.lang.StringEscapeUtils:escapeJava:(Ljava/io/Writer;Ljava/lang/String;)V#97#1 prob_bp = 0.5000009539382795
org.apache.commons.lang.StringEscapeUtils:escapeJava:(Ljava/io/Writer;Ljava/lang/String;)V#97#3 prob_bp = 0.5000009539383278
org.apache.commons.lang.StringEscapeUtils:escapeJavaStyleString:(Ljava/lang/String;Z)Ljava/lang/String;#153#14 prob_bp = 0.5000155041061534
org.apache.commons.lang.StringEscapeUtils:escapeJavaStyleString:(Ljava/lang/String;Z)Ljava/lang/String;#153#16 prob_bp = 0.5000155041061537
org.apache.commons.lang.StringEscapeUtils:escapeJavaStyleString:(Ljava/lang/String;Z)Ljava/lang/String;#154#21 prob_bp = 0.5000155041061768
org.apache.commons.lang.StringEscapeUtils:escapeJavaStyleString:(Ljava/lang/String;Z)Ljava/lang/String;#154#23 prob_bp = 0.5000155041062786
org.apache.commons.lang.StringEscapeUtils:escapeJavaStyleString:(Ljava/io/Writer;Ljava/lang/String;Z)V#175#15 prob_bp = 0.5000164537077123
org.apache.commons.lang.StringEscapeUtils:escapeJavaStyleString:(Ljava/io/Writer;Ljava/lang/String;Z)V#175#14 prob_bp = 0.5000164579560538
org.apache.commons.lang.StringEscapeUtils:escapeJavaStyleString:(Ljava/io/Writer;Ljava/lang/String;Z)V#179#23 prob_bp = 0.5000164579583973
org.apache.commons.lang.StringEscapeUtils:escapeJavaStyleString:(Ljava/io/Writer;Ljava/lang/String;Z)V#180#29 prob_bp = 0.5000164579637425
org.apache.commons.lang.StringEscapeUtilsTest:assertEscapeJava:(Ljava/lang/String;Ljava/lang/String;Ljava/lang/String;)V#106#13 prob_bp = 0.5999998935786047
org.apache.commons.lang.StringEscapeUtilsTest:assertEscapeJava:(Ljava/lang/String;Ljava/lang/String;Ljava/lang/String;)V#106#19 prob_bp = 0.5999998936186047
org.apache.commons.lang.StringEscapeUtilsTest:assertEscapeJava:(Ljava/lang/String;Ljava/lang/String;Ljava/lang/String;)V#106#18 prob_bp = 0.9999997526296095
org.apache.commons.lang.StringEscapeUtilsTest:assertEscapeJava:(Ljava/lang/String;Ljava/lang/String;Ljava/lang/String;)V#106#22 prob_bp = 0.9999997530816098
org.apache.commons.lang.StringEscapeUtilsTest:assertEscapeJava:(Ljava/lang/String;Ljava/lang/String;Ljava/lang/String;)V#106#46 prob_bp = 0.9999997532416097
org.apache.commons.lang.StringEscapeUtilsTest:assertEscapeJava:(Ljava/lang/String;Ljava/lang/String;Ljava/lang/String;)V#106#49 prob_bp = 0.9999997571584113
org.apache.commons.lang.StringEscapeUtilsTest:assertEscapeJava:(Ljava/lang/String;Ljava/lang/String;Ljava/lang/String;)V#106#52 prob_bp = 0.9999997649920124
org.apache.commons.lang.StringEscapeUtilsTest:assertEscapeJava:(Ljava/lang/String;Ljava/lang/String;Ljava/lang/String;)V#106#6 prob_bp = 0.9999997665927967
org.apache.commons.lang.StringEscapeUtilsTest:assertEscapeJava:(Ljava/lang/String;Ljava/lang/String;Ljava/lang/String;)V#106#9 prob_bp = 0.9999997666927967
org.apache.commons.lang.StringEscapeUtilsTest:assertEscapeJava:(Ljava/lang/String;Ljava/lang/String;Ljava/lang/String;)V#106#15 prob_bp = 0.9999997798431826
org.apache.commons.lang.StringEscapeUtilsTest:assertEscapeJava:(Ljava/lang/String;Ljava/lang/String;Ljava/lang/String;)V#107#53 prob_bp = 0.9999997806592131
org.apache.commons.lang.StringEscapeUtilsTest:assertEscapeJava:(Ljava/lang/String;Ljava/lang/String;Ljava/lang/String;)V#107#57 prob_bp = 0.9999998119936143
org.apache.commons.lang.StringEscapeUtilsTest:assertEscapeJava:(Ljava/lang/String;Ljava/lang/String;Ljava/lang/String;)V#111#75 prob_bp = 0.9999998746624165
org.apache.commons.lang.StringEscapeUtilsTest:assertEscapeJava:(Ljava/lang/String;Ljava/lang/String;Ljava/lang/String;)V#109#60 prob_bp = 0.9999999985000052
org.apache.commons.lang.StringEscapeUtilsTest:assertEscapeJava:(Ljava/lang/String;Ljava/lang/String;Ljava/lang/String;)V#109#63 prob_bp = 0.999999998600005
org.apache.commons.lang.StringEscapeUtilsTest:assertEscapeJava:(Ljava/lang/String;Ljava/lang/String;Ljava/lang/String;)V#109#67 prob_bp = 0.9999999988000046
org.apache.commons.lang.StringEscapeUtilsTest:assertEscapeJava:(Ljava/lang/String;Ljava/lang/String;Ljava/lang/String;)V#111#76 prob_bp = 0.9999999992000023
org.apache.commons.lang.StringUtilsTest:setUp:()V#109#0 prob_bp = 0.9999999999
org.apache.commons.lang.StringUtilsTest:setUp:()V#109#1 prob_bp = 0.9999999999
org.apache.commons.lang.StringUtilsTest:tearDown:()V#113#0 prob_bp = 0.9999999999
org.apache.commons.lang.StringUtilsTest:tearDown:()V#113#1 prob_bp = 0.9999999999
org.apache.commons.lang.StringEscapeUtilsTest:testEscapeJava:()V#64#0 prob_bp = 1.0
org.apache.commons.lang.StringEscapeUtilsTest:testEscapeJava:()V#64#1 prob_bp = 1.0
org.apache.commons.lang.StringEscapeUtilsTest:testEscapeJava:()V#64#2 prob_bp = 1.0
org.apache.commons.lang.StringEscapeUtilsTest:testEscapeJava:()V#64#5 prob_bp = 1.0
org.apache.commons.lang.StringEscapeUtilsTest:testEscapeJava:()V#66#8 prob_bp = 1.0
org.apache.commons.lang.StringEscapeUtilsTest:testEscapeJava:()V#66#9 prob_bp = 1.0
org.apache.commons.lang.StringEscapeUtilsTest:testEscapeJava:()V#66#10 prob_bp = 1.0
org.apache.commons.lang.StringEscapeUtilsTest:testEscapeJava:()V#70#26 prob_bp = 1.0
org.apache.commons.lang.StringEscapeUtilsTest:testEscapeJava:()V#73#27 prob_bp = 1.0
org.apache.commons.lang.StringEscapeUtilsTest:testEscapeJava:()V#73#28 prob_bp = 1.0
org.apache.commons.lang.StringEscapeUtilsTest:testEscapeJava:()V#73#30 prob_bp = 1.0
org.apache.commons.lang.StringEscapeUtilsTest:testEscapeJava:()V#77#46 prob_bp = 1.0
org.apache.commons.lang.StringEscapeUtilsTest:testEscapeJava:()V#80#47 prob_bp = 1.0
org.apache.commons.lang.StringEscapeUtilsTest:testEscapeJava:()V#80#48 prob_bp = 1.0
org.apache.commons.lang.StringEscapeUtilsTest:testEscapeJava:()V#80#50 prob_bp = 1.0
org.apache.commons.lang.StringEscapeUtilsTest:testEscapeJava:()V#80#52 prob_bp = 1.0
org.apache.commons.lang.StringEscapeUtilsTest:testEscapeJava:()V#80#54 prob_bp = 1.0
org.apache.commons.lang.StringEscapeUtilsTest:assertEscapeJava:(Ljava/lang/String;Ljava/lang/String;Ljava/lang/String;)V#111#78 prob_bp = 1.0
org.apache.commons.lang.StringEscapeUtilsTest:assertEscapeJava:(Ljava/lang/String;Ljava/lang/String;Ljava/lang/String;)V#111#81 prob_bp = 1.0
org.apache.commons.lang.StringEscapeUtilsTest:testEscapeJava:()V#81#57 prob_bp = 1.0
org.apache.commons.lang.StringEscapeUtilsTest:testEscapeJava:()V#81#58 prob_bp = 1.0
org.apache.commons.lang.StringEscapeUtilsTest:testEscapeJava:()V#81#60 prob_bp = 1.0
org.apache.commons.lang.StringEscapeUtilsTest:testEscapeJava:()V#81#62 prob_bp = 1.0
org.apache.commons.lang.StringEscapeUtilsTest:testEscapeJava:()V#82#65 prob_bp = 1.0
org.apache.commons.lang.StringEscapeUtilsTest:testEscapeJava:()V#82#66 prob_bp = 1.0
org.apache.commons.lang.StringEscapeUtilsTest:testEscapeJava:()V#82#68 prob_bp = 1.0
org.apache.commons.lang.StringEscapeUtilsTest:testEscapeJava:()V#82#70 prob_bp = 1.0
org.apache.commons.lang.StringEscapeUtilsTest:testEscapeJava:()V#82#72 prob_bp = 1.0
org.apache.commons.lang.StringEscapeUtilsTest:testEscapeJava:()V#83#75 prob_bp = 1.0
org.apache.commons.lang.StringEscapeUtilsTest:testEscapeJava:()V#83#76 prob_bp = 1.0
org.apache.commons.lang.StringEscapeUtilsTest:testEscapeJava:()V#83#78 prob_bp = 1.0
org.apache.commons.lang.StringEscapeUtilsTest:testEscapeJava:()V#83#80 prob_bp = 1.0
org.apache.commons.lang.StringEscapeUtilsTest:testEscapeJava:()V#83#82 prob_bp = 1.0
org.apache.commons.lang.StringEscapeUtilsTest:testEscapeJava:()V#84#85 prob_bp = 1.0
org.apache.commons.lang.StringEscapeUtilsTest:testEscapeJava:()V#84#86 prob_bp = 1.0
org.apache.commons.lang.StringEscapeUtilsTest:testEscapeJava:()V#84#88 prob_bp = 1.0
org.apache.commons.lang.StringEscapeUtilsTest:testEscapeJava:()V#84#90 prob_bp = 1.0
org.apache.commons.lang.StringEscapeUtilsTest:testEscapeJava:()V#84#92 prob_bp = 1.0
org.apache.commons.lang.StringEscapeUtilsTest:testEscapeJava:()V#85#95 prob_bp = 1.0
org.apache.commons.lang.StringEscapeUtilsTest:testEscapeJava:()V#85#96 prob_bp = 1.0
org.apache.commons.lang.StringEscapeUtilsTest:testEscapeJava:()V#85#98 prob_bp = 1.0
org.apache.commons.lang.StringEscapeUtilsTest:testEscapeJava:()V#85#100 prob_bp = 1.0
org.apache.commons.lang.StringEscapeUtilsTest:testEscapeJava:()V#86#103 prob_bp = 1.0
org.apache.commons.lang.StringEscapeUtilsTest:testEscapeJava:()V#86#104 prob_bp = 1.0
org.apache.commons.lang.StringEscapeUtilsTest:testEscapeJava:()V#86#106 prob_bp = 1.0
org.apache.commons.lang.StringEscapeUtilsTest:testEscapeJava:()V#86#108 prob_bp = 1.0
org.apache.commons.lang.StringEscapeUtilsTest:testEscapeJava:()V#87#111 prob_bp = 1.0
org.apache.commons.lang.StringEscapeUtilsTest:testEscapeJava:()V#87#112 prob_bp = 1.0
org.apache.commons.lang.StringEscapeUtilsTest:testEscapeJava:()V#87#114 prob_bp = 1.0
org.apache.commons.lang.StringEscapeUtilsTest:testEscapeJava:()V#87#116 prob_bp = 1.0
org.apache.commons.lang.StringEscapeUtilsTest:testEscapeJava:()V#88#119 prob_bp = 1.0
org.apache.commons.lang.StringEscapeUtilsTest:testEscapeJava:()V#88#120 prob_bp = 1.0
org.apache.commons.lang.StringEscapeUtilsTest:testEscapeJava:()V#88#122 prob_bp = 1.0
org.apache.commons.lang.StringEscapeUtilsTest:testEscapeJava:()V#88#124 prob_bp = 1.0
org.apache.commons.lang.StringEscapeUtilsTest:testEscapeJava:()V#89#127 prob_bp = 1.0
org.apache.commons.lang.StringEscapeUtilsTest:testEscapeJava:()V#89#128 prob_bp = 1.0
org.apache.commons.lang.StringEscapeUtilsTest:testEscapeJava:()V#89#130 prob_bp = 1.0
org.apache.commons.lang.StringEscapeUtilsTest:testEscapeJava:()V#89#132 prob_bp = 1.0
org.apache.commons.lang.StringEscapeUtilsTest:testEscapeJava:()V#90#135 prob_bp = 1.0
org.apache.commons.lang.StringEscapeUtilsTest:testEscapeJava:()V#90#136 prob_bp = 1.0
org.apache.commons.lang.StringEscapeUtilsTest:testEscapeJava:()V#90#138 prob_bp = 1.0
org.apache.commons.lang.StringEscapeUtilsTest:testEscapeJava:()V#90#140 prob_bp = 1.0
org.apache.commons.lang.StringEscapeUtilsTest:testEscapeJava:()V#90#142 prob_bp = 1.0
org.apache.commons.lang.StringEscapeUtilsTest:testEscapeJava:()V#92#145 prob_bp = 1.0
org.apache.commons.lang.StringEscapeUtilsTest:testEscapeJava:()V#92#146 prob_bp = 1.0
org.apache.commons.lang.StringEscapeUtilsTest:testEscapeJava:()V#92#148 prob_bp = 1.0
org.apache.commons.lang.StringEscapeUtilsTest:testEscapeJava:()V#92#150 prob_bp = 1.0
org.apache.commons.lang.StringEscapeUtilsTest:testEscapeJava:()V#94#153 prob_bp = 1.0
org.apache.commons.lang.StringEscapeUtilsTest:testEscapeJava:()V#94#154 prob_bp = 1.0
org.apache.commons.lang.StringEscapeUtilsTest:testEscapeJava:()V#94#156 prob_bp = 1.0
org.apache.commons.lang.StringEscapeUtilsTest:testEscapeJava:()V#94#158 prob_bp = 1.0
org.apache.commons.lang.StringEscapeUtilsTest:testEscapeJava:()V#94#160 prob_bp = 1.0
org.apache.commons.lang.StringEscapeUtilsTest:testEscapeJava:()V#96#163 prob_bp = 1.0
org.apache.commons.lang.StringEscapeUtilsTest:testEscapeJava:()V#96#164 prob_bp = 1.0
org.apache.commons.lang.StringEscapeUtilsTest:testEscapeJava:()V#96#166 prob_bp = 1.0
org.apache.commons.lang.StringEscapeUtilsTest:testEscapeJava:()V#96#168 prob_bp = 1.0
org.apache.commons.lang.StringEscapeUtilsTest:testEscapeJava:()V#98#171 prob_bp = 1.0
org.apache.commons.lang.StringEscapeUtilsTest:testEscapeJavaScript:()V#170#0 prob_bp = 1.0
org.apache.commons.lang.StringEscapeUtilsTest:testEscapeJavaScript:()V#170#1 prob_bp = 1.0
org.apache.commons.lang.StringEscapeUtilsTest:testEscapeJavaScript:()V#170#2 prob_bp = 1.0
org.apache.commons.lang.StringEscapeUtilsTest:testEscapeJavaScript:()V#170#5 prob_bp = 1.0
org.apache.commons.lang.StringEscapeUtilsTest:testEscapeJavaScript:()V#172#8 prob_bp = 1.0
org.apache.commons.lang.StringEscapeUtilsTest:testEscapeJavaScript:()V#172#9 prob_bp = 1.0
org.apache.commons.lang.StringEscapeUtilsTest:testEscapeJavaScript:()V#172#10 prob_bp = 1.0
org.apache.commons.lang.StringEscapeUtilsTest:testEscapeJavaScript:()V#176#26 prob_bp = 1.0
org.apache.commons.lang.StringEscapeUtilsTest:testEscapeJavaScript:()V#179#27 prob_bp = 1.0
org.apache.commons.lang.StringEscapeUtilsTest:testEscapeJavaScript:()V#179#28 prob_bp = 1.0
org.apache.commons.lang.StringEscapeUtilsTest:testEscapeJavaScript:()V#179#30 prob_bp = 1.0
org.apache.commons.lang.StringEscapeUtilsTest:testEscapeJavaScript:()V#183#46 prob_bp = 1.0
org.apache.commons.lang.StringEscapeUtilsTest:testEscapeJavaScript:()V#186#47 prob_bp = 1.0
org.apache.commons.lang.StringEscapeUtilsTest:testEscapeJavaScript:()V#186#49 prob_bp = 1.0
org.apache.commons.lang.StringEscapeUtilsTest:testEscapeJavaScript:()V#186#51 prob_bp = 1.0
org.apache.commons.lang.StringEscapeUtilsTest:testEscapeJavaScript:()V#186#54 prob_bp = 1.0
org.apache.commons.lang.StringEscapeUtilsTest:testEscapeJavaScript:()V#187#57 prob_bp = 1.0
org.apache.commons.lang.StringEscapeUtilsTest:testEscapeJavaScript:()V#187#59 prob_bp = 1.0
org.apache.commons.lang.StringEscapeUtilsTest:testEscapeJavaScript:()V#187#61 prob_bp = 1.0
org.apache.commons.lang.StringEscapeUtilsTest:testEscapeJavaScript:()V#187#64 prob_bp = 1.0
org.apache.commons.lang.StringEscapeUtilsTest:testUnescapeJava:()V#115#0 prob_bp = 1.0
org.apache.commons.lang.StringEscapeUtilsTest:testUnescapeJava:()V#115#1 prob_bp = 1.0
org.apache.commons.lang.StringEscapeUtilsTest:testUnescapeJava:()V#115#2 prob_bp = 1.0
org.apache.commons.lang.StringEscapeUtilsTest:testUnescapeJava:()V#115#5 prob_bp = 1.0
org.apache.commons.lang.StringEscapeUtilsTest:testUnescapeJava:()V#117#8 prob_bp = 1.0
org.apache.commons.lang.StringEscapeUtilsTest:testUnescapeJava:()V#117#9 prob_bp = 1.0
org.apache.commons.lang.StringEscapeUtilsTest:testUnescapeJava:()V#117#10 prob_bp = 1.0
org.apache.commons.lang.StringEscapeUtilsTest:testUnescapeJava:()V#121#26 prob_bp = 1.0
org.apache.commons.lang.StringEscapeUtilsTest:testUnescapeJava:()V#124#27 prob_bp = 1.0
org.apache.commons.lang.StringEscapeUtilsTest:testUnescapeJava:()V#124#28 prob_bp = 1.0
org.apache.commons.lang.StringEscapeUtilsTest:testUnescapeJava:()V#124#30 prob_bp = 1.0
org.apache.commons.lang.StringEscapeUtilsTest:testUnescapeJava:()V#128#46 prob_bp = 1.0
org.apache.commons.lang.StringEscapeUtilsTest:testUnescapeJava:()V#131#47 prob_bp = 1.0
org.apache.commons.lang.StringEscapeUtilsTest:testUnescapeJava:()V#131#49 prob_bp = 1.0
org.apache.commons.lang.StringEscapeUtilsTest:testUnescapeJava:()V#133#59 prob_bp = 1.0
org.apache.commons.lang.StringEscapeUtilsTest:testUnescapeJava:()V#136#60 prob_bp = 1.0
org.apache.commons.lang.StringEscapeUtilsTest:testUnescapeJava:()V#136#61 prob_bp = 1.0
org.apache.commons.lang.StringEscapeUtilsTest:testUnescapeJava:()V#136#63 prob_bp = 1.0
org.apache.commons.lang.StringEscapeUtilsTest:testUnescapeJava:()V#136#65 prob_bp = 1.0
org.apache.commons.lang.StringEscapeUtilsTest:testUnescapeJava:()V#137#68 prob_bp = 1.0
org.apache.commons.lang.StringEscapeUtilsTest:testUnescapeJava:()V#137#69 prob_bp = 1.0
org.apache.commons.lang.StringEscapeUtilsTest:testUnescapeJava:()V#137#71 prob_bp = 1.0
org.apache.commons.lang.StringEscapeUtilsTest:testUnescapeJava:()V#137#73 prob_bp = 1.0
org.apache.commons.lang.StringEscapeUtilsTest:testUnescapeJava:()V#138#76 prob_bp = 1.0
org.apache.commons.lang.StringEscapeUtilsTest:testUnescapeJava:()V#138#77 prob_bp = 1.0
org.apache.commons.lang.StringEscapeUtilsTest:testUnescapeJava:()V#138#79 prob_bp = 1.0
org.apache.commons.lang.StringEscapeUtilsTest:testUnescapeJava:()V#138#81 prob_bp = 1.0
org.apache.commons.lang.StringEscapeUtilsTest:testUnescapeJava:()V#139#84 prob_bp = 1.0
org.apache.commons.lang.StringEscapeUtilsTest:testUnescapeJava:()V#139#85 prob_bp = 1.0
org.apache.commons.lang.StringEscapeUtilsTest:testUnescapeJava:()V#139#87 prob_bp = 1.0
org.apache.commons.lang.StringEscapeUtilsTest:testUnescapeJava:()V#139#89 prob_bp = 1.0
org.apache.commons.lang.StringEscapeUtilsTest:testUnescapeJava:()V#140#92 prob_bp = 1.0
org.apache.commons.lang.StringEscapeUtilsTest:testUnescapeJava:()V#140#93 prob_bp = 1.0
org.apache.commons.lang.StringEscapeUtilsTest:testUnescapeJava:()V#140#95 prob_bp = 1.0
org.apache.commons.lang.StringEscapeUtilsTest:testUnescapeJava:()V#140#97 prob_bp = 1.0
org.apache.commons.lang.StringEscapeUtilsTest:testUnescapeJava:()V#141#100 prob_bp = 1.0
org.apache.commons.lang.StringEscapeUtilsTest:testUnescapeJava:()V#141#101 prob_bp = 1.0
org.apache.commons.lang.StringEscapeUtilsTest:testUnescapeJava:()V#141#103 prob_bp = 1.0
org.apache.commons.lang.StringEscapeUtilsTest:testUnescapeJava:()V#141#105 prob_bp = 1.0
org.apache.commons.lang.StringEscapeUtilsTest:testUnescapeJava:()V#143#108 prob_bp = 1.0
org.apache.commons.lang.StringEscapeUtilsTest:testUnescapeJava:()V#143#109 prob_bp = 1.0
org.apache.commons.lang.StringEscapeUtilsTest:testUnescapeJava:()V#143#111 prob_bp = 1.0
org.apache.commons.lang.StringEscapeUtilsTest:testUnescapeJava:()V#143#113 prob_bp = 1.0
org.apache.commons.lang.StringEscapeUtilsTest:testUnescapeJava:()V#143#115 prob_bp = 1.0
org.apache.commons.lang.StringEscapeUtilsTest:testUnescapeJava:()V#144#118 prob_bp = 1.0
org.apache.commons.lang.StringEscapeUtilsTest:testUnescapeJava:()V#144#119 prob_bp = 1.0
org.apache.commons.lang.StringEscapeUtilsTest:testUnescapeJava:()V#144#121 prob_bp = 1.0
org.apache.commons.lang.StringEscapeUtilsTest:testUnescapeJava:()V#144#123 prob_bp = 1.0
org.apache.commons.lang.StringEscapeUtilsTest:testUnescapeJava:()V#144#125 prob_bp = 1.0
org.apache.commons.lang.StringEscapeUtilsTest:testUnescapeJava:()V#145#128 prob_bp = 1.0
org.apache.commons.lang.StringEscapeUtilsTest:testUnescapeJava:()V#145#129 prob_bp = 1.0
org.apache.commons.lang.StringEscapeUtilsTest:testUnescapeJava:()V#145#131 prob_bp = 1.0
org.apache.commons.lang.StringEscapeUtilsTest:testUnescapeJava:()V#145#133 prob_bp = 1.0
org.apache.commons.lang.StringEscapeUtilsTest:testUnescapeJava:()V#145#135 prob_bp = 1.0
org.apache.commons.lang.StringEscapeUtilsTest:testUnescapeJava:()V#146#138 prob_bp = 1.0
org.apache.commons.lang.StringUtilsTest:testDeprecatedEscapeFunctions_String:()V#1343#0 prob_bp = 1.0
org.apache.commons.lang.StringUtilsTest:testDeprecatedEscapeFunctions_String:()V#1343#2 prob_bp = 1.0
org.apache.commons.lang.StringUtilsTest:testDeprecatedEscapeFunctions_String:()V#1343#4 prob_bp = 1.0
org.apache.commons.lang.StringUtilsTest:testDeprecatedEscapeFunctions_String:()V#1343#7 prob_bp = 1.0
org.apache.commons.lang.StringUtilsTest:testDeprecatedEscapeFunctions_String:()V#1344#10 prob_bp = 1.0
org.apache.commons.lang.StringUtilsTest:testDeprecatedEscapeFunctions_String:()V#1344#12 prob_bp = 1.0
org.apache.commons.lang.StringUtilsTest:testDeprecatedEscapeFunctions_String:()V#1344#14 prob_bp = 1.0
org.apache.commons.lang.StringUtilsTest:testDeprecatedEscapeFunctions_String:()V#1344#17 prob_bp = 1.0
org.apache.commons.lang.StringUtilsTest:testDeprecatedEscapeFunctions_String:()V#1345#20 prob_bp = 1.0
org.apache.commons.lang.StringUtilsTest:testDeprecatedEscapeFunctions_String:()V#1345#23 prob_bp = 1.0
org.apache.commons.lang.StringUtilsTest:testDeprecatedEscapeFunctions_String:()V#1345#26 prob_bp = 1.0
org.apache.commons.lang.StringUtilsTest:testDeprecatedEscapeFunctions_String:()V#1345#29 prob_bp = 1.0
org.apache.commons.lang.StringUtilsTest:testDeprecatedEscapeFunctions_String:()V#1346#32 prob_bp = 1.0
org.apache.commons.lang.StringUtilsTest:testDeprecatedEscapeFunctions_String:()V#1346#35 prob_bp = 1.0
org.apache.commons.lang.StringUtilsTest:testDeprecatedEscapeFunctions_String:()V#1346#38 prob_bp = 1.0
org.apache.commons.lang.StringUtilsTest:testDeprecatedEscapeFunctions_String:()V#1346#41 prob_bp = 1.0
org.apache.commons.lang.StringUtilsTest:testDeprecatedEscapeFunctions_String:()V#1347#44 prob_bp = 1.0
org.apache.commons.lang.StringUtilsTest:testDeprecatedEscapeFunctions_String:()V#1347#47 prob_bp = 1.0
org.apache.commons.lang.StringUtilsTest:testDeprecatedEscapeFunctions_String:()V#1347#50 prob_bp = 1.0
org.apache.commons.lang.StringUtilsTest:testDeprecatedEscapeFunctions_String:()V#1347#53 prob_bp = 1.0
org.apache.commons.lang.StringUtilsTest:testDeprecatedEscapeFunctions_String:()V#1348#56 prob_bp = 1.0
org.apache.commons.lang.StringUtilsTest:testDeprecatedEscapeFunctions_String:()V#1348#59 prob_bp = 1.0
org.apache.commons.lang.StringUtilsTest:testDeprecatedEscapeFunctions_String:()V#1348#62 prob_bp = 1.0
org.apache.commons.lang.StringUtilsTest:testDeprecatedEscapeFunctions_String:()V#1348#65 prob_bp = 1.0
org.apache.commons.lang.StringUtilsTest:testDeprecatedEscapeFunctions_String:()V#1349#68 prob_bp = 1.0
org.apache.commons.lang.StringUtilsTest:testDeprecatedEscapeFunctions_String:()V#1349#71 prob_bp = 1.0
org.apache.commons.lang.StringUtilsTest:testDeprecatedEscapeFunctions_String:()V#1349#74 prob_bp = 1.0
org.apache.commons.lang.StringUtilsTest:testDeprecatedEscapeFunctions_String:()V#1349#77 prob_bp = 1.0
org.apache.commons.lang.StringUtilsTest:testDeprecatedEscapeFunctions_String:()V#1350#80 prob_bp = 1.0
org.apache.commons.lang.StringUtilsTest:testDeprecatedEscapeFunctions_String:()V#1350#83 prob_bp = 1.0
org.apache.commons.lang.StringUtilsTest:testDeprecatedEscapeFunctions_String:()V#1350#86 prob_bp = 1.0
org.apache.commons.lang.StringUtilsTest:testDeprecatedEscapeFunctions_String:()V#1350#89 prob_bp = 1.0
org.apache.commons.lang.StringUtilsTest:testDeprecatedEscapeFunctions_String:()V#1351#92 prob_bp = 1.0
Belief propagation time : 0.747s
