
Probabilities: 
Vars:1268
Stmts:790
org.apache.commons.lang3.Validate:isTrue:(Z)V#179#14 prob_bp = 0.5
org.apache.commons.lang3.Validate:isTrue:(ZLjava/lang/String;[Ljava/lang/Object;)V#154#17 prob_bp = 0.5
org.apache.commons.lang3.Validate:isTrue:(ZLjava/lang/String;J)V#105#27 prob_bp = 0.5
org.apache.commons.lang3.Validate:isTrue:(ZLjava/lang/String;J)V#103#19 prob_bp = 0.5
org.apache.commons.lang3.Validate:isTrue:(ZLjava/lang/String;D)V#130#31 prob_bp = 0.5
org.apache.commons.lang3.Validate:isTrue:(ZLjava/lang/String;D)V#128#23 prob_bp = 0.5
org.apache.commons.lang3.event.EventListenerSupportTest:addDeregisterListener:(Lorg/apache/commons/lang3/event/EventListenerSupport;)V#227#13 prob_bp = 0.5
org.apache.commons.lang3.event.EventListenerSupportTest:testRemoveListenerDuringEvent:()V#115#12#unexe#2 prob_bp = 0.5
org.apache.commons.lang3.text.ExtendedMessageFormatTest:setUp:()V#60#0 prob_bp = 0.5
org.apache.commons.lang3.text.ExtendedMessageFormatTest:setUp:()V#60#1 prob_bp = 0.5
org.apache.commons.lang3.text.ExtendedMessageFormatTest:setUp:()V#61#4 prob_bp = 0.5
org.apache.commons.lang3.text.ExtendedMessageFormatTest:setUp:()V#61#5 prob_bp = 0.5
org.apache.commons.lang3.text.ExtendedMessageFormatTest:setUp:()V#61#8 prob_bp = 0.5
org.apache.commons.lang3.text.ExtendedMessageFormatTest:setUp:()V#61#10 prob_bp = 0.5
org.apache.commons.lang3.text.ExtendedMessageFormatTest:setUp:()V#61#13 prob_bp = 0.5
org.apache.commons.lang3.text.ExtendedMessageFormatTest:setUp:()V#61#15 prob_bp = 0.5
org.apache.commons.lang3.text.ExtendedMessageFormatTest:setUp:()V#61#23 prob_bp = 0.5
org.apache.commons.lang3.text.ExtendedMessageFormatTest:setUp:()V#62#43 prob_bp = 0.5
org.apache.commons.lang3.text.ExtendedMessageFormatTest:setUp:()V#63#44 prob_bp = 0.5
org.apache.commons.lang3.Validate:isTrue:(Z)V#176#0 prob_bp = 0.5515384062860398
org.apache.commons.lang3.Validate:isTrue:(Z)V#176#1 prob_bp = 0.5515384069369471
org.apache.commons.lang3.Validate:isTrue:(ZLjava/lang/String;[Ljava/lang/Object;)V#151#0 prob_bp = 0.7236067976187962
org.apache.commons.lang3.Validate:isTrue:(ZLjava/lang/String;D)V#127#0 prob_bp = 0.7236067976366848
org.apache.commons.lang3.Validate:isTrue:(ZLjava/lang/String;[Ljava/lang/Object;)V#151#1 prob_bp = 0.7236067976486105
org.apache.commons.lang3.Validate:isTrue:(ZLjava/lang/String;D)V#127#1 prob_bp = 0.723606797666499
org.apache.commons.lang3.Validate:isTrue:(ZLjava/lang/String;J)V#102#1 prob_bp = 0.9411764705277763
org.apache.commons.lang3.text.ExtendedMessageFormatTest:setUp:()V#61#14 prob_bp = 0.9999999992999999
org.apache.commons.lang3.text.ExtendedMessageFormatTest:setUp:()V#61#18 prob_bp = 0.9999999994
org.apache.commons.lang3.text.ExtendedMessageFormatTest:setUp:()V#62#24 prob_bp = 0.9999999996
org.apache.commons.lang3.Validate:isTrue:(Z)V#177#4 prob_bp = 0.9999999999
org.apache.commons.lang3.Validate:isTrue:(Z)V#177#7 prob_bp = 0.9999999999
org.apache.commons.lang3.Validate:isTrue:(Z)V#177#8 prob_bp = 0.9999999999
org.apache.commons.lang3.Validate:isTrue:(ZLjava/lang/String;[Ljava/lang/Object;)V#152#4 prob_bp = 0.9999999999
org.apache.commons.lang3.Validate:isTrue:(ZLjava/lang/String;[Ljava/lang/Object;)V#152#7 prob_bp = 0.9999999999
org.apache.commons.lang3.Validate:isTrue:(ZLjava/lang/String;[Ljava/lang/Object;)V#152#8 prob_bp = 0.9999999999
org.apache.commons.lang3.Validate:isTrue:(ZLjava/lang/String;[Ljava/lang/Object;)V#152#9 prob_bp = 0.9999999999
org.apache.commons.lang3.Validate:isTrue:(ZLjava/lang/String;D)V#128#4 prob_bp = 0.9999999999
org.apache.commons.lang3.Validate:isTrue:(ZLjava/lang/String;D)V#128#7 prob_bp = 0.9999999999
org.apache.commons.lang3.Validate:isTrue:(ZLjava/lang/String;D)V#128#8 prob_bp = 0.9999999999
org.apache.commons.lang3.Validate:isTrue:(ZLjava/lang/String;D)V#128#9 prob_bp = 0.9999999999
org.apache.commons.lang3.Validate:isTrue:(ZLjava/lang/String;D)V#128#10 prob_bp = 0.9999999999
org.apache.commons.lang3.Validate:isTrue:(ZLjava/lang/String;D)V#128#13 prob_bp = 0.9999999999
org.apache.commons.lang3.Validate:isTrue:(ZLjava/lang/String;D)V#128#14 prob_bp = 0.9999999999
org.apache.commons.lang3.Validate:isTrue:(ZLjava/lang/String;D)V#128#15 prob_bp = 0.9999999999
org.apache.commons.lang3.Validate:isTrue:(ZLjava/lang/String;D)V#128#18 prob_bp = 0.9999999999
org.apache.commons.lang3.Validate:isTrue:(ZLjava/lang/String;D)V#128#19 prob_bp = 0.9999999999
org.apache.commons.lang3.text.ExtendedMessageFormatTest:setUp:()V#62#25 prob_bp = 0.9999999999
org.apache.commons.lang3.text.ExtendedMessageFormatTest:setUp:()V#62#28 prob_bp = 0.9999999999
org.apache.commons.lang3.text.ExtendedMessageFormatTest:setUp:()V#62#30 prob_bp = 0.9999999999
org.apache.commons.lang3.text.ExtendedMessageFormatTest:setUp:()V#62#33 prob_bp = 0.9999999999
org.apache.commons.lang3.text.ExtendedMessageFormatTest:setUp:()V#62#34 prob_bp = 0.9999999999
org.apache.commons.lang3.Validate:isTrue:(ZLjava/lang/String;J)V#102#0 prob_bp = 0.9999999999851619
org.apache.commons.lang3.ValidateTest:testIsTrue1:()V#48#0 prob_bp = 1.0
org.apache.commons.lang3.ValidateTest:testIsTrue1:()V#48#1 prob_bp = 1.0
org.apache.commons.lang3.ValidateTest:testIsTrue1:()V#50#4 prob_bp = 1.0
org.apache.commons.lang3.ValidateTest:testIsTrue1:()V#50#5 prob_bp = 1.0
org.apache.commons.lang3.Validate:isTrue:(Z)V#177#10 prob_bp = 1.0
org.apache.commons.lang3.Validate:isTrue:(Z)V#177#13 prob_bp = 1.0
org.apache.commons.lang3.ValidateTest:testIsTrue1:()V#52#16 prob_bp = 1.0
org.apache.commons.lang3.ValidateTest:testIsTrue1:()V#53#17 prob_bp = 1.0
org.apache.commons.lang3.ValidateTest:testIsTrue1:()V#53#19 prob_bp = 1.0
org.apache.commons.lang3.ValidateTest:testIsTrue1:()V#53#20 prob_bp = 1.0
org.apache.commons.lang3.ValidateTest:testIsTrue1:()V#53#23 prob_bp = 1.0
org.apache.commons.lang3.ValidateTest:testIsTrue1:()V#55#26 prob_bp = 1.0
org.apache.commons.lang3.ValidateTest:testIsTrue2:()V#59#0 prob_bp = 1.0
org.apache.commons.lang3.ValidateTest:testIsTrue2:()V#59#1 prob_bp = 1.0
org.apache.commons.lang3.ValidateTest:testIsTrue2:()V#59#3 prob_bp = 1.0
org.apache.commons.lang3.ValidateTest:testIsTrue2:()V#59#4 prob_bp = 1.0
org.apache.commons.lang3.ValidateTest:testIsTrue2:()V#59#7 prob_bp = 1.0
org.apache.commons.lang3.ValidateTest:testIsTrue2:()V#61#10 prob_bp = 1.0
org.apache.commons.lang3.ValidateTest:testIsTrue2:()V#61#11 prob_bp = 1.0
org.apache.commons.lang3.ValidateTest:testIsTrue2:()V#61#13 prob_bp = 1.0
org.apache.commons.lang3.ValidateTest:testIsTrue2:()V#61#14 prob_bp = 1.0
org.apache.commons.lang3.ValidateTest:testIsTrue2:()V#61#17 prob_bp = 1.0
org.apache.commons.lang3.Validate:isTrue:(ZLjava/lang/String;[Ljava/lang/Object;)V#152#10 prob_bp = 1.0
org.apache.commons.lang3.Validate:isTrue:(ZLjava/lang/String;[Ljava/lang/Object;)V#152#13 prob_bp = 1.0
org.apache.commons.lang3.Validate:isTrue:(ZLjava/lang/String;[Ljava/lang/Object;)V#152#16 prob_bp = 1.0
org.apache.commons.lang3.ValidateTest:testIsTrue2:()V#63#28 prob_bp = 1.0
org.apache.commons.lang3.ValidateTest:testIsTrue2:()V#64#29 prob_bp = 1.0
org.apache.commons.lang3.ValidateTest:testIsTrue2:()V#64#31 prob_bp = 1.0
org.apache.commons.lang3.ValidateTest:testIsTrue2:()V#64#32 prob_bp = 1.0
org.apache.commons.lang3.ValidateTest:testIsTrue2:()V#64#35 prob_bp = 1.0
org.apache.commons.lang3.ValidateTest:testIsTrue2:()V#66#38 prob_bp = 1.0
org.apache.commons.lang3.ValidateTest:testIsTrue3:()V#70#0 prob_bp = 1.0
org.apache.commons.lang3.ValidateTest:testIsTrue3:()V#70#1 prob_bp = 1.0
org.apache.commons.lang3.ValidateTest:testIsTrue3:()V#70#3 prob_bp = 1.0
org.apache.commons.lang3.ValidateTest:testIsTrue3:()V#70#6 prob_bp = 1.0
org.apache.commons.lang3.ValidateTest:testIsTrue3:()V#70#7 prob_bp = 1.0
org.apache.commons.lang3.ValidateTest:testIsTrue3:()V#70#9 prob_bp = 1.0
org.apache.commons.lang3.ValidateTest:testIsTrue3:()V#70#12 prob_bp = 1.0
org.apache.commons.lang3.ValidateTest:testIsTrue3:()V#70#15 prob_bp = 1.0
org.apache.commons.lang3.ValidateTest:testIsTrue3:()V#70#16 prob_bp = 1.0
org.apache.commons.lang3.ValidateTest:testIsTrue3:()V#72#19 prob_bp = 1.0
org.apache.commons.lang3.ValidateTest:testIsTrue3:()V#72#20 prob_bp = 1.0
org.apache.commons.lang3.ValidateTest:testIsTrue3:()V#72#22 prob_bp = 1.0
org.apache.commons.lang3.ValidateTest:testIsTrue3:()V#72#25 prob_bp = 1.0
org.apache.commons.lang3.ValidateTest:testIsTrue3:()V#72#26 prob_bp = 1.0
org.apache.commons.lang3.ValidateTest:testIsTrue3:()V#72#28 prob_bp = 1.0
org.apache.commons.lang3.ValidateTest:testIsTrue3:()V#72#31 prob_bp = 1.0
org.apache.commons.lang3.ValidateTest:testIsTrue3:()V#72#34 prob_bp = 1.0
org.apache.commons.lang3.ValidateTest:testIsTrue3:()V#72#35 prob_bp = 1.0
org.apache.commons.lang3.Validate:isTrue:(ZLjava/lang/String;J)V#103#4 prob_bp = 1.0
org.apache.commons.lang3.Validate:isTrue:(ZLjava/lang/String;J)V#103#7 prob_bp = 1.0
org.apache.commons.lang3.Validate:isTrue:(ZLjava/lang/String;J)V#103#8 prob_bp = 1.0
org.apache.commons.lang3.Validate:isTrue:(ZLjava/lang/String;J)V#103#9 prob_bp = 1.0
org.apache.commons.lang3.Validate:isTrue:(ZLjava/lang/String;J)V#103#10 prob_bp = 1.0
org.apache.commons.lang3.Validate:isTrue:(ZLjava/lang/String;J)V#103#13 prob_bp = 1.0
org.apache.commons.lang3.Validate:isTrue:(ZLjava/lang/String;J)V#103#14 prob_bp = 1.0
org.apache.commons.lang3.Validate:isTrue:(ZLjava/lang/String;J)V#103#15 prob_bp = 1.0
org.apache.commons.lang3.Validate:isTrue:(ZLjava/lang/String;J)V#103#16 prob_bp = 1.0
org.apache.commons.lang3.Validate:isTrue:(ZLjava/lang/String;J)V#103#20 prob_bp = 1.0
org.apache.commons.lang3.Validate:isTrue:(ZLjava/lang/String;J)V#103#23 prob_bp = 1.0
org.apache.commons.lang3.Validate:isTrue:(ZLjava/lang/String;J)V#103#26 prob_bp = 1.0
org.apache.commons.lang3.ValidateTest:testIsTrue3:()V#74#46 prob_bp = 1.0
org.apache.commons.lang3.ValidateTest:testIsTrue3:()V#75#47 prob_bp = 1.0
org.apache.commons.lang3.ValidateTest:testIsTrue3:()V#75#49 prob_bp = 1.0
org.apache.commons.lang3.ValidateTest:testIsTrue3:()V#75#50 prob_bp = 1.0
org.apache.commons.lang3.ValidateTest:testIsTrue3:()V#75#53 prob_bp = 1.0
org.apache.commons.lang3.ValidateTest:testIsTrue3:()V#77#56 prob_bp = 1.0
org.apache.commons.lang3.ValidateTest:testIsTrue4:()V#81#0 prob_bp = 1.0
org.apache.commons.lang3.ValidateTest:testIsTrue4:()V#81#1 prob_bp = 1.0
org.apache.commons.lang3.ValidateTest:testIsTrue4:()V#81#3 prob_bp = 1.0
org.apache.commons.lang3.ValidateTest:testIsTrue4:()V#81#6 prob_bp = 1.0
org.apache.commons.lang3.ValidateTest:testIsTrue4:()V#83#9 prob_bp = 1.0
org.apache.commons.lang3.ValidateTest:testIsTrue4:()V#83#10 prob_bp = 1.0
org.apache.commons.lang3.ValidateTest:testIsTrue4:()V#83#12 prob_bp = 1.0
org.apache.commons.lang3.ValidateTest:testIsTrue4:()V#83#15 prob_bp = 1.0
org.apache.commons.lang3.ValidateTest:testIsTrue4:()V#85#26 prob_bp = 1.0
org.apache.commons.lang3.ValidateTest:testIsTrue4:()V#86#27 prob_bp = 1.0
org.apache.commons.lang3.ValidateTest:testIsTrue4:()V#86#29 prob_bp = 1.0
org.apache.commons.lang3.ValidateTest:testIsTrue4:()V#86#30 prob_bp = 1.0
org.apache.commons.lang3.ValidateTest:testIsTrue4:()V#86#33 prob_bp = 1.0
org.apache.commons.lang3.ValidateTest:testIsTrue4:()V#88#36 prob_bp = 1.0
org.apache.commons.lang3.ValidateTest:testIsTrue5:()V#92#0 prob_bp = 1.0
org.apache.commons.lang3.ValidateTest:testIsTrue5:()V#92#1 prob_bp = 1.0
org.apache.commons.lang3.ValidateTest:testIsTrue5:()V#92#3 prob_bp = 1.0
org.apache.commons.lang3.ValidateTest:testIsTrue5:()V#92#6 prob_bp = 1.0
org.apache.commons.lang3.ValidateTest:testIsTrue5:()V#94#9 prob_bp = 1.0
org.apache.commons.lang3.ValidateTest:testIsTrue5:()V#94#10 prob_bp = 1.0
org.apache.commons.lang3.ValidateTest:testIsTrue5:()V#94#12 prob_bp = 1.0
org.apache.commons.lang3.ValidateTest:testIsTrue5:()V#94#15 prob_bp = 1.0
org.apache.commons.lang3.Validate:isTrue:(ZLjava/lang/String;D)V#128#20 prob_bp = 1.0
org.apache.commons.lang3.Validate:isTrue:(ZLjava/lang/String;D)V#128#24 prob_bp = 1.0
org.apache.commons.lang3.Validate:isTrue:(ZLjava/lang/String;D)V#128#27 prob_bp = 1.0
org.apache.commons.lang3.Validate:isTrue:(ZLjava/lang/String;D)V#128#30 prob_bp = 1.0
org.apache.commons.lang3.ValidateTest:testIsTrue5:()V#96#26 prob_bp = 1.0
org.apache.commons.lang3.ValidateTest:testIsTrue5:()V#97#27 prob_bp = 1.0
org.apache.commons.lang3.ValidateTest:testIsTrue5:()V#97#29 prob_bp = 1.0
org.apache.commons.lang3.ValidateTest:testIsTrue5:()V#97#30 prob_bp = 1.0
org.apache.commons.lang3.ValidateTest:testIsTrue5:()V#97#33 prob_bp = 1.0
org.apache.commons.lang3.ValidateTest:testIsTrue5:()V#99#36 prob_bp = 1.0
org.apache.commons.lang3.event.EventListenerSupportTest:testAddNullListener:()V#45#0 prob_bp = 1.0
org.apache.commons.lang3.event.EventListenerSupportTest:testAddNullListener:()V#45#3 prob_bp = 1.0
org.apache.commons.lang3.event.EventListenerSupportTest:testAddNullListener:()V#45#6 prob_bp = 1.0
org.apache.commons.lang3.event.EventListenerSupportTest:testAddNullListener:()V#48#7 prob_bp = 1.0
org.apache.commons.lang3.event.EventListenerSupportTest:testAddNullListener:()V#48#8 prob_bp = 1.0
org.apache.commons.lang3.event.EventListenerSupportTest:testAddNullListener:()V#48#9 prob_bp = 1.0
org.apache.commons.lang3.event.EventListenerSupportTest:testAddNullListener:()V#51#20 prob_bp = 1.0
org.apache.commons.lang3.event.EventListenerSupportTest:testAddNullListener:()V#55#21 prob_bp = 1.0
org.apache.commons.lang3.event.EventListenerSupportTest:testCreateWithNonInterfaceParameter:()V#90#0 prob_bp = 1.0
org.apache.commons.lang3.event.EventListenerSupportTest:testCreateWithNonInterfaceParameter:()V#90#3 prob_bp = 1.0
org.apache.commons.lang3.event.EventListenerSupportTest:testCreateWithNonInterfaceParameter:()V#93#15 prob_bp = 1.0
org.apache.commons.lang3.event.EventListenerSupportTest:testCreateWithNonInterfaceParameter:()V#97#16 prob_bp = 1.0
org.apache.commons.lang3.event.EventListenerSupportTest:testEventDispatchOrder:()V#73#0 prob_bp = 1.0
org.apache.commons.lang3.event.EventListenerSupportTest:testEventDispatchOrder:()V#73#3 prob_bp = 1.0
org.apache.commons.lang3.event.EventListenerSupportTest:testEventDispatchOrder:()V#73#6 prob_bp = 1.0
org.apache.commons.lang3.event.EventListenerSupportTest:testEventDispatchOrder:()V#74#7 prob_bp = 1.0
org.apache.commons.lang3.event.EventListenerSupportTest:testEventDispatchOrder:()V#74#10 prob_bp = 1.0
org.apache.commons.lang3.event.EventListenerSupportTest:testEventDispatchOrder:()V#74#11 prob_bp = 1.0
org.apache.commons.lang3.event.EventListenerSupportTest:testEventDispatchOrder:()V#74#14 prob_bp = 1.0
org.apache.commons.lang3.event.EventListenerSupportTest:testEventDispatchOrder:()V#76#15 prob_bp = 1.0
org.apache.commons.lang3.event.EventListenerSupportTest:testEventDispatchOrder:()V#76#16 prob_bp = 1.0
org.apache.commons.lang3.event.EventListenerSupportTest:testEventDispatchOrder:()V#76#17 prob_bp = 1.0
org.apache.commons.lang3.event.EventListenerSupportTest:createListener:(Ljava/util/List;)Ljava/beans/VetoableChangeListener;#231#0 prob_bp = 1.0
org.apache.commons.lang3.event.EventListenerSupportTest:createListener:(Ljava/util/List;)Ljava/beans/VetoableChangeListener;#231#3 prob_bp = 1.0
org.apache.commons.lang3.event.EventListenerSupportTest:createListener:(Ljava/util/List;)Ljava/beans/VetoableChangeListener;#231#4 prob_bp = 1.0
org.apache.commons.lang3.event.EventListenerSupportTest:createListener:(Ljava/util/List;)Ljava/beans/VetoableChangeListener;#231#5 prob_bp = 1.0
org.apache.commons.lang3.event.EventListenerSupportTest:createListener:(Ljava/util/List;)Ljava/beans/VetoableChangeListener;#231#6 prob_bp = 1.0
org.apache.commons.lang3.event.EventListenerSupportTest:createListener:(Ljava/util/List;)Ljava/beans/VetoableChangeListener;#231#9 prob_bp = 1.0
org.apache.commons.lang3.event.EventListenerSupportTest:testEventDispatchOrder:()V#76#20 prob_bp = 1.0
org.apache.commons.lang3.event.EventListenerSupportTest:testEventDispatchOrder:()V#77#21 prob_bp = 1.0
org.apache.commons.lang3.event.EventListenerSupportTest:testEventDispatchOrder:()V#77#22 prob_bp = 1.0
org.apache.commons.lang3.event.EventListenerSupportTest:testEventDispatchOrder:()V#77#23 prob_bp = 1.0
org.apache.commons.lang3.event.EventListenerSupportTest:testEventDispatchOrder:()V#77#26 prob_bp = 1.0
org.apache.commons.lang3.event.EventListenerSupportTest:testEventDispatchOrder:()V#78#28 prob_bp = 1.0
org.apache.commons.lang3.event.EventListenerSupportTest:testEventDispatchOrder:()V#78#29 prob_bp = 1.0
org.apache.commons.lang3.event.EventListenerSupportTest:testEventDispatchOrder:()V#78#30 prob_bp = 1.0
org.apache.commons.lang3.event.EventListenerSupportTest:testEventDispatchOrder:()V#79#33 prob_bp = 1.0
org.apache.commons.lang3.event.EventListenerSupportTest:testEventDispatchOrder:()V#79#34 prob_bp = 1.0
org.apache.commons.lang3.event.EventListenerSupportTest:testEventDispatchOrder:()V#79#36 prob_bp = 1.0
org.apache.commons.lang3.event.EventListenerSupportTest:testEventDispatchOrder:()V#80#39 prob_bp = 1.0
org.apache.commons.lang3.event.EventListenerSupportTest:testEventDispatchOrder:()V#80#40 prob_bp = 1.0
org.apache.commons.lang3.event.EventListenerSupportTest:testEventDispatchOrder:()V#80#43 prob_bp = 1.0
org.apache.commons.lang3.event.EventListenerSupportTest:testEventDispatchOrder:()V#80#46 prob_bp = 1.0
org.apache.commons.lang3.event.EventListenerSupportTest:testEventDispatchOrder:()V#80#49 prob_bp = 1.0
org.apache.commons.lang3.event.EventListenerSupportTest:testEventDispatchOrder:()V#80#50 prob_bp = 1.0
org.apache.commons.lang3.event.EventListenerSupportTest:testEventDispatchOrder:()V#80#53 prob_bp = 1.0
org.apache.commons.lang3.event.EventListenerSupportTest:testEventDispatchOrder:()V#80#54 prob_bp = 1.0
org.apache.commons.lang3.event.EventListenerSupportTest:testEventDispatchOrder:()V#80#57 prob_bp = 1.0
org.apache.commons.lang3.event.EventListenerSupportTest:testEventDispatchOrder:()V#80#59 prob_bp = 1.0
org.apache.commons.lang3.event.EventListenerSupportTest:testEventDispatchOrder:()V#80#60 prob_bp = 1.0
org.apache.commons.lang3.event.EventListenerSupportTest:testEventDispatchOrder:()V#80#63 prob_bp = 1.0
org.apache.commons.lang3.event.EventListenerSupportTest:testEventDispatchOrder:()V#80#64 prob_bp = 1.0
org.apache.commons.lang3.event.EventListenerSupportTest:testEventDispatchOrder:()V#80#67 prob_bp = 1.0
org.apache.commons.lang3.event.EventListenerSupportTest:testEventDispatchOrder:()V#80#70 prob_bp = 1.0
org.apache.commons.lang3.event.EventListenerSupportTest:testEventDispatchOrder:()V#81#75 prob_bp = 1.0
org.apache.commons.lang3.event.EventListenerSupportTest:testEventDispatchOrder:()V#81#76 prob_bp = 1.0
org.apache.commons.lang3.event.EventListenerSupportTest:testEventDispatchOrder:()V#81#81 prob_bp = 1.0
org.apache.commons.lang3.event.EventListenerSupportTest:testEventDispatchOrder:()V#81#82 prob_bp = 1.0
org.apache.commons.lang3.event.EventListenerSupportTest:testEventDispatchOrder:()V#82#85 prob_bp = 1.0
org.apache.commons.lang3.event.EventListenerSupportTest:testEventDispatchOrder:()V#82#86 prob_bp = 1.0
org.apache.commons.lang3.event.EventListenerSupportTest:testEventDispatchOrder:()V#82#87 prob_bp = 1.0
org.apache.commons.lang3.event.EventListenerSupportTest:testEventDispatchOrder:()V#82#92 prob_bp = 1.0
org.apache.commons.lang3.event.EventListenerSupportTest:testEventDispatchOrder:()V#82#93 prob_bp = 1.0
org.apache.commons.lang3.event.EventListenerSupportTest:testEventDispatchOrder:()V#83#96 prob_bp = 1.0
org.apache.commons.lang3.event.EventListenerSupportTest:testEventDispatchOrder:()V#83#97 prob_bp = 1.0
org.apache.commons.lang3.event.EventListenerSupportTest:testEventDispatchOrder:()V#83#98 prob_bp = 1.0
org.apache.commons.lang3.event.EventListenerSupportTest:testEventDispatchOrder:()V#83#103 prob_bp = 1.0
org.apache.commons.lang3.event.EventListenerSupportTest:testEventDispatchOrder:()V#83#105 prob_bp = 1.0
org.apache.commons.lang3.event.EventListenerSupportTest:testEventDispatchOrder:()V#84#108 prob_bp = 1.0
org.apache.commons.lang3.event.EventListenerSupportTest:testGetListeners:()V#125#0 prob_bp = 1.0
org.apache.commons.lang3.event.EventListenerSupportTest:testGetListeners:()V#125#3 prob_bp = 1.0
org.apache.commons.lang3.event.EventListenerSupportTest:testGetListeners:()V#125#6 prob_bp = 1.0
org.apache.commons.lang3.event.EventListenerSupportTest:testGetListeners:()V#127#7 prob_bp = 1.0
org.apache.commons.lang3.event.EventListenerSupportTest:testGetListeners:()V#127#8 prob_bp = 1.0
org.apache.commons.lang3.event.EventListenerSupportTest:testGetListeners:()V#127#11 prob_bp = 1.0
org.apache.commons.lang3.event.EventListenerSupportTest:testGetListeners:()V#127#14 prob_bp = 1.0
org.apache.commons.lang3.event.EventListenerSupportTest:testGetListeners:()V#128#15 prob_bp = 1.0
org.apache.commons.lang3.event.EventListenerSupportTest:testGetListeners:()V#128#16 prob_bp = 1.0
org.apache.commons.lang3.event.EventListenerSupportTest:testGetListeners:()V#128#17 prob_bp = 1.0
org.apache.commons.lang3.event.EventListenerSupportTest:testGetListeners:()V#128#18 prob_bp = 1.0
org.apache.commons.lang3.event.EventListenerSupportTest:testGetListeners:()V#129#21 prob_bp = 1.0
org.apache.commons.lang3.event.EventListenerSupportTest:testGetListeners:()V#129#24 prob_bp = 1.0
org.apache.commons.lang3.event.EventListenerSupportTest:testGetListeners:()V#129#25 prob_bp = 1.0
org.apache.commons.lang3.event.EventListenerSupportTest:testGetListeners:()V#129#28 prob_bp = 1.0
org.apache.commons.lang3.event.EventListenerSupportTest:testGetListeners:()V#129#31 prob_bp = 1.0
org.apache.commons.lang3.event.EventListenerSupportTest:testGetListeners:()V#130#34 prob_bp = 1.0
org.apache.commons.lang3.event.EventListenerSupportTest:testGetListeners:()V#130#35 prob_bp = 1.0
org.apache.commons.lang3.event.EventListenerSupportTest:testGetListeners:()V#132#36 prob_bp = 1.0
org.apache.commons.lang3.event.EventListenerSupportTest:testGetListeners:()V#132#37 prob_bp = 1.0
org.apache.commons.lang3.event.EventListenerSupportTest:testGetListeners:()V#132#38 prob_bp = 1.0
org.apache.commons.lang3.event.EventListenerSupportTest:testGetListeners:()V#132#41 prob_bp = 1.0
org.apache.commons.lang3.event.EventListenerSupportTest:testGetListeners:()V#134#44 prob_bp = 1.0
org.apache.commons.lang3.event.EventListenerSupportTest:testGetListeners:()V#134#47 prob_bp = 1.0
org.apache.commons.lang3.event.EventListenerSupportTest:testGetListeners:()V#134#50 prob_bp = 1.0
org.apache.commons.lang3.event.EventListenerSupportTest:testGetListeners:()V#134#53 prob_bp = 1.0
org.apache.commons.lang3.event.EventListenerSupportTest:testGetListeners:()V#135#55 prob_bp = 1.0
org.apache.commons.lang3.event.EventListenerSupportTest:testGetListeners:()V#135#56 prob_bp = 1.0
org.apache.commons.lang3.event.EventListenerSupportTest:testGetListeners:()V#135#58 prob_bp = 1.0
org.apache.commons.lang3.event.EventListenerSupportTest:testGetListeners:()V#136#61 prob_bp = 1.0
org.apache.commons.lang3.event.EventListenerSupportTest:testGetListeners:()V#136#62 prob_bp = 1.0
org.apache.commons.lang3.event.EventListenerSupportTest:testGetListeners:()V#136#63 prob_bp = 1.0
org.apache.commons.lang3.event.EventListenerSupportTest:testGetListeners:()V#136#66 prob_bp = 1.0
org.apache.commons.lang3.event.EventListenerSupportTest:testGetListeners:()V#136#69 prob_bp = 1.0
org.apache.commons.lang3.event.EventListenerSupportTest:testGetListeners:()V#136#70 prob_bp = 1.0
org.apache.commons.lang3.event.EventListenerSupportTest:testGetListeners:()V#137#73 prob_bp = 1.0
org.apache.commons.lang3.event.EventListenerSupportTest:testGetListeners:()V#137#76 prob_bp = 1.0
org.apache.commons.lang3.event.EventListenerSupportTest:testGetListeners:()V#137#79 prob_bp = 1.0
org.apache.commons.lang3.event.EventListenerSupportTest:testGetListeners:()V#137#82 prob_bp = 1.0
org.apache.commons.lang3.event.EventListenerSupportTest:testGetListeners:()V#138#84 prob_bp = 1.0
org.apache.commons.lang3.event.EventListenerSupportTest:testGetListeners:()V#138#85 prob_bp = 1.0
org.apache.commons.lang3.event.EventListenerSupportTest:testGetListeners:()V#138#87 prob_bp = 1.0
org.apache.commons.lang3.event.EventListenerSupportTest:testGetListeners:()V#139#90 prob_bp = 1.0
org.apache.commons.lang3.event.EventListenerSupportTest:testGetListeners:()V#139#91 prob_bp = 1.0
org.apache.commons.lang3.event.EventListenerSupportTest:testGetListeners:()V#139#92 prob_bp = 1.0
org.apache.commons.lang3.event.EventListenerSupportTest:testGetListeners:()V#139#95 prob_bp = 1.0
org.apache.commons.lang3.event.EventListenerSupportTest:testGetListeners:()V#139#98 prob_bp = 1.0
org.apache.commons.lang3.event.EventListenerSupportTest:testGetListeners:()V#139#99 prob_bp = 1.0
org.apache.commons.lang3.event.EventListenerSupportTest:testGetListeners:()V#140#102 prob_bp = 1.0
org.apache.commons.lang3.event.EventListenerSupportTest:testGetListeners:()V#140#103 prob_bp = 1.0
org.apache.commons.lang3.event.EventListenerSupportTest:testGetListeners:()V#140#105 prob_bp = 1.0
org.apache.commons.lang3.event.EventListenerSupportTest:testGetListeners:()V#141#108 prob_bp = 1.0
org.apache.commons.lang3.event.EventListenerSupportTest:testGetListeners:()V#141#109 prob_bp = 1.0
org.apache.commons.lang3.event.EventListenerSupportTest:testGetListeners:()V#141#110 prob_bp = 1.0
org.apache.commons.lang3.event.EventListenerSupportTest:testGetListeners:()V#141#113 prob_bp = 1.0
org.apache.commons.lang3.event.EventListenerSupportTest:testGetListeners:()V#141#116 prob_bp = 1.0
org.apache.commons.lang3.event.EventListenerSupportTest:testGetListeners:()V#141#117 prob_bp = 1.0
org.apache.commons.lang3.event.EventListenerSupportTest:testGetListeners:()V#142#120 prob_bp = 1.0
org.apache.commons.lang3.event.EventListenerSupportTest:testGetListeners:()V#142#121 prob_bp = 1.0
org.apache.commons.lang3.event.EventListenerSupportTest:testGetListeners:()V#142#123 prob_bp = 1.0
org.apache.commons.lang3.event.EventListenerSupportTest:testGetListeners:()V#143#126 prob_bp = 1.0
org.apache.commons.lang3.event.EventListenerSupportTest:testGetListeners:()V#143#127 prob_bp = 1.0
org.apache.commons.lang3.event.EventListenerSupportTest:testGetListeners:()V#143#128 prob_bp = 1.0
org.apache.commons.lang3.event.EventListenerSupportTest:testGetListeners:()V#143#131 prob_bp = 1.0
org.apache.commons.lang3.event.EventListenerSupportTest:testGetListeners:()V#144#134 prob_bp = 1.0
org.apache.commons.lang3.event.EventListenerSupportTest:testRemoveListenerDuringEvent:()V#114#0 prob_bp = 1.0
org.apache.commons.lang3.event.EventListenerSupportTest:testRemoveListenerDuringEvent:()V#114#3 prob_bp = 1.0
org.apache.commons.lang3.event.EventListenerSupportTest:testRemoveListenerDuringEvent:()V#114#6 prob_bp = 1.0
org.apache.commons.lang3.event.EventListenerSupportTest:testRemoveListenerDuringEvent:()V#115#7 prob_bp = 1.0
org.apache.commons.lang3.event.EventListenerSupportTest:testRemoveListenerDuringEvent:()V#115#8 prob_bp = 1.0
org.apache.commons.lang3.event.EventListenerSupportTest:testRemoveListenerDuringEvent:()V#115#9 prob_bp = 1.0
org.apache.commons.lang3.event.EventListenerSupportTest:testRemoveListenerDuringEvent:()V#115#10 prob_bp = 1.0
org.apache.commons.lang3.event.EventListenerSupportTest:testRemoveListenerDuringEvent:()V#115#12 prob_bp = 1.0
org.apache.commons.lang3.event.EventListenerSupportTest:testRemoveListenerDuringEvent:()V#117#15 prob_bp = 1.0
org.apache.commons.lang3.event.EventListenerSupportTest:testRemoveListenerDuringEvent:()V#117#16 prob_bp = 1.0
org.apache.commons.lang3.event.EventListenerSupportTest:testRemoveListenerDuringEvent:()V#117#17 prob_bp = 1.0
org.apache.commons.lang3.event.EventListenerSupportTest:addDeregisterListener:(Lorg/apache/commons/lang3/event/EventListenerSupport;)V#220#0 prob_bp = 1.0
org.apache.commons.lang3.event.EventListenerSupportTest:addDeregisterListener:(Lorg/apache/commons/lang3/event/EventListenerSupport;)V#220#1 prob_bp = 1.0
org.apache.commons.lang3.event.EventListenerSupportTest:addDeregisterListener:(Lorg/apache/commons/lang3/event/EventListenerSupport;)V#220#4 prob_bp = 1.0
org.apache.commons.lang3.event.EventListenerSupportTest:addDeregisterListener:(Lorg/apache/commons/lang3/event/EventListenerSupport;)V#220#5 prob_bp = 1.0
org.apache.commons.lang3.event.EventListenerSupportTest:addDeregisterListener:(Lorg/apache/commons/lang3/event/EventListenerSupport;)V#220#6 prob_bp = 1.0
org.apache.commons.lang3.event.EventListenerSupportTest:addDeregisterListener:(Lorg/apache/commons/lang3/event/EventListenerSupport;)V#220#7 prob_bp = 1.0
org.apache.commons.lang3.event.EventListenerSupportTest:addDeregisterListener:(Lorg/apache/commons/lang3/event/EventListenerSupport;)V#220#10 prob_bp = 1.0
org.apache.commons.lang3.event.EventListenerSupportTest:testRemoveListenerDuringEvent:()V#115#20 prob_bp = 1.0
org.apache.commons.lang3.event.EventListenerSupportTest:testRemoveListenerDuringEvent:()V#115#23 prob_bp = 1.0
org.apache.commons.lang3.event.EventListenerSupportTest:testRemoveListenerDuringEvent:()V#119#26 prob_bp = 1.0
org.apache.commons.lang3.event.EventListenerSupportTest:testRemoveListenerDuringEvent:()V#119#27 prob_bp = 1.0
org.apache.commons.lang3.event.EventListenerSupportTest:testRemoveListenerDuringEvent:()V#119#30 prob_bp = 1.0
org.apache.commons.lang3.event.EventListenerSupportTest:testRemoveListenerDuringEvent:()V#119#32 prob_bp = 1.0
org.apache.commons.lang3.event.EventListenerSupportTest:testRemoveListenerDuringEvent:()V#120#35 prob_bp = 1.0
org.apache.commons.lang3.event.EventListenerSupportTest:testRemoveListenerDuringEvent:()V#120#36 prob_bp = 1.0
org.apache.commons.lang3.event.EventListenerSupportTest:testRemoveListenerDuringEvent:()V#120#39 prob_bp = 1.0
org.apache.commons.lang3.event.EventListenerSupportTest:testRemoveListenerDuringEvent:()V#120#42 prob_bp = 1.0
org.apache.commons.lang3.event.EventListenerSupportTest:testRemoveListenerDuringEvent:()V#120#45 prob_bp = 1.0
org.apache.commons.lang3.event.EventListenerSupportTest:testRemoveListenerDuringEvent:()V#120#46 prob_bp = 1.0
org.apache.commons.lang3.event.EventListenerSupportTest:testRemoveListenerDuringEvent:()V#120#49 prob_bp = 1.0
org.apache.commons.lang3.event.EventListenerSupportTest:testRemoveListenerDuringEvent:()V#120#50 prob_bp = 1.0
org.apache.commons.lang3.event.EventListenerSupportTest:testRemoveListenerDuringEvent:()V#120#53 prob_bp = 1.0
org.apache.commons.lang3.event.EventListenerSupportTest:testRemoveListenerDuringEvent:()V#120#55 prob_bp = 1.0
org.apache.commons.lang3.event.EventListenerSupportTest:testRemoveListenerDuringEvent:()V#120#56 prob_bp = 1.0
org.apache.commons.lang3.event.EventListenerSupportTest:testRemoveListenerDuringEvent:()V#120#59 prob_bp = 1.0
org.apache.commons.lang3.event.EventListenerSupportTest:testRemoveListenerDuringEvent:()V#120#60 prob_bp = 1.0
org.apache.commons.lang3.event.EventListenerSupportTest:testRemoveListenerDuringEvent:()V#120#63 prob_bp = 1.0
org.apache.commons.lang3.event.EventListenerSupportTest:testRemoveListenerDuringEvent:()V#120#66 prob_bp = 1.0
org.apache.commons.lang3.event.EventListenerSupportTest:testRemoveListenerDuringEvent:()V#121#71 prob_bp = 1.0
org.apache.commons.lang3.event.EventListenerSupportTest:testRemoveListenerDuringEvent:()V#121#72 prob_bp = 1.0
org.apache.commons.lang3.event.EventListenerSupportTest:testRemoveListenerDuringEvent:()V#121#75 prob_bp = 1.0
org.apache.commons.lang3.event.EventListenerSupportTest:testRemoveListenerDuringEvent:()V#121#76 prob_bp = 1.0
org.apache.commons.lang3.event.EventListenerSupportTest:testRemoveListenerDuringEvent:()V#122#79 prob_bp = 1.0
org.apache.commons.lang3.event.EventListenerSupportTest:testRemoveNullListener:()V#59#0 prob_bp = 1.0
org.apache.commons.lang3.event.EventListenerSupportTest:testRemoveNullListener:()V#59#3 prob_bp = 1.0
org.apache.commons.lang3.event.EventListenerSupportTest:testRemoveNullListener:()V#59#6 prob_bp = 1.0
org.apache.commons.lang3.event.EventListenerSupportTest:testRemoveNullListener:()V#62#7 prob_bp = 1.0
org.apache.commons.lang3.event.EventListenerSupportTest:testRemoveNullListener:()V#62#8 prob_bp = 1.0
org.apache.commons.lang3.event.EventListenerSupportTest:testRemoveNullListener:()V#62#9 prob_bp = 1.0
org.apache.commons.lang3.event.EventListenerSupportTest:testRemoveNullListener:()V#65#20 prob_bp = 1.0
org.apache.commons.lang3.event.EventListenerSupportTest:testRemoveNullListener:()V#69#21 prob_bp = 1.0
org.apache.commons.lang3.event.EventListenerSupportTest:testSerialization:()V#147#0 prob_bp = 1.0
org.apache.commons.lang3.event.EventListenerSupportTest:testSerialization:()V#147#3 prob_bp = 1.0
org.apache.commons.lang3.event.EventListenerSupportTest:testSerialization:()V#147#6 prob_bp = 1.0
org.apache.commons.lang3.event.EventListenerSupportTest:testSerialization:()V#148#7 prob_bp = 1.0
org.apache.commons.lang3.event.EventListenerSupportTest:testSerialization:()V#148#8 prob_bp = 1.0
org.apache.commons.lang3.event.EventListenerSupportTest:testSerialization:()V#148#11 prob_bp = 1.0
org.apache.commons.lang3.event.EventListenerSupportTest:testSerialization:()V#148#12 prob_bp = 1.0
org.apache.commons.lang3.event.EventListenerSupportTest:testSerialization:()V#148#13 prob_bp = 1.0
org.apache.commons.lang3.event.EventListenerSupportTest:testSerialization:()V#148#16 prob_bp = 1.0
org.apache.commons.lang3.event.EventListenerSupportTest:testSerialization:()V#153#19 prob_bp = 1.0
org.apache.commons.lang3.event.EventListenerSupportTest:testSerialization:()V#153#20 prob_bp = 1.0
org.apache.commons.lang3.event.EventListenerSupportTest:testSerialization:()V#153#23 prob_bp = 1.0
org.apache.commons.lang3.event.EventListenerSupportTest:testSerialization:()V#153#26 prob_bp = 1.0
org.apache.commons.lang3.event.EventListenerSupportTest:testSerialization:()V#156#29 prob_bp = 1.0
org.apache.commons.lang3.event.EventListenerSupportTest:testSerialization:()V#156#32 prob_bp = 1.0
org.apache.commons.lang3.event.EventListenerSupportTest:testSerialization:()V#156#33 prob_bp = 1.0
org.apache.commons.lang3.event.EventListenerSupportTest:testSerialization:()V#156#36 prob_bp = 1.0
org.apache.commons.lang3.event.EventListenerSupportTest:testSerialization:()V#157#37 prob_bp = 1.0
org.apache.commons.lang3.event.EventListenerSupportTest:testSerialization:()V#157#40 prob_bp = 1.0
org.apache.commons.lang3.event.EventListenerSupportTest:testSerialization:()V#157#41 prob_bp = 1.0
org.apache.commons.lang3.event.EventListenerSupportTest:testSerialization:()V#157#42 prob_bp = 1.0
org.apache.commons.lang3.event.EventListenerSupportTest:testSerialization:()V#157#45 prob_bp = 1.0
org.apache.commons.lang3.event.EventListenerSupportTest:testSerialization:()V#159#46 prob_bp = 1.0
org.apache.commons.lang3.event.EventListenerSupportTest:testSerialization:()V#159#47 prob_bp = 1.0
org.apache.commons.lang3.event.EventListenerSupportTest:testSerialization:()V#159#48 prob_bp = 1.0
org.apache.commons.lang3.event.EventListenerSupportTest:testSerialization:()V#160#51 prob_bp = 1.0
org.apache.commons.lang3.event.EventListenerSupportTest:testSerialization:()V#160#52 prob_bp = 1.0
org.apache.commons.lang3.event.EventListenerSupportTest:testSerialization:()V#164#55 prob_bp = 1.0
org.apache.commons.lang3.event.EventListenerSupportTest:testSerialization:()V#164#58 prob_bp = 1.0
org.apache.commons.lang3.event.EventListenerSupportTest:testSerialization:()V#164#59 prob_bp = 1.0
org.apache.commons.lang3.event.EventListenerSupportTest:testSerialization:()V#164#62 prob_bp = 1.0
org.apache.commons.lang3.event.EventListenerSupportTest:testSerialization:()V#164#63 prob_bp = 1.0
org.apache.commons.lang3.event.EventListenerSupportTest:testSerialization:()V#164#64 prob_bp = 1.0
org.apache.commons.lang3.event.EventListenerSupportTest:testSerialization:()V#164#67 prob_bp = 1.0
org.apache.commons.lang3.event.EventListenerSupportTest:testSerialization:()V#164#70 prob_bp = 1.0
org.apache.commons.lang3.event.EventListenerSupportTest:testSerialization:()V#164#73 prob_bp = 1.0
org.apache.commons.lang3.event.EventListenerSupportTest:testSerialization:()V#164#76 prob_bp = 1.0
org.apache.commons.lang3.event.EventListenerSupportTest:testSerialization:()V#164#79 prob_bp = 1.0
org.apache.commons.lang3.event.EventListenerSupportTest:testSerialization:()V#168#81 prob_bp = 1.0
org.apache.commons.lang3.event.EventListenerSupportTest:testSerialization:()V#168#83 prob_bp = 1.0
org.apache.commons.lang3.event.EventListenerSupportTest:testSerialization:()V#168#86 prob_bp = 1.0
org.apache.commons.lang3.event.EventListenerSupportTest:testSerialization:()V#168#89 prob_bp = 1.0
org.apache.commons.lang3.event.EventListenerSupportTest:testSerialization:()V#169#91 prob_bp = 1.0
org.apache.commons.lang3.event.EventListenerSupportTest:testSerialization:()V#169#94 prob_bp = 1.0
org.apache.commons.lang3.event.EventListenerSupportTest:testSerialization:()V#169#96 prob_bp = 1.0
org.apache.commons.lang3.event.EventListenerSupportTest:testSerialization:()V#169#99 prob_bp = 1.0
org.apache.commons.lang3.event.EventListenerSupportTest:testSerialization:()V#169#102 prob_bp = 1.0
org.apache.commons.lang3.event.EventListenerSupportTest:testSerialization:()V#170#105 prob_bp = 1.0
org.apache.commons.lang3.event.EventListenerSupportTest:testSerialization:()V#170#106 prob_bp = 1.0
org.apache.commons.lang3.event.EventListenerSupportTest:testSerialization:()V#170#108 prob_bp = 1.0
org.apache.commons.lang3.event.EventListenerSupportTest:testSerialization:()V#170#109 prob_bp = 1.0
org.apache.commons.lang3.event.EventListenerSupportTest:testSerialization:()V#173#112 prob_bp = 1.0
org.apache.commons.lang3.event.EventListenerSupportTest:testSerialization:()V#173#114 prob_bp = 1.0
org.apache.commons.lang3.event.EventListenerSupportTest:testSerialization:()V#173#115 prob_bp = 1.0
org.apache.commons.lang3.event.EventListenerSupportTest:testSerialization:()V#173#116 prob_bp = 1.0
org.apache.commons.lang3.event.EventListenerSupportTest:testSerialization:()V#174#118 prob_bp = 1.0
org.apache.commons.lang3.event.EventListenerSupportTest:testSerialization:()V#174#121 prob_bp = 1.0
org.apache.commons.lang3.event.EventListenerSupportTest:testSerialization:()V#174#122 prob_bp = 1.0
org.apache.commons.lang3.event.EventListenerSupportTest:testSerialization:()V#174#125 prob_bp = 1.0
org.apache.commons.lang3.event.EventListenerSupportTest:testSerialization:()V#174#126 prob_bp = 1.0
org.apache.commons.lang3.event.EventListenerSupportTest:testSerialization:()V#174#129 prob_bp = 1.0
org.apache.commons.lang3.event.EventListenerSupportTest:testSerialization:()V#174#131 prob_bp = 1.0
org.apache.commons.lang3.event.EventListenerSupportTest:testSerialization:()V#174#133 prob_bp = 1.0
org.apache.commons.lang3.event.EventListenerSupportTest:testSerialization:()V#174#136 prob_bp = 1.0
org.apache.commons.lang3.event.EventListenerSupportTest:testSerialization:()V#174#138 prob_bp = 1.0
org.apache.commons.lang3.event.EventListenerSupportTest:testSerialization:()V#174#141 prob_bp = 1.0
org.apache.commons.lang3.event.EventListenerSupportTest:testSerialization:()V#174#144 prob_bp = 1.0
org.apache.commons.lang3.event.EventListenerSupportTest:testSerialization:()V#175#146 prob_bp = 1.0
org.apache.commons.lang3.event.EventListenerSupportTest:testSerialization:()V#175#148 prob_bp = 1.0
org.apache.commons.lang3.event.EventListenerSupportTest:testSerialization:()V#175#150 prob_bp = 1.0
org.apache.commons.lang3.event.EventListenerSupportTest:testSerialization:()V#176#155 prob_bp = 1.0
org.apache.commons.lang3.event.EventListenerSupportTest:testSerialization:()V#176#156 prob_bp = 1.0
org.apache.commons.lang3.event.EventListenerSupportTest:testSerialization:()V#176#159 prob_bp = 1.0
org.apache.commons.lang3.event.EventListenerSupportTest:testSerialization:()V#176#160 prob_bp = 1.0
org.apache.commons.lang3.event.EventListenerSupportTest:testSerialization:()V#176#161 prob_bp = 1.0
org.apache.commons.lang3.event.EventListenerSupportTest:testSerialization:()V#176#163 prob_bp = 1.0
org.apache.commons.lang3.event.EventListenerSupportTest:testSerialization:()V#176#164 prob_bp = 1.0
org.apache.commons.lang3.event.EventListenerSupportTest:testSerialization:()V#177#167 prob_bp = 1.0
org.apache.commons.lang3.event.EventListenerSupportTest:testSerialization:()V#177#169 prob_bp = 1.0
org.apache.commons.lang3.event.EventListenerSupportTest:testSerialization:()V#177#172 prob_bp = 1.0
org.apache.commons.lang3.event.EventListenerSupportTest:testSerialization:()V#177#175 prob_bp = 1.0
org.apache.commons.lang3.event.EventListenerSupportTest:testSerialization:()V#177#177 prob_bp = 1.0
org.apache.commons.lang3.event.EventListenerSupportTest:testSerialization:()V#178#182 prob_bp = 1.0
org.apache.commons.lang3.event.EventListenerSupportTest:testSerialization:()V#178#183 prob_bp = 1.0
org.apache.commons.lang3.event.EventListenerSupportTest:testSerialization:()V#178#186 prob_bp = 1.0
org.apache.commons.lang3.event.EventListenerSupportTest:testSerialization:()V#178#187 prob_bp = 1.0
org.apache.commons.lang3.event.EventListenerSupportTest:testSerialization:()V#178#188 prob_bp = 1.0
org.apache.commons.lang3.event.EventListenerSupportTest:testSerialization:()V#178#190 prob_bp = 1.0
org.apache.commons.lang3.event.EventListenerSupportTest:testSerialization:()V#178#191 prob_bp = 1.0
org.apache.commons.lang3.event.EventListenerSupportTest:testSerialization:()V#181#194 prob_bp = 1.0
org.apache.commons.lang3.event.EventListenerSupportTest:testSerialization:()V#181#196 prob_bp = 1.0
org.apache.commons.lang3.event.EventListenerSupportTest:testSerialization:()V#181#198 prob_bp = 1.0
org.apache.commons.lang3.event.EventListenerSupportTest:testSerialization:()V#182#201 prob_bp = 1.0
org.apache.commons.lang3.event.EventListenerSupportTest:testSerialization:()V#182#202 prob_bp = 1.0
org.apache.commons.lang3.event.EventListenerSupportTest:testSerialization:()V#182#204 prob_bp = 1.0
org.apache.commons.lang3.event.EventListenerSupportTest:testSerialization:()V#182#207 prob_bp = 1.0
org.apache.commons.lang3.event.EventListenerSupportTest:testSerialization:()V#182#210 prob_bp = 1.0
org.apache.commons.lang3.event.EventListenerSupportTest:testSerialization:()V#182#211 prob_bp = 1.0
org.apache.commons.lang3.event.EventListenerSupportTest:testSerialization:()V#183#214 prob_bp = 1.0
org.apache.commons.lang3.event.EventListenerSupportTest:testSubclassInvocationHandling:()V#188#0 prob_bp = 1.0
org.apache.commons.lang3.event.EventListenerSupportTest:testSubclassInvocationHandling:()V#188#3 prob_bp = 1.0
org.apache.commons.lang3.event.EventListenerSupportTest:testSubclassInvocationHandling:()V#188#4 prob_bp = 1.0
org.apache.commons.lang3.event.EventListenerSupportTest:testSubclassInvocationHandling:()V#188#5 prob_bp = 1.0
org.apache.commons.lang3.event.EventListenerSupportTest:testSubclassInvocationHandling:()V#188#8 prob_bp = 1.0
org.apache.commons.lang3.event.EventListenerSupportTest:testSubclassInvocationHandling:()V#188#11 prob_bp = 1.0
org.apache.commons.lang3.event.EventListenerSupportTest:testSubclassInvocationHandling:()V#206#12 prob_bp = 1.0
org.apache.commons.lang3.event.EventListenerSupportTest:testSubclassInvocationHandling:()V#206#15 prob_bp = 1.0
org.apache.commons.lang3.event.EventListenerSupportTest:testSubclassInvocationHandling:()V#206#18 prob_bp = 1.0
org.apache.commons.lang3.event.EventListenerSupportTest:testSubclassInvocationHandling:()V#206#21 prob_bp = 1.0
org.apache.commons.lang3.event.EventListenerSupportTest:testSubclassInvocationHandling:()V#207#22 prob_bp = 1.0
org.apache.commons.lang3.event.EventListenerSupportTest:testSubclassInvocationHandling:()V#207#23 prob_bp = 1.0
org.apache.commons.lang3.event.EventListenerSupportTest:testSubclassInvocationHandling:()V#207#24 prob_bp = 1.0
org.apache.commons.lang3.event.EventListenerSupportTest:testSubclassInvocationHandling:()V#208#27 prob_bp = 1.0
org.apache.commons.lang3.event.EventListenerSupportTest:testSubclassInvocationHandling:()V#208#30 prob_bp = 1.0
org.apache.commons.lang3.event.EventListenerSupportTest:testSubclassInvocationHandling:()V#208#31 prob_bp = 1.0
org.apache.commons.lang3.event.EventListenerSupportTest:testSubclassInvocationHandling:()V#208#34 prob_bp = 1.0
org.apache.commons.lang3.event.EventListenerSupportTest:testSubclassInvocationHandling:()V#209#35 prob_bp = 1.0
org.apache.commons.lang3.event.EventListenerSupportTest:testSubclassInvocationHandling:()V#209#38 prob_bp = 1.0
org.apache.commons.lang3.event.EventListenerSupportTest:testSubclassInvocationHandling:()V#209#39 prob_bp = 1.0
org.apache.commons.lang3.event.EventListenerSupportTest:testSubclassInvocationHandling:()V#209#40 prob_bp = 1.0
org.apache.commons.lang3.event.EventListenerSupportTest:testSubclassInvocationHandling:()V#209#42 prob_bp = 1.0
org.apache.commons.lang3.event.EventListenerSupportTest:testSubclassInvocationHandling:()V#209#43 prob_bp = 1.0
org.apache.commons.lang3.event.EventListenerSupportTest:testSubclassInvocationHandling:()V#209#46 prob_bp = 1.0
org.apache.commons.lang3.event.EventListenerSupportTest:testSubclassInvocationHandling:()V#209#48 prob_bp = 1.0
org.apache.commons.lang3.event.EventListenerSupportTest:testSubclassInvocationHandling:()V#209#51 prob_bp = 1.0
org.apache.commons.lang3.event.EventListenerSupportTest:testSubclassInvocationHandling:()V#209#54 prob_bp = 1.0
org.apache.commons.lang3.event.EventListenerSupportTest:testSubclassInvocationHandling:()V#210#56 prob_bp = 1.0
org.apache.commons.lang3.event.EventListenerSupportTest:testSubclassInvocationHandling:()V#210#59 prob_bp = 1.0
org.apache.commons.lang3.event.EventListenerSupportTest:testSubclassInvocationHandling:()V#210#60 prob_bp = 1.0
org.apache.commons.lang3.event.EventListenerSupportTest:testSubclassInvocationHandling:()V#210#61 prob_bp = 1.0
org.apache.commons.lang3.event.EventListenerSupportTest:testSubclassInvocationHandling:()V#210#63 prob_bp = 1.0
org.apache.commons.lang3.event.EventListenerSupportTest:testSubclassInvocationHandling:()V#210#65 prob_bp = 1.0
org.apache.commons.lang3.event.EventListenerSupportTest:testSubclassInvocationHandling:()V#210#68 prob_bp = 1.0
org.apache.commons.lang3.event.EventListenerSupportTest:testSubclassInvocationHandling:()V#210#70 prob_bp = 1.0
org.apache.commons.lang3.event.EventListenerSupportTest:testSubclassInvocationHandling:()V#210#73 prob_bp = 1.0
org.apache.commons.lang3.event.EventListenerSupportTest:testSubclassInvocationHandling:()V#210#76 prob_bp = 1.0
org.apache.commons.lang3.event.EventListenerSupportTest:testSubclassInvocationHandling:()V#211#78 prob_bp = 1.0
org.apache.commons.lang3.event.EventListenerSupportTest:testSubclassInvocationHandling:()V#211#79 prob_bp = 1.0
org.apache.commons.lang3.event.EventListenerSupportTest:testSubclassInvocationHandling:()V#211#81 prob_bp = 1.0
org.apache.commons.lang3.event.EventListenerSupportTest:testSubclassInvocationHandling:()V#212#86 prob_bp = 1.0
org.apache.commons.lang3.event.EventListenerSupportTest:testSubclassInvocationHandling:()V#212#87 prob_bp = 1.0
org.apache.commons.lang3.event.EventListenerSupportTest:testSubclassInvocationHandling:()V#212#90 prob_bp = 1.0
org.apache.commons.lang3.event.EventListenerSupportTest:testSubclassInvocationHandling:()V#212#91 prob_bp = 1.0
org.apache.commons.lang3.event.EventListenerSupportTest:testSubclassInvocationHandling:()V#212#92 prob_bp = 1.0
org.apache.commons.lang3.event.EventListenerSupportTest:testSubclassInvocationHandling:()V#212#93 prob_bp = 1.0
org.apache.commons.lang3.event.EventListenerSupportTest:testSubclassInvocationHandling:()V#212#94 prob_bp = 1.0
org.apache.commons.lang3.event.EventListenerSupportTest:testSubclassInvocationHandling:()V#213#97 prob_bp = 1.0
org.apache.commons.lang3.event.EventListenerSupportTest:testSubclassInvocationHandling:()V#213#98 prob_bp = 1.0
org.apache.commons.lang3.event.EventListenerSupportTest:testSubclassInvocationHandling:()V#213#101 prob_bp = 1.0
org.apache.commons.lang3.event.EventListenerSupportTest:testSubclassInvocationHandling:()V#213#104 prob_bp = 1.0
org.apache.commons.lang3.event.EventListenerSupportTest:testSubclassInvocationHandling:()V#213#106 prob_bp = 1.0
org.apache.commons.lang3.event.EventListenerSupportTest:testSubclassInvocationHandling:()V#214#111 prob_bp = 1.0
org.apache.commons.lang3.event.EventListenerSupportTest:testSubclassInvocationHandling:()V#214#112 prob_bp = 1.0
org.apache.commons.lang3.event.EventListenerSupportTest:testSubclassInvocationHandling:()V#214#115 prob_bp = 1.0
org.apache.commons.lang3.event.EventListenerSupportTest:testSubclassInvocationHandling:()V#214#118 prob_bp = 1.0
org.apache.commons.lang3.event.EventListenerSupportTest:testSubclassInvocationHandling:()V#214#120 prob_bp = 1.0
org.apache.commons.lang3.event.EventListenerSupportTest:testSubclassInvocationHandling:()V#215#125 prob_bp = 1.0
org.apache.commons.lang3.event.EventListenerSupportTest:testSubclassInvocationHandling:()V#215#126 prob_bp = 1.0
org.apache.commons.lang3.event.EventListenerSupportTest:testSubclassInvocationHandling:()V#215#129 prob_bp = 1.0
org.apache.commons.lang3.event.EventListenerSupportTest:testSubclassInvocationHandling:()V#215#130 prob_bp = 1.0
org.apache.commons.lang3.event.EventListenerSupportTest:testSubclassInvocationHandling:()V#215#131 prob_bp = 1.0
org.apache.commons.lang3.event.EventListenerSupportTest:testSubclassInvocationHandling:()V#215#132 prob_bp = 1.0
org.apache.commons.lang3.event.EventListenerSupportTest:testSubclassInvocationHandling:()V#215#133 prob_bp = 1.0
org.apache.commons.lang3.event.EventListenerSupportTest:testSubclassInvocationHandling:()V#216#136 prob_bp = 1.0
org.apache.commons.lang3.event.EventUtilsTest:testAddEventListener:()V#40#0 prob_bp = 1.0
org.apache.commons.lang3.event.EventUtilsTest:testAddEventListener:()V#40#3 prob_bp = 1.0
org.apache.commons.lang3.event.EventUtilsTest:testAddEventListener:()V#40#4 prob_bp = 1.0
org.apache.commons.lang3.event.EventUtilsTest:testAddEventListener:()V#40#7 prob_bp = 1.0
org.apache.commons.lang3.event.EventUtilsTest:testAddEventListener:()V#41#8 prob_bp = 1.0
org.apache.commons.lang3.event.EventUtilsTest:testAddEventListener:()V#41#11 prob_bp = 1.0
org.apache.commons.lang3.event.EventUtilsTest:testAddEventListener:()V#41#12 prob_bp = 1.0
org.apache.commons.lang3.event.EventUtilsTest:testAddEventListener:()V#41#13 prob_bp = 1.0
org.apache.commons.lang3.event.EventUtilsTest:testAddEventListener:()V#41#16 prob_bp = 1.0
org.apache.commons.lang3.event.EventUtilsTest:testAddEventListener:()V#42#17 prob_bp = 1.0
org.apache.commons.lang3.event.EventUtilsTest:testAddEventListener:()V#42#18 prob_bp = 1.0
org.apache.commons.lang3.event.EventUtilsTest:testAddEventListener:()V#42#21 prob_bp = 1.0
org.apache.commons.lang3.event.EventUtilsTest:testAddEventListener:()V#42#24 prob_bp = 1.0
org.apache.commons.lang3.event.EventUtilsTest:testAddEventListener:()V#42#27 prob_bp = 1.0
org.apache.commons.lang3.event.EventUtilsTest:testAddEventListener:()V#43#28 prob_bp = 1.0
org.apache.commons.lang3.event.EventUtilsTest:testAddEventListener:()V#43#29 prob_bp = 1.0
org.apache.commons.lang3.event.EventUtilsTest:testAddEventListener:()V#43#30 prob_bp = 1.0
org.apache.commons.lang3.event.EventUtilsTest:testAddEventListener:()V#43#32 prob_bp = 1.0
org.apache.commons.lang3.event.EventUtilsTest:testAddEventListener:()V#43#35 prob_bp = 1.0
org.apache.commons.lang3.event.EventUtilsTest:testAddEventListener:()V#44#38 prob_bp = 1.0
org.apache.commons.lang3.event.EventUtilsTest:testAddEventListener:()V#44#39 prob_bp = 1.0
org.apache.commons.lang3.event.EventUtilsTest:testAddEventListener:()V#44#42 prob_bp = 1.0
org.apache.commons.lang3.event.EventUtilsTest:testAddEventListener:()V#44#43 prob_bp = 1.0
org.apache.commons.lang3.event.EventUtilsTest:testAddEventListener:()V#45#46 prob_bp = 1.0
org.apache.commons.lang3.event.EventUtilsTest:testAddEventListener:()V#45#47 prob_bp = 1.0
org.apache.commons.lang3.event.EventUtilsTest:testAddEventListener:()V#45#48 prob_bp = 1.0
org.apache.commons.lang3.event.EventUtilsTest:testAddEventListener:()V#45#50 prob_bp = 1.0
org.apache.commons.lang3.event.EventUtilsTest:testAddEventListener:()V#45#53 prob_bp = 1.0
org.apache.commons.lang3.event.EventUtilsTest:testAddEventListener:()V#46#56 prob_bp = 1.0
org.apache.commons.lang3.event.EventUtilsTest:testAddEventListener:()V#46#57 prob_bp = 1.0
org.apache.commons.lang3.event.EventUtilsTest:testAddEventListener:()V#46#59 prob_bp = 1.0
org.apache.commons.lang3.event.EventUtilsTest:testAddEventListener:()V#47#62 prob_bp = 1.0
org.apache.commons.lang3.event.EventUtilsTest:testAddEventListener:()V#47#63 prob_bp = 1.0
org.apache.commons.lang3.event.EventUtilsTest:testAddEventListener:()V#47#64 prob_bp = 1.0
org.apache.commons.lang3.event.EventUtilsTest:testAddEventListener:()V#47#66 prob_bp = 1.0
org.apache.commons.lang3.event.EventUtilsTest:testAddEventListener:()V#47#69 prob_bp = 1.0
org.apache.commons.lang3.event.EventUtilsTest:testAddEventListener:()V#48#72 prob_bp = 1.0
org.apache.commons.lang3.event.EventUtilsTest:testAddEventListenerWithNoAddMethod:()V#52#0 prob_bp = 1.0
org.apache.commons.lang3.event.EventUtilsTest:testAddEventListenerWithNoAddMethod:()V#52#3 prob_bp = 1.0
org.apache.commons.lang3.event.EventUtilsTest:testAddEventListenerWithNoAddMethod:()V#52#4 prob_bp = 1.0
org.apache.commons.lang3.event.EventUtilsTest:testAddEventListenerWithNoAddMethod:()V#52#7 prob_bp = 1.0
org.apache.commons.lang3.event.EventUtilsTest:testAddEventListenerWithNoAddMethod:()V#53#8 prob_bp = 1.0
org.apache.commons.lang3.event.EventUtilsTest:testAddEventListenerWithNoAddMethod:()V#53#11 prob_bp = 1.0
org.apache.commons.lang3.event.EventUtilsTest:testAddEventListenerWithNoAddMethod:()V#53#12 prob_bp = 1.0
org.apache.commons.lang3.event.EventUtilsTest:testAddEventListenerWithNoAddMethod:()V#53#13 prob_bp = 1.0
org.apache.commons.lang3.event.EventUtilsTest:testAddEventListenerWithNoAddMethod:()V#53#16 prob_bp = 1.0
org.apache.commons.lang3.event.EventUtilsTest:testAddEventListenerWithNoAddMethod:()V#54#17 prob_bp = 1.0
org.apache.commons.lang3.event.EventUtilsTest:testAddEventListenerWithNoAddMethod:()V#54#18 prob_bp = 1.0
org.apache.commons.lang3.event.EventUtilsTest:testAddEventListenerWithNoAddMethod:()V#54#21 prob_bp = 1.0
org.apache.commons.lang3.event.EventUtilsTest:testAddEventListenerWithNoAddMethod:()V#54#24 prob_bp = 1.0
org.apache.commons.lang3.event.EventUtilsTest:testAddEventListenerWithNoAddMethod:()V#54#27 prob_bp = 1.0
org.apache.commons.lang3.event.EventUtilsTest:testAddEventListenerWithNoAddMethod:()V#57#28 prob_bp = 1.0
org.apache.commons.lang3.event.EventUtilsTest:testAddEventListenerWithNoAddMethod:()V#57#29 prob_bp = 1.0
org.apache.commons.lang3.event.EventUtilsTest:testAddEventListenerWithNoAddMethod:()V#57#32 prob_bp = 1.0
org.apache.commons.lang3.event.EventUtilsTest:testAddEventListenerWithNoAddMethod:()V#57#33 prob_bp = 1.0
org.apache.commons.lang3.event.EventUtilsTest:testAddEventListenerWithNoAddMethod:()V#60#44 prob_bp = 1.0
org.apache.commons.lang3.event.EventUtilsTest:testAddEventListenerWithNoAddMethod:()V#62#46 prob_bp = 1.0
org.apache.commons.lang3.event.EventUtilsTest:testAddEventListenerWithNoAddMethod:()V#62#49 prob_bp = 1.0
org.apache.commons.lang3.event.EventUtilsTest:testAddEventListenerWithNoAddMethod:()V#62#50 prob_bp = 1.0
org.apache.commons.lang3.event.EventUtilsTest:testAddEventListenerWithNoAddMethod:()V#62#53 prob_bp = 1.0
org.apache.commons.lang3.event.EventUtilsTest:testAddEventListenerWithNoAddMethod:()V#62#55 prob_bp = 1.0
org.apache.commons.lang3.event.EventUtilsTest:testAddEventListenerWithNoAddMethod:()V#62#58 prob_bp = 1.0
org.apache.commons.lang3.event.EventUtilsTest:testAddEventListenerWithNoAddMethod:()V#62#59 prob_bp = 1.0
org.apache.commons.lang3.event.EventUtilsTest:testAddEventListenerWithNoAddMethod:()V#62#62 prob_bp = 1.0
org.apache.commons.lang3.event.EventUtilsTest:testAddEventListenerWithNoAddMethod:()V#62#65 prob_bp = 1.0
org.apache.commons.lang3.event.EventUtilsTest:testAddEventListenerWithNoAddMethod:()V#62#68 prob_bp = 1.0
org.apache.commons.lang3.event.EventUtilsTest:testAddEventListenerWithNoAddMethod:()V#62#70 prob_bp = 1.0
org.apache.commons.lang3.event.EventUtilsTest:testAddEventListenerWithNoAddMethod:()V#62#73 prob_bp = 1.0
org.apache.commons.lang3.event.EventUtilsTest:testAddEventListenerWithNoAddMethod:()V#62#76 prob_bp = 1.0
org.apache.commons.lang3.event.EventUtilsTest:testAddEventListenerWithNoAddMethod:()V#62#79 prob_bp = 1.0
org.apache.commons.lang3.event.EventUtilsTest:testAddEventListenerWithNoAddMethod:()V#62#82 prob_bp = 1.0
org.apache.commons.lang3.event.EventUtilsTest:testAddEventListenerWithNoAddMethod:()V#62#84 prob_bp = 1.0
org.apache.commons.lang3.event.EventUtilsTest:testAddEventListenerWithNoAddMethod:()V#62#87 prob_bp = 1.0
org.apache.commons.lang3.event.EventUtilsTest:testAddEventListenerWithNoAddMethod:()V#62#90 prob_bp = 1.0
org.apache.commons.lang3.event.EventUtilsTest:testAddEventListenerWithNoAddMethod:()V#62#93 prob_bp = 1.0
org.apache.commons.lang3.event.EventUtilsTest:testAddEventListenerWithNoAddMethod:()V#62#96 prob_bp = 1.0
org.apache.commons.lang3.event.EventUtilsTest:testAddEventListenerWithNoAddMethod:()V#62#98 prob_bp = 1.0
org.apache.commons.lang3.event.EventUtilsTest:testAddEventListenerWithNoAddMethod:()V#62#101 prob_bp = 1.0
org.apache.commons.lang3.event.EventUtilsTest:testAddEventListenerWithNoAddMethod:()V#62#104 prob_bp = 1.0
org.apache.commons.lang3.event.EventUtilsTest:testAddEventListenerWithNoAddMethod:()V#62#106 prob_bp = 1.0
org.apache.commons.lang3.event.EventUtilsTest:testAddEventListenerWithNoAddMethod:()V#62#109 prob_bp = 1.0
org.apache.commons.lang3.event.EventUtilsTest:testAddEventListenerWithNoAddMethod:()V#64#112 prob_bp = 1.0
org.apache.commons.lang3.event.EventUtilsTest:testAddEventListenerWithPrivateAddMethod:()V#88#0 prob_bp = 1.0
org.apache.commons.lang3.event.EventUtilsTest:testAddEventListenerWithPrivateAddMethod:()V#88#3 prob_bp = 1.0
org.apache.commons.lang3.event.EventUtilsTest:testAddEventListenerWithPrivateAddMethod:()V#88#4 prob_bp = 1.0
org.apache.commons.lang3.event.EventUtilsTest:testAddEventListenerWithPrivateAddMethod:()V#88#7 prob_bp = 1.0
org.apache.commons.lang3.event.EventUtilsTest:testAddEventListenerWithPrivateAddMethod:()V#89#8 prob_bp = 1.0
org.apache.commons.lang3.event.EventUtilsTest:testAddEventListenerWithPrivateAddMethod:()V#89#11 prob_bp = 1.0
org.apache.commons.lang3.event.EventUtilsTest:testAddEventListenerWithPrivateAddMethod:()V#89#12 prob_bp = 1.0
org.apache.commons.lang3.event.EventUtilsTest:testAddEventListenerWithPrivateAddMethod:()V#89#13 prob_bp = 1.0
org.apache.commons.lang3.event.EventUtilsTest:testAddEventListenerWithPrivateAddMethod:()V#89#16 prob_bp = 1.0
org.apache.commons.lang3.event.EventUtilsTest:testAddEventListenerWithPrivateAddMethod:()V#90#17 prob_bp = 1.0
org.apache.commons.lang3.event.EventUtilsTest:testAddEventListenerWithPrivateAddMethod:()V#90#18 prob_bp = 1.0
org.apache.commons.lang3.event.EventUtilsTest:testAddEventListenerWithPrivateAddMethod:()V#90#21 prob_bp = 1.0
org.apache.commons.lang3.event.EventUtilsTest:testAddEventListenerWithPrivateAddMethod:()V#90#24 prob_bp = 1.0
org.apache.commons.lang3.event.EventUtilsTest:testAddEventListenerWithPrivateAddMethod:()V#90#27 prob_bp = 1.0
org.apache.commons.lang3.event.EventUtilsTest:testAddEventListenerWithPrivateAddMethod:()V#93#28 prob_bp = 1.0
org.apache.commons.lang3.event.EventUtilsTest:testAddEventListenerWithPrivateAddMethod:()V#93#29 prob_bp = 1.0
org.apache.commons.lang3.event.EventUtilsTest:testAddEventListenerWithPrivateAddMethod:()V#93#32 prob_bp = 1.0
org.apache.commons.lang3.event.EventUtilsTest:testAddEventListenerWithPrivateAddMethod:()V#93#33 prob_bp = 1.0
org.apache.commons.lang3.event.EventUtilsTest:testAddEventListenerWithPrivateAddMethod:()V#96#44 prob_bp = 1.0
org.apache.commons.lang3.event.EventUtilsTest:testAddEventListenerWithPrivateAddMethod:()V#98#46 prob_bp = 1.0
org.apache.commons.lang3.event.EventUtilsTest:testAddEventListenerWithPrivateAddMethod:()V#98#49 prob_bp = 1.0
org.apache.commons.lang3.event.EventUtilsTest:testAddEventListenerWithPrivateAddMethod:()V#98#50 prob_bp = 1.0
org.apache.commons.lang3.event.EventUtilsTest:testAddEventListenerWithPrivateAddMethod:()V#98#53 prob_bp = 1.0
org.apache.commons.lang3.event.EventUtilsTest:testAddEventListenerWithPrivateAddMethod:()V#98#55 prob_bp = 1.0
org.apache.commons.lang3.event.EventUtilsTest:testAddEventListenerWithPrivateAddMethod:()V#98#58 prob_bp = 1.0
org.apache.commons.lang3.event.EventUtilsTest:testAddEventListenerWithPrivateAddMethod:()V#98#59 prob_bp = 1.0
org.apache.commons.lang3.event.EventUtilsTest:testAddEventListenerWithPrivateAddMethod:()V#98#62 prob_bp = 1.0
org.apache.commons.lang3.event.EventUtilsTest:testAddEventListenerWithPrivateAddMethod:()V#98#65 prob_bp = 1.0
org.apache.commons.lang3.event.EventUtilsTest:testAddEventListenerWithPrivateAddMethod:()V#98#68 prob_bp = 1.0
org.apache.commons.lang3.event.EventUtilsTest:testAddEventListenerWithPrivateAddMethod:()V#98#70 prob_bp = 1.0
org.apache.commons.lang3.event.EventUtilsTest:testAddEventListenerWithPrivateAddMethod:()V#98#73 prob_bp = 1.0
org.apache.commons.lang3.event.EventUtilsTest:testAddEventListenerWithPrivateAddMethod:()V#98#76 prob_bp = 1.0
org.apache.commons.lang3.event.EventUtilsTest:testAddEventListenerWithPrivateAddMethod:()V#98#79 prob_bp = 1.0
org.apache.commons.lang3.event.EventUtilsTest:testAddEventListenerWithPrivateAddMethod:()V#98#82 prob_bp = 1.0
org.apache.commons.lang3.event.EventUtilsTest:testAddEventListenerWithPrivateAddMethod:()V#98#84 prob_bp = 1.0
org.apache.commons.lang3.event.EventUtilsTest:testAddEventListenerWithPrivateAddMethod:()V#98#87 prob_bp = 1.0
org.apache.commons.lang3.event.EventUtilsTest:testAddEventListenerWithPrivateAddMethod:()V#98#90 prob_bp = 1.0
org.apache.commons.lang3.event.EventUtilsTest:testAddEventListenerWithPrivateAddMethod:()V#98#93 prob_bp = 1.0
org.apache.commons.lang3.event.EventUtilsTest:testAddEventListenerWithPrivateAddMethod:()V#98#96 prob_bp = 1.0
org.apache.commons.lang3.event.EventUtilsTest:testAddEventListenerWithPrivateAddMethod:()V#98#98 prob_bp = 1.0
org.apache.commons.lang3.event.EventUtilsTest:testAddEventListenerWithPrivateAddMethod:()V#98#101 prob_bp = 1.0
org.apache.commons.lang3.event.EventUtilsTest:testAddEventListenerWithPrivateAddMethod:()V#98#104 prob_bp = 1.0
org.apache.commons.lang3.event.EventUtilsTest:testAddEventListenerWithPrivateAddMethod:()V#98#106 prob_bp = 1.0
org.apache.commons.lang3.event.EventUtilsTest:testAddEventListenerWithPrivateAddMethod:()V#98#109 prob_bp = 1.0
org.apache.commons.lang3.event.EventUtilsTest:testAddEventListenerWithPrivateAddMethod:()V#100#112 prob_bp = 1.0
org.apache.commons.lang3.event.EventUtilsTest:testBindEventsToMethod:()V#104#0 prob_bp = 1.0
org.apache.commons.lang3.event.EventUtilsTest:testBindEventsToMethod:()V#104#3 prob_bp = 1.0
org.apache.commons.lang3.event.EventUtilsTest:testBindEventsToMethod:()V#104#4 prob_bp = 1.0
org.apache.commons.lang3.event.EventUtilsTest:testBindEventsToMethod:()V#104#7 prob_bp = 1.0
org.apache.commons.lang3.event.EventUtilsTest:testBindEventsToMethod:()V#105#8 prob_bp = 1.0
org.apache.commons.lang3.event.EventUtilsTest:testBindEventsToMethod:()V#105#11 prob_bp = 1.0
org.apache.commons.lang3.event.EventUtilsTest:testBindEventsToMethod:()V#105#12 prob_bp = 1.0
org.apache.commons.lang3.event.EventUtilsTest:testBindEventsToMethod:()V#105#15 prob_bp = 1.0
org.apache.commons.lang3.event.EventUtilsTest:testBindEventsToMethod:()V#106#16 prob_bp = 1.0
org.apache.commons.lang3.event.EventUtilsTest:testBindEventsToMethod:()V#106#17 prob_bp = 1.0
org.apache.commons.lang3.event.EventUtilsTest:testBindEventsToMethod:()V#106#19 prob_bp = 1.0
org.apache.commons.lang3.event.EventUtilsTest:testBindEventsToMethod:()V#106#20 prob_bp = 1.0
org.apache.commons.lang3.event.EventUtilsTest:testBindEventsToMethod:()V#106#23 prob_bp = 1.0
org.apache.commons.lang3.event.EventUtilsTest:testBindEventsToMethod:()V#106#24 prob_bp = 1.0
org.apache.commons.lang3.event.EventUtilsTest:testBindEventsToMethod:()V#106#27 prob_bp = 1.0
org.apache.commons.lang3.event.EventUtilsTest:testBindEventsToMethod:()V#107#30 prob_bp = 1.0
org.apache.commons.lang3.event.EventUtilsTest:testBindEventsToMethod:()V#107#31 prob_bp = 1.0
org.apache.commons.lang3.event.EventUtilsTest:testBindEventsToMethod:()V#107#32 prob_bp = 1.0
org.apache.commons.lang3.event.EventUtilsTest:testBindEventsToMethod:()V#107#35 prob_bp = 1.0
org.apache.commons.lang3.event.EventUtilsTest:testBindEventsToMethod:()V#108#38 prob_bp = 1.0
org.apache.commons.lang3.event.EventUtilsTest:testBindEventsToMethod:()V#108#39 prob_bp = 1.0
org.apache.commons.lang3.event.EventUtilsTest:testBindEventsToMethod:()V#108#41 prob_bp = 1.0
org.apache.commons.lang3.event.EventUtilsTest:testBindEventsToMethod:()V#109#44 prob_bp = 1.0
org.apache.commons.lang3.event.EventUtilsTest:testBindEventsToMethod:()V#109#45 prob_bp = 1.0
org.apache.commons.lang3.event.EventUtilsTest:testBindEventsToMethod:()V#109#46 prob_bp = 1.0
org.apache.commons.lang3.event.EventUtilsTest:testBindEventsToMethod:()V#109#49 prob_bp = 1.0
org.apache.commons.lang3.event.EventUtilsTest:testBindEventsToMethod:()V#110#52 prob_bp = 1.0
org.apache.commons.lang3.event.EventUtilsTest:testBindEventsToMethodWithEvent:()V#115#0 prob_bp = 1.0
org.apache.commons.lang3.event.EventUtilsTest:testBindEventsToMethodWithEvent:()V#115#3 prob_bp = 1.0
org.apache.commons.lang3.event.EventUtilsTest:testBindEventsToMethodWithEvent:()V#115#4 prob_bp = 1.0
org.apache.commons.lang3.event.EventUtilsTest:testBindEventsToMethodWithEvent:()V#115#7 prob_bp = 1.0
org.apache.commons.lang3.event.EventUtilsTest:testBindEventsToMethodWithEvent:()V#116#8 prob_bp = 1.0
org.apache.commons.lang3.event.EventUtilsTest:testBindEventsToMethodWithEvent:()V#116#11 prob_bp = 1.0
org.apache.commons.lang3.event.EventUtilsTest:testBindEventsToMethodWithEvent:()V#116#12 prob_bp = 1.0
org.apache.commons.lang3.event.EventUtilsTest:testBindEventsToMethodWithEvent:()V#116#15 prob_bp = 1.0
org.apache.commons.lang3.event.EventUtilsTest:testBindEventsToMethodWithEvent:()V#117#16 prob_bp = 1.0
org.apache.commons.lang3.event.EventUtilsTest:testBindEventsToMethodWithEvent:()V#117#17 prob_bp = 1.0
org.apache.commons.lang3.event.EventUtilsTest:testBindEventsToMethodWithEvent:()V#117#19 prob_bp = 1.0
org.apache.commons.lang3.event.EventUtilsTest:testBindEventsToMethodWithEvent:()V#117#20 prob_bp = 1.0
org.apache.commons.lang3.event.EventUtilsTest:testBindEventsToMethodWithEvent:()V#117#23 prob_bp = 1.0
org.apache.commons.lang3.event.EventUtilsTest:testBindEventsToMethodWithEvent:()V#117#24 prob_bp = 1.0
org.apache.commons.lang3.event.EventUtilsTest:testBindEventsToMethodWithEvent:()V#117#27 prob_bp = 1.0
org.apache.commons.lang3.event.EventUtilsTest:testBindEventsToMethodWithEvent:()V#118#30 prob_bp = 1.0
org.apache.commons.lang3.event.EventUtilsTest:testBindEventsToMethodWithEvent:()V#118#31 prob_bp = 1.0
org.apache.commons.lang3.event.EventUtilsTest:testBindEventsToMethodWithEvent:()V#118#32 prob_bp = 1.0
org.apache.commons.lang3.event.EventUtilsTest:testBindEventsToMethodWithEvent:()V#118#35 prob_bp = 1.0
org.apache.commons.lang3.event.EventUtilsTest:testBindEventsToMethodWithEvent:()V#119#38 prob_bp = 1.0
org.apache.commons.lang3.event.EventUtilsTest:testBindEventsToMethodWithEvent:()V#119#39 prob_bp = 1.0
org.apache.commons.lang3.event.EventUtilsTest:testBindEventsToMethodWithEvent:()V#119#41 prob_bp = 1.0
org.apache.commons.lang3.event.EventUtilsTest:testBindEventsToMethodWithEvent:()V#120#44 prob_bp = 1.0
org.apache.commons.lang3.event.EventUtilsTest:testBindEventsToMethodWithEvent:()V#120#45 prob_bp = 1.0
org.apache.commons.lang3.event.EventUtilsTest:testBindEventsToMethodWithEvent:()V#120#46 prob_bp = 1.0
org.apache.commons.lang3.event.EventUtilsTest:testBindEventsToMethodWithEvent:()V#120#49 prob_bp = 1.0
org.apache.commons.lang3.event.EventUtilsTest:testBindEventsToMethodWithEvent:()V#121#52 prob_bp = 1.0
org.apache.commons.lang3.event.EventUtilsTest:testBindFilteredEventsToMethod:()V#126#0 prob_bp = 1.0
org.apache.commons.lang3.event.EventUtilsTest:testBindFilteredEventsToMethod:()V#126#3 prob_bp = 1.0
org.apache.commons.lang3.event.EventUtilsTest:testBindFilteredEventsToMethod:()V#126#4 prob_bp = 1.0
org.apache.commons.lang3.event.EventUtilsTest:testBindFilteredEventsToMethod:()V#126#7 prob_bp = 1.0
org.apache.commons.lang3.event.EventUtilsTest:testBindFilteredEventsToMethod:()V#127#8 prob_bp = 1.0
org.apache.commons.lang3.event.EventUtilsTest:testBindFilteredEventsToMethod:()V#127#11 prob_bp = 1.0
org.apache.commons.lang3.event.EventUtilsTest:testBindFilteredEventsToMethod:()V#127#12 prob_bp = 1.0
org.apache.commons.lang3.event.EventUtilsTest:testBindFilteredEventsToMethod:()V#127#15 prob_bp = 1.0
org.apache.commons.lang3.event.EventUtilsTest:testBindFilteredEventsToMethod:()V#128#16 prob_bp = 1.0
org.apache.commons.lang3.event.EventUtilsTest:testBindFilteredEventsToMethod:()V#128#17 prob_bp = 1.0
org.apache.commons.lang3.event.EventUtilsTest:testBindFilteredEventsToMethod:()V#128#19 prob_bp = 1.0
org.apache.commons.lang3.event.EventUtilsTest:testBindFilteredEventsToMethod:()V#128#20 prob_bp = 1.0
org.apache.commons.lang3.event.EventUtilsTest:testBindFilteredEventsToMethod:()V#128#23 prob_bp = 1.0
org.apache.commons.lang3.event.EventUtilsTest:testBindFilteredEventsToMethod:()V#128#24 prob_bp = 1.0
org.apache.commons.lang3.event.EventUtilsTest:testBindFilteredEventsToMethod:()V#128#27 prob_bp = 1.0
org.apache.commons.lang3.event.EventUtilsTest:testBindFilteredEventsToMethod:()V#128#28 prob_bp = 1.0
org.apache.commons.lang3.event.EventUtilsTest:testBindFilteredEventsToMethod:()V#128#29 prob_bp = 1.0
org.apache.commons.lang3.event.EventUtilsTest:testBindFilteredEventsToMethod:()V#128#31 prob_bp = 1.0
org.apache.commons.lang3.event.EventUtilsTest:testBindFilteredEventsToMethod:()V#128#32 prob_bp = 1.0
org.apache.commons.lang3.event.EventUtilsTest:testBindFilteredEventsToMethod:()V#129#35 prob_bp = 1.0
org.apache.commons.lang3.event.EventUtilsTest:testBindFilteredEventsToMethod:()V#129#36 prob_bp = 1.0
org.apache.commons.lang3.event.EventUtilsTest:testBindFilteredEventsToMethod:()V#129#37 prob_bp = 1.0
org.apache.commons.lang3.event.EventUtilsTest:testBindFilteredEventsToMethod:()V#129#40 prob_bp = 1.0
org.apache.commons.lang3.event.EventUtilsTest:testBindFilteredEventsToMethod:()V#130#43 prob_bp = 1.0
org.apache.commons.lang3.event.EventUtilsTest:testBindFilteredEventsToMethod:()V#130#44 prob_bp = 1.0
org.apache.commons.lang3.event.EventUtilsTest:testBindFilteredEventsToMethod:()V#130#47 prob_bp = 1.0
org.apache.commons.lang3.event.EventUtilsTest:testBindFilteredEventsToMethod:()V#130#50 prob_bp = 1.0
org.apache.commons.lang3.event.EventUtilsTest:testBindFilteredEventsToMethod:()V#130#53 prob_bp = 1.0
org.apache.commons.lang3.event.EventUtilsTest:testBindFilteredEventsToMethod:()V#130#56 prob_bp = 1.0
org.apache.commons.lang3.event.EventUtilsTest:testBindFilteredEventsToMethod:()V#130#57 prob_bp = 1.0
org.apache.commons.lang3.event.EventUtilsTest:testBindFilteredEventsToMethod:()V#130#60 prob_bp = 1.0
org.apache.commons.lang3.event.EventUtilsTest:testBindFilteredEventsToMethod:()V#130#61 prob_bp = 1.0
org.apache.commons.lang3.event.EventUtilsTest:testBindFilteredEventsToMethod:()V#130#64 prob_bp = 1.0
org.apache.commons.lang3.event.EventUtilsTest:testBindFilteredEventsToMethod:()V#130#66 prob_bp = 1.0
org.apache.commons.lang3.event.EventUtilsTest:testBindFilteredEventsToMethod:()V#130#67 prob_bp = 1.0
org.apache.commons.lang3.event.EventUtilsTest:testBindFilteredEventsToMethod:()V#130#70 prob_bp = 1.0
org.apache.commons.lang3.event.EventUtilsTest:testBindFilteredEventsToMethod:()V#130#71 prob_bp = 1.0
org.apache.commons.lang3.event.EventUtilsTest:testBindFilteredEventsToMethod:()V#130#74 prob_bp = 1.0
org.apache.commons.lang3.event.EventUtilsTest:testBindFilteredEventsToMethod:()V#130#77 prob_bp = 1.0
org.apache.commons.lang3.event.EventUtilsTest:testBindFilteredEventsToMethod:()V#131#82 prob_bp = 1.0
org.apache.commons.lang3.event.EventUtilsTest:testBindFilteredEventsToMethod:()V#131#83 prob_bp = 1.0
org.apache.commons.lang3.event.EventUtilsTest:testBindFilteredEventsToMethod:()V#131#84 prob_bp = 1.0
org.apache.commons.lang3.event.EventUtilsTest:testBindFilteredEventsToMethod:()V#131#87 prob_bp = 1.0
org.apache.commons.lang3.event.EventUtilsTest:testBindFilteredEventsToMethod:()V#132#90 prob_bp = 1.0
org.apache.commons.lang3.event.EventUtilsTest:testBindFilteredEventsToMethod:()V#132#91 prob_bp = 1.0
org.apache.commons.lang3.event.EventUtilsTest:testBindFilteredEventsToMethod:()V#132#94 prob_bp = 1.0
org.apache.commons.lang3.event.EventUtilsTest:testBindFilteredEventsToMethod:()V#132#97 prob_bp = 1.0
org.apache.commons.lang3.event.EventUtilsTest:testBindFilteredEventsToMethod:()V#132#100 prob_bp = 1.0
org.apache.commons.lang3.event.EventUtilsTest:testBindFilteredEventsToMethod:()V#132#103 prob_bp = 1.0
org.apache.commons.lang3.event.EventUtilsTest:testBindFilteredEventsToMethod:()V#132#104 prob_bp = 1.0
org.apache.commons.lang3.event.EventUtilsTest:testBindFilteredEventsToMethod:()V#132#107 prob_bp = 1.0
org.apache.commons.lang3.event.EventUtilsTest:testBindFilteredEventsToMethod:()V#132#108 prob_bp = 1.0
org.apache.commons.lang3.event.EventUtilsTest:testBindFilteredEventsToMethod:()V#132#111 prob_bp = 1.0
org.apache.commons.lang3.event.EventUtilsTest:testBindFilteredEventsToMethod:()V#132#113 prob_bp = 1.0
org.apache.commons.lang3.event.EventUtilsTest:testBindFilteredEventsToMethod:()V#132#114 prob_bp = 1.0
org.apache.commons.lang3.event.EventUtilsTest:testBindFilteredEventsToMethod:()V#132#117 prob_bp = 1.0
org.apache.commons.lang3.event.EventUtilsTest:testBindFilteredEventsToMethod:()V#132#118 prob_bp = 1.0
org.apache.commons.lang3.event.EventUtilsTest:testBindFilteredEventsToMethod:()V#132#121 prob_bp = 1.0
org.apache.commons.lang3.event.EventUtilsTest:testBindFilteredEventsToMethod:()V#132#124 prob_bp = 1.0
org.apache.commons.lang3.event.EventUtilsTest:testBindFilteredEventsToMethod:()V#133#129 prob_bp = 1.0
org.apache.commons.lang3.event.EventUtilsTest:testBindFilteredEventsToMethod:()V#133#130 prob_bp = 1.0
org.apache.commons.lang3.event.EventUtilsTest:testBindFilteredEventsToMethod:()V#133#131 prob_bp = 1.0
org.apache.commons.lang3.event.EventUtilsTest:testBindFilteredEventsToMethod:()V#133#134 prob_bp = 1.0
org.apache.commons.lang3.event.EventUtilsTest:testBindFilteredEventsToMethod:()V#134#137 prob_bp = 1.0
org.apache.commons.lang3.text.CompositeFormatTest:testCompositeFormat:()V#49#0 prob_bp = 1.0
org.apache.commons.lang3.text.CompositeFormatTest:testCompositeFormat:()V#49#3 prob_bp = 1.0
org.apache.commons.lang3.text.CompositeFormatTest:testCompositeFormat:()V#49#4 prob_bp = 1.0
org.apache.commons.lang3.text.CompositeFormatTest:testCompositeFormat:()V#49#5 prob_bp = 1.0
org.apache.commons.lang3.text.CompositeFormatTest:testCompositeFormat:()V#49#8 prob_bp = 1.0
org.apache.commons.lang3.text.CompositeFormatTest:testCompositeFormat:()V#61#9 prob_bp = 1.0
org.apache.commons.lang3.text.CompositeFormatTest:testCompositeFormat:()V#61#12 prob_bp = 1.0
org.apache.commons.lang3.text.CompositeFormatTest:testCompositeFormat:()V#61#13 prob_bp = 1.0
org.apache.commons.lang3.text.CompositeFormatTest:testCompositeFormat:()V#61#14 prob_bp = 1.0
org.apache.commons.lang3.text.CompositeFormatTest:testCompositeFormat:()V#61#17 prob_bp = 1.0
org.apache.commons.lang3.text.CompositeFormatTest:testCompositeFormat:()V#73#18 prob_bp = 1.0
org.apache.commons.lang3.text.CompositeFormatTest:testCompositeFormat:()V#73#21 prob_bp = 1.0
org.apache.commons.lang3.text.CompositeFormatTest:testCompositeFormat:()V#73#22 prob_bp = 1.0
org.apache.commons.lang3.text.CompositeFormatTest:testCompositeFormat:()V#73#23 prob_bp = 1.0
org.apache.commons.lang3.text.CompositeFormatTest:testCompositeFormat:()V#73#24 prob_bp = 1.0
org.apache.commons.lang3.text.CompositeFormatTest:testCompositeFormat:()V#73#27 prob_bp = 1.0
org.apache.commons.lang3.text.CompositeFormatTest:testCompositeFormat:()V#75#28 prob_bp = 1.0
org.apache.commons.lang3.text.CompositeFormatTest:testCompositeFormat:()V#75#29 prob_bp = 1.0
org.apache.commons.lang3.text.CompositeFormatTest:testCompositeFormat:()V#75#31 prob_bp = 1.0
org.apache.commons.lang3.text.CompositeFormatTest:testCompositeFormat:()V#75#32 prob_bp = 1.0
org.apache.commons.lang3.text.CompositeFormatTest:testCompositeFormat:()V#75#35 prob_bp = 1.0
org.apache.commons.lang3.text.CompositeFormatTest:testCompositeFormat:()V#76#36 prob_bp = 1.0
org.apache.commons.lang3.text.CompositeFormatTest:testCompositeFormat:()V#76#37 prob_bp = 1.0
org.apache.commons.lang3.text.CompositeFormatTest:testCompositeFormat:()V#76#40 prob_bp = 1.0
org.apache.commons.lang3.text.CompositeFormatTest:testCompositeFormat:()V#76#41 prob_bp = 1.0
org.apache.commons.lang3.text.CompositeFormatTest:testCompositeFormat:()V#76#44 prob_bp = 1.0
org.apache.commons.lang3.text.CompositeFormatTest:testCompositeFormat:()V#76#47 prob_bp = 1.0
org.apache.commons.lang3.text.CompositeFormatTest:testCompositeFormat:()V#76#48 prob_bp = 1.0
org.apache.commons.lang3.text.CompositeFormatTest:testCompositeFormat:()V#76#51 prob_bp = 1.0
org.apache.commons.lang3.text.CompositeFormatTest:testCompositeFormat:()V#76#52 prob_bp = 1.0
org.apache.commons.lang3.text.CompositeFormatTest:testCompositeFormat:()V#76#55 prob_bp = 1.0
org.apache.commons.lang3.text.CompositeFormatTest:testCompositeFormat:()V#77#56 prob_bp = 1.0
org.apache.commons.lang3.text.CompositeFormatTest:testCompositeFormat:()V#77#58 prob_bp = 1.0
org.apache.commons.lang3.text.CompositeFormatTest:testCompositeFormat:()V#77#59 prob_bp = 1.0
org.apache.commons.lang3.text.CompositeFormatTest:testCompositeFormat:()V#77#60 prob_bp = 1.0
org.apache.commons.lang3.text.CompositeFormatTest:testCompositeFormat:()V#77#63 prob_bp = 1.0
org.apache.commons.lang3.text.CompositeFormatTest:testCompositeFormat:()V#78#66 prob_bp = 1.0
org.apache.commons.lang3.text.CompositeFormatTest:testCompositeFormat:()V#78#68 prob_bp = 1.0
org.apache.commons.lang3.text.CompositeFormatTest:testCompositeFormat:()V#78#69 prob_bp = 1.0
org.apache.commons.lang3.text.CompositeFormatTest:testCompositeFormat:()V#78#70 prob_bp = 1.0
org.apache.commons.lang3.text.CompositeFormatTest:testCompositeFormat:()V#78#73 prob_bp = 1.0
org.apache.commons.lang3.text.CompositeFormatTest:testCompositeFormat:()V#79#76 prob_bp = 1.0
org.apache.commons.lang3.text.ExtendedMessageFormatTest:setUp:()V#62#35 prob_bp = 1.0
org.apache.commons.lang3.text.ExtendedMessageFormatTest:setUp:()V#62#38 prob_bp = 1.0
Belief propagation time : 0.129s
