
Probabilities: 
Vars:2713
Stmts:213
org.apache.commons.lang3.SystemUtils:toJavaVersionInt:(Ljava/lang/String;)F#1673#8 prob_bp = 0.4999923221400645
org.apache.commons.lang3.SystemUtils:toVersionInt:([I)I#1806#49 prob_bp = 0.4999923221525806
org.apache.commons.lang3.SystemUtils:toVersionInt:([I)I#1806#48 prob_bp = 0.49999232215571343
org.apache.commons.lang3.SystemUtils:toVersionInt:([I)I#1803#39#unexe#1 prob_bp = 0.4999923221564976
org.apache.commons.lang3.SystemUtils:toVersionInt:([I)I#1800#25#unexe#1 prob_bp = 0.49999232215669376
org.apache.commons.lang3.SystemUtils:toVersionInt:([I)I#1797#13#unexe#1 prob_bp = 0.4999923221567427
org.apache.commons.lang3.SystemUtils:toVersionInt:([I)I#1795#7 prob_bp = 0.49999232215675493
org.apache.commons.lang3.SystemUtils:toVersionInt:([I)I#1795#6 prob_bp = 0.49999232215675804
org.apache.commons.lang3.SystemUtils:toJavaVersionIntArray:(Ljava/lang/String;I)[I#1717#4 prob_bp = 0.49999994919318413
org.apache.commons.lang3.SystemUtils:toJavaVersionIntArray:(Ljava/lang/String;I)[I#1717#7 prob_bp = 0.49999994919318436
org.apache.commons.lang3.SystemUtils:toJavaVersionInt:(Ljava/lang/String;)F#1673#5 prob_bp = 0.49999994919318447
org.apache.commons.lang3.SystemUtils:toVersionInt:([I)I#1792#1 prob_bp = 0.49999994929936453
org.apache.commons.lang3.SystemUtils:toVersionInt:([I)I#1792#0 prob_bp = 0.4999999492993656
org.apache.commons.lang3.SystemUtils:toJavaVersionInt:(Ljava/lang/String;)F#1673#1 prob_bp = 0.49999998506930465
org.apache.commons.lang3.SystemUtils:toJavaVersionInt:(Ljava/lang/String;)F#1673#2 prob_bp = 0.49999998506930476
org.apache.commons.lang3.SystemUtils:toJavaVersionIntArray:(Ljava/lang/String;I)[I#1716#1 prob_bp = 0.49999998506930593
org.apache.commons.lang3.SystemUtils:toJavaVersionIntArray:(Ljava/lang/String;I)[I#1716#0 prob_bp = 0.4999999850693061
org.apache.commons.lang3.SystemUtils:toVersionInt:([I)I#1796#9 prob_bp = 0.49999999989381905
org.apache.commons.lang3.SystemUtils:toVersionInt:([I)I#1796#10 prob_bp = 0.4999999998938191
org.apache.commons.lang3.SystemUtils:toVersionInt:([I)I#1796#8 prob_bp = 0.49999999989381916
org.apache.commons.lang3.SystemUtils:toVersionInt:([I)I#1800#25 prob_bp = 0.49999999996460626
org.apache.commons.lang3.SystemUtils:toVersionInt:([I)I#1803#39 prob_bp = 0.49999999996460626
org.apache.commons.lang3.SystemUtils:toVersionInt:([I)I#1797#11 prob_bp = 0.4999999999646063
org.apache.commons.lang3.SystemUtils:toVersionInt:([I)I#1797#13 prob_bp = 0.4999999999646063
org.apache.commons.lang3.SystemUtils:toVersionInt:([I)I#1800#23 prob_bp = 0.4999999999646063
org.apache.commons.lang3.SystemUtils:toVersionInt:([I)I#1803#37 prob_bp = 0.4999999999646063
org.apache.commons.lang3.SystemUtils:toVersionInt:([I)I#1800#24 prob_bp = 0.49999999996460637
org.apache.commons.lang3.SystemUtils:toVersionInt:([I)I#1797#12 prob_bp = 0.4999999999646064
org.apache.commons.lang3.SystemUtils:toVersionInt:([I)I#1803#38 prob_bp = 0.4999999999646064
org.apache.commons.lang3.SystemUtils:toJavaVersionFloat:(Ljava/lang/String;)F#1646#0 prob_bp = 0.5
org.apache.commons.lang3.SystemUtils:toVersionFloat:([I)F#1752#0 prob_bp = 0.5
org.apache.commons.lang3.SystemUtils:toVersionFloat:([I)F#1752#1 prob_bp = 0.5
org.apache.commons.lang3.SystemUtils:toVersionFloat:([I)F#1752#4 prob_bp = 0.5
org.apache.commons.lang3.SystemUtils:toVersionFloat:([I)F#1752#5 prob_bp = 0.5
org.apache.commons.lang3.SystemUtils:toVersionFloat:([I)F#1752#6 prob_bp = 0.5
org.apache.commons.lang3.SystemUtils:toVersionFloat:([I)F#1753#9 prob_bp = 0.5
org.apache.commons.lang3.SystemUtils:toVersionFloat:([I)F#1753#10 prob_bp = 0.5
org.apache.commons.lang3.SystemUtils:toJavaVersionIntArray:(Ljava/lang/String;I)[I#1722#35 prob_bp = 0.5
org.apache.commons.lang3.SystemUtils:toJavaVersionIntArray:(Ljava/lang/String;I)[I#1722#36 prob_bp = 0.5
org.apache.commons.lang3.SystemUtils:toJavaVersionIntArray:(Ljava/lang/String;I)[I#1722#42 prob_bp = 0.5
org.apache.commons.lang3.SystemUtils:toJavaVersionIntArray:(Ljava/lang/String;I)[I#1723#46 prob_bp = 0.5
org.apache.commons.lang3.SystemUtils:toJavaVersionIntArray:(Ljava/lang/String;I)[I#1723#49 prob_bp = 0.5
org.apache.commons.lang3.SystemUtils:toJavaVersionIntArray:(Ljava/lang/String;I)[I#1723#50 prob_bp = 0.5
org.apache.commons.lang3.SystemUtils:toJavaVersionIntArray:(Ljava/lang/String;I)[I#1724#52 prob_bp = 0.5
org.apache.commons.lang3.SystemUtils:toJavaVersionIntArray:(Ljava/lang/String;I)[I#1724#54 prob_bp = 0.5
org.apache.commons.lang3.SystemUtils:toJavaVersionIntArray:(Ljava/lang/String;I)[I#1724#57#unexe#4 prob_bp = 0.5
org.apache.commons.lang3.SystemUtils:toJavaVersionIntArray:(Ljava/lang/String;I)[I#1722#72 prob_bp = 0.5
org.apache.commons.lang3.SystemUtils:toJavaVersionIntArray:(Ljava/lang/String;I)[I#1722#75 prob_bp = 0.5
org.apache.commons.lang3.SystemUtils:toJavaVersionIntArray:(Ljava/lang/String;I)[I#1722#37#unexe#4 prob_bp = 0.5
org.apache.commons.lang3.SystemUtils:toJavaVersionIntArray:(Ljava/lang/String;I)[I#1722#37#unexe#6 prob_bp = 0.5
org.apache.commons.lang3.SystemUtils:toJavaVersionIntArray:(Ljava/lang/String;I)[I#1722#43#unexe#4 prob_bp = 0.5
org.apache.commons.lang3.SystemUtils:toJavaVersionIntArray:(Ljava/lang/String;I)[I#1722#43#unexe#5 prob_bp = 0.5
org.apache.commons.lang3.SystemUtils:toJavaVersionIntArray:(Ljava/lang/String;I)[I#1722#43#unexe#6 prob_bp = 0.5
org.apache.commons.lang3.SystemUtils:toVersionFloat:([I)F#1756#17 prob_bp = 0.5
org.apache.commons.lang3.SystemUtils:toVersionFloat:([I)F#1756#18 prob_bp = 0.5
org.apache.commons.lang3.SystemUtils:toVersionFloat:([I)F#1756#19 prob_bp = 0.5
org.apache.commons.lang3.SystemUtils:toVersionFloat:([I)F#1756#20 prob_bp = 0.5
org.apache.commons.lang3.SystemUtils:toVersionFloat:([I)F#1756#21 prob_bp = 0.5
org.apache.commons.lang3.SystemUtils:toJavaVersionIntArray:(Ljava/lang/String;I)[I#1725#60 prob_bp = 0.5
org.apache.commons.lang3.SystemUtils:toJavaVersionIntArray:(Ljava/lang/String;I)[I#1725#61 prob_bp = 0.5
org.apache.commons.lang3.SystemUtils:toJavaVersionIntArray:(Ljava/lang/String;I)[I#1725#63 prob_bp = 0.5
org.apache.commons.lang3.SystemUtils:toJavaVersionIntArray:(Ljava/lang/String;I)[I#1725#66 prob_bp = 0.5
org.apache.commons.lang3.SystemUtils:toJavaVersionIntArray:(Ljava/lang/String;I)[I#1725#68 prob_bp = 0.5
org.apache.commons.lang3.SystemUtils:toJavaVersionIntArray:(Ljava/lang/String;I)[I#1725#71 prob_bp = 0.5
org.apache.commons.lang3.SystemUtils:toVersionFloat:([I)F#1758#25 prob_bp = 0.5
org.apache.commons.lang3.SystemUtils:toVersionFloat:([I)F#1758#26 prob_bp = 0.5
org.apache.commons.lang3.SystemUtils:toVersionFloat:([I)F#1758#29 prob_bp = 0.5
org.apache.commons.lang3.SystemUtils:toVersionFloat:([I)F#1759#30 prob_bp = 0.5
org.apache.commons.lang3.SystemUtils:toVersionFloat:([I)F#1759#31 prob_bp = 0.5
org.apache.commons.lang3.SystemUtils:toVersionFloat:([I)F#1759#33 prob_bp = 0.5
org.apache.commons.lang3.SystemUtils:toVersionFloat:([I)F#1759#37 prob_bp = 0.5
org.apache.commons.lang3.SystemUtils:toVersionFloat:([I)F#1760#44 prob_bp = 0.5
org.apache.commons.lang3.SystemUtils:toVersionFloat:([I)F#1762#60 prob_bp = 0.5
org.apache.commons.lang3.SystemUtils:toVersionFloat:([I)F#1761#64 prob_bp = 0.5
org.apache.commons.lang3.SystemUtils:toVersionFloat:([I)F#1761#50#unexe#2 prob_bp = 0.5
org.apache.commons.lang3.SystemUtils:toJavaVersionInt:(Ljava/lang/String;)F#1673#0 prob_bp = 0.5
org.apache.commons.lang3.SystemUtils:toJavaVersionInt:(Ljava/lang/String;)F#1673#9 prob_bp = 0.5
org.apache.commons.lang3.SystemUtils:toJavaVersionIntArray:(Ljava/lang/String;I)[I#1721#28 prob_bp = 0.5000000000000001
org.apache.commons.lang3.SystemUtils:toJavaVersionIntArray:(Ljava/lang/String;I)[I#1722#31 prob_bp = 0.5000000000000001
org.apache.commons.lang3.SystemUtils:toJavaVersionIntArray:(Ljava/lang/String;I)[I#1722#33 prob_bp = 0.5000000000000001
org.apache.commons.lang3.SystemUtils:toJavaVersionIntArray:(Ljava/lang/String;I)[I#1722#40 prob_bp = 0.5000000000000001
org.apache.commons.lang3.SystemUtils:toJavaVersionIntArray:(Ljava/lang/String;I)[I#1723#47 prob_bp = 0.5000000000000001
org.apache.commons.lang3.SystemUtils:toJavaVersionIntArray:(Ljava/lang/String;I)[I#1721#27 prob_bp = 0.5000000000000003
org.apache.commons.lang3.SystemUtils:toJavaVersionIntArray:(Ljava/lang/String;I)[I#1722#30 prob_bp = 0.5000000000000003
org.apache.commons.lang3.SystemUtils:toJavaVersionIntArray:(Ljava/lang/String;I)[I#1722#37 prob_bp = 0.5000000000000006
org.apache.commons.lang3.SystemUtils:toJavaVersionIntArray:(Ljava/lang/String;I)[I#1724#57 prob_bp = 0.5000000000000006
org.apache.commons.lang3.SystemUtils:toJavaVersionIntArray:(Ljava/lang/String;I)[I#1722#43 prob_bp = 0.5000000000000008
org.apache.commons.lang3.SystemUtils:toVersionFloat:([I)F#1758#22 prob_bp = 0.5000000000000008
org.apache.commons.lang3.SystemUtils:toJavaVersionIntArray:(Ljava/lang/String;I)[I#1722#37#unexe#5 prob_bp = 0.5000000000000009
org.apache.commons.lang3.SystemUtils:toJavaVersionFloat:(Ljava/lang/String;)F#1646#1 prob_bp = 0.5000000000000011
org.apache.commons.lang3.SystemUtils:toJavaVersionFloat:(Ljava/lang/String;)F#1646#2 prob_bp = 0.5000000000000011
org.apache.commons.lang3.SystemUtils:toJavaVersionIntArray:(Ljava/lang/String;I)[I#1719#13 prob_bp = 0.5000000000000077
org.apache.commons.lang3.SystemUtils:toJavaVersionIntArray:(Ljava/lang/String;I)[I#1719#17 prob_bp = 0.5000000000000077
org.apache.commons.lang3.SystemUtils:toJavaVersionIntArray:(Ljava/lang/String;I)[I#1720#19 prob_bp = 0.5000000000000077
org.apache.commons.lang3.SystemUtils:toJavaVersionIntArray:(Ljava/lang/String;I)[I#1720#20 prob_bp = 0.5000000000000077
org.apache.commons.lang3.SystemUtils:toJavaVersionIntArray:(Ljava/lang/String;I)[I#1720#21 prob_bp = 0.5000000000000077
org.apache.commons.lang3.SystemUtils:toJavaVersionIntArray:(Ljava/lang/String;I)[I#1720#18 prob_bp = 0.5000000000000078
org.apache.commons.lang3.SystemUtils:toJavaVersionIntArray:(Ljava/lang/String;I)[I#1720#24 prob_bp = 0.5000000000000079
org.apache.commons.lang3.SystemUtils:toJavaVersionIntArray:(Ljava/lang/String;I)[I#1720#26 prob_bp = 0.5000000000000087
org.apache.commons.lang3.SystemUtils:toJavaVersionIntArray:(Ljava/lang/String;I)[I#1728#78 prob_bp = 0.5000000000000118
org.apache.commons.lang3.SystemUtils:toJavaVersionIntArray:(Ljava/lang/String;I)[I#1719#14 prob_bp = 0.5000000000000154
org.apache.commons.lang3.SystemUtils:toJavaVersionIntArray:(Ljava/lang/String;I)[I#1719#10 prob_bp = 0.500000000000023
org.apache.commons.lang3.SystemUtils:toJavaVersionIntArray:(Ljava/lang/String;I)[I#1719#8 prob_bp = 0.5000000000000232
org.apache.commons.lang3.SystemUtils:toJavaVersionIntArray:(Ljava/lang/String;I)[I#1728#79 prob_bp = 0.500000000000024
org.apache.commons.lang3.SystemUtils:toJavaVersionFloat:(Ljava/lang/String;)F#1646#5 prob_bp = 0.500000000000073
org.apache.commons.lang3.SystemUtils:toVersionFloat:([I)F#1755#11 prob_bp = 0.5000000000002683
org.apache.commons.lang3.SystemUtils:toVersionFloat:([I)F#1755#12 prob_bp = 0.5000000000010496
org.apache.commons.lang3.SystemUtils:toVersionFloat:([I)F#1755#13 prob_bp = 0.5000000000041747
org.apache.commons.lang3.SystemUtils:toVersionFloat:([I)F#1755#14 prob_bp = 0.5000000000041747
org.apache.commons.lang3.SystemUtils:toVersionFloat:([I)F#1759#32 prob_bp = 0.5000689313279333
org.apache.commons.lang3.SystemUtils:toVersionFloat:([I)F#1759#34 prob_bp = 0.5000689316369612
org.apache.commons.lang3.SystemUtils:toVersionFloat:([I)F#1760#38 prob_bp = 0.5000689319244439
org.apache.commons.lang3.SystemUtils:toVersionFloat:([I)F#1762#54 prob_bp = 0.5000689321282552
org.apache.commons.lang3.SystemUtils:toVersionFloat:([I)F#1762#53 prob_bp = 0.5000689321296068
org.apache.commons.lang3.SystemUtils:toVersionFloat:([I)F#1762#56 prob_bp = 0.5000689321513098
org.apache.commons.lang3.SystemUtils:toVersionFloat:([I)F#1760#39 prob_bp = 0.5077653156830879
org.apache.commons.lang3.SystemUtils:toVersionFloat:([I)F#1761#47 prob_bp = 0.5077672822952729
org.apache.commons.lang3.SystemUtils:toVersionFloat:([I)F#1761#49 prob_bp = 0.5077672823304599
org.apache.commons.lang3.SystemUtils:toVersionFloat:([I)F#1761#48 prob_bp = 0.5077672823497451
org.apache.commons.lang3.SystemUtils:toVersionFloat:([I)F#1761#50 prob_bp = 0.5077672823682436
org.apache.commons.lang3.SystemUtils:toVersionFloat:([I)F#1760#41 prob_bp = 0.5078321399181281
org.apache.commons.lang3.SystemUtils:toVersionFloat:([I)F#1761#61 prob_bp = 0.9999998016102176
org.apache.commons.lang3.SystemUtils:toVersionFloat:([I)F#1761#45 prob_bp = 0.9999998020829874
org.apache.commons.lang3.SystemUtils:toVersionFloat:([I)F#1761#46 prob_bp = 0.9999998021829881
org.apache.commons.lang3.SystemUtils:toVersionFloat:([I)F#1762#55 prob_bp = 0.9999998023866252
org.apache.commons.lang3.SystemUtils:toVersionFloat:([I)F#1762#57 prob_bp = 0.9999998039562564
org.apache.commons.lang3.SystemUtils:toVersionFloat:([I)F#1765#67 prob_bp = 0.9999998070547614
org.apache.commons.lang3.SystemUtils:toVersionFloat:([I)F#1765#68 prob_bp = 0.9999998132787907
org.apache.commons.lang3.SystemUtils:toVersionFloat:([I)F#1765#71 prob_bp = 0.9999998257268656
org.apache.commons.lang3.SystemUtils:toVersionFloat:([I)F#1765#74 prob_bp = 0.9999998506229749
org.apache.commons.lang3.SystemUtils:toJavaVersionFloat:(Ljava/lang/String;)F#1646#8 prob_bp = 0.9999999004151621
org.apache.commons.lang3.SystemUtilsTest:testJavaVersionAsFloat:()V#191#0 prob_bp = 1.0
org.apache.commons.lang3.SystemUtilsTest:testJavaVersionAsFloat:()V#191#1 prob_bp = 1.0
org.apache.commons.lang3.SystemUtilsTest:testJavaVersionAsFloat:()V#191#2 prob_bp = 1.0
org.apache.commons.lang3.SystemUtilsTest:testJavaVersionAsFloat:()V#191#5 prob_bp = 1.0
org.apache.commons.lang3.SystemUtilsTest:testJavaVersionAsFloat:()V#191#7 prob_bp = 1.0
org.apache.commons.lang3.SystemUtilsTest:testJavaVersionAsFloat:()V#192#10 prob_bp = 1.0
org.apache.commons.lang3.SystemUtilsTest:testJavaVersionAsFloat:()V#192#11 prob_bp = 1.0
org.apache.commons.lang3.SystemUtilsTest:testJavaVersionAsFloat:()V#192#13 prob_bp = 1.0
org.apache.commons.lang3.SystemUtilsTest:testJavaVersionAsFloat:()V#192#16 prob_bp = 1.0
org.apache.commons.lang3.SystemUtilsTest:testJavaVersionAsFloat:()V#192#18 prob_bp = 1.0
org.apache.commons.lang3.SystemUtilsTest:testJavaVersionAsFloat:()V#193#21 prob_bp = 1.0
org.apache.commons.lang3.SystemUtilsTest:testJavaVersionAsFloat:()V#193#22 prob_bp = 1.0
org.apache.commons.lang3.SystemUtilsTest:testJavaVersionAsFloat:()V#193#24 prob_bp = 1.0
org.apache.commons.lang3.SystemUtilsTest:testJavaVersionAsFloat:()V#193#27 prob_bp = 1.0
org.apache.commons.lang3.SystemUtilsTest:testJavaVersionAsFloat:()V#193#29 prob_bp = 1.0
org.apache.commons.lang3.SystemUtilsTest:testJavaVersionAsFloat:()V#194#32 prob_bp = 1.0
org.apache.commons.lang3.SystemUtilsTest:testJavaVersionAsFloat:()V#194#34 prob_bp = 1.0
org.apache.commons.lang3.SystemUtilsTest:testJavaVersionAsFloat:()V#194#36 prob_bp = 1.0
org.apache.commons.lang3.SystemUtilsTest:testJavaVersionAsFloat:()V#194#39 prob_bp = 1.0
org.apache.commons.lang3.SystemUtilsTest:testJavaVersionAsFloat:()V#194#41 prob_bp = 1.0
org.apache.commons.lang3.SystemUtilsTest:testJavaVersionAsFloat:()V#195#44 prob_bp = 1.0
org.apache.commons.lang3.SystemUtilsTest:testJavaVersionAsFloat:()V#195#46 prob_bp = 1.0
org.apache.commons.lang3.SystemUtilsTest:testJavaVersionAsFloat:()V#195#48 prob_bp = 1.0
org.apache.commons.lang3.SystemUtilsTest:testJavaVersionAsFloat:()V#195#51 prob_bp = 1.0
org.apache.commons.lang3.SystemUtilsTest:testJavaVersionAsFloat:()V#195#53 prob_bp = 1.0
org.apache.commons.lang3.SystemUtilsTest:testJavaVersionAsFloat:()V#196#56 prob_bp = 1.0
org.apache.commons.lang3.SystemUtilsTest:testJavaVersionAsFloat:()V#196#58 prob_bp = 1.0
org.apache.commons.lang3.SystemUtilsTest:testJavaVersionAsFloat:()V#196#60 prob_bp = 1.0
org.apache.commons.lang3.SystemUtilsTest:testJavaVersionAsFloat:()V#196#63 prob_bp = 1.0
org.apache.commons.lang3.SystemUtilsTest:testJavaVersionAsFloat:()V#196#65 prob_bp = 1.0
org.apache.commons.lang3.SystemUtilsTest:testJavaVersionAsFloat:()V#197#68 prob_bp = 1.0
org.apache.commons.lang3.SystemUtilsTest:testJavaVersionAsFloat:()V#197#70 prob_bp = 1.0
org.apache.commons.lang3.SystemUtilsTest:testJavaVersionAsFloat:()V#197#72 prob_bp = 1.0
org.apache.commons.lang3.SystemUtilsTest:testJavaVersionAsFloat:()V#197#75 prob_bp = 1.0
org.apache.commons.lang3.SystemUtilsTest:testJavaVersionAsFloat:()V#197#77 prob_bp = 1.0
org.apache.commons.lang3.SystemUtilsTest:testJavaVersionAsFloat:()V#198#80 prob_bp = 1.0
org.apache.commons.lang3.SystemUtilsTest:testJavaVersionAsFloat:()V#198#82 prob_bp = 1.0
org.apache.commons.lang3.SystemUtilsTest:testJavaVersionAsFloat:()V#198#84 prob_bp = 1.0
org.apache.commons.lang3.SystemUtilsTest:testJavaVersionAsFloat:()V#198#87 prob_bp = 1.0
org.apache.commons.lang3.SystemUtilsTest:testJavaVersionAsFloat:()V#198#89 prob_bp = 1.0
org.apache.commons.lang3.SystemUtilsTest:testJavaVersionAsFloat:()V#199#92 prob_bp = 1.0
org.apache.commons.lang3.SystemUtilsTest:testJavaVersionAsFloat:()V#199#94 prob_bp = 1.0
org.apache.commons.lang3.SystemUtilsTest:testJavaVersionAsFloat:()V#199#96 prob_bp = 1.0
org.apache.commons.lang3.SystemUtilsTest:testJavaVersionAsFloat:()V#199#99 prob_bp = 1.0
org.apache.commons.lang3.SystemUtilsTest:testJavaVersionAsFloat:()V#199#101 prob_bp = 1.0
org.apache.commons.lang3.SystemUtilsTest:testJavaVersionAsFloat:()V#200#104 prob_bp = 1.0
org.apache.commons.lang3.SystemUtilsTest:testJavaVersionAsFloat:()V#200#106 prob_bp = 1.0
org.apache.commons.lang3.SystemUtilsTest:testJavaVersionAsFloat:()V#200#108 prob_bp = 1.0
org.apache.commons.lang3.SystemUtilsTest:testJavaVersionAsFloat:()V#200#111 prob_bp = 1.0
org.apache.commons.lang3.SystemUtilsTest:testJavaVersionAsFloat:()V#200#113 prob_bp = 1.0
org.apache.commons.lang3.SystemUtilsTest:testJavaVersionAsFloat:()V#201#116 prob_bp = 1.0
org.apache.commons.lang3.SystemUtilsTest:testJavaVersionAsFloat:()V#201#118 prob_bp = 1.0
org.apache.commons.lang3.SystemUtilsTest:testJavaVersionAsFloat:()V#201#120 prob_bp = 1.0
org.apache.commons.lang3.SystemUtilsTest:testJavaVersionAsFloat:()V#201#123 prob_bp = 1.0
org.apache.commons.lang3.SystemUtilsTest:testJavaVersionAsFloat:()V#201#125 prob_bp = 1.0
org.apache.commons.lang3.SystemUtilsTest:testJavaVersionAsFloat:()V#202#128 prob_bp = 1.0
org.apache.commons.lang3.SystemUtilsTest:testJavaVersionAsFloat:()V#202#130 prob_bp = 1.0
org.apache.commons.lang3.SystemUtilsTest:testJavaVersionAsFloat:()V#202#132 prob_bp = 1.0
org.apache.commons.lang3.SystemUtilsTest:testJavaVersionAsFloat:()V#202#135 prob_bp = 1.0
org.apache.commons.lang3.SystemUtilsTest:testJavaVersionAsFloat:()V#202#137 prob_bp = 1.0
org.apache.commons.lang3.SystemUtilsTest:testJavaVersionAsFloat:()V#203#140 prob_bp = 1.0
org.apache.commons.lang3.SystemUtilsTest:testJavaVersionAsFloat:()V#203#142 prob_bp = 1.0
org.apache.commons.lang3.SystemUtilsTest:testJavaVersionAsFloat:()V#203#144 prob_bp = 1.0
org.apache.commons.lang3.SystemUtilsTest:testJavaVersionAsFloat:()V#203#147 prob_bp = 1.0
org.apache.commons.lang3.SystemUtilsTest:testJavaVersionAsFloat:()V#203#149 prob_bp = 1.0
org.apache.commons.lang3.SystemUtilsTest:testJavaVersionAsFloat:()V#204#152 prob_bp = 1.0
org.apache.commons.lang3.SystemUtilsTest:testJavaVersionAsFloat:()V#204#154 prob_bp = 1.0
org.apache.commons.lang3.SystemUtilsTest:testJavaVersionAsFloat:()V#204#156 prob_bp = 1.0
org.apache.commons.lang3.SystemUtilsTest:testJavaVersionAsFloat:()V#204#159 prob_bp = 1.0
org.apache.commons.lang3.SystemUtilsTest:testJavaVersionAsFloat:()V#204#161 prob_bp = 1.0
org.apache.commons.lang3.SystemUtilsTest:testJavaVersionAsFloat:()V#206#164 prob_bp = 1.0
org.apache.commons.lang3.SystemUtilsTest:testJavaVersionAsFloat:()V#206#166 prob_bp = 1.0
org.apache.commons.lang3.SystemUtilsTest:testJavaVersionAsFloat:()V#206#168 prob_bp = 1.0
org.apache.commons.lang3.SystemUtilsTest:testJavaVersionAsFloat:()V#206#171 prob_bp = 1.0
org.apache.commons.lang3.SystemUtilsTest:testJavaVersionAsFloat:()V#206#173 prob_bp = 1.0
org.apache.commons.lang3.SystemUtilsTest:testJavaVersionAsFloat:()V#207#176 prob_bp = 1.0
org.apache.commons.lang3.SystemUtilsTest:testJavaVersionAsInt:()V#210#0 prob_bp = 1.0
org.apache.commons.lang3.SystemUtilsTest:testJavaVersionAsInt:()V#210#1 prob_bp = 1.0
org.apache.commons.lang3.SystemUtilsTest:testJavaVersionAsInt:()V#210#4 prob_bp = 1.0
org.apache.commons.lang3.SystemUtilsTest:testJavaVersionAsInt:()V#210#5 prob_bp = 1.0
org.apache.commons.lang3.SystemUtilsTest:testJavaVersionAsInt:()V#210#8 prob_bp = 1.0
org.apache.commons.lang3.SystemUtilsTest:testJavaVersionAsInt:()V#210#11 prob_bp = 1.0
Belief propagation time : 0.176s
