
Probabilities: 
Vars:7003
Stmts:600
org.apache.commons.lang3.StringEscapeUtilsTest:checkCsvEscapeWriter:(Ljava/lang/String;Ljava/lang/String;)V#403#4 prob_bp = 0.4999999999999918
org.apache.commons.lang3.StringUtils:containsNone:(Ljava/lang/CharSequence;[C)Z#1741#17 prob_bp = 0.49999999999999845
org.apache.commons.lang3.StringUtils:containsNone:(Ljava/lang/CharSequence;[C)Z#1741#19 prob_bp = 0.49999999999999845
org.apache.commons.lang3.StringUtils:containsNone:(Ljava/lang/CharSequence;[C)Z#1753#108 prob_bp = 0.49999999999999994
org.apache.commons.lang3.StringUtils:containsNone:(Ljava/lang/CharSequence;[C)Z#1746#118 prob_bp = 0.5
org.apache.commons.lang3.StringUtils:containsNone:(Ljava/lang/CharSequence;[C)Z#1744#124 prob_bp = 0.5
org.apache.commons.lang3.StringUtils:replace:(Ljava/lang/String;Ljava/lang/String;Ljava/lang/String;I)Ljava/lang/String;#4381#42 prob_bp = 0.5
org.apache.commons.lang3.StringUtils:replace:(Ljava/lang/String;Ljava/lang/String;Ljava/lang/String;I)Ljava/lang/String;#4381#43 prob_bp = 0.5
org.apache.commons.lang3.StringUtils:replace:(Ljava/lang/String;Ljava/lang/String;Ljava/lang/String;I)Ljava/lang/String;#4383#44 prob_bp = 0.5
org.apache.commons.lang3.StringUtils:replace:(Ljava/lang/String;Ljava/lang/String;Ljava/lang/String;I)Ljava/lang/String;#4384#54 prob_bp = 0.5
org.apache.commons.lang3.StringUtils:replace:(Ljava/lang/String;Ljava/lang/String;Ljava/lang/String;I)Ljava/lang/String;#4384#56 prob_bp = 0.5
org.apache.commons.lang3.StringUtils:replace:(Ljava/lang/String;Ljava/lang/String;Ljava/lang/String;I)Ljava/lang/String;#4384#57 prob_bp = 0.5
org.apache.commons.lang3.StringUtils:replace:(Ljava/lang/String;Ljava/lang/String;Ljava/lang/String;I)Ljava/lang/String;#4385#59 prob_bp = 0.5
org.apache.commons.lang3.StringUtils:replace:(Ljava/lang/String;Ljava/lang/String;Ljava/lang/String;I)Ljava/lang/String;#4385#61 prob_bp = 0.5
org.apache.commons.lang3.StringUtils:replace:(Ljava/lang/String;Ljava/lang/String;Ljava/lang/String;I)Ljava/lang/String;#4385#68 prob_bp = 0.5
org.apache.commons.lang3.StringUtils:replace:(Ljava/lang/String;Ljava/lang/String;Ljava/lang/String;I)Ljava/lang/String;#4385#70 prob_bp = 0.5
org.apache.commons.lang3.StringUtils:replace:(Ljava/lang/String;Ljava/lang/String;Ljava/lang/String;I)Ljava/lang/String;#4386#72 prob_bp = 0.5
org.apache.commons.lang3.StringUtils:replace:(Ljava/lang/String;Ljava/lang/String;Ljava/lang/String;I)Ljava/lang/String;#4386#75 prob_bp = 0.5
org.apache.commons.lang3.StringUtils:replace:(Ljava/lang/String;Ljava/lang/String;Ljava/lang/String;I)Ljava/lang/String;#4386#80 prob_bp = 0.5
org.apache.commons.lang3.StringUtils:replace:(Ljava/lang/String;Ljava/lang/String;Ljava/lang/String;I)Ljava/lang/String;#4386#95 prob_bp = 0.5
org.apache.commons.lang3.StringUtils:replace:(Ljava/lang/String;Ljava/lang/String;Ljava/lang/String;I)Ljava/lang/String;#4386#96 prob_bp = 0.5
org.apache.commons.lang3.StringUtils:replace:(Ljava/lang/String;Ljava/lang/String;Ljava/lang/String;I)Ljava/lang/String;#4387#103 prob_bp = 0.5
org.apache.commons.lang3.StringUtils:replace:(Ljava/lang/String;Ljava/lang/String;Ljava/lang/String;I)Ljava/lang/String;#4387#106 prob_bp = 0.5
org.apache.commons.lang3.StringUtils:replace:(Ljava/lang/String;Ljava/lang/String;Ljava/lang/String;I)Ljava/lang/String;#4387#109 prob_bp = 0.5
org.apache.commons.lang3.StringUtils:replace:(Ljava/lang/String;Ljava/lang/String;Ljava/lang/String;I)Ljava/lang/String;#4388#114 prob_bp = 0.5
org.apache.commons.lang3.StringUtils:replace:(Ljava/lang/String;Ljava/lang/String;Ljava/lang/String;I)Ljava/lang/String;#4388#116 prob_bp = 0.5
org.apache.commons.lang3.StringUtils:replace:(Ljava/lang/String;Ljava/lang/String;Ljava/lang/String;I)Ljava/lang/String;#4388#117 prob_bp = 0.5
org.apache.commons.lang3.StringUtils:replace:(Ljava/lang/String;Ljava/lang/String;Ljava/lang/String;I)Ljava/lang/String;#4389#120 prob_bp = 0.5
org.apache.commons.lang3.StringUtils:replace:(Ljava/lang/String;Ljava/lang/String;Ljava/lang/String;I)Ljava/lang/String;#4389#122 prob_bp = 0.5
org.apache.commons.lang3.StringUtils:replace:(Ljava/lang/String;Ljava/lang/String;Ljava/lang/String;I)Ljava/lang/String;#4389#123 prob_bp = 0.5
org.apache.commons.lang3.StringUtils:replace:(Ljava/lang/String;Ljava/lang/String;Ljava/lang/String;I)Ljava/lang/String;#4389#125 prob_bp = 0.5
org.apache.commons.lang3.StringUtils:replace:(Ljava/lang/String;Ljava/lang/String;Ljava/lang/String;I)Ljava/lang/String;#4389#127 prob_bp = 0.5
org.apache.commons.lang3.StringUtils:replace:(Ljava/lang/String;Ljava/lang/String;Ljava/lang/String;I)Ljava/lang/String;#4389#130 prob_bp = 0.5
org.apache.commons.lang3.StringUtils:replace:(Ljava/lang/String;Ljava/lang/String;Ljava/lang/String;I)Ljava/lang/String;#4389#133 prob_bp = 0.5
org.apache.commons.lang3.StringUtils:replace:(Ljava/lang/String;Ljava/lang/String;Ljava/lang/String;I)Ljava/lang/String;#4389#137 prob_bp = 0.5
org.apache.commons.lang3.StringUtils:replace:(Ljava/lang/String;Ljava/lang/String;Ljava/lang/String;I)Ljava/lang/String;#4390#138 prob_bp = 0.5
org.apache.commons.lang3.StringUtils:replace:(Ljava/lang/String;Ljava/lang/String;Ljava/lang/String;I)Ljava/lang/String;#4390#140 prob_bp = 0.5
org.apache.commons.lang3.StringUtils:replace:(Ljava/lang/String;Ljava/lang/String;Ljava/lang/String;I)Ljava/lang/String;#4390#143 prob_bp = 0.5
org.apache.commons.lang3.StringUtils:replace:(Ljava/lang/String;Ljava/lang/String;Ljava/lang/String;I)Ljava/lang/String;#4391#145 prob_bp = 0.5
org.apache.commons.lang3.StringUtils:replace:(Ljava/lang/String;Ljava/lang/String;Ljava/lang/String;I)Ljava/lang/String;#4391#148 prob_bp = 0.5
org.apache.commons.lang3.StringUtils:replace:(Ljava/lang/String;Ljava/lang/String;Ljava/lang/String;I)Ljava/lang/String;#4394#155 prob_bp = 0.5
org.apache.commons.lang3.StringUtils:replace:(Ljava/lang/String;Ljava/lang/String;Ljava/lang/String;I)Ljava/lang/String;#4394#156 prob_bp = 0.5
org.apache.commons.lang3.StringUtils:replace:(Ljava/lang/String;Ljava/lang/String;Ljava/lang/String;I)Ljava/lang/String;#4394#157 prob_bp = 0.5
org.apache.commons.lang3.StringUtils:replace:(Ljava/lang/String;Ljava/lang/String;Ljava/lang/String;I)Ljava/lang/String;#4394#159 prob_bp = 0.5
org.apache.commons.lang3.StringUtils:replace:(Ljava/lang/String;Ljava/lang/String;Ljava/lang/String;I)Ljava/lang/String;#4394#162 prob_bp = 0.5
org.apache.commons.lang3.StringUtils:replace:(Ljava/lang/String;Ljava/lang/String;Ljava/lang/String;I)Ljava/lang/String;#4394#164 prob_bp = 0.5
org.apache.commons.lang3.StringUtils:replace:(Ljava/lang/String;Ljava/lang/String;Ljava/lang/String;I)Ljava/lang/String;#4388#117#unexe#3 prob_bp = 0.5
org.apache.commons.lang3.StringUtils:replace:(Ljava/lang/String;Ljava/lang/String;Ljava/lang/String;I)Ljava/lang/String;#4388#117#unexe#4 prob_bp = 0.5
org.apache.commons.lang3.StringUtils:replace:(Ljava/lang/String;Ljava/lang/String;Ljava/lang/String;I)Ljava/lang/String;#4388#117#unexe#5 prob_bp = 0.5
org.apache.commons.lang3.StringUtils:replace:(Ljava/lang/String;Ljava/lang/String;Ljava/lang/String;I)Ljava/lang/String;#4391#149#unexe#3 prob_bp = 0.5
org.apache.commons.lang3.StringUtils:replace:(Ljava/lang/String;Ljava/lang/String;Ljava/lang/String;I)Ljava/lang/String;#4391#149#unexe#4 prob_bp = 0.5
org.apache.commons.lang3.StringUtils:replace:(Ljava/lang/String;Ljava/lang/String;Ljava/lang/String;I)Ljava/lang/String;#4391#149#unexe#5 prob_bp = 0.5
org.apache.commons.lang3.StringUtils:replace:(Ljava/lang/String;Ljava/lang/String;Ljava/lang/String;I)Ljava/lang/String;#4396#167 prob_bp = 0.5
org.apache.commons.lang3.StringUtils:replace:(Ljava/lang/String;Ljava/lang/String;Ljava/lang/String;I)Ljava/lang/String;#4396#169 prob_bp = 0.5
org.apache.commons.lang3.StringUtils:replace:(Ljava/lang/String;Ljava/lang/String;Ljava/lang/String;I)Ljava/lang/String;#4396#170 prob_bp = 0.5
org.apache.commons.lang3.StringUtils:replace:(Ljava/lang/String;Ljava/lang/String;Ljava/lang/String;I)Ljava/lang/String;#4396#172 prob_bp = 0.5
org.apache.commons.lang3.StringUtils:replace:(Ljava/lang/String;Ljava/lang/String;Ljava/lang/String;I)Ljava/lang/String;#4396#175 prob_bp = 0.5
org.apache.commons.lang3.StringUtils:replace:(Ljava/lang/String;Ljava/lang/String;Ljava/lang/String;I)Ljava/lang/String;#4396#178 prob_bp = 0.5
org.apache.commons.lang3.StringEscapeUtilsTest:checkCsvEscapeWriter:(Ljava/lang/String;Ljava/lang/String;)V#408#24 prob_bp = 0.5
org.apache.commons.lang3.StringEscapeUtilsTest:checkCsvEscapeWriter:(Ljava/lang/String;Ljava/lang/String;)V#409#50 prob_bp = 0.5
org.apache.commons.lang3.StringUtils:containsNone:(Ljava/lang/CharSequence;[C)Z#1753#88 prob_bp = 0.5
org.apache.commons.lang3.StringUtils:containsNone:(Ljava/lang/CharSequence;[C)Z#1753#92 prob_bp = 0.5
org.apache.commons.lang3.StringUtils:containsNone:(Ljava/lang/CharSequence;[C)Z#1753#95 prob_bp = 0.5
org.apache.commons.lang3.StringUtils:containsNone:(Ljava/lang/CharSequence;[C)Z#1753#96 prob_bp = 0.5
org.apache.commons.lang3.StringUtils:containsNone:(Ljava/lang/CharSequence;[C)Z#1753#97 prob_bp = 0.5
org.apache.commons.lang3.StringUtils:containsNone:(Ljava/lang/CharSequence;[C)Z#1753#98 prob_bp = 0.5
org.apache.commons.lang3.StringUtils:containsNone:(Ljava/lang/CharSequence;[C)Z#1753#99 prob_bp = 0.5
org.apache.commons.lang3.StringUtils:containsNone:(Ljava/lang/CharSequence;[C)Z#1753#102 prob_bp = 0.5
org.apache.commons.lang3.StringUtils:containsNone:(Ljava/lang/CharSequence;[C)Z#1738#8 prob_bp = 0.5
org.apache.commons.lang3.StringUtils:containsNone:(Ljava/lang/CharSequence;[C)Z#1738#9 prob_bp = 0.5
org.apache.commons.lang3.StringUtils:containsNone:(Ljava/lang/CharSequence;Ljava/lang/String;)Z#1791#8 prob_bp = 0.5
org.apache.commons.lang3.StringUtils:containsNone:(Ljava/lang/CharSequence;[C)Z#1741#18 prob_bp = 0.5000000000000001
org.apache.commons.lang3.StringUtils:containsNone:(Ljava/lang/CharSequence;[C)Z#1741#20 prob_bp = 0.5000000000000001
org.apache.commons.lang3.StringUtils:replace:(Ljava/lang/String;Ljava/lang/String;Ljava/lang/String;I)Ljava/lang/String;#4383#45 prob_bp = 0.5000000000000001
org.apache.commons.lang3.StringUtils:replace:(Ljava/lang/String;Ljava/lang/String;Ljava/lang/String;I)Ljava/lang/String;#4383#48 prob_bp = 0.5000000000000001
org.apache.commons.lang3.StringUtils:replace:(Ljava/lang/String;Ljava/lang/String;Ljava/lang/String;I)Ljava/lang/String;#4386#74 prob_bp = 0.5000000000000001
org.apache.commons.lang3.StringUtils:replace:(Ljava/lang/String;Ljava/lang/String;Ljava/lang/String;I)Ljava/lang/String;#4386#78 prob_bp = 0.5000000000000001
org.apache.commons.lang3.StringUtils:replace:(Ljava/lang/String;Ljava/lang/String;Ljava/lang/String;I)Ljava/lang/String;#4389#134 prob_bp = 0.5000000000000001
org.apache.commons.lang3.StringUtils:replace:(Ljava/lang/String;Ljava/lang/String;Ljava/lang/String;I)Ljava/lang/String;#4390#142 prob_bp = 0.5000000000000001
org.apache.commons.lang3.StringUtils:replace:(Ljava/lang/String;Ljava/lang/String;Ljava/lang/String;I)Ljava/lang/String;#4391#149 prob_bp = 0.5000000000000001
org.apache.commons.lang3.StringUtils:containsNone:(Ljava/lang/CharSequence;[C)Z#1753#86 prob_bp = 0.5000000000000001
org.apache.commons.lang3.StringUtils:containsNone:(Ljava/lang/CharSequence;[C)Z#1753#103 prob_bp = 0.5000000000000001
org.apache.commons.lang3.StringUtils:containsNone:(Ljava/lang/CharSequence;[C)Z#1754#112 prob_bp = 0.5000000000000001
org.apache.commons.lang3.StringUtils:containsNone:(Ljava/lang/CharSequence;Ljava/lang/String;)Z#1791#9 prob_bp = 0.5000000000000001
org.apache.commons.lang3.StringEscapeUtilsTest:checkCsvEscapeWriter:(Ljava/lang/String;Ljava/lang/String;)V#403#0 prob_bp = 0.5000000000000002
org.apache.commons.lang3.StringUtils:containsNone:(Ljava/lang/CharSequence;[C)Z#1753#89 prob_bp = 0.5000000000000002
org.apache.commons.lang3.StringUtils:containsNone:(Ljava/lang/CharSequence;[C)Z#1753#93 prob_bp = 0.5000000000000002
org.apache.commons.lang3.StringUtils:containsNone:(Ljava/lang/CharSequence;[C)Z#1753#101 prob_bp = 0.5000000000000002
org.apache.commons.lang3.StringUtils:containsNone:(Ljava/lang/CharSequence;[C)Z#1754#111 prob_bp = 0.5000000000000002
org.apache.commons.lang3.StringUtils:containsNone:(Ljava/lang/CharSequence;[C)Z#1747#63 prob_bp = 0.5000000000000004
org.apache.commons.lang3.StringUtils:containsNone:(Ljava/lang/CharSequence;[C)Z#1747#64 prob_bp = 0.5000000000000007
org.apache.commons.lang3.StringUtils:containsNone:(Ljava/lang/CharSequence;[C)Z#1747#60 prob_bp = 0.5000000000000008
org.apache.commons.lang3.StringUtils:containsNone:(Ljava/lang/CharSequence;[C)Z#1747#61 prob_bp = 0.5000000000000014
org.apache.commons.lang3.StringUtils:containsNone:(Ljava/lang/CharSequence;[C)Z#1747#66 prob_bp = 0.5000000000000034
org.apache.commons.lang3.StringEscapeUtilsTest:checkCsvEscapeWriter:(Ljava/lang/String;Ljava/lang/String;)V#404#8 prob_bp = 0.5000000000000061
org.apache.commons.lang3.StringUtils:containsNone:(Ljava/lang/CharSequence;[C)Z#1746#55 prob_bp = 0.500000000000079
org.apache.commons.lang3.StringUtils:containsNone:(Ljava/lang/CharSequence;[C)Z#1746#57 prob_bp = 0.5000000000002102
org.apache.commons.lang3.StringUtils:containsNone:(Ljava/lang/CharSequence;[C)Z#1746#53 prob_bp = 0.500000000000211
org.apache.commons.lang3.StringEscapeUtilsTest:checkCsvEscapeWriter:(Ljava/lang/String;Ljava/lang/String;)V#403#3 prob_bp = 0.5000000000003583
org.apache.commons.lang3.StringUtils:containsNone:(Ljava/lang/CharSequence;[C)Z#1746#115 prob_bp = 0.5000000000004213
org.apache.commons.lang3.StringUtils:containsNone:(Ljava/lang/CharSequence;Ljava/lang/String;)Z#1790#1 prob_bp = 0.500000000001897
org.apache.commons.lang3.StringUtils:containsNone:(Ljava/lang/CharSequence;Ljava/lang/String;)Z#1790#0 prob_bp = 0.5000000000018973
org.apache.commons.lang3.StringUtils:containsNone:(Ljava/lang/CharSequence;[C)Z#1745#40 prob_bp = 0.5000000000165626
org.apache.commons.lang3.StringUtils:containsNone:(Ljava/lang/CharSequence;[C)Z#1745#48 prob_bp = 0.5000000000169528
org.apache.commons.lang3.StringUtils:containsNone:(Ljava/lang/CharSequence;[C)Z#1748#69 prob_bp = 0.5000000000185151
org.apache.commons.lang3.StringUtils:containsNone:(Ljava/lang/CharSequence;[C)Z#1748#71 prob_bp = 0.5000000000247652
org.apache.commons.lang3.StringEscapeUtilsTest:checkCsvEscapeWriter:(Ljava/lang/String;Ljava/lang/String;)V#404#11 prob_bp = 0.5000000000303672
org.apache.commons.lang3.StringEscapeUtilsTest:checkCsvEscapeWriter:(Ljava/lang/String;Ljava/lang/String;)V#403#7 prob_bp = 0.5000000000303673
org.apache.commons.lang3.StringEscapeUtilsTest:checkCsvEscapeWriter:(Ljava/lang/String;Ljava/lang/String;)V#404#12 prob_bp = 0.5000000000303673
org.apache.commons.lang3.StringUtils:replace:(Ljava/lang/String;Ljava/lang/String;Ljava/lang/String;)Ljava/lang/String;#4343#2 prob_bp = 0.5000000000319988
org.apache.commons.lang3.StringUtils:containsNone:(Ljava/lang/CharSequence;[C)Z#1745#41 prob_bp = 0.5000000000331241
org.apache.commons.lang3.StringUtils:containsNone:(Ljava/lang/CharSequence;[C)Z#1745#43 prob_bp = 0.5000000000331248
org.apache.commons.lang3.StringUtils:containsNone:(Ljava/lang/CharSequence;[C)Z#1748#74 prob_bp = 0.5000000000497657
org.apache.commons.lang3.StringUtils:containsNone:(Ljava/lang/CharSequence;Ljava/lang/String;)Z#1790#4 prob_bp = 0.5000000000616559
org.apache.commons.lang3.StringUtils:containsNone:(Ljava/lang/CharSequence;Ljava/lang/String;)Z#1790#5 prob_bp = 0.5000000000616559
org.apache.commons.lang3.StringUtils:containsNone:(Ljava/lang/CharSequence;[C)Z#1737#0 prob_bp = 0.5000000004086684
org.apache.commons.lang3.StringUtils:containsNone:(Ljava/lang/CharSequence;[C)Z#1737#1 prob_bp = 0.5000000004086685
org.apache.commons.lang3.StringUtils:containsNone:(Ljava/lang/CharSequence;Ljava/lang/String;)Z#1793#11 prob_bp = 0.500000000492412
org.apache.commons.lang3.StringUtils:containsNone:(Ljava/lang/CharSequence;Ljava/lang/String;)Z#1793#12 prob_bp = 0.5000000023785994
org.apache.commons.lang3.StringUtils:containsNone:(Ljava/lang/CharSequence;Ljava/lang/String;)Z#1793#10 prob_bp = 0.5000000023785995
org.apache.commons.lang3.StringUtils:containsNone:(Ljava/lang/CharSequence;Ljava/lang/String;)Z#1793#15 prob_bp = 0.5000000028710123
org.apache.commons.lang3.StringUtils:containsNone:(Ljava/lang/CharSequence;[C)Z#1743#25 prob_bp = 0.5000000088029797
org.apache.commons.lang3.StringUtils:containsNone:(Ljava/lang/CharSequence;[C)Z#1743#28 prob_bp = 0.5000000088029812
org.apache.commons.lang3.StringUtils:containsNone:(Ljava/lang/CharSequence;[C)Z#1743#27 prob_bp = 0.5000000088029832
org.apache.commons.lang3.StringUtils:containsNone:(Ljava/lang/CharSequence;[C)Z#1743#29 prob_bp = 0.5000000088030083
org.apache.commons.lang3.StringUtils:containsNone:(Ljava/lang/CharSequence;[C)Z#1742#23 prob_bp = 0.5000000088030574
org.apache.commons.lang3.StringUtils:containsNone:(Ljava/lang/CharSequence;[C)Z#1742#21 prob_bp = 0.5000000088030578
org.apache.commons.lang3.StringUtils:containsNone:(Ljava/lang/CharSequence;[C)Z#1749#79 prob_bp = 0.5000000088031051
org.apache.commons.lang3.StringUtils:containsNone:(Ljava/lang/CharSequence;[C)Z#1742#22 prob_bp = 0.5000000088031895
org.apache.commons.lang3.StringUtils:containsNone:(Ljava/lang/CharSequence;[C)Z#1749#81 prob_bp = 0.5000000088034958
org.apache.commons.lang3.StringUtils:containsNone:(Ljava/lang/CharSequence;[C)Z#1749#77 prob_bp = 0.5000000088034959
org.apache.commons.lang3.StringUtils:containsNone:(Ljava/lang/CharSequence;[C)Z#1746#51 prob_bp = 0.5000000088037075
org.apache.commons.lang3.StringUtils:containsNone:(Ljava/lang/CharSequence;[C)Z#1746#50 prob_bp = 0.5000000088037098
org.apache.commons.lang3.StringUtils:containsNone:(Ljava/lang/CharSequence;[C)Z#1737#4 prob_bp = 0.5000000137214274
org.apache.commons.lang3.StringUtils:containsNone:(Ljava/lang/CharSequence;[C)Z#1737#5 prob_bp = 0.5000000137214285
org.apache.commons.lang3.StringUtils:isEmpty:(Ljava/lang/CharSequence;)Z#195#0 prob_bp = 0.5000000168589258
org.apache.commons.lang3.StringUtils:isEmpty:(Ljava/lang/CharSequence;)Z#195#1 prob_bp = 0.5000000168592975
org.apache.commons.lang3.StringUtils:replace:(Ljava/lang/String;Ljava/lang/String;Ljava/lang/String;I)Ljava/lang/String;#4375#0 prob_bp = 0.5000000959385715
org.apache.commons.lang3.StringUtils:replace:(Ljava/lang/String;Ljava/lang/String;Ljava/lang/String;I)Ljava/lang/String;#4375#1 prob_bp = 0.5000000959455315
org.apache.commons.lang3.StringUtils:containsNone:(Ljava/lang/CharSequence;[C)Z#1744#37 prob_bp = 0.5000001637933502
org.apache.commons.lang3.StringUtils:containsNone:(Ljava/lang/CharSequence;[C)Z#1744#34 prob_bp = 0.500000163793423
org.apache.commons.lang3.StringUtils:containsNone:(Ljava/lang/CharSequence;[C)Z#1740#10 prob_bp = 0.5000001637934341
org.apache.commons.lang3.StringUtils:containsNone:(Ljava/lang/CharSequence;[C)Z#1740#16 prob_bp = 0.5000001637934355
org.apache.commons.lang3.StringUtils:containsNone:(Ljava/lang/CharSequence;[C)Z#1740#11 prob_bp = 0.5000001637934408
org.apache.commons.lang3.StringUtils:containsNone:(Ljava/lang/CharSequence;[C)Z#1744#36 prob_bp = 0.5000001637934455
org.apache.commons.lang3.StringUtils:containsNone:(Ljava/lang/CharSequence;[C)Z#1744#32 prob_bp = 0.5000001638265692
org.apache.commons.lang3.StringUtils:containsNone:(Ljava/lang/CharSequence;[C)Z#1744#31 prob_bp = 0.5000001638265716
org.apache.commons.lang3.StringUtils:replace:(Ljava/lang/String;Ljava/lang/String;Ljava/lang/String;I)Ljava/lang/String;#4375#7 prob_bp = 0.5000001679371252
org.apache.commons.lang3.StringUtils:replace:(Ljava/lang/String;Ljava/lang/String;Ljava/lang/String;I)Ljava/lang/String;#4375#8 prob_bp = 0.5000001679378828
org.apache.commons.lang3.StringUtils:replace:(Ljava/lang/String;Ljava/lang/String;Ljava/lang/String;)Ljava/lang/String;#4343#3 prob_bp = 0.5000001757316844
org.apache.commons.lang3.StringUtils:isEmpty:(Ljava/lang/CharSequence;)Z#195#4 prob_bp = 0.5000002470275304
org.apache.commons.lang3.StringUtils:isEmpty:(Ljava/lang/CharSequence;)Z#195#5 prob_bp = 0.5000002470280152
org.apache.commons.lang3.StringUtils:isEmpty:(Ljava/lang/CharSequence;)Z#195#10 prob_bp = 0.5000002470282063
org.apache.commons.lang3.StringUtils:containsNone:(Ljava/lang/CharSequence;[C)Z#1744#121 prob_bp = 0.5000003604433673
org.apache.commons.lang3.StringUtils:replace:(Ljava/lang/String;Ljava/lang/String;Ljava/lang/String;I)Ljava/lang/String;#4375#4 prob_bp = 0.5000174884164861
org.apache.commons.lang3.StringUtils:replace:(Ljava/lang/String;Ljava/lang/String;Ljava/lang/String;I)Ljava/lang/String;#4375#11 prob_bp = 0.5001477876680892
org.apache.commons.lang3.StringUtils:isEmpty:(Ljava/lang/CharSequence;)Z#195#17 prob_bp = 0.5001652657407756
org.apache.commons.lang3.StringUtils:isEmpty:(Ljava/lang/CharSequence;)Z#195#18 prob_bp = 0.5001652657474074
org.apache.commons.lang3.StringUtils:replace:(Ljava/lang/String;Ljava/lang/String;Ljava/lang/String;I)Ljava/lang/String;#4378#24 prob_bp = 0.5019456590206293
org.apache.commons.lang3.StringUtils:replace:(Ljava/lang/String;Ljava/lang/String;Ljava/lang/String;I)Ljava/lang/String;#4378#25 prob_bp = 0.5019456590233078
org.apache.commons.lang3.StringUtils:replace:(Ljava/lang/String;Ljava/lang/String;Ljava/lang/String;I)Ljava/lang/String;#4379#29 prob_bp = 0.5019456590241792
org.apache.commons.lang3.StringUtils:replace:(Ljava/lang/String;Ljava/lang/String;Ljava/lang/String;I)Ljava/lang/String;#4379#28 prob_bp = 0.5019456590253368
org.apache.commons.lang3.StringUtils:replace:(Ljava/lang/String;Ljava/lang/String;Ljava/lang/String;I)Ljava/lang/String;#4379#34 prob_bp = 0.5019456590292994
org.apache.commons.lang3.StringUtils:replace:(Ljava/lang/String;Ljava/lang/String;Ljava/lang/String;I)Ljava/lang/String;#4380#36 prob_bp = 0.501945659037156
org.apache.commons.lang3.StringUtils:replace:(Ljava/lang/String;Ljava/lang/String;Ljava/lang/String;I)Ljava/lang/String;#4380#38 prob_bp = 0.5019456590533331
org.apache.commons.lang3.StringUtils:replace:(Ljava/lang/String;Ljava/lang/String;Ljava/lang/String;I)Ljava/lang/String;#4380#39 prob_bp = 0.5019456590546951
org.apache.commons.lang3.StringUtils:replace:(Ljava/lang/String;Ljava/lang/String;Ljava/lang/String;I)Ljava/lang/String;#4375#14 prob_bp = 0.5042888880858694
org.apache.commons.lang3.StringUtils:replace:(Ljava/lang/String;Ljava/lang/String;Ljava/lang/String;I)Ljava/lang/String;#4375#15 prob_bp = 0.504288888091932
org.apache.commons.lang3.StringUtils:replace:(Ljava/lang/String;Ljava/lang/String;Ljava/lang/String;I)Ljava/lang/String;#4375#18 prob_bp = 0.5370302200176478
org.apache.commons.lang3.StringUtils:replace:(Ljava/lang/String;Ljava/lang/String;Ljava/lang/String;I)Ljava/lang/String;#4375#19 prob_bp = 0.5370302200307501
org.apache.commons.lang3.StringUtils:containsNone:(Ljava/lang/CharSequence;[C)Z#1758#113 prob_bp = 0.9999938364987657
org.apache.commons.lang3.StringUtils:containsNone:(Ljava/lang/CharSequence;[C)Z#1758#114 prob_bp = 0.9999938365987707
org.apache.commons.lang3.StringUtils:replace:(Ljava/lang/String;Ljava/lang/String;Ljava/lang/String;I)Ljava/lang/String;#4379#27 prob_bp = 0.9999938371814949
org.apache.commons.lang3.StringUtils:replace:(Ljava/lang/String;Ljava/lang/String;Ljava/lang/String;I)Ljava/lang/String;#4384#50 prob_bp = 0.9999938378975401
org.apache.commons.lang3.StringUtils:replace:(Ljava/lang/String;Ljava/lang/String;Ljava/lang/String;I)Ljava/lang/String;#4384#51 prob_bp = 0.9999938409435185
org.apache.commons.lang3.StringUtils:replace:(Ljava/lang/String;Ljava/lang/String;Ljava/lang/String;I)Ljava/lang/String;#4387#102 prob_bp = 0.9999938470354108
org.apache.commons.lang3.StringUtils:replace:(Ljava/lang/String;Ljava/lang/String;Ljava/lang/String;I)Ljava/lang/String;#4379#31 prob_bp = 0.9999938483903182
org.apache.commons.lang3.StringUtils:replace:(Ljava/lang/String;Ljava/lang/String;Ljava/lang/String;I)Ljava/lang/String;#4387#98 prob_bp = 0.9999938589144376
org.apache.commons.lang3.StringUtils:replace:(Ljava/lang/String;Ljava/lang/String;Ljava/lang/String;I)Ljava/lang/String;#4387#101 prob_bp = 0.9999938590180509
org.apache.commons.lang3.StringUtils:replace:(Ljava/lang/String;Ljava/lang/String;Ljava/lang/String;I)Ljava/lang/String;#4387#108 prob_bp = 0.9999938592190826
org.apache.commons.lang3.StringUtils:replace:(Ljava/lang/String;Ljava/lang/String;Ljava/lang/String;I)Ljava/lang/String;#4387#112 prob_bp = 0.9999939566908235
org.apache.commons.lang3.StringUtils:replace:(Ljava/lang/String;Ljava/lang/String;Ljava/lang/String;)Ljava/lang/String;#4343#4 prob_bp = 0.9999941122978444
org.apache.commons.lang3.StringUtils:replace:(Ljava/lang/String;Ljava/lang/String;Ljava/lang/String;I)Ljava/lang/String;#4397#179 prob_bp = 0.9999941516328723
org.apache.commons.lang3.StringUtils:replace:(Ljava/lang/String;Ljava/lang/String;Ljava/lang/String;I)Ljava/lang/String;#4397#181 prob_bp = 0.9999945415167709
org.apache.commons.lang3.StringUtils:replace:(Ljava/lang/String;Ljava/lang/String;Ljava/lang/String;I)Ljava/lang/String;#4397#184 prob_bp = 0.9999953212839496
org.apache.commons.lang3.StringUtils:replace:(Ljava/lang/String;Ljava/lang/String;Ljava/lang/String;)Ljava/lang/String;#4343#0 prob_bp = 0.9999999994011679
org.apache.commons.lang3.StringEscapeUtilsTest:checkCsvEscapeWriter:(Ljava/lang/String;Ljava/lang/String;)V#404#13 prob_bp = 0.9999999997
org.apache.commons.lang3.StringEscapeUtilsTest:checkCsvEscapeWriter:(Ljava/lang/String;Ljava/lang/String;)V#405#16 prob_bp = 0.9999999998000001
org.apache.commons.lang3.StringEscapeUtilsTest:checkCsvEscapeWriter:(Ljava/lang/String;Ljava/lang/String;)V#405#17 prob_bp = 0.9999999999
org.apache.commons.lang3.StringEscapeUtils:escapeCsv:(Ljava/lang/String;)Ljava/lang/String;#556#3 prob_bp = 0.9999999999999997
org.apache.commons.lang3.StringEscapeUtilsTest:testEscapeCsvString:()V#381#0 prob_bp = 1.0
org.apache.commons.lang3.StringEscapeUtilsTest:testEscapeCsvString:()V#381#2 prob_bp = 1.0
org.apache.commons.lang3.StringEscapeUtilsTest:testEscapeCsvString:()V#381#4 prob_bp = 1.0
org.apache.commons.lang3.StringEscapeUtils:escapeCsv:(Ljava/lang/String;)Ljava/lang/String;#556#0 prob_bp = 1.0
org.apache.commons.lang3.StringEscapeUtils:escapeCsv:(Ljava/lang/String;)Ljava/lang/String;#556#4 prob_bp = 1.0
org.apache.commons.lang3.StringUtils:containsNone:(Ljava/lang/CharSequence;[C)Z#1763#127 prob_bp = 1.0
org.apache.commons.lang3.StringUtils:containsNone:(Ljava/lang/CharSequence;[C)Z#1763#128 prob_bp = 1.0
org.apache.commons.lang3.StringEscapeUtils:escapeCsv:(Ljava/lang/String;)Ljava/lang/String;#556#7 prob_bp = 1.0
org.apache.commons.lang3.StringEscapeUtilsTest:testEscapeCsvString:()V#381#7 prob_bp = 1.0
org.apache.commons.lang3.StringEscapeUtilsTest:testEscapeCsvString:()V#382#10 prob_bp = 1.0
org.apache.commons.lang3.StringEscapeUtilsTest:testEscapeCsvString:()V#382#12 prob_bp = 1.0
org.apache.commons.lang3.StringEscapeUtilsTest:testEscapeCsvString:()V#382#14 prob_bp = 1.0
org.apache.commons.lang3.StringUtils:replace:(Ljava/lang/String;Ljava/lang/String;Ljava/lang/String;)Ljava/lang/String;#4343#1 prob_bp = 1.0
org.apache.commons.lang3.StringUtils:replace:(Ljava/lang/String;Ljava/lang/String;Ljava/lang/String;)Ljava/lang/String;#4343#7 prob_bp = 1.0
org.apache.commons.lang3.StringEscapeUtilsTest:testEscapeCsvString:()V#382#17 prob_bp = 1.0
org.apache.commons.lang3.StringEscapeUtilsTest:testEscapeCsvString:()V#383#20 prob_bp = 1.0
org.apache.commons.lang3.StringEscapeUtilsTest:testEscapeCsvString:()V#383#22 prob_bp = 1.0
org.apache.commons.lang3.StringEscapeUtilsTest:testEscapeCsvString:()V#383#24 prob_bp = 1.0
org.apache.commons.lang3.StringEscapeUtilsTest:testEscapeCsvString:()V#383#27 prob_bp = 1.0
org.apache.commons.lang3.StringEscapeUtilsTest:testEscapeCsvString:()V#384#30 prob_bp = 1.0
org.apache.commons.lang3.StringEscapeUtilsTest:testEscapeCsvString:()V#384#32 prob_bp = 1.0
org.apache.commons.lang3.StringEscapeUtilsTest:testEscapeCsvString:()V#384#34 prob_bp = 1.0
org.apache.commons.lang3.StringEscapeUtilsTest:testEscapeCsvString:()V#384#37 prob_bp = 1.0
org.apache.commons.lang3.StringEscapeUtilsTest:testEscapeCsvString:()V#385#40 prob_bp = 1.0
org.apache.commons.lang3.StringEscapeUtilsTest:testEscapeCsvString:()V#385#42 prob_bp = 1.0
org.apache.commons.lang3.StringEscapeUtilsTest:testEscapeCsvString:()V#385#44 prob_bp = 1.0
org.apache.commons.lang3.StringEscapeUtilsTest:testEscapeCsvString:()V#385#47 prob_bp = 1.0
org.apache.commons.lang3.StringEscapeUtilsTest:testEscapeCsvString:()V#386#50 prob_bp = 1.0
org.apache.commons.lang3.StringEscapeUtilsTest:testEscapeCsvString:()V#386#52 prob_bp = 1.0
org.apache.commons.lang3.StringEscapeUtilsTest:testEscapeCsvString:()V#386#54 prob_bp = 1.0
org.apache.commons.lang3.StringEscapeUtilsTest:testEscapeCsvString:()V#386#57 prob_bp = 1.0
org.apache.commons.lang3.StringEscapeUtilsTest:testEscapeCsvString:()V#387#60 prob_bp = 1.0
org.apache.commons.lang3.StringEscapeUtilsTest:testEscapeCsvString:()V#387#61 prob_bp = 1.0
org.apache.commons.lang3.StringEscapeUtilsTest:testEscapeCsvString:()V#387#62 prob_bp = 1.0
org.apache.commons.lang3.StringEscapeUtilsTest:testEscapeCsvString:()V#387#65 prob_bp = 1.0
org.apache.commons.lang3.StringEscapeUtilsTest:testEscapeCsvString:()V#388#68 prob_bp = 1.0
org.apache.commons.lang3.StringEscapeUtilsTest:testEscapeCsvWriter:()V#392#0 prob_bp = 1.0
org.apache.commons.lang3.StringEscapeUtilsTest:testEscapeCsvWriter:()V#392#1 prob_bp = 1.0
org.apache.commons.lang3.StringEscapeUtilsTest:testEscapeCsvWriter:()V#392#3 prob_bp = 1.0
org.apache.commons.lang3.StringEscapeUtilsTest:testEscapeCsvWriter:()V#392#5 prob_bp = 1.0
org.apache.commons.lang3.StringEscapeUtilsTest:checkCsvEscapeWriter:(Ljava/lang/String;Ljava/lang/String;)V#405#18 prob_bp = 1.0
org.apache.commons.lang3.StringEscapeUtilsTest:checkCsvEscapeWriter:(Ljava/lang/String;Ljava/lang/String;)V#405#21 prob_bp = 1.0
org.apache.commons.lang3.StringEscapeUtilsTest:testEscapeCsvWriter:()V#393#8 prob_bp = 1.0
org.apache.commons.lang3.StringEscapeUtilsTest:testEscapeCsvWriter:()V#393#9 prob_bp = 1.0
org.apache.commons.lang3.StringEscapeUtilsTest:testEscapeCsvWriter:()V#393#11 prob_bp = 1.0
org.apache.commons.lang3.StringEscapeUtilsTest:testEscapeCsvWriter:()V#393#13 prob_bp = 1.0
org.apache.commons.lang3.StringEscapeUtilsTest:testEscapeCsvWriter:()V#394#16 prob_bp = 1.0
org.apache.commons.lang3.StringEscapeUtilsTest:testEscapeCsvWriter:()V#394#17 prob_bp = 1.0
org.apache.commons.lang3.StringEscapeUtilsTest:testEscapeCsvWriter:()V#394#19 prob_bp = 1.0
org.apache.commons.lang3.StringEscapeUtilsTest:testEscapeCsvWriter:()V#394#21 prob_bp = 1.0
org.apache.commons.lang3.StringEscapeUtilsTest:testEscapeCsvWriter:()V#395#24 prob_bp = 1.0
org.apache.commons.lang3.StringEscapeUtilsTest:testEscapeCsvWriter:()V#395#25 prob_bp = 1.0
org.apache.commons.lang3.StringEscapeUtilsTest:testEscapeCsvWriter:()V#395#27 prob_bp = 1.0
org.apache.commons.lang3.StringEscapeUtilsTest:testEscapeCsvWriter:()V#395#29 prob_bp = 1.0
org.apache.commons.lang3.StringEscapeUtilsTest:testEscapeCsvWriter:()V#396#32 prob_bp = 1.0
org.apache.commons.lang3.StringEscapeUtilsTest:testEscapeCsvWriter:()V#396#33 prob_bp = 1.0
org.apache.commons.lang3.StringEscapeUtilsTest:testEscapeCsvWriter:()V#396#35 prob_bp = 1.0
org.apache.commons.lang3.StringEscapeUtilsTest:testEscapeCsvWriter:()V#396#37 prob_bp = 1.0
org.apache.commons.lang3.StringEscapeUtilsTest:testEscapeCsvWriter:()V#397#40 prob_bp = 1.0
org.apache.commons.lang3.StringEscapeUtilsTest:testEscapeCsvWriter:()V#397#41 prob_bp = 1.0
org.apache.commons.lang3.StringEscapeUtilsTest:testEscapeCsvWriter:()V#397#43 prob_bp = 1.0
org.apache.commons.lang3.StringEscapeUtilsTest:testEscapeCsvWriter:()V#397#44 prob_bp = 1.0
org.apache.commons.lang3.StringEscapeUtilsTest:testEscapeCsvWriter:()V#398#47 prob_bp = 1.0
org.apache.commons.lang3.StringEscapeUtilsTest:testEscapeCsvWriter:()V#398#48 prob_bp = 1.0
org.apache.commons.lang3.StringEscapeUtilsTest:testEscapeCsvWriter:()V#398#50 prob_bp = 1.0
org.apache.commons.lang3.StringEscapeUtilsTest:testEscapeCsvWriter:()V#398#52 prob_bp = 1.0
org.apache.commons.lang3.StringEscapeUtilsTest:testEscapeCsvWriter:()V#399#55 prob_bp = 1.0
org.apache.commons.lang3.StringUtilsEqualsIndexOfTest:testContainsNone_CharArrayWithSupplementaryChars:()V#333#0 prob_bp = 1.0
org.apache.commons.lang3.StringUtilsEqualsIndexOfTest:testContainsNone_CharArrayWithSupplementaryChars:()V#333#2 prob_bp = 1.0
org.apache.commons.lang3.StringUtilsEqualsIndexOfTest:testContainsNone_CharArrayWithSupplementaryChars:()V#333#4 prob_bp = 1.0
org.apache.commons.lang3.StringUtilsEqualsIndexOfTest:testContainsNone_CharArrayWithSupplementaryChars:()V#333#7 prob_bp = 1.0
org.apache.commons.lang3.StringUtilsEqualsIndexOfTest:testContainsNone_CharArrayWithSupplementaryChars:()V#333#10 prob_bp = 1.0
org.apache.commons.lang3.StringUtilsEqualsIndexOfTest:testContainsNone_CharArrayWithSupplementaryChars:()V#334#13 prob_bp = 1.0
org.apache.commons.lang3.StringUtilsEqualsIndexOfTest:testContainsNone_CharArrayWithSupplementaryChars:()V#334#15 prob_bp = 1.0
org.apache.commons.lang3.StringUtilsEqualsIndexOfTest:testContainsNone_CharArrayWithSupplementaryChars:()V#334#17 prob_bp = 1.0
org.apache.commons.lang3.StringUtilsEqualsIndexOfTest:testContainsNone_CharArrayWithSupplementaryChars:()V#334#20 prob_bp = 1.0
org.apache.commons.lang3.StringUtilsEqualsIndexOfTest:testContainsNone_CharArrayWithSupplementaryChars:()V#334#23 prob_bp = 1.0
org.apache.commons.lang3.StringUtilsEqualsIndexOfTest:testContainsNone_CharArrayWithSupplementaryChars:()V#335#26 prob_bp = 1.0
org.apache.commons.lang3.StringUtilsEqualsIndexOfTest:testContainsNone_CharArrayWithSupplementaryChars:()V#335#28 prob_bp = 1.0
org.apache.commons.lang3.StringUtilsEqualsIndexOfTest:testContainsNone_CharArrayWithSupplementaryChars:()V#335#30 prob_bp = 1.0
org.apache.commons.lang3.StringUtilsEqualsIndexOfTest:testContainsNone_CharArrayWithSupplementaryChars:()V#335#33 prob_bp = 1.0
org.apache.commons.lang3.StringUtilsEqualsIndexOfTest:testContainsNone_CharArrayWithSupplementaryChars:()V#335#36 prob_bp = 1.0
org.apache.commons.lang3.StringUtilsEqualsIndexOfTest:testContainsNone_CharArrayWithSupplementaryChars:()V#337#39 prob_bp = 1.0
org.apache.commons.lang3.StringUtilsEqualsIndexOfTest:testContainsNone_CharArrayWithSupplementaryChars:()V#337#42 prob_bp = 1.0
org.apache.commons.lang3.StringUtilsEqualsIndexOfTest:testContainsNone_CharArrayWithSupplementaryChars:()V#337#44 prob_bp = 1.0
org.apache.commons.lang3.StringUtilsEqualsIndexOfTest:testContainsNone_CharArrayWithSupplementaryChars:()V#337#46 prob_bp = 1.0
org.apache.commons.lang3.StringUtilsEqualsIndexOfTest:testContainsNone_CharArrayWithSupplementaryChars:()V#337#49 prob_bp = 1.0
org.apache.commons.lang3.StringUtilsEqualsIndexOfTest:testContainsNone_CharArrayWithSupplementaryChars:()V#337#50 prob_bp = 1.0
org.apache.commons.lang3.StringUtilsEqualsIndexOfTest:testContainsNone_CharArrayWithSupplementaryChars:()V#338#53 prob_bp = 1.0
org.apache.commons.lang3.StringUtilsEqualsIndexOfTest:testContainsNone_CharArrayWithSupplementaryChars:()V#338#54 prob_bp = 1.0
org.apache.commons.lang3.StringUtilsEqualsIndexOfTest:testContainsNone_CharArrayWithSupplementaryChars:()V#338#56 prob_bp = 1.0
org.apache.commons.lang3.StringUtilsEqualsIndexOfTest:testContainsNone_CharArrayWithSupplementaryChars:()V#338#58 prob_bp = 1.0
org.apache.commons.lang3.StringUtilsEqualsIndexOfTest:testContainsNone_CharArrayWithSupplementaryChars:()V#338#59 prob_bp = 1.0
org.apache.commons.lang3.StringUtilsEqualsIndexOfTest:testContainsNone_CharArrayWithSupplementaryChars:()V#338#62 prob_bp = 1.0
org.apache.commons.lang3.StringUtilsEqualsIndexOfTest:testContainsNone_CharArrayWithSupplementaryChars:()V#338#65 prob_bp = 1.0
org.apache.commons.lang3.StringUtilsEqualsIndexOfTest:testContainsNone_CharArrayWithSupplementaryChars:()V#338#66 prob_bp = 1.0
org.apache.commons.lang3.StringUtilsEqualsIndexOfTest:testContainsNone_CharArrayWithSupplementaryChars:()V#339#69 prob_bp = 1.0
org.apache.commons.lang3.StringUtilsEqualsIndexOfTest:testContainsNone_CharArrayWithSupplementaryChars:()V#339#72 prob_bp = 1.0
org.apache.commons.lang3.StringUtilsEqualsIndexOfTest:testContainsNone_CharArrayWithSupplementaryChars:()V#339#74 prob_bp = 1.0
org.apache.commons.lang3.StringUtilsEqualsIndexOfTest:testContainsNone_CharArrayWithSupplementaryChars:()V#339#76 prob_bp = 1.0
org.apache.commons.lang3.StringUtilsEqualsIndexOfTest:testContainsNone_CharArrayWithSupplementaryChars:()V#339#77 prob_bp = 1.0
org.apache.commons.lang3.StringUtilsEqualsIndexOfTest:testContainsNone_CharArrayWithSupplementaryChars:()V#339#80 prob_bp = 1.0
org.apache.commons.lang3.StringUtilsEqualsIndexOfTest:testContainsNone_CharArrayWithSupplementaryChars:()V#339#83 prob_bp = 1.0
org.apache.commons.lang3.StringUtilsEqualsIndexOfTest:testContainsNone_CharArrayWithSupplementaryChars:()V#339#84 prob_bp = 1.0
org.apache.commons.lang3.StringUtilsEqualsIndexOfTest:testContainsNone_CharArrayWithSupplementaryChars:()V#341#87 prob_bp = 1.0
org.apache.commons.lang3.StringUtilsEqualsIndexOfTest:testContainsNone_CharArrayWithSupplementaryChars:()V#341#89 prob_bp = 1.0
org.apache.commons.lang3.StringUtilsEqualsIndexOfTest:testContainsNone_CharArrayWithSupplementaryChars:()V#341#91 prob_bp = 1.0
org.apache.commons.lang3.StringUtilsEqualsIndexOfTest:testContainsNone_CharArrayWithSupplementaryChars:()V#341#94 prob_bp = 1.0
org.apache.commons.lang3.StringUtilsEqualsIndexOfTest:testContainsNone_CharArrayWithSupplementaryChars:()V#341#97 prob_bp = 1.0
org.apache.commons.lang3.StringUtilsEqualsIndexOfTest:testContainsNone_CharArrayWithSupplementaryChars:()V#342#100 prob_bp = 1.0
org.apache.commons.lang3.StringUtilsEqualsIndexOfTest:testContainsNone_CharArrayWithSupplementaryChars:()V#342#102 prob_bp = 1.0
org.apache.commons.lang3.StringUtilsEqualsIndexOfTest:testContainsNone_CharArrayWithSupplementaryChars:()V#342#104 prob_bp = 1.0
org.apache.commons.lang3.StringUtilsEqualsIndexOfTest:testContainsNone_CharArrayWithSupplementaryChars:()V#342#107 prob_bp = 1.0
org.apache.commons.lang3.StringUtilsEqualsIndexOfTest:testContainsNone_CharArrayWithSupplementaryChars:()V#342#110 prob_bp = 1.0
org.apache.commons.lang3.StringUtilsEqualsIndexOfTest:testContainsNone_CharArrayWithSupplementaryChars:()V#343#113 prob_bp = 1.0
org.apache.commons.lang3.StringUtilsEqualsIndexOfTest:testContainsNone_StringWithSupplementaryChars:()V#390#0 prob_bp = 1.0
org.apache.commons.lang3.StringUtilsEqualsIndexOfTest:testContainsNone_StringWithSupplementaryChars:()V#390#2 prob_bp = 1.0
org.apache.commons.lang3.StringUtilsEqualsIndexOfTest:testContainsNone_StringWithSupplementaryChars:()V#390#4 prob_bp = 1.0
org.apache.commons.lang3.StringUtils:containsNone:(Ljava/lang/CharSequence;Ljava/lang/String;)Z#1793#18 prob_bp = 1.0
org.apache.commons.lang3.StringUtilsEqualsIndexOfTest:testContainsNone_StringWithSupplementaryChars:()V#390#7 prob_bp = 1.0
org.apache.commons.lang3.StringUtilsEqualsIndexOfTest:testContainsNone_StringWithSupplementaryChars:()V#391#10 prob_bp = 1.0
org.apache.commons.lang3.StringUtilsEqualsIndexOfTest:testContainsNone_StringWithSupplementaryChars:()V#391#12 prob_bp = 1.0
org.apache.commons.lang3.StringUtilsEqualsIndexOfTest:testContainsNone_StringWithSupplementaryChars:()V#391#14 prob_bp = 1.0
org.apache.commons.lang3.StringUtilsEqualsIndexOfTest:testContainsNone_StringWithSupplementaryChars:()V#391#17 prob_bp = 1.0
org.apache.commons.lang3.StringUtilsEqualsIndexOfTest:testContainsNone_StringWithSupplementaryChars:()V#392#20 prob_bp = 1.0
org.apache.commons.lang3.StringUtilsEqualsIndexOfTest:testContainsNone_StringWithSupplementaryChars:()V#392#22 prob_bp = 1.0
org.apache.commons.lang3.StringUtilsEqualsIndexOfTest:testContainsNone_StringWithSupplementaryChars:()V#392#24 prob_bp = 1.0
org.apache.commons.lang3.StringUtilsEqualsIndexOfTest:testContainsNone_StringWithSupplementaryChars:()V#392#27 prob_bp = 1.0
org.apache.commons.lang3.StringUtilsEqualsIndexOfTest:testContainsNone_StringWithSupplementaryChars:()V#394#30 prob_bp = 1.0
org.apache.commons.lang3.StringUtilsEqualsIndexOfTest:testContainsNone_StringWithSupplementaryChars:()V#394#33 prob_bp = 1.0
org.apache.commons.lang3.StringUtilsEqualsIndexOfTest:testContainsNone_StringWithSupplementaryChars:()V#394#35 prob_bp = 1.0
org.apache.commons.lang3.StringUtilsEqualsIndexOfTest:testContainsNone_StringWithSupplementaryChars:()V#394#37 prob_bp = 1.0
org.apache.commons.lang3.StringUtilsEqualsIndexOfTest:testContainsNone_StringWithSupplementaryChars:()V#394#40 prob_bp = 1.0
org.apache.commons.lang3.StringUtilsEqualsIndexOfTest:testContainsNone_StringWithSupplementaryChars:()V#394#41 prob_bp = 1.0
org.apache.commons.lang3.StringUtilsEqualsIndexOfTest:testContainsNone_StringWithSupplementaryChars:()V#395#44 prob_bp = 1.0
org.apache.commons.lang3.StringUtilsEqualsIndexOfTest:testContainsNone_StringWithSupplementaryChars:()V#395#45 prob_bp = 1.0
org.apache.commons.lang3.StringUtilsEqualsIndexOfTest:testContainsNone_StringWithSupplementaryChars:()V#395#47 prob_bp = 1.0
org.apache.commons.lang3.StringUtilsEqualsIndexOfTest:testContainsNone_StringWithSupplementaryChars:()V#395#49 prob_bp = 1.0
org.apache.commons.lang3.StringUtilsEqualsIndexOfTest:testContainsNone_StringWithSupplementaryChars:()V#395#50 prob_bp = 1.0
org.apache.commons.lang3.StringUtilsEqualsIndexOfTest:testContainsNone_StringWithSupplementaryChars:()V#395#53 prob_bp = 1.0
org.apache.commons.lang3.StringUtilsEqualsIndexOfTest:testContainsNone_StringWithSupplementaryChars:()V#395#56 prob_bp = 1.0
org.apache.commons.lang3.StringUtilsEqualsIndexOfTest:testContainsNone_StringWithSupplementaryChars:()V#395#57 prob_bp = 1.0
org.apache.commons.lang3.StringUtilsEqualsIndexOfTest:testContainsNone_StringWithSupplementaryChars:()V#396#60 prob_bp = 1.0
org.apache.commons.lang3.StringUtilsEqualsIndexOfTest:testContainsNone_StringWithSupplementaryChars:()V#396#63 prob_bp = 1.0
org.apache.commons.lang3.StringUtilsEqualsIndexOfTest:testContainsNone_StringWithSupplementaryChars:()V#396#65 prob_bp = 1.0
org.apache.commons.lang3.StringUtilsEqualsIndexOfTest:testContainsNone_StringWithSupplementaryChars:()V#396#67 prob_bp = 1.0
org.apache.commons.lang3.StringUtilsEqualsIndexOfTest:testContainsNone_StringWithSupplementaryChars:()V#396#68 prob_bp = 1.0
org.apache.commons.lang3.StringUtilsEqualsIndexOfTest:testContainsNone_StringWithSupplementaryChars:()V#396#71 prob_bp = 1.0
org.apache.commons.lang3.StringUtilsEqualsIndexOfTest:testContainsNone_StringWithSupplementaryChars:()V#396#74 prob_bp = 1.0
org.apache.commons.lang3.StringUtilsEqualsIndexOfTest:testContainsNone_StringWithSupplementaryChars:()V#396#75 prob_bp = 1.0
org.apache.commons.lang3.StringUtilsEqualsIndexOfTest:testContainsNone_StringWithSupplementaryChars:()V#398#78 prob_bp = 1.0
org.apache.commons.lang3.StringUtilsEqualsIndexOfTest:testContainsNone_StringWithSupplementaryChars:()V#398#80 prob_bp = 1.0
org.apache.commons.lang3.StringUtilsEqualsIndexOfTest:testContainsNone_StringWithSupplementaryChars:()V#398#82 prob_bp = 1.0
org.apache.commons.lang3.StringUtilsEqualsIndexOfTest:testContainsNone_StringWithSupplementaryChars:()V#398#85 prob_bp = 1.0
org.apache.commons.lang3.StringUtilsEqualsIndexOfTest:testContainsNone_StringWithSupplementaryChars:()V#399#88 prob_bp = 1.0
org.apache.commons.lang3.StringUtilsEqualsIndexOfTest:testContainsNone_StringWithSupplementaryChars:()V#399#90 prob_bp = 1.0
org.apache.commons.lang3.StringUtilsEqualsIndexOfTest:testContainsNone_StringWithSupplementaryChars:()V#399#92 prob_bp = 1.0
org.apache.commons.lang3.StringUtilsEqualsIndexOfTest:testContainsNone_StringWithSupplementaryChars:()V#399#95 prob_bp = 1.0
org.apache.commons.lang3.StringUtilsEqualsIndexOfTest:testContainsNone_StringWithSupplementaryChars:()V#400#98 prob_bp = 1.0
org.apache.commons.lang3.StringUtilsEqualsIndexOfTest:testContainsNone_CharArray:()V#289#0 prob_bp = 1.0
org.apache.commons.lang3.StringUtilsEqualsIndexOfTest:testContainsNone_CharArray:()V#289#2 prob_bp = 1.0
org.apache.commons.lang3.StringUtilsEqualsIndexOfTest:testContainsNone_CharArray:()V#290#3 prob_bp = 1.0
org.apache.commons.lang3.StringUtilsEqualsIndexOfTest:testContainsNone_CharArray:()V#290#5 prob_bp = 1.0
org.apache.commons.lang3.StringUtilsEqualsIndexOfTest:testContainsNone_CharArray:()V#291#6 prob_bp = 1.0
org.apache.commons.lang3.StringUtilsEqualsIndexOfTest:testContainsNone_CharArray:()V#291#8 prob_bp = 1.0
org.apache.commons.lang3.StringUtilsEqualsIndexOfTest:testContainsNone_CharArray:()V#292#9 prob_bp = 1.0
org.apache.commons.lang3.StringUtilsEqualsIndexOfTest:testContainsNone_CharArray:()V#292#10 prob_bp = 1.0
org.apache.commons.lang3.StringUtilsEqualsIndexOfTest:testContainsNone_CharArray:()V#292#12 prob_bp = 1.0
org.apache.commons.lang3.StringUtilsEqualsIndexOfTest:testContainsNone_CharArray:()V#292#13 prob_bp = 1.0
org.apache.commons.lang3.StringUtilsEqualsIndexOfTest:testContainsNone_CharArray:()V#292#14 prob_bp = 1.0
org.apache.commons.lang3.StringUtilsEqualsIndexOfTest:testContainsNone_CharArray:()V#292#16 prob_bp = 1.0
org.apache.commons.lang3.StringUtilsEqualsIndexOfTest:testContainsNone_CharArray:()V#292#17 prob_bp = 1.0
org.apache.commons.lang3.StringUtilsEqualsIndexOfTest:testContainsNone_CharArray:()V#293#19 prob_bp = 1.0
org.apache.commons.lang3.StringUtilsEqualsIndexOfTest:testContainsNone_CharArray:()V#293#20 prob_bp = 1.0
org.apache.commons.lang3.StringUtilsEqualsIndexOfTest:testContainsNone_CharArray:()V#293#22 prob_bp = 1.0
org.apache.commons.lang3.StringUtilsEqualsIndexOfTest:testContainsNone_CharArray:()V#293#23 prob_bp = 1.0
org.apache.commons.lang3.StringUtilsEqualsIndexOfTest:testContainsNone_CharArray:()V#293#24 prob_bp = 1.0
org.apache.commons.lang3.StringUtilsEqualsIndexOfTest:testContainsNone_CharArray:()V#293#26 prob_bp = 1.0
org.apache.commons.lang3.StringUtilsEqualsIndexOfTest:testContainsNone_CharArray:()V#293#27 prob_bp = 1.0
org.apache.commons.lang3.StringUtilsEqualsIndexOfTest:testContainsNone_CharArray:()V#294#29 prob_bp = 1.0
org.apache.commons.lang3.StringUtilsEqualsIndexOfTest:testContainsNone_CharArray:()V#294#30 prob_bp = 1.0
org.apache.commons.lang3.StringUtilsEqualsIndexOfTest:testContainsNone_CharArray:()V#294#32 prob_bp = 1.0
org.apache.commons.lang3.StringUtilsEqualsIndexOfTest:testContainsNone_CharArray:()V#294#33 prob_bp = 1.0
org.apache.commons.lang3.StringUtilsEqualsIndexOfTest:testContainsNone_CharArray:()V#294#34 prob_bp = 1.0
org.apache.commons.lang3.StringUtilsEqualsIndexOfTest:testContainsNone_CharArray:()V#294#36 prob_bp = 1.0
org.apache.commons.lang3.StringUtilsEqualsIndexOfTest:testContainsNone_CharArray:()V#294#37 prob_bp = 1.0
org.apache.commons.lang3.StringUtilsEqualsIndexOfTest:testContainsNone_CharArray:()V#294#38 prob_bp = 1.0
org.apache.commons.lang3.StringUtilsEqualsIndexOfTest:testContainsNone_CharArray:()V#294#39 prob_bp = 1.0
org.apache.commons.lang3.StringUtilsEqualsIndexOfTest:testContainsNone_CharArray:()V#294#41 prob_bp = 1.0
org.apache.commons.lang3.StringUtilsEqualsIndexOfTest:testContainsNone_CharArray:()V#294#42 prob_bp = 1.0
org.apache.commons.lang3.StringUtilsEqualsIndexOfTest:testContainsNone_CharArray:()V#295#44 prob_bp = 1.0
org.apache.commons.lang3.StringUtilsEqualsIndexOfTest:testContainsNone_CharArray:()V#295#45 prob_bp = 1.0
org.apache.commons.lang3.StringUtilsEqualsIndexOfTest:testContainsNone_CharArray:()V#295#47 prob_bp = 1.0
org.apache.commons.lang3.StringUtilsEqualsIndexOfTest:testContainsNone_CharArray:()V#296#49 prob_bp = 1.0
org.apache.commons.lang3.StringUtilsEqualsIndexOfTest:testContainsNone_CharArray:()V#296#50 prob_bp = 1.0
org.apache.commons.lang3.StringUtilsEqualsIndexOfTest:testContainsNone_CharArray:()V#296#51 prob_bp = 1.0
org.apache.commons.lang3.StringUtilsEqualsIndexOfTest:testContainsNone_CharArray:()V#296#54 prob_bp = 1.0
org.apache.commons.lang3.StringUtilsEqualsIndexOfTest:testContainsNone_CharArray:()V#296#57 prob_bp = 1.0
org.apache.commons.lang3.StringUtilsEqualsIndexOfTest:testContainsNone_CharArray:()V#297#60 prob_bp = 1.0
org.apache.commons.lang3.StringUtilsEqualsIndexOfTest:testContainsNone_CharArray:()V#297#62 prob_bp = 1.0
org.apache.commons.lang3.StringUtilsEqualsIndexOfTest:testContainsNone_CharArray:()V#297#63 prob_bp = 1.0
org.apache.commons.lang3.StringUtilsEqualsIndexOfTest:testContainsNone_CharArray:()V#297#66 prob_bp = 1.0
org.apache.commons.lang3.StringUtilsEqualsIndexOfTest:testContainsNone_CharArray:()V#297#69 prob_bp = 1.0
org.apache.commons.lang3.StringUtilsEqualsIndexOfTest:testContainsNone_CharArray:()V#298#72 prob_bp = 1.0
org.apache.commons.lang3.StringUtilsEqualsIndexOfTest:testContainsNone_CharArray:()V#298#73 prob_bp = 1.0
org.apache.commons.lang3.StringUtilsEqualsIndexOfTest:testContainsNone_CharArray:()V#298#75 prob_bp = 1.0
org.apache.commons.lang3.StringUtilsEqualsIndexOfTest:testContainsNone_CharArray:()V#298#78 prob_bp = 1.0
org.apache.commons.lang3.StringUtilsEqualsIndexOfTest:testContainsNone_CharArray:()V#299#81 prob_bp = 1.0
org.apache.commons.lang3.StringUtilsEqualsIndexOfTest:testContainsNone_CharArray:()V#299#82 prob_bp = 1.0
org.apache.commons.lang3.StringUtilsEqualsIndexOfTest:testContainsNone_CharArray:()V#299#84 prob_bp = 1.0
org.apache.commons.lang3.StringUtilsEqualsIndexOfTest:testContainsNone_CharArray:()V#299#87 prob_bp = 1.0
org.apache.commons.lang3.StringUtilsEqualsIndexOfTest:testContainsNone_CharArray:()V#300#90 prob_bp = 1.0
org.apache.commons.lang3.StringUtilsEqualsIndexOfTest:testContainsNone_CharArray:()V#300#92 prob_bp = 1.0
org.apache.commons.lang3.StringUtilsEqualsIndexOfTest:testContainsNone_CharArray:()V#300#94 prob_bp = 1.0
org.apache.commons.lang3.StringUtilsEqualsIndexOfTest:testContainsNone_CharArray:()V#300#97 prob_bp = 1.0
org.apache.commons.lang3.StringUtilsEqualsIndexOfTest:testContainsNone_CharArray:()V#301#100 prob_bp = 1.0
org.apache.commons.lang3.StringUtilsEqualsIndexOfTest:testContainsNone_CharArray:()V#301#102 prob_bp = 1.0
org.apache.commons.lang3.StringUtilsEqualsIndexOfTest:testContainsNone_CharArray:()V#301#104 prob_bp = 1.0
org.apache.commons.lang3.StringUtilsEqualsIndexOfTest:testContainsNone_CharArray:()V#301#107 prob_bp = 1.0
org.apache.commons.lang3.StringUtilsEqualsIndexOfTest:testContainsNone_CharArray:()V#302#110 prob_bp = 1.0
org.apache.commons.lang3.StringUtilsEqualsIndexOfTest:testContainsNone_CharArray:()V#302#111 prob_bp = 1.0
org.apache.commons.lang3.StringUtilsEqualsIndexOfTest:testContainsNone_CharArray:()V#302#113 prob_bp = 1.0
org.apache.commons.lang3.StringUtilsEqualsIndexOfTest:testContainsNone_CharArray:()V#302#116 prob_bp = 1.0
org.apache.commons.lang3.StringUtilsEqualsIndexOfTest:testContainsNone_CharArray:()V#303#119 prob_bp = 1.0
org.apache.commons.lang3.StringUtilsEqualsIndexOfTest:testContainsNone_CharArray:()V#303#120 prob_bp = 1.0
org.apache.commons.lang3.StringUtilsEqualsIndexOfTest:testContainsNone_CharArray:()V#303#122 prob_bp = 1.0
org.apache.commons.lang3.StringUtilsEqualsIndexOfTest:testContainsNone_CharArray:()V#303#125 prob_bp = 1.0
org.apache.commons.lang3.StringUtilsEqualsIndexOfTest:testContainsNone_CharArray:()V#304#128 prob_bp = 1.0
org.apache.commons.lang3.StringUtilsEqualsIndexOfTest:testContainsNone_CharArray:()V#304#129 prob_bp = 1.0
org.apache.commons.lang3.StringUtilsEqualsIndexOfTest:testContainsNone_CharArray:()V#304#131 prob_bp = 1.0
org.apache.commons.lang3.StringUtilsEqualsIndexOfTest:testContainsNone_CharArray:()V#304#134 prob_bp = 1.0
org.apache.commons.lang3.StringUtilsEqualsIndexOfTest:testContainsNone_CharArray:()V#305#137 prob_bp = 1.0
org.apache.commons.lang3.StringUtilsEqualsIndexOfTest:testContainsNone_CharArray:()V#305#138 prob_bp = 1.0
org.apache.commons.lang3.StringUtilsEqualsIndexOfTest:testContainsNone_CharArray:()V#305#140 prob_bp = 1.0
org.apache.commons.lang3.StringUtilsEqualsIndexOfTest:testContainsNone_CharArray:()V#305#143 prob_bp = 1.0
org.apache.commons.lang3.StringUtilsEqualsIndexOfTest:testContainsNone_CharArray:()V#306#146 prob_bp = 1.0
org.apache.commons.lang3.StringUtilsEqualsIndexOfTest:testContainsNone_CharArray:()V#306#147 prob_bp = 1.0
org.apache.commons.lang3.StringUtilsEqualsIndexOfTest:testContainsNone_CharArray:()V#306#149 prob_bp = 1.0
org.apache.commons.lang3.StringUtilsEqualsIndexOfTest:testContainsNone_CharArray:()V#306#152 prob_bp = 1.0
org.apache.commons.lang3.StringUtilsEqualsIndexOfTest:testContainsNone_CharArray:()V#307#155 prob_bp = 1.0
org.apache.commons.lang3.StringUtilsEqualsIndexOfTest:testContainsNone_CharArray:()V#307#156 prob_bp = 1.0
org.apache.commons.lang3.StringUtilsEqualsIndexOfTest:testContainsNone_CharArray:()V#307#158 prob_bp = 1.0
org.apache.commons.lang3.StringUtilsEqualsIndexOfTest:testContainsNone_CharArray:()V#307#161 prob_bp = 1.0
org.apache.commons.lang3.StringUtilsEqualsIndexOfTest:testContainsNone_CharArray:()V#308#164 prob_bp = 1.0
org.apache.commons.lang3.StringUtilsEqualsIndexOfTest:testContainsNone_CharArray:()V#308#165 prob_bp = 1.0
org.apache.commons.lang3.StringUtilsEqualsIndexOfTest:testContainsNone_CharArray:()V#308#167 prob_bp = 1.0
org.apache.commons.lang3.StringUtilsEqualsIndexOfTest:testContainsNone_CharArray:()V#308#170 prob_bp = 1.0
org.apache.commons.lang3.StringUtilsEqualsIndexOfTest:testContainsNone_CharArray:()V#309#173 prob_bp = 1.0
org.apache.commons.lang3.StringUtilsEqualsIndexOfTest:testContainsNone_CharArray:()V#309#174 prob_bp = 1.0
org.apache.commons.lang3.StringUtilsEqualsIndexOfTest:testContainsNone_CharArray:()V#309#176 prob_bp = 1.0
org.apache.commons.lang3.StringUtilsEqualsIndexOfTest:testContainsNone_CharArray:()V#309#179 prob_bp = 1.0
org.apache.commons.lang3.StringUtilsEqualsIndexOfTest:testContainsNone_CharArray:()V#310#182 prob_bp = 1.0
org.apache.commons.lang3.StringUtilsEqualsIndexOfTest:testContainsNone_CharArray:()V#310#183 prob_bp = 1.0
org.apache.commons.lang3.StringUtilsEqualsIndexOfTest:testContainsNone_CharArray:()V#310#185 prob_bp = 1.0
org.apache.commons.lang3.StringUtilsEqualsIndexOfTest:testContainsNone_CharArray:()V#310#188 prob_bp = 1.0
org.apache.commons.lang3.StringUtilsEqualsIndexOfTest:testContainsNone_CharArray:()V#311#191 prob_bp = 1.0
org.apache.commons.lang3.StringUtilsEqualsIndexOfTest:testContainsNone_String:()V#347#0 prob_bp = 1.0
org.apache.commons.lang3.StringUtilsEqualsIndexOfTest:testContainsNone_String:()V#347#2 prob_bp = 1.0
org.apache.commons.lang3.StringUtilsEqualsIndexOfTest:testContainsNone_String:()V#348#3 prob_bp = 1.0
org.apache.commons.lang3.StringUtilsEqualsIndexOfTest:testContainsNone_String:()V#348#5 prob_bp = 1.0
org.apache.commons.lang3.StringUtilsEqualsIndexOfTest:testContainsNone_String:()V#349#6 prob_bp = 1.0
org.apache.commons.lang3.StringUtilsEqualsIndexOfTest:testContainsNone_String:()V#349#8 prob_bp = 1.0
org.apache.commons.lang3.StringUtilsEqualsIndexOfTest:testContainsNone_String:()V#350#9 prob_bp = 1.0
org.apache.commons.lang3.StringUtilsEqualsIndexOfTest:testContainsNone_String:()V#350#11 prob_bp = 1.0
org.apache.commons.lang3.StringUtilsEqualsIndexOfTest:testContainsNone_String:()V#351#13 prob_bp = 1.0
org.apache.commons.lang3.StringUtilsEqualsIndexOfTest:testContainsNone_String:()V#351#15 prob_bp = 1.0
org.apache.commons.lang3.StringUtilsEqualsIndexOfTest:testContainsNone_String:()V#352#17 prob_bp = 1.0
org.apache.commons.lang3.StringUtilsEqualsIndexOfTest:testContainsNone_String:()V#352#19 prob_bp = 1.0
org.apache.commons.lang3.StringUtilsEqualsIndexOfTest:testContainsNone_String:()V#353#21 prob_bp = 1.0
org.apache.commons.lang3.StringUtilsEqualsIndexOfTest:testContainsNone_String:()V#353#22 prob_bp = 1.0
org.apache.commons.lang3.StringUtilsEqualsIndexOfTest:testContainsNone_String:()V#353#23 prob_bp = 1.0
org.apache.commons.lang3.StringUtilsEqualsIndexOfTest:testContainsNone_String:()V#353#26 prob_bp = 1.0
org.apache.commons.lang3.StringUtilsEqualsIndexOfTest:testContainsNone_String:()V#353#29 prob_bp = 1.0
org.apache.commons.lang3.StringUtilsEqualsIndexOfTest:testContainsNone_String:()V#354#32 prob_bp = 1.0
org.apache.commons.lang3.StringUtilsEqualsIndexOfTest:testContainsNone_String:()V#354#34 prob_bp = 1.0
org.apache.commons.lang3.StringUtilsEqualsIndexOfTest:testContainsNone_String:()V#354#35 prob_bp = 1.0
org.apache.commons.lang3.StringUtilsEqualsIndexOfTest:testContainsNone_String:()V#354#38 prob_bp = 1.0
org.apache.commons.lang3.StringUtilsEqualsIndexOfTest:testContainsNone_String:()V#354#41 prob_bp = 1.0
org.apache.commons.lang3.StringUtilsEqualsIndexOfTest:testContainsNone_String:()V#355#44 prob_bp = 1.0
org.apache.commons.lang3.StringUtilsEqualsIndexOfTest:testContainsNone_String:()V#355#45 prob_bp = 1.0
org.apache.commons.lang3.StringUtilsEqualsIndexOfTest:testContainsNone_String:()V#355#47 prob_bp = 1.0
org.apache.commons.lang3.StringUtilsEqualsIndexOfTest:testContainsNone_String:()V#355#50 prob_bp = 1.0
org.apache.commons.lang3.StringUtilsEqualsIndexOfTest:testContainsNone_String:()V#356#53 prob_bp = 1.0
org.apache.commons.lang3.StringUtilsEqualsIndexOfTest:testContainsNone_String:()V#356#54 prob_bp = 1.0
org.apache.commons.lang3.StringUtilsEqualsIndexOfTest:testContainsNone_String:()V#356#56 prob_bp = 1.0
org.apache.commons.lang3.StringUtilsEqualsIndexOfTest:testContainsNone_String:()V#356#59 prob_bp = 1.0
org.apache.commons.lang3.StringUtilsEqualsIndexOfTest:testContainsNone_String:()V#357#62 prob_bp = 1.0
org.apache.commons.lang3.StringUtilsEqualsIndexOfTest:testContainsNone_String:()V#357#64 prob_bp = 1.0
org.apache.commons.lang3.StringUtilsEqualsIndexOfTest:testContainsNone_String:()V#357#66 prob_bp = 1.0
org.apache.commons.lang3.StringUtilsEqualsIndexOfTest:testContainsNone_String:()V#357#69 prob_bp = 1.0
org.apache.commons.lang3.StringUtilsEqualsIndexOfTest:testContainsNone_String:()V#358#72 prob_bp = 1.0
org.apache.commons.lang3.StringUtilsEqualsIndexOfTest:testContainsNone_String:()V#358#74 prob_bp = 1.0
org.apache.commons.lang3.StringUtilsEqualsIndexOfTest:testContainsNone_String:()V#358#76 prob_bp = 1.0
org.apache.commons.lang3.StringUtilsEqualsIndexOfTest:testContainsNone_String:()V#358#79 prob_bp = 1.0
org.apache.commons.lang3.StringUtilsEqualsIndexOfTest:testContainsNone_String:()V#359#82 prob_bp = 1.0
org.apache.commons.lang3.StringUtilsEqualsIndexOfTest:testContainsNone_String:()V#359#83 prob_bp = 1.0
org.apache.commons.lang3.StringUtilsEqualsIndexOfTest:testContainsNone_String:()V#359#85 prob_bp = 1.0
org.apache.commons.lang3.StringUtilsEqualsIndexOfTest:testContainsNone_String:()V#359#88 prob_bp = 1.0
org.apache.commons.lang3.StringUtilsEqualsIndexOfTest:testContainsNone_String:()V#360#91 prob_bp = 1.0
org.apache.commons.lang3.StringUtilsEqualsIndexOfTest:testContainsNone_String:()V#360#92 prob_bp = 1.0
org.apache.commons.lang3.StringUtilsEqualsIndexOfTest:testContainsNone_String:()V#360#94 prob_bp = 1.0
org.apache.commons.lang3.StringUtilsEqualsIndexOfTest:testContainsNone_String:()V#360#97 prob_bp = 1.0
org.apache.commons.lang3.StringUtilsEqualsIndexOfTest:testContainsNone_String:()V#361#100 prob_bp = 1.0
org.apache.commons.lang3.StringUtilsEqualsIndexOfTest:testContainsNone_String:()V#361#101 prob_bp = 1.0
org.apache.commons.lang3.StringUtilsEqualsIndexOfTest:testContainsNone_String:()V#361#103 prob_bp = 1.0
org.apache.commons.lang3.StringUtilsEqualsIndexOfTest:testContainsNone_String:()V#361#106 prob_bp = 1.0
org.apache.commons.lang3.StringUtilsEqualsIndexOfTest:testContainsNone_String:()V#362#109 prob_bp = 1.0
org.apache.commons.lang3.StringUtilsEqualsIndexOfTest:testContainsNone_String:()V#362#110 prob_bp = 1.0
org.apache.commons.lang3.StringUtilsEqualsIndexOfTest:testContainsNone_String:()V#362#112 prob_bp = 1.0
org.apache.commons.lang3.StringUtilsEqualsIndexOfTest:testContainsNone_String:()V#362#115 prob_bp = 1.0
org.apache.commons.lang3.StringUtilsEqualsIndexOfTest:testContainsNone_String:()V#363#118 prob_bp = 1.0
org.apache.commons.lang3.StringUtilsEqualsIndexOfTest:testContainsNone_String:()V#363#119 prob_bp = 1.0
org.apache.commons.lang3.StringUtilsEqualsIndexOfTest:testContainsNone_String:()V#363#121 prob_bp = 1.0
org.apache.commons.lang3.StringUtilsEqualsIndexOfTest:testContainsNone_String:()V#363#124 prob_bp = 1.0
org.apache.commons.lang3.StringUtilsEqualsIndexOfTest:testContainsNone_String:()V#364#127 prob_bp = 1.0
org.apache.commons.lang3.StringUtilsEqualsIndexOfTest:testContainsNone_String:()V#364#128 prob_bp = 1.0
org.apache.commons.lang3.StringUtilsEqualsIndexOfTest:testContainsNone_String:()V#364#130 prob_bp = 1.0
org.apache.commons.lang3.StringUtilsEqualsIndexOfTest:testContainsNone_String:()V#364#133 prob_bp = 1.0
org.apache.commons.lang3.StringUtilsEqualsIndexOfTest:testContainsNone_String:()V#365#136 prob_bp = 1.0
org.apache.commons.lang3.StringUtilsEqualsIndexOfTest:testContainsNone_String:()V#365#137 prob_bp = 1.0
org.apache.commons.lang3.StringUtilsEqualsIndexOfTest:testContainsNone_String:()V#365#139 prob_bp = 1.0
org.apache.commons.lang3.StringUtilsEqualsIndexOfTest:testContainsNone_String:()V#365#142 prob_bp = 1.0
org.apache.commons.lang3.StringUtilsEqualsIndexOfTest:testContainsNone_String:()V#366#145 prob_bp = 1.0
org.apache.commons.lang3.StringUtilsEqualsIndexOfTest:testContainsNone_String:()V#366#146 prob_bp = 1.0
org.apache.commons.lang3.StringUtilsEqualsIndexOfTest:testContainsNone_String:()V#366#148 prob_bp = 1.0
org.apache.commons.lang3.StringUtilsEqualsIndexOfTest:testContainsNone_String:()V#366#151 prob_bp = 1.0
org.apache.commons.lang3.StringUtilsEqualsIndexOfTest:testContainsNone_String:()V#367#154 prob_bp = 1.0
org.apache.commons.lang3.StringUtilsEqualsIndexOfTest:testContainsNone_String:()V#367#155 prob_bp = 1.0
org.apache.commons.lang3.StringUtilsEqualsIndexOfTest:testContainsNone_String:()V#367#157 prob_bp = 1.0
org.apache.commons.lang3.StringUtilsEqualsIndexOfTest:testContainsNone_String:()V#367#160 prob_bp = 1.0
org.apache.commons.lang3.StringUtilsEqualsIndexOfTest:testContainsNone_String:()V#368#163 prob_bp = 1.0
org.apache.commons.lang3.StringUtilsEqualsIndexOfTest:testContainsNone_StringWithBadSupplementaryChars:()V#376#0 prob_bp = 1.0
org.apache.commons.lang3.StringUtilsEqualsIndexOfTest:testContainsNone_StringWithBadSupplementaryChars:()V#376#2 prob_bp = 1.0
org.apache.commons.lang3.StringUtilsEqualsIndexOfTest:testContainsNone_StringWithBadSupplementaryChars:()V#376#4 prob_bp = 1.0
org.apache.commons.lang3.StringUtilsEqualsIndexOfTest:testContainsNone_StringWithBadSupplementaryChars:()V#376#7 prob_bp = 1.0
org.apache.commons.lang3.StringUtilsEqualsIndexOfTest:testContainsNone_StringWithBadSupplementaryChars:()V#377#10 prob_bp = 1.0
org.apache.commons.lang3.StringUtilsEqualsIndexOfTest:testContainsNone_StringWithBadSupplementaryChars:()V#377#13 prob_bp = 1.0
org.apache.commons.lang3.StringUtilsEqualsIndexOfTest:testContainsNone_StringWithBadSupplementaryChars:()V#377#15 prob_bp = 1.0
org.apache.commons.lang3.StringUtilsEqualsIndexOfTest:testContainsNone_StringWithBadSupplementaryChars:()V#377#17 prob_bp = 1.0
org.apache.commons.lang3.StringUtilsEqualsIndexOfTest:testContainsNone_StringWithBadSupplementaryChars:()V#377#20 prob_bp = 1.0
org.apache.commons.lang3.StringUtilsEqualsIndexOfTest:testContainsNone_StringWithBadSupplementaryChars:()V#377#21 prob_bp = 1.0
org.apache.commons.lang3.StringUtilsEqualsIndexOfTest:testContainsNone_StringWithBadSupplementaryChars:()V#378#24 prob_bp = 1.0
org.apache.commons.lang3.StringUtilsEqualsIndexOfTest:testContainsNone_StringWithBadSupplementaryChars:()V#378#26 prob_bp = 1.0
org.apache.commons.lang3.StringUtilsEqualsIndexOfTest:testContainsNone_StringWithBadSupplementaryChars:()V#378#28 prob_bp = 1.0
org.apache.commons.lang3.StringUtilsEqualsIndexOfTest:testContainsNone_StringWithBadSupplementaryChars:()V#378#31 prob_bp = 1.0
org.apache.commons.lang3.StringUtilsEqualsIndexOfTest:testContainsNone_StringWithBadSupplementaryChars:()V#379#34 prob_bp = 1.0
org.apache.commons.lang3.StringUtilsEqualsIndexOfTest:testContainsNone_StringWithBadSupplementaryChars:()V#379#37 prob_bp = 1.0
org.apache.commons.lang3.StringUtilsEqualsIndexOfTest:testContainsNone_StringWithBadSupplementaryChars:()V#379#39 prob_bp = 1.0
org.apache.commons.lang3.StringUtilsEqualsIndexOfTest:testContainsNone_StringWithBadSupplementaryChars:()V#379#41 prob_bp = 1.0
org.apache.commons.lang3.StringUtilsEqualsIndexOfTest:testContainsNone_StringWithBadSupplementaryChars:()V#379#44 prob_bp = 1.0
org.apache.commons.lang3.StringUtilsEqualsIndexOfTest:testContainsNone_StringWithBadSupplementaryChars:()V#379#45 prob_bp = 1.0
org.apache.commons.lang3.StringUtilsEqualsIndexOfTest:testContainsNone_StringWithBadSupplementaryChars:()V#380#48 prob_bp = 1.0
org.apache.commons.lang3.StringUtilsEqualsIndexOfTest:testContainsNone_StringWithBadSupplementaryChars:()V#380#50 prob_bp = 1.0
org.apache.commons.lang3.StringUtilsEqualsIndexOfTest:testContainsNone_StringWithBadSupplementaryChars:()V#380#52 prob_bp = 1.0
org.apache.commons.lang3.StringUtilsEqualsIndexOfTest:testContainsNone_StringWithBadSupplementaryChars:()V#380#55 prob_bp = 1.0
org.apache.commons.lang3.StringUtilsEqualsIndexOfTest:testContainsNone_StringWithBadSupplementaryChars:()V#381#58 prob_bp = 1.0
org.apache.commons.lang3.StringUtilsEqualsIndexOfTest:testContainsNone_StringWithBadSupplementaryChars:()V#381#59 prob_bp = 1.0
org.apache.commons.lang3.StringUtilsEqualsIndexOfTest:testContainsNone_StringWithBadSupplementaryChars:()V#381#61 prob_bp = 1.0
org.apache.commons.lang3.StringUtilsEqualsIndexOfTest:testContainsNone_StringWithBadSupplementaryChars:()V#381#63 prob_bp = 1.0
org.apache.commons.lang3.StringUtilsEqualsIndexOfTest:testContainsNone_StringWithBadSupplementaryChars:()V#381#66 prob_bp = 1.0
org.apache.commons.lang3.StringUtilsEqualsIndexOfTest:testContainsNone_StringWithBadSupplementaryChars:()V#381#67 prob_bp = 1.0
org.apache.commons.lang3.StringUtilsEqualsIndexOfTest:testContainsNone_StringWithBadSupplementaryChars:()V#382#70 prob_bp = 1.0
org.apache.commons.lang3.StringUtilsEqualsIndexOfTest:testContainsNone_StringWithBadSupplementaryChars:()V#382#72 prob_bp = 1.0
org.apache.commons.lang3.StringUtilsEqualsIndexOfTest:testContainsNone_StringWithBadSupplementaryChars:()V#382#74 prob_bp = 1.0
org.apache.commons.lang3.StringUtils:containsNone:(Ljava/lang/CharSequence;[C)Z#1751#84 prob_bp = 1.0
org.apache.commons.lang3.StringUtils:containsNone:(Ljava/lang/CharSequence;[C)Z#1751#85 prob_bp = 1.0
org.apache.commons.lang3.StringUtilsEqualsIndexOfTest:testContainsNone_StringWithBadSupplementaryChars:()V#382#77 prob_bp = 1.0
org.apache.commons.lang3.StringUtilsEqualsIndexOfTest:testContainsNone_StringWithBadSupplementaryChars:()V#383#80 prob_bp = 1.0
org.apache.commons.lang3.StringUtilsEqualsIndexOfTest:testContainsNone_CharArrayWithBadSupplementaryChars:()V#319#0 prob_bp = 1.0
org.apache.commons.lang3.StringUtilsEqualsIndexOfTest:testContainsNone_CharArrayWithBadSupplementaryChars:()V#319#2 prob_bp = 1.0
org.apache.commons.lang3.StringUtilsEqualsIndexOfTest:testContainsNone_CharArrayWithBadSupplementaryChars:()V#319#4 prob_bp = 1.0
org.apache.commons.lang3.StringUtilsEqualsIndexOfTest:testContainsNone_CharArrayWithBadSupplementaryChars:()V#319#7 prob_bp = 1.0
org.apache.commons.lang3.StringUtilsEqualsIndexOfTest:testContainsNone_CharArrayWithBadSupplementaryChars:()V#319#10 prob_bp = 1.0
org.apache.commons.lang3.StringUtilsEqualsIndexOfTest:testContainsNone_CharArrayWithBadSupplementaryChars:()V#320#13 prob_bp = 1.0
org.apache.commons.lang3.StringUtilsEqualsIndexOfTest:testContainsNone_CharArrayWithBadSupplementaryChars:()V#320#16 prob_bp = 1.0
org.apache.commons.lang3.StringUtilsEqualsIndexOfTest:testContainsNone_CharArrayWithBadSupplementaryChars:()V#320#18 prob_bp = 1.0
org.apache.commons.lang3.StringUtilsEqualsIndexOfTest:testContainsNone_CharArrayWithBadSupplementaryChars:()V#320#20 prob_bp = 1.0
org.apache.commons.lang3.StringUtilsEqualsIndexOfTest:testContainsNone_CharArrayWithBadSupplementaryChars:()V#320#23 prob_bp = 1.0
org.apache.commons.lang3.StringUtilsEqualsIndexOfTest:testContainsNone_CharArrayWithBadSupplementaryChars:()V#320#24 prob_bp = 1.0
org.apache.commons.lang3.StringUtilsEqualsIndexOfTest:testContainsNone_CharArrayWithBadSupplementaryChars:()V#321#27 prob_bp = 1.0
org.apache.commons.lang3.StringUtilsEqualsIndexOfTest:testContainsNone_CharArrayWithBadSupplementaryChars:()V#321#29 prob_bp = 1.0
org.apache.commons.lang3.StringUtilsEqualsIndexOfTest:testContainsNone_CharArrayWithBadSupplementaryChars:()V#321#31 prob_bp = 1.0
org.apache.commons.lang3.StringUtilsEqualsIndexOfTest:testContainsNone_CharArrayWithBadSupplementaryChars:()V#321#34 prob_bp = 1.0
org.apache.commons.lang3.StringUtilsEqualsIndexOfTest:testContainsNone_CharArrayWithBadSupplementaryChars:()V#321#37 prob_bp = 1.0
org.apache.commons.lang3.StringUtilsEqualsIndexOfTest:testContainsNone_CharArrayWithBadSupplementaryChars:()V#322#40 prob_bp = 1.0
org.apache.commons.lang3.StringUtilsEqualsIndexOfTest:testContainsNone_CharArrayWithBadSupplementaryChars:()V#322#43 prob_bp = 1.0
org.apache.commons.lang3.StringUtilsEqualsIndexOfTest:testContainsNone_CharArrayWithBadSupplementaryChars:()V#322#45 prob_bp = 1.0
org.apache.commons.lang3.StringUtilsEqualsIndexOfTest:testContainsNone_CharArrayWithBadSupplementaryChars:()V#322#47 prob_bp = 1.0
org.apache.commons.lang3.StringUtilsEqualsIndexOfTest:testContainsNone_CharArrayWithBadSupplementaryChars:()V#322#50 prob_bp = 1.0
org.apache.commons.lang3.StringUtilsEqualsIndexOfTest:testContainsNone_CharArrayWithBadSupplementaryChars:()V#322#51 prob_bp = 1.0
org.apache.commons.lang3.StringUtilsEqualsIndexOfTest:testContainsNone_CharArrayWithBadSupplementaryChars:()V#323#54 prob_bp = 1.0
org.apache.commons.lang3.StringUtilsEqualsIndexOfTest:testContainsNone_CharArrayWithBadSupplementaryChars:()V#323#56 prob_bp = 1.0
org.apache.commons.lang3.StringUtilsEqualsIndexOfTest:testContainsNone_CharArrayWithBadSupplementaryChars:()V#323#58 prob_bp = 1.0
org.apache.commons.lang3.StringUtilsEqualsIndexOfTest:testContainsNone_CharArrayWithBadSupplementaryChars:()V#323#61 prob_bp = 1.0
org.apache.commons.lang3.StringUtilsEqualsIndexOfTest:testContainsNone_CharArrayWithBadSupplementaryChars:()V#323#64 prob_bp = 1.0
org.apache.commons.lang3.StringUtilsEqualsIndexOfTest:testContainsNone_CharArrayWithBadSupplementaryChars:()V#324#67 prob_bp = 1.0
org.apache.commons.lang3.StringUtilsEqualsIndexOfTest:testContainsNone_CharArrayWithBadSupplementaryChars:()V#324#68 prob_bp = 1.0
org.apache.commons.lang3.StringUtilsEqualsIndexOfTest:testContainsNone_CharArrayWithBadSupplementaryChars:()V#324#70 prob_bp = 1.0
org.apache.commons.lang3.StringUtilsEqualsIndexOfTest:testContainsNone_CharArrayWithBadSupplementaryChars:()V#324#72 prob_bp = 1.0
org.apache.commons.lang3.StringUtilsEqualsIndexOfTest:testContainsNone_CharArrayWithBadSupplementaryChars:()V#324#75 prob_bp = 1.0
org.apache.commons.lang3.StringUtilsEqualsIndexOfTest:testContainsNone_CharArrayWithBadSupplementaryChars:()V#324#76 prob_bp = 1.0
org.apache.commons.lang3.StringUtilsEqualsIndexOfTest:testContainsNone_CharArrayWithBadSupplementaryChars:()V#325#79 prob_bp = 1.0
org.apache.commons.lang3.StringUtilsEqualsIndexOfTest:testContainsNone_CharArrayWithBadSupplementaryChars:()V#325#81 prob_bp = 1.0
org.apache.commons.lang3.StringUtilsEqualsIndexOfTest:testContainsNone_CharArrayWithBadSupplementaryChars:()V#325#83 prob_bp = 1.0
org.apache.commons.lang3.StringUtilsEqualsIndexOfTest:testContainsNone_CharArrayWithBadSupplementaryChars:()V#325#86 prob_bp = 1.0
org.apache.commons.lang3.StringUtilsEqualsIndexOfTest:testContainsNone_CharArrayWithBadSupplementaryChars:()V#325#89 prob_bp = 1.0
org.apache.commons.lang3.StringUtilsEqualsIndexOfTest:testContainsNone_CharArrayWithBadSupplementaryChars:()V#326#92 prob_bp = 1.0
org.apache.commons.lang3.StringUtilsTest:testEscapeSurrogatePairs:()V#2187#0 prob_bp = 1.0
org.apache.commons.lang3.StringUtilsTest:testEscapeSurrogatePairs:()V#2187#3 prob_bp = 1.0
org.apache.commons.lang3.StringUtilsTest:testEscapeSurrogatePairs:()V#2187#6 prob_bp = 1.0
Belief propagation time : 0.356s
