
Probabilities: 
Vars:1753
Stmts:233
trace.MultiTest:foo#46#311 prob_bp = 0.5
trace.MultiTest:foo#77#298 prob_bp = 0.5
trace.MultiTest:foo#46#95#unexe#2 prob_bp = 0.5
trace.MultiTest:foo#46#95#unexe#4 prob_bp = 0.5
trace.MultiTest:foo#46#95#unexe#5 prob_bp = 0.5
trace.MultiTest:foo#46#95#unexe#6 prob_bp = 0.5
trace.MultiTest:foo#46#95#unexe#7 prob_bp = 0.5
trace.MultiTest:foo#46#95#unexe#8 prob_bp = 0.5
trace.MultiTest:foo#46#95#unexe#9 prob_bp = 0.5
trace.MultiTest:foo#46#95#unexe#10 prob_bp = 0.5
trace.MultiTest:foo#46#95#unexe#11 prob_bp = 0.5
trace.MultiTest:foo#46#95#unexe#12 prob_bp = 0.5
trace.MultiTest:foo#46#95#unexe#13 prob_bp = 0.5
trace.MultiTest:foo#46#95#unexe#14 prob_bp = 0.5
trace.MultiTest:foo#46#95#unexe#15 prob_bp = 0.5
trace.MultiTest:foo#46#95#unexe#16 prob_bp = 0.5
trace.MultiTest:foo#46#95#unexe#17 prob_bp = 0.5
trace.MultiTest:foo#46#95#unexe#18 prob_bp = 0.5
trace.MultiTest:foo#46#95#unexe#19 prob_bp = 0.5
trace.MultiTest:foo#46#95#unexe#20 prob_bp = 0.5
trace.MultiTest:foo#46#95#unexe#21 prob_bp = 0.5
trace.MultiTest:foo#46#95#unexe#22 prob_bp = 0.5
trace.MultiTest:foo#46#95#unexe#23 prob_bp = 0.5
trace.MultiTest:foo#46#95#unexe#24 prob_bp = 0.5
trace.MultiTest:foo#46#95#unexe#25 prob_bp = 0.5
trace.MultiTest:foo#46#95#unexe#26 prob_bp = 0.5
trace.MultiTest:foo#46#95#unexe#27 prob_bp = 0.5
trace.MultiTest:foo#46#95#unexe#28 prob_bp = 0.5
trace.MultiTest:foo#46#95#unexe#29 prob_bp = 0.5
trace.MultiTest:foo#46#95#unexe#30 prob_bp = 0.5
trace.MultiTest:foo#46#95#unexe#31 prob_bp = 0.5
trace.MultiTest:foo#46#308 prob_bp = 0.5101438912905162
trace.MultiTest:foo#76#293 prob_bp = 0.5173517158400031
trace.MultiTest:foo#76#294 prob_bp = 0.5173517158400031
trace.MultiTest:foo#76#295 prob_bp = 0.5173517158400031
trace.MultiTest:foo#46#93 prob_bp = 0.5277118535917045
trace.MultiTest:foo#46#94 prob_bp = 0.5277118535917046
trace.MultiTest:foo#46#95 prob_bp = 0.5277118535917046
trace.MultiTest:foo#14#1 prob_bp = 0.5415539234133704
trace.MultiTest:foo#14#0 prob_bp = 0.5415539234133707
trace.MultiTest:fail#91#0 prob_bp = 1.0
trace.MultiTest:fail#91#1 prob_bp = 1.0
trace.MultiTest:fail#91#3 prob_bp = 1.0
trace.MultiTest:foo#16#2 prob_bp = 1.0
trace.MultiTest:foo#16#3 prob_bp = 1.0
trace.MultiTest:foo#16#4 prob_bp = 1.0
trace.MultiTest:foo#16#5 prob_bp = 1.0
trace.MultiTest:foo#17#6 prob_bp = 1.0
trace.MultiTest:foo#17#7 prob_bp = 1.0
trace.MultiTest:foo#18#9 prob_bp = 1.0
trace.MultiTest:foo#18#10 prob_bp = 1.0
trace.MultiTest:foo#19#12 prob_bp = 1.0
trace.MultiTest:foo#19#13 prob_bp = 1.0
trace.MultiTest:foo#20#15 prob_bp = 1.0
trace.MultiTest:foo#20#16 prob_bp = 1.0
trace.MultiTest:foo#21#18 prob_bp = 1.0
trace.MultiTest:foo#21#19 prob_bp = 1.0
trace.MultiTest:foo#22#21 prob_bp = 1.0
trace.MultiTest:foo#22#22 prob_bp = 1.0
trace.MultiTest:foo#23#24 prob_bp = 1.0
trace.MultiTest:foo#23#25 prob_bp = 1.0
trace.MultiTest:foo#24#27 prob_bp = 1.0
trace.MultiTest:foo#24#28 prob_bp = 1.0
trace.MultiTest:foo#25#30 prob_bp = 1.0
trace.MultiTest:foo#25#31 prob_bp = 1.0
trace.MultiTest:foo#26#33 prob_bp = 1.0
trace.MultiTest:foo#26#34 prob_bp = 1.0
trace.MultiTest:foo#27#36 prob_bp = 1.0
trace.MultiTest:foo#27#37 prob_bp = 1.0
trace.MultiTest:foo#28#39 prob_bp = 1.0
trace.MultiTest:foo#28#40 prob_bp = 1.0
trace.MultiTest:foo#29#42 prob_bp = 1.0
trace.MultiTest:foo#29#43 prob_bp = 1.0
trace.MultiTest:foo#30#45 prob_bp = 1.0
trace.MultiTest:foo#30#46 prob_bp = 1.0
trace.MultiTest:foo#31#48 prob_bp = 1.0
trace.MultiTest:foo#31#49 prob_bp = 1.0
trace.MultiTest:foo#32#51 prob_bp = 1.0
trace.MultiTest:foo#32#52 prob_bp = 1.0
trace.MultiTest:foo#33#54 prob_bp = 1.0
trace.MultiTest:foo#33#55 prob_bp = 1.0
trace.MultiTest:foo#34#57 prob_bp = 1.0
trace.MultiTest:foo#34#58 prob_bp = 1.0
trace.MultiTest:foo#35#60 prob_bp = 1.0
trace.MultiTest:foo#35#61 prob_bp = 1.0
trace.MultiTest:foo#36#63 prob_bp = 1.0
trace.MultiTest:foo#36#64 prob_bp = 1.0
trace.MultiTest:foo#37#66 prob_bp = 1.0
trace.MultiTest:foo#37#67 prob_bp = 1.0
trace.MultiTest:foo#38#69 prob_bp = 1.0
trace.MultiTest:foo#38#70 prob_bp = 1.0
trace.MultiTest:foo#39#72 prob_bp = 1.0
trace.MultiTest:foo#39#73 prob_bp = 1.0
trace.MultiTest:foo#40#75 prob_bp = 1.0
trace.MultiTest:foo#40#76 prob_bp = 1.0
trace.MultiTest:foo#41#78 prob_bp = 1.0
trace.MultiTest:foo#41#79 prob_bp = 1.0
trace.MultiTest:foo#42#81 prob_bp = 1.0
trace.MultiTest:foo#42#82 prob_bp = 1.0
trace.MultiTest:foo#43#84 prob_bp = 1.0
trace.MultiTest:foo#43#85 prob_bp = 1.0
trace.MultiTest:foo#44#87 prob_bp = 1.0
trace.MultiTest:foo#44#88 prob_bp = 1.0
trace.MultiTest:foo#45#90 prob_bp = 1.0
trace.MultiTest:foo#45#91 prob_bp = 1.0
trace.MultiTest:foo#48#98 prob_bp = 1.0
trace.MultiTest:foo#48#100 prob_bp = 1.0
trace.MultiTest:foo#48#101 prob_bp = 1.0
trace.MultiTest:foo#48#102 prob_bp = 1.0
trace.MultiTest:foo#49#104 prob_bp = 1.0
trace.MultiTest:foo#49#106 prob_bp = 1.0
trace.MultiTest:foo#49#108 prob_bp = 1.0
trace.MultiTest:foo#49#109 prob_bp = 1.0
trace.MultiTest:foo#50#111 prob_bp = 1.0
trace.MultiTest:foo#50#113 prob_bp = 1.0
trace.MultiTest:foo#50#115 prob_bp = 1.0
trace.MultiTest:foo#50#116 prob_bp = 1.0
trace.MultiTest:foo#51#118 prob_bp = 1.0
trace.MultiTest:foo#51#120 prob_bp = 1.0
trace.MultiTest:foo#51#122 prob_bp = 1.0
trace.MultiTest:foo#51#123 prob_bp = 1.0
trace.MultiTest:foo#52#125 prob_bp = 1.0
trace.MultiTest:foo#52#127 prob_bp = 1.0
trace.MultiTest:foo#52#129 prob_bp = 1.0
trace.MultiTest:foo#52#130 prob_bp = 1.0
trace.MultiTest:foo#53#132 prob_bp = 1.0
trace.MultiTest:foo#53#134 prob_bp = 1.0
trace.MultiTest:foo#53#136 prob_bp = 1.0
trace.MultiTest:foo#53#137 prob_bp = 1.0
trace.MultiTest:foo#54#139 prob_bp = 1.0
trace.MultiTest:foo#54#141 prob_bp = 1.0
trace.MultiTest:foo#54#143 prob_bp = 1.0
trace.MultiTest:foo#54#144 prob_bp = 1.0
trace.MultiTest:foo#55#146 prob_bp = 1.0
trace.MultiTest:foo#55#148 prob_bp = 1.0
trace.MultiTest:foo#55#150 prob_bp = 1.0
trace.MultiTest:foo#55#151 prob_bp = 1.0
trace.MultiTest:foo#56#153 prob_bp = 1.0
trace.MultiTest:foo#56#155 prob_bp = 1.0
trace.MultiTest:foo#56#157 prob_bp = 1.0
trace.MultiTest:foo#56#158 prob_bp = 1.0
trace.MultiTest:foo#57#160 prob_bp = 1.0
trace.MultiTest:foo#57#162 prob_bp = 1.0
trace.MultiTest:foo#57#164 prob_bp = 1.0
trace.MultiTest:foo#57#165 prob_bp = 1.0
trace.MultiTest:foo#58#167 prob_bp = 1.0
trace.MultiTest:foo#58#169 prob_bp = 1.0
trace.MultiTest:foo#58#171 prob_bp = 1.0
trace.MultiTest:foo#58#172 prob_bp = 1.0
trace.MultiTest:foo#59#174 prob_bp = 1.0
trace.MultiTest:foo#59#176 prob_bp = 1.0
trace.MultiTest:foo#59#178 prob_bp = 1.0
trace.MultiTest:foo#59#179 prob_bp = 1.0
trace.MultiTest:foo#60#181 prob_bp = 1.0
trace.MultiTest:foo#60#183 prob_bp = 1.0
trace.MultiTest:foo#60#185 prob_bp = 1.0
trace.MultiTest:foo#60#186 prob_bp = 1.0
trace.MultiTest:foo#61#188 prob_bp = 1.0
trace.MultiTest:foo#61#190 prob_bp = 1.0
trace.MultiTest:foo#61#192 prob_bp = 1.0
trace.MultiTest:foo#61#193 prob_bp = 1.0
trace.MultiTest:foo#62#195 prob_bp = 1.0
trace.MultiTest:foo#62#197 prob_bp = 1.0
trace.MultiTest:foo#62#199 prob_bp = 1.0
trace.MultiTest:foo#62#200 prob_bp = 1.0
trace.MultiTest:foo#63#202 prob_bp = 1.0
trace.MultiTest:foo#63#204 prob_bp = 1.0
trace.MultiTest:foo#63#206 prob_bp = 1.0
trace.MultiTest:foo#63#207 prob_bp = 1.0
trace.MultiTest:foo#64#209 prob_bp = 1.0
trace.MultiTest:foo#64#211 prob_bp = 1.0
trace.MultiTest:foo#64#213 prob_bp = 1.0
trace.MultiTest:foo#64#214 prob_bp = 1.0
trace.MultiTest:foo#65#216 prob_bp = 1.0
trace.MultiTest:foo#65#218 prob_bp = 1.0
trace.MultiTest:foo#65#220 prob_bp = 1.0
trace.MultiTest:foo#65#221 prob_bp = 1.0
trace.MultiTest:foo#66#223 prob_bp = 1.0
trace.MultiTest:foo#66#225 prob_bp = 1.0
trace.MultiTest:foo#66#227 prob_bp = 1.0
trace.MultiTest:foo#66#228 prob_bp = 1.0
trace.MultiTest:foo#67#230 prob_bp = 1.0
trace.MultiTest:foo#67#232 prob_bp = 1.0
trace.MultiTest:foo#67#234 prob_bp = 1.0
trace.MultiTest:foo#67#235 prob_bp = 1.0
trace.MultiTest:foo#68#237 prob_bp = 1.0
trace.MultiTest:foo#68#239 prob_bp = 1.0
trace.MultiTest:foo#68#241 prob_bp = 1.0
trace.MultiTest:foo#68#242 prob_bp = 1.0
trace.MultiTest:foo#69#244 prob_bp = 1.0
trace.MultiTest:foo#69#246 prob_bp = 1.0
trace.MultiTest:foo#69#248 prob_bp = 1.0
trace.MultiTest:foo#69#249 prob_bp = 1.0
trace.MultiTest:foo#70#251 prob_bp = 1.0
trace.MultiTest:foo#70#253 prob_bp = 1.0
trace.MultiTest:foo#70#255 prob_bp = 1.0
trace.MultiTest:foo#70#256 prob_bp = 1.0
trace.MultiTest:foo#71#258 prob_bp = 1.0
trace.MultiTest:foo#71#260 prob_bp = 1.0
trace.MultiTest:foo#71#262 prob_bp = 1.0
trace.MultiTest:foo#71#263 prob_bp = 1.0
trace.MultiTest:foo#72#265 prob_bp = 1.0
trace.MultiTest:foo#72#267 prob_bp = 1.0
trace.MultiTest:foo#72#269 prob_bp = 1.0
trace.MultiTest:foo#72#270 prob_bp = 1.0
trace.MultiTest:foo#73#272 prob_bp = 1.0
trace.MultiTest:foo#73#274 prob_bp = 1.0
trace.MultiTest:foo#73#276 prob_bp = 1.0
trace.MultiTest:foo#73#277 prob_bp = 1.0
trace.MultiTest:foo#74#279 prob_bp = 1.0
trace.MultiTest:foo#74#281 prob_bp = 1.0
trace.MultiTest:foo#74#283 prob_bp = 1.0
trace.MultiTest:foo#74#284 prob_bp = 1.0
trace.MultiTest:foo#75#286 prob_bp = 1.0
trace.MultiTest:foo#75#288 prob_bp = 1.0
trace.MultiTest:foo#75#290 prob_bp = 1.0
trace.MultiTest:foo#75#291 prob_bp = 1.0
trace.MultiTest:foo#76#295#unexe#32 prob_bp = 1.0
trace.MultiTest:foo#79#301 prob_bp = 1.0
trace.MultiTest:foo#79#303 prob_bp = 1.0
trace.MultiTest:foo#79#305 prob_bp = 1.0
trace.MultiTest:foo#79#306 prob_bp = 1.0
trace.MultiTest:foo#46#95#unexe#32 prob_bp = 1.0
trace.MultiTest:foo#81#314 prob_bp = 1.0
trace.MultiTest:foo#81#316 prob_bp = 1.0
trace.MultiTest:fail#91#6 prob_bp = 1.0
trace.MultiTest:fail#91#7 prob_bp = 1.0
trace.MultiTest:pass#86#0 prob_bp = 1.0
trace.MultiTest:pass#86#1 prob_bp = 1.0
trace.MultiTest:pass#86#2 prob_bp = 1.0
trace.MultiTest:pass#86#5 prob_bp = 1.0
trace.MultiTest:pass#86#6 prob_bp = 1.0
trace.MultiTest:pass#87#9 prob_bp = 1.0
Belief propagation time : 0.254s
