
Probabilities: 
Vars:19115
Stmts:655
org.apache.commons.lang.StringEscapeUtils:escapeJava:(Ljava/lang/String;)Ljava/lang/String;#86#2 prob_bp = 0.49973781615274937
org.apache.commons.lang.StringEscapeUtils:escapeJava:(Ljava/lang/String;)Ljava/lang/String;#86#1 prob_bp = 0.4997378161851313
org.apache.commons.lang.StringEscapeUtils:escapeJava:(Ljava/lang/String;)Ljava/lang/String;#86#5 prob_bp = 0.49981427673874923
org.apache.commons.lang.StringEscapeUtils:unescapeJava:(Ljava/io/Writer;Ljava/lang/String;)V#316#39 prob_bp = 0.4999999999999999
org.apache.commons.lang.StringEscapeUtilsTest:assertUnescapeJava:(Ljava/lang/String;Ljava/lang/String;Ljava/lang/String;)V#172#16 prob_bp = 0.4999999999999999
org.apache.commons.lang.StringEscapeUtilsTest:assertUnescapeJava:(Ljava/lang/String;Ljava/lang/String;Ljava/lang/String;)V#172#52 prob_bp = 0.4999999999999999
org.apache.commons.lang.StringEscapeUtils:escapeJavaStyleString:(Ljava/io/Writer;Ljava/lang/String;Z)V#194#88 prob_bp = 0.49999999999999994
org.apache.commons.lang.StringEscapeUtils:escapeJavaStyleString:(Ljava/io/Writer;Ljava/lang/String;Z)V#194#95 prob_bp = 0.49999999999999994
org.apache.commons.lang.StringEscapeUtils:unescapeJava:(Ljava/io/Writer;Ljava/lang/String;)V#376#323 prob_bp = 0.49999999999999994
org.apache.commons.lang.StringEscapeUtilsTest:assertUnescapeJava:(Ljava/lang/String;Ljava/lang/String;Ljava/lang/String;)V#172#22 prob_bp = 0.49999999999999994
org.apache.commons.lang.StringEscapeUtilsTest:assertUnescapeJava:(Ljava/lang/String;Ljava/lang/String;Ljava/lang/String;)V#172#78 prob_bp = 0.49999999999999994
org.apache.commons.lang.StringEscapeUtils:escapeJavaStyleString:(Ljava/lang/String;Z)Ljava/lang/String;#156#5 prob_bp = 0.5
org.apache.commons.lang.StringEscapeUtils:escapeJava:(Ljava/io/Writer;Ljava/lang/String;)V#102#0 prob_bp = 0.5
org.apache.commons.lang.StringEscapeUtilsTest:assertEscapeJava:(Ljava/lang/String;Ljava/lang/String;Ljava/lang/String;)V#121#1 prob_bp = 0.5
org.apache.commons.lang.StringEscapeUtils:escapeJavaStyleString:(Ljava/io/Writer;Ljava/lang/String;Z)V#187#30#unexe#4 prob_bp = 0.5
org.apache.commons.lang.StringEscapeUtils:escapeJavaStyleString:(Ljava/io/Writer;Ljava/lang/String;Z)V#253#464 prob_bp = 0.5
org.apache.commons.lang.StringEscapeUtilsTest:assertEscapeJava:(Ljava/lang/String;Ljava/lang/String;Ljava/lang/String;)V#121#4 prob_bp = 0.5
org.apache.commons.lang.StringEscapeUtilsTest:assertEscapeJava:(Ljava/lang/String;Ljava/lang/String;Ljava/lang/String;)V#122#10 prob_bp = 0.5
org.apache.commons.lang.StringEscapeUtilsTest:assertEscapeJava:(Ljava/lang/String;Ljava/lang/String;Ljava/lang/String;)V#122#30 prob_bp = 0.5
org.apache.commons.lang.StringEscapeUtilsTest:assertEscapeJava:(Ljava/lang/String;Ljava/lang/String;Ljava/lang/String;)V#122#31 prob_bp = 0.5
org.apache.commons.lang.StringEscapeUtilsTest:assertEscapeJava:(Ljava/lang/String;Ljava/lang/String;Ljava/lang/String;)V#122#36 prob_bp = 0.5
org.apache.commons.lang.StringEscapeUtilsTest:assertEscapeJava:(Ljava/lang/String;Ljava/lang/String;Ljava/lang/String;)V#122#39 prob_bp = 0.5
org.apache.commons.lang.StringEscapeUtilsTest:assertEscapeJava:(Ljava/lang/String;Ljava/lang/String;Ljava/lang/String;)V#122#43 prob_bp = 0.5
org.apache.commons.lang.StringEscapeUtilsTest:assertEscapeJava:(Ljava/lang/String;Ljava/lang/String;Ljava/lang/String;)V#123#55 prob_bp = 0.5
org.apache.commons.lang.StringEscapeUtilsTest:assertEscapeJava:(Ljava/lang/String;Ljava/lang/String;Ljava/lang/String;)V#125#64 prob_bp = 0.5
org.apache.commons.lang.StringEscapeUtils:escapeJava:(Ljava/io/Writer;Ljava/lang/String;)V#103#6 prob_bp = 0.5
org.apache.commons.lang.StringEscapeUtilsTest:assertEscapeJava:(Ljava/lang/String;Ljava/lang/String;Ljava/lang/String;)V#128#84 prob_bp = 0.5
org.apache.commons.lang.StringEscapeUtilsTest:assertEscapeJava:(Ljava/lang/String;Ljava/lang/String;)V#117#0 prob_bp = 0.5
org.apache.commons.lang.StringEscapeUtilsTest:assertEscapeJava:(Ljava/lang/String;Ljava/lang/String;)V#117#2 prob_bp = 0.5
org.apache.commons.lang.StringEscapeUtils:escapeJavaStyleString:(Ljava/io/Writer;Ljava/lang/String;Z)V#188#33 prob_bp = 0.5
org.apache.commons.lang.StringEscapeUtils:escapeJavaStyleString:(Ljava/io/Writer;Ljava/lang/String;Z)V#188#36 prob_bp = 0.5
org.apache.commons.lang.StringEscapeUtils:escapeJavaStyleString:(Ljava/io/Writer;Ljava/lang/String;Z)V#193#79 prob_bp = 0.5
org.apache.commons.lang.StringEscapeUtils:escapeJavaStyleString:(Ljava/io/Writer;Ljava/lang/String;Z)V#248#452 prob_bp = 0.5
org.apache.commons.lang.StringEscapeUtils:escapeJavaStyleString:(Ljava/io/Writer;Ljava/lang/String;Z)V#248#453 prob_bp = 0.5
org.apache.commons.lang.StringEscapeUtils:escapeJavaStyleString:(Ljava/io/Writer;Ljava/lang/String;Z)V#187#461 prob_bp = 0.5
org.apache.commons.lang.StringEscapeUtilsTest:assertEscapeJava:(Ljava/lang/String;Ljava/lang/String;Ljava/lang/String;)V#122#24 prob_bp = 0.5
org.apache.commons.lang.StringEscapeUtilsTest:assertEscapeJava:(Ljava/lang/String;Ljava/lang/String;)V#118#7 prob_bp = 0.5
org.apache.commons.lang.StringEscapeUtils:escapeJavaStyleString:(Ljava/io/Writer;Ljava/lang/String;Z)V#198#163 prob_bp = 0.5
org.apache.commons.lang.StringEscapeUtils:escapeJavaStyleString:(Ljava/io/Writer;Ljava/lang/String;Z)V#208#230 prob_bp = 0.5
org.apache.commons.lang.StringEscapeUtils:escapeJavaStyleString:(Ljava/io/Writer;Ljava/lang/String;Z)V#208#231 prob_bp = 0.5
org.apache.commons.lang.StringEscapeUtils:escapeJavaStyleString:(Ljava/io/Writer;Ljava/lang/String;Z)V#208#233 prob_bp = 0.5
org.apache.commons.lang.StringEscapeUtils:escapeJavaStyleString:(Ljava/io/Writer;Ljava/lang/String;Z)V#209#236 prob_bp = 0.5
org.apache.commons.lang.StringEscapeUtils:escapeJavaStyleString:(Ljava/io/Writer;Ljava/lang/String;Z)V#209#237 prob_bp = 0.5
org.apache.commons.lang.StringEscapeUtils:escapeJavaStyleString:(Ljava/io/Writer;Ljava/lang/String;Z)V#209#239 prob_bp = 0.5
org.apache.commons.lang.StringEscapeUtils:escapeJavaStyleString:(Ljava/io/Writer;Ljava/lang/String;Z)V#210#242 prob_bp = 0.5
org.apache.commons.lang.StringEscapeUtils:escapeJavaStyleString:(Ljava/io/Writer;Ljava/lang/String;Z)V#240#422 prob_bp = 0.5
org.apache.commons.lang.StringEscapeUtils:escapeJavaStyleString:(Ljava/io/Writer;Ljava/lang/String;Z)V#240#423 prob_bp = 0.5
org.apache.commons.lang.StringEscapeUtils:escapeJavaStyleString:(Ljava/io/Writer;Ljava/lang/String;Z)V#241#428 prob_bp = 0.5
org.apache.commons.lang.StringEscapeUtils:escapeJavaStyleString:(Ljava/io/Writer;Ljava/lang/String;Z)V#241#429 prob_bp = 0.5
org.apache.commons.lang.StringEscapeUtils:escapeJavaStyleString:(Ljava/io/Writer;Ljava/lang/String;Z)V#241#431 prob_bp = 0.5
org.apache.commons.lang.StringEscapeUtils:escapeJavaStyleString:(Ljava/io/Writer;Ljava/lang/String;Z)V#242#434 prob_bp = 0.5
org.apache.commons.lang.StringEscapeUtils:escapeJavaStyleString:(Ljava/io/Writer;Ljava/lang/String;Z)V#230#388 prob_bp = 0.5
org.apache.commons.lang.StringEscapeUtils:escapeJavaStyleString:(Ljava/io/Writer;Ljava/lang/String;Z)V#230#389 prob_bp = 0.5
org.apache.commons.lang.StringEscapeUtils:escapeJavaStyleString:(Ljava/io/Writer;Ljava/lang/String;Z)V#233#398 prob_bp = 0.5
org.apache.commons.lang.StringEscapeUtils:escapeJavaStyleString:(Ljava/io/Writer;Ljava/lang/String;Z)V#233#399 prob_bp = 0.5
org.apache.commons.lang.StringEscapeUtils:escapeJavaStyleString:(Ljava/io/Writer;Ljava/lang/String;Z)V#233#401 prob_bp = 0.5
org.apache.commons.lang.StringEscapeUtils:escapeJavaStyleString:(Ljava/io/Writer;Ljava/lang/String;Z)V#234#404 prob_bp = 0.5
org.apache.commons.lang.StringEscapeUtils:escapeJavaStyleString:(Ljava/io/Writer;Ljava/lang/String;Z)V#200#200 prob_bp = 0.5
org.apache.commons.lang.StringEscapeUtils:escapeJavaStyleString:(Ljava/io/Writer;Ljava/lang/String;Z)V#200#201 prob_bp = 0.5
org.apache.commons.lang.StringEscapeUtils:escapeJavaStyleString:(Ljava/io/Writer;Ljava/lang/String;Z)V#200#203 prob_bp = 0.5
org.apache.commons.lang.StringEscapeUtils:escapeJavaStyleString:(Ljava/io/Writer;Ljava/lang/String;Z)V#201#206 prob_bp = 0.5
org.apache.commons.lang.StringEscapeUtils:escapeJavaStyleString:(Ljava/io/Writer;Ljava/lang/String;Z)V#201#207 prob_bp = 0.5
org.apache.commons.lang.StringEscapeUtils:escapeJavaStyleString:(Ljava/io/Writer;Ljava/lang/String;Z)V#201#209 prob_bp = 0.5
org.apache.commons.lang.StringEscapeUtils:escapeJavaStyleString:(Ljava/io/Writer;Ljava/lang/String;Z)V#202#212 prob_bp = 0.5
org.apache.commons.lang.StringEscapeUtils:escapeJavaStyleString:(Ljava/io/Writer;Ljava/lang/String;Z)V#216#260 prob_bp = 0.5
org.apache.commons.lang.StringEscapeUtils:escapeJavaStyleString:(Ljava/io/Writer;Ljava/lang/String;Z)V#216#261 prob_bp = 0.5
org.apache.commons.lang.StringEscapeUtils:escapeJavaStyleString:(Ljava/io/Writer;Ljava/lang/String;Z)V#216#263 prob_bp = 0.5
org.apache.commons.lang.StringEscapeUtils:escapeJavaStyleString:(Ljava/io/Writer;Ljava/lang/String;Z)V#217#266 prob_bp = 0.5
org.apache.commons.lang.StringEscapeUtils:escapeJavaStyleString:(Ljava/io/Writer;Ljava/lang/String;Z)V#217#267 prob_bp = 0.5
org.apache.commons.lang.StringEscapeUtils:escapeJavaStyleString:(Ljava/io/Writer;Ljava/lang/String;Z)V#217#269 prob_bp = 0.5
org.apache.commons.lang.StringEscapeUtils:escapeJavaStyleString:(Ljava/io/Writer;Ljava/lang/String;Z)V#218#272 prob_bp = 0.5
org.apache.commons.lang.StringEscapeUtils:escapeJavaStyleString:(Ljava/io/Writer;Ljava/lang/String;Z)V#192#53 prob_bp = 0.5
org.apache.commons.lang.StringEscapeUtils:escapeJavaStyleString:(Ljava/io/Writer;Ljava/lang/String;Z)V#192#54 prob_bp = 0.5
org.apache.commons.lang.StringEscapeUtils:escapeJavaStyleString:(Ljava/io/Writer;Ljava/lang/String;Z)V#192#59 prob_bp = 0.5
org.apache.commons.lang.StringEscapeUtils:escapeJavaStyleString:(Ljava/io/Writer;Ljava/lang/String;Z)V#192#62 prob_bp = 0.5
org.apache.commons.lang.StringEscapeUtils:hex:(C)Ljava/lang/String;#263#1 prob_bp = 0.5
org.apache.commons.lang.StringEscapeUtils:hex:(C)Ljava/lang/String;#263#4 prob_bp = 0.5
org.apache.commons.lang.StringEscapeUtils:hex:(C)Ljava/lang/String;#263#7 prob_bp = 0.5
org.apache.commons.lang.StringEscapeUtils:escapeJavaStyleString:(Ljava/io/Writer;Ljava/lang/String;Z)V#192#70 prob_bp = 0.5
org.apache.commons.lang.StringEscapeUtils:escapeJavaStyleString:(Ljava/io/Writer;Ljava/lang/String;Z)V#192#76 prob_bp = 0.5
org.apache.commons.lang.StringEscapeUtils:escapeJavaStyleString:(Ljava/io/Writer;Ljava/lang/String;Z)V#194#91 prob_bp = 0.5
org.apache.commons.lang.StringEscapeUtils:escapeJavaStyleString:(Ljava/io/Writer;Ljava/lang/String;Z)V#194#92 prob_bp = 0.5
org.apache.commons.lang.StringEscapeUtils:escapeJavaStyleString:(Ljava/io/Writer;Ljava/lang/String;Z)V#194#97 prob_bp = 0.5
org.apache.commons.lang.StringEscapeUtils:escapeJavaStyleString:(Ljava/io/Writer;Ljava/lang/String;Z)V#194#100 prob_bp = 0.5
org.apache.commons.lang.StringEscapeUtils:escapeJavaStyleString:(Ljava/io/Writer;Ljava/lang/String;Z)V#194#108 prob_bp = 0.5
org.apache.commons.lang.StringEscapeUtils:escapeJavaStyleString:(Ljava/io/Writer;Ljava/lang/String;Z)V#194#114 prob_bp = 0.5
org.apache.commons.lang.StringEscapeUtils:escapeJavaStyleString:(Ljava/io/Writer;Ljava/lang/String;Z)V#196#125 prob_bp = 0.5
org.apache.commons.lang.StringEscapeUtils:escapeJavaStyleString:(Ljava/io/Writer;Ljava/lang/String;Z)V#196#128 prob_bp = 0.5
org.apache.commons.lang.StringEscapeUtils:escapeJavaStyleString:(Ljava/io/Writer;Ljava/lang/String;Z)V#196#129 prob_bp = 0.5
org.apache.commons.lang.StringEscapeUtils:escapeJavaStyleString:(Ljava/io/Writer;Ljava/lang/String;Z)V#196#132 prob_bp = 0.5
org.apache.commons.lang.StringEscapeUtils:escapeJavaStyleString:(Ljava/io/Writer;Ljava/lang/String;Z)V#196#134 prob_bp = 0.5
org.apache.commons.lang.StringEscapeUtils:escapeJavaStyleString:(Ljava/io/Writer;Ljava/lang/String;Z)V#196#137 prob_bp = 0.5
org.apache.commons.lang.StringEscapeUtils:escapeJavaStyleString:(Ljava/io/Writer;Ljava/lang/String;Z)V#196#139 prob_bp = 0.5
org.apache.commons.lang.StringEscapeUtils:escapeJavaStyleString:(Ljava/io/Writer;Ljava/lang/String;Z)V#196#145 prob_bp = 0.5
org.apache.commons.lang.StringEscapeUtils:escapeJavaStyleString:(Ljava/io/Writer;Ljava/lang/String;Z)V#196#148 prob_bp = 0.5
org.apache.commons.lang.StringEscapeUtils:escapeJavaStyleString:(Ljava/io/Writer;Ljava/lang/String;Z)V#196#151 prob_bp = 0.5
org.apache.commons.lang.StringEscapeUtils:escapeJavaStyleString:(Ljava/io/Writer;Ljava/lang/String;Z)V#220#275 prob_bp = 0.5
org.apache.commons.lang.StringEscapeUtils:escapeJavaStyleString:(Ljava/io/Writer;Ljava/lang/String;Z)V#220#277 prob_bp = 0.5
org.apache.commons.lang.StringEscapeUtils:escapeJavaStyleString:(Ljava/io/Writer;Ljava/lang/String;Z)V#220#279 prob_bp = 0.5
org.apache.commons.lang.StringEscapeUtils:escapeJavaStyleString:(Ljava/io/Writer;Ljava/lang/String;Z)V#223#312 prob_bp = 0.5
org.apache.commons.lang.StringEscapeUtils:escapeJavaStyleString:(Ljava/io/Writer;Ljava/lang/String;Z)V#223#313 prob_bp = 0.5
org.apache.commons.lang.StringEscapeUtils:escapeJavaStyleString:(Ljava/io/Writer;Ljava/lang/String;Z)V#223#316 prob_bp = 0.5
org.apache.commons.lang.StringEscapeUtils:escapeJavaStyleString:(Ljava/io/Writer;Ljava/lang/String;Z)V#223#317 prob_bp = 0.5
org.apache.commons.lang.StringEscapeUtils:escapeJavaStyleString:(Ljava/io/Writer;Ljava/lang/String;Z)V#223#320 prob_bp = 0.5
org.apache.commons.lang.StringEscapeUtils:escapeJavaStyleString:(Ljava/io/Writer;Ljava/lang/String;Z)V#223#322 prob_bp = 0.5
org.apache.commons.lang.StringEscapeUtils:escapeJavaStyleString:(Ljava/io/Writer;Ljava/lang/String;Z)V#223#325 prob_bp = 0.5
org.apache.commons.lang.StringEscapeUtils:escapeJavaStyleString:(Ljava/io/Writer;Ljava/lang/String;Z)V#223#330 prob_bp = 0.5
org.apache.commons.lang.StringEscapeUtils:escapeJavaStyleString:(Ljava/io/Writer;Ljava/lang/String;Z)V#223#333 prob_bp = 0.5
org.apache.commons.lang.StringEscapeUtils:escapeJavaStyleString:(Ljava/io/Writer;Ljava/lang/String;Z)V#223#336 prob_bp = 0.5
org.apache.commons.lang.StringEscapeUtils:escapeJavaStyleString:(Ljava/io/Writer;Ljava/lang/String;Z)V#225#339 prob_bp = 0.5
org.apache.commons.lang.StringEscapeUtils:escapeJavaStyleString:(Ljava/io/Writer;Ljava/lang/String;Z)V#236#407 prob_bp = 0.5
org.apache.commons.lang.StringEscapeUtils:escapeJavaStyleString:(Ljava/io/Writer;Ljava/lang/String;Z)V#236#408 prob_bp = 0.5
org.apache.commons.lang.StringEscapeUtils:escapeJavaStyleString:(Ljava/io/Writer;Ljava/lang/String;Z)V#236#410 prob_bp = 0.5
org.apache.commons.lang.StringEscapeUtils:escapeJavaStyleString:(Ljava/io/Writer;Ljava/lang/String;Z)V#237#413 prob_bp = 0.5
org.apache.commons.lang.StringEscapeUtils:escapeJavaStyleString:(Ljava/io/Writer;Ljava/lang/String;Z)V#237#416 prob_bp = 0.5
org.apache.commons.lang.StringEscapeUtils:escapeJavaStyleString:(Ljava/io/Writer;Ljava/lang/String;Z)V#238#419 prob_bp = 0.5
org.apache.commons.lang.StringEscapeUtils:escapeJavaScript:(Ljava/lang/String;)Ljava/lang/String;#127#0 prob_bp = 0.5
org.apache.commons.lang.StringEscapeUtils:escapeJavaScript:(Ljava/io/Writer;Ljava/lang/String;)V#143#0 prob_bp = 0.5
org.apache.commons.lang.StringEscapeUtils:escapeJavaScript:(Ljava/io/Writer;Ljava/lang/String;)V#143#1 prob_bp = 0.5
org.apache.commons.lang.StringEscapeUtils:escapeJavaScript:(Ljava/io/Writer;Ljava/lang/String;)V#143#2 prob_bp = 0.5
org.apache.commons.lang.StringEscapeUtils:escapeJavaScript:(Ljava/io/Writer;Ljava/lang/String;)V#143#3 prob_bp = 0.5
org.apache.commons.lang.StringEscapeUtils:escapeJavaStyleString:(Ljava/io/Writer;Ljava/lang/String;Z)V#231#392 prob_bp = 0.5
org.apache.commons.lang.StringEscapeUtils:escapeJavaStyleString:(Ljava/io/Writer;Ljava/lang/String;Z)V#231#395 prob_bp = 0.5
org.apache.commons.lang.StringEscapeUtils:escapeJavaStyleString:(Ljava/io/Writer;Ljava/lang/String;Z)V#244#437 prob_bp = 0.5
org.apache.commons.lang.StringEscapeUtils:escapeJavaStyleString:(Ljava/io/Writer;Ljava/lang/String;Z)V#244#438 prob_bp = 0.5
org.apache.commons.lang.StringEscapeUtils:escapeJavaStyleString:(Ljava/io/Writer;Ljava/lang/String;Z)V#244#440 prob_bp = 0.5
org.apache.commons.lang.StringEscapeUtils:escapeJavaStyleString:(Ljava/io/Writer;Ljava/lang/String;Z)V#245#443 prob_bp = 0.5
org.apache.commons.lang.StringEscapeUtils:escapeJavaStyleString:(Ljava/io/Writer;Ljava/lang/String;Z)V#245#444 prob_bp = 0.5
org.apache.commons.lang.StringEscapeUtils:escapeJavaStyleString:(Ljava/io/Writer;Ljava/lang/String;Z)V#245#446 prob_bp = 0.5
org.apache.commons.lang.StringEscapeUtils:escapeJavaStyleString:(Ljava/io/Writer;Ljava/lang/String;Z)V#246#449 prob_bp = 0.5
org.apache.commons.lang.StringEscapeUtils:unescapeJava:(Ljava/io/Writer;Ljava/lang/String;)V#307#4 prob_bp = 0.5
org.apache.commons.lang.StringEscapeUtils:unescapeJava:(Ljava/io/Writer;Ljava/lang/String;)V#307#7 prob_bp = 0.5
org.apache.commons.lang.StringEscapeUtils:unescapeJava:(Ljava/io/Writer;Ljava/lang/String;)V#307#8 prob_bp = 0.5
org.apache.commons.lang.StringEscapeUtils:unescapeJava:(Ljava/io/Writer;Ljava/lang/String;)V#307#10 prob_bp = 0.5
org.apache.commons.lang.StringEscapeUtils:unescapeJava:(Ljava/io/Writer;Ljava/lang/String;)V#307#13 prob_bp = 0.5
org.apache.commons.lang.StringEscapeUtils:unescapeJava:(Ljava/lang/String;)Ljava/lang/String;#280#6 prob_bp = 0.5
org.apache.commons.lang.StringEscapeUtils:unescapeJava:(Ljava/io/Writer;Ljava/lang/String;)V#309#14 prob_bp = 0.5
org.apache.commons.lang.StringEscapeUtils:unescapeJava:(Ljava/io/Writer;Ljava/lang/String;)V#312#19 prob_bp = 0.5
org.apache.commons.lang.StringEscapeUtils:unescapeJava:(Ljava/io/Writer;Ljava/lang/String;)V#312#20 prob_bp = 0.5
org.apache.commons.lang.StringEscapeUtils:unescapeJava:(Ljava/io/Writer;Ljava/lang/String;)V#313#27 prob_bp = 0.5
org.apache.commons.lang.StringEscapeUtils:unescapeJava:(Ljava/io/Writer;Ljava/lang/String;)V#313#29 prob_bp = 0.5
org.apache.commons.lang.StringEscapeUtils:unescapeJava:(Ljava/io/Writer;Ljava/lang/String;)V#313#32 prob_bp = 0.5
org.apache.commons.lang.StringEscapeUtils:unescapeJava:(Ljava/io/Writer;Ljava/lang/String;)V#314#33 prob_bp = 0.5
org.apache.commons.lang.StringEscapeUtils:unescapeJava:(Ljava/io/Writer;Ljava/lang/String;)V#314#34 prob_bp = 0.5
org.apache.commons.lang.StringEscapeUtils:unescapeJava:(Ljava/io/Writer;Ljava/lang/String;)V#377#327 prob_bp = 0.5
org.apache.commons.lang.StringEscapeUtils:unescapeJava:(Ljava/io/Writer;Ljava/lang/String;)V#378#329 prob_bp = 0.5
org.apache.commons.lang.StringEscapeUtils:unescapeJava:(Ljava/io/Writer;Ljava/lang/String;)V#376#323#unexe#4 prob_bp = 0.5
org.apache.commons.lang.StringEscapeUtils:unescapeJava:(Ljava/io/Writer;Ljava/lang/String;)V#337#141#unexe#4 prob_bp = 0.5
org.apache.commons.lang.StringEscapeUtils:unescapeJava:(Ljava/io/Writer;Ljava/lang/String;)V#337#141#unexe#5 prob_bp = 0.5
org.apache.commons.lang.StringEscapeUtils:unescapeJava:(Ljava/io/Writer;Ljava/lang/String;)V#316#341 prob_bp = 0.5
org.apache.commons.lang.StringEscapeUtils:unescapeJava:(Ljava/io/Writer;Ljava/lang/String;)V#340#149 prob_bp = 0.5
org.apache.commons.lang.StringEscapeUtils:unescapeJava:(Ljava/io/Writer;Ljava/lang/String;)V#368#304 prob_bp = 0.5
org.apache.commons.lang.StringEscapeUtils:unescapeJava:(Ljava/io/Writer;Ljava/lang/String;)V#368#305 prob_bp = 0.5
org.apache.commons.lang.StringEscapeUtils:unescapeJava:(Ljava/io/Writer;Ljava/lang/String;)V#369#307 prob_bp = 0.5
org.apache.commons.lang.StringEscapeUtils:unescapeJava:(Ljava/io/Writer;Ljava/lang/String;)V#340#149#unexe#5 prob_bp = 0.5
org.apache.commons.lang.StringEscapeUtils:unescapeJava:(Ljava/io/Writer;Ljava/lang/String;)V#321#67 prob_bp = 0.5
org.apache.commons.lang.StringEscapeUtils:unescapeJava:(Ljava/io/Writer;Ljava/lang/String;)V#322#69 prob_bp = 0.5
org.apache.commons.lang.StringEscapeUtils:unescapeJava:(Ljava/io/Writer;Ljava/lang/String;)V#322#72 prob_bp = 0.5
org.apache.commons.lang.StringEscapeUtils:unescapeJava:(Ljava/io/Writer;Ljava/lang/String;)V#322#73#unexe#5 prob_bp = 0.5
org.apache.commons.lang.StringEscapeUtils:unescapeJava:(Ljava/io/Writer;Ljava/lang/String;)V#322#73#unexe#8 prob_bp = 0.5
org.apache.commons.lang.StringEscapeUtils:unescapeJava:(Ljava/io/Writer;Ljava/lang/String;)V#326#76 prob_bp = 0.5
org.apache.commons.lang.StringEscapeUtils:unescapeJava:(Ljava/io/Writer;Ljava/lang/String;)V#326#77 prob_bp = 0.5
org.apache.commons.lang.StringEscapeUtils:unescapeJava:(Ljava/io/Writer;Ljava/lang/String;)V#326#80 prob_bp = 0.5
org.apache.commons.lang.StringEscapeUtils:unescapeJava:(Ljava/io/Writer;Ljava/lang/String;)V#331#108 prob_bp = 0.5
org.apache.commons.lang.StringEscapeUtils:unescapeJava:(Ljava/io/Writer;Ljava/lang/String;)V#332#110 prob_bp = 0.5
org.apache.commons.lang.StringEscapeUtils:unescapeJava:(Ljava/io/Writer;Ljava/lang/String;)V#332#113 prob_bp = 0.5
org.apache.commons.lang.StringEscapeUtils:unescapeJava:(Ljava/io/Writer;Ljava/lang/String;)V#332#114 prob_bp = 0.5
org.apache.commons.lang.StringEscapeUtils:unescapeJava:(Ljava/io/Writer;Ljava/lang/String;)V#332#117 prob_bp = 0.5
org.apache.commons.lang.StringEscapeUtils:unescapeJava:(Ljava/io/Writer;Ljava/lang/String;)V#332#118 prob_bp = 0.5
org.apache.commons.lang.StringEscapeUtils:unescapeJava:(Ljava/io/Writer;Ljava/lang/String;)V#332#121 prob_bp = 0.5
org.apache.commons.lang.StringEscapeUtils:unescapeJava:(Ljava/io/Writer;Ljava/lang/String;)V#332#123 prob_bp = 0.5
org.apache.commons.lang.StringEscapeUtils:unescapeJava:(Ljava/io/Writer;Ljava/lang/String;)V#332#126 prob_bp = 0.5
org.apache.commons.lang.StringEscapeUtils:unescapeJava:(Ljava/io/Writer;Ljava/lang/String;)V#332#127 prob_bp = 0.5
org.apache.commons.lang.StringEscapeUtils:unescapeJava:(Ljava/io/Writer;Ljava/lang/String;)V#332#130 prob_bp = 0.5
org.apache.commons.lang.StringEscapeUtils:unescapeJava:(Ljava/io/Writer;Ljava/lang/String;)V#332#133 prob_bp = 0.5
org.apache.commons.lang.StringEscapeUtils:unescapeJava:(Ljava/io/Writer;Ljava/lang/String;)V#332#135 prob_bp = 0.5
org.apache.commons.lang.StringEscapeUtils:unescapeJava:(Ljava/io/Writer;Ljava/lang/String;)V#332#138 prob_bp = 0.5
org.apache.commons.lang.StringEscapeUtilsTest:assertUnescapeJava:(Ljava/lang/String;Ljava/lang/String;)V#165#2 prob_bp = 0.5
org.apache.commons.lang.StringEscapeUtilsTest:assertUnescapeJava:(Ljava/lang/String;Ljava/lang/String;)V#165#3 prob_bp = 0.5
org.apache.commons.lang.StringEscapeUtilsTest:assertUnescapeJava:(Ljava/lang/String;Ljava/lang/String;)V#165#4 prob_bp = 0.5
org.apache.commons.lang.StringEscapeUtilsTest:assertUnescapeJava:(Ljava/lang/String;Ljava/lang/String;Ljava/lang/String;)V#169#0 prob_bp = 0.5
org.apache.commons.lang.StringEscapeUtilsTest:assertUnescapeJava:(Ljava/lang/String;Ljava/lang/String;Ljava/lang/String;)V#169#1 prob_bp = 0.5
org.apache.commons.lang.StringEscapeUtils:unescapeJava:(Ljava/io/Writer;Ljava/lang/String;)V#316#45#unexe#4 prob_bp = 0.5
org.apache.commons.lang.StringEscapeUtils:unescapeJava:(Ljava/io/Writer;Ljava/lang/String;)V#316#45#unexe#5 prob_bp = 0.5
org.apache.commons.lang.StringEscapeUtils:unescapeJava:(Ljava/io/Writer;Ljava/lang/String;)V#316#45#unexe#7 prob_bp = 0.5
org.apache.commons.lang.StringEscapeUtils:unescapeJava:(Ljava/io/Writer;Ljava/lang/String;)V#316#45#unexe#8 prob_bp = 0.5
org.apache.commons.lang.StringEscapeUtils:unescapeJava:(Ljava/io/Writer;Ljava/lang/String;)V#382#344 prob_bp = 0.5
org.apache.commons.lang.StringEscapeUtils:unescapeJava:(Ljava/io/Writer;Ljava/lang/String;)V#387#355 prob_bp = 0.5
org.apache.commons.lang.StringEscapeUtils:unescapeJava:(Ljava/lang/String;)Ljava/lang/String;#282#24 prob_bp = 0.5
org.apache.commons.lang.StringEscapeUtils:unescapeJava:(Ljava/lang/String;)Ljava/lang/String;#282#27 prob_bp = 0.5
org.apache.commons.lang.StringEscapeUtilsTest:assertUnescapeJava:(Ljava/lang/String;Ljava/lang/String;Ljava/lang/String;)V#170#7 prob_bp = 0.5
org.apache.commons.lang.StringEscapeUtilsTest:assertUnescapeJava:(Ljava/lang/String;Ljava/lang/String;Ljava/lang/String;)V#172#9 prob_bp = 0.5
org.apache.commons.lang.StringEscapeUtilsTest:assertUnescapeJava:(Ljava/lang/String;Ljava/lang/String;Ljava/lang/String;)V#172#12 prob_bp = 0.5
org.apache.commons.lang.StringEscapeUtilsTest:assertUnescapeJava:(Ljava/lang/String;Ljava/lang/String;Ljava/lang/String;)V#172#13 prob_bp = 0.5
org.apache.commons.lang.StringEscapeUtilsTest:assertUnescapeJava:(Ljava/lang/String;Ljava/lang/String;Ljava/lang/String;)V#172#21 prob_bp = 0.5
org.apache.commons.lang.StringEscapeUtilsTest:assertUnescapeJava:(Ljava/lang/String;Ljava/lang/String;Ljava/lang/String;)V#172#27 prob_bp = 0.5
org.apache.commons.lang.StringEscapeUtilsTest:assertUnescapeJava:(Ljava/lang/String;Ljava/lang/String;Ljava/lang/String;)V#172#49 prob_bp = 0.5
org.apache.commons.lang.StringEscapeUtilsTest:assertUnescapeJava:(Ljava/lang/String;Ljava/lang/String;Ljava/lang/String;)V#172#57 prob_bp = 0.5
org.apache.commons.lang.StringEscapeUtilsTest:assertUnescapeJava:(Ljava/lang/String;Ljava/lang/String;Ljava/lang/String;)V#172#62 prob_bp = 0.5
org.apache.commons.lang.StringEscapeUtilsTest:assertUnescapeJava:(Ljava/lang/String;Ljava/lang/String;Ljava/lang/String;)V#172#65 prob_bp = 0.5
org.apache.commons.lang.StringEscapeUtilsTest:assertUnescapeJava:(Ljava/lang/String;Ljava/lang/String;Ljava/lang/String;)V#172#70 prob_bp = 0.5
org.apache.commons.lang.StringEscapeUtilsTest:assertUnescapeJava:(Ljava/lang/String;Ljava/lang/String;Ljava/lang/String;)V#172#72 prob_bp = 0.5
org.apache.commons.lang.StringEscapeUtilsTest:assertUnescapeJava:(Ljava/lang/String;Ljava/lang/String;Ljava/lang/String;)V#172#75 prob_bp = 0.5
org.apache.commons.lang.StringEscapeUtilsTest:assertUnescapeJava:(Ljava/lang/String;Ljava/lang/String;Ljava/lang/String;)V#172#83 prob_bp = 0.5
org.apache.commons.lang.StringEscapeUtilsTest:assertUnescapeJava:(Ljava/lang/String;Ljava/lang/String;Ljava/lang/String;)V#172#86 prob_bp = 0.5
org.apache.commons.lang.StringEscapeUtilsTest:assertUnescapeJava:(Ljava/lang/String;Ljava/lang/String;Ljava/lang/String;)V#172#88 prob_bp = 0.5
org.apache.commons.lang.StringEscapeUtilsTest:assertUnescapeJava:(Ljava/lang/String;Ljava/lang/String;Ljava/lang/String;)V#172#90 prob_bp = 0.5
org.apache.commons.lang.StringEscapeUtilsTest:assertUnescapeJava:(Ljava/lang/String;Ljava/lang/String;Ljava/lang/String;)V#180#102 prob_bp = 0.5
org.apache.commons.lang.StringEscapeUtilsTest:assertUnescapeJava:(Ljava/lang/String;Ljava/lang/String;Ljava/lang/String;)V#181#108 prob_bp = 0.5
org.apache.commons.lang.StringEscapeUtilsTest:assertUnescapeJava:(Ljava/lang/String;Ljava/lang/String;Ljava/lang/String;)V#181#109 prob_bp = 0.5
org.apache.commons.lang.StringEscapeUtilsTest:assertUnescapeJava:(Ljava/lang/String;Ljava/lang/String;Ljava/lang/String;)V#181#111 prob_bp = 0.5
org.apache.commons.lang.StringEscapeUtilsTest:assertUnescapeJava:(Ljava/lang/String;Ljava/lang/String;Ljava/lang/String;)V#181#114 prob_bp = 0.5
org.apache.commons.lang.StringEscapeUtilsTest:assertUnescapeJava:(Ljava/lang/String;Ljava/lang/String;Ljava/lang/String;)V#183#117 prob_bp = 0.5
org.apache.commons.lang.StringEscapeUtilsTest:assertUnescapeJava:(Ljava/lang/String;Ljava/lang/String;)V#166#7 prob_bp = 0.5
org.apache.commons.lang.StringEscapeUtils:unescapeJava:(Ljava/io/Writer;Ljava/lang/String;)V#380#332 prob_bp = 0.5
org.apache.commons.lang.StringEscapeUtils:unescapeJava:(Ljava/io/Writer;Ljava/lang/String;)V#380#333 prob_bp = 0.5
org.apache.commons.lang.StringEscapeUtils:unescapeJava:(Ljava/io/Writer;Ljava/lang/String;)V#380#335 prob_bp = 0.5
org.apache.commons.lang.StringEscapeUtils:unescapeJava:(Ljava/io/Writer;Ljava/lang/String;)V#360#286 prob_bp = 0.5
org.apache.commons.lang.StringEscapeUtils:unescapeJava:(Ljava/io/Writer;Ljava/lang/String;)V#360#287 prob_bp = 0.5
org.apache.commons.lang.StringEscapeUtils:unescapeJava:(Ljava/io/Writer;Ljava/lang/String;)V#360#289 prob_bp = 0.5
org.apache.commons.lang.StringEscapeUtils:unescapeJava:(Ljava/io/Writer;Ljava/lang/String;)V#361#292 prob_bp = 0.5
org.apache.commons.lang.StringEscapeUtils:unescapeJava:(Ljava/io/Writer;Ljava/lang/String;)V#363#295 prob_bp = 0.5
org.apache.commons.lang.StringEscapeUtils:unescapeJava:(Ljava/io/Writer;Ljava/lang/String;)V#363#296 prob_bp = 0.5
org.apache.commons.lang.StringEscapeUtils:unescapeJava:(Ljava/io/Writer;Ljava/lang/String;)V#363#298 prob_bp = 0.5
org.apache.commons.lang.StringEscapeUtils:unescapeJava:(Ljava/io/Writer;Ljava/lang/String;)V#364#301 prob_bp = 0.5
org.apache.commons.lang.StringEscapeUtils:escapeJavaStyleString:(Ljava/io/Writer;Ljava/lang/String;Z)V#204#215 prob_bp = 0.5
org.apache.commons.lang.StringEscapeUtils:escapeJavaStyleString:(Ljava/io/Writer;Ljava/lang/String;Z)V#204#216 prob_bp = 0.5
org.apache.commons.lang.StringEscapeUtils:escapeJavaStyleString:(Ljava/io/Writer;Ljava/lang/String;Z)V#204#218 prob_bp = 0.5
org.apache.commons.lang.StringEscapeUtils:escapeJavaStyleString:(Ljava/io/Writer;Ljava/lang/String;Z)V#205#221 prob_bp = 0.5
org.apache.commons.lang.StringEscapeUtils:escapeJavaStyleString:(Ljava/io/Writer;Ljava/lang/String;Z)V#205#222 prob_bp = 0.5
org.apache.commons.lang.StringEscapeUtils:escapeJavaStyleString:(Ljava/io/Writer;Ljava/lang/String;Z)V#205#224 prob_bp = 0.5
org.apache.commons.lang.StringEscapeUtils:escapeJavaStyleString:(Ljava/io/Writer;Ljava/lang/String;Z)V#206#227 prob_bp = 0.5
org.apache.commons.lang.StringEscapeUtils:unescapeJava:(Ljava/io/Writer;Ljava/lang/String;)V#326#85 prob_bp = 0.5
org.apache.commons.lang.StringEscapeUtils:unescapeJava:(Ljava/io/Writer;Ljava/lang/String;)V#327#87 prob_bp = 0.5
org.apache.commons.lang.StringEscapeUtils:unescapeJava:(Ljava/io/Writer;Ljava/lang/String;)V#327#88 prob_bp = 0.5
org.apache.commons.lang.StringEscapeUtils:unescapeJava:(Ljava/io/Writer;Ljava/lang/String;)V#327#90 prob_bp = 0.5
org.apache.commons.lang.StringEscapeUtils:unescapeJava:(Ljava/io/Writer;Ljava/lang/String;)V#328#94 prob_bp = 0.5
org.apache.commons.lang.StringEscapeUtils:unescapeJava:(Ljava/io/Writer;Ljava/lang/String;)V#328#96 prob_bp = 0.5
org.apache.commons.lang.StringEscapeUtils:unescapeJava:(Ljava/io/Writer;Ljava/lang/String;)V#329#100 prob_bp = 0.5
org.apache.commons.lang.StringEscapeUtils:unescapeJava:(Ljava/io/Writer;Ljava/lang/String;)V#330#103 prob_bp = 0.5
org.apache.commons.lang.StringEscapeUtils:unescapeJava:(Ljava/io/Writer;Ljava/lang/String;)V#333#105 prob_bp = 0.5
org.apache.commons.lang.StringEscapeUtils:unescapeJava:(Ljava/io/Writer;Ljava/lang/String;)V#345#241 prob_bp = 0.5
org.apache.commons.lang.StringEscapeUtils:unescapeJava:(Ljava/io/Writer;Ljava/lang/String;)V#345#242 prob_bp = 0.5
org.apache.commons.lang.StringEscapeUtils:unescapeJava:(Ljava/io/Writer;Ljava/lang/String;)V#345#244 prob_bp = 0.5
org.apache.commons.lang.StringEscapeUtils:unescapeJava:(Ljava/io/Writer;Ljava/lang/String;)V#346#247 prob_bp = 0.5
org.apache.commons.lang.StringEscapeUtils:unescapeJava:(Ljava/io/Writer;Ljava/lang/String;)V#354#268 prob_bp = 0.5
org.apache.commons.lang.StringEscapeUtils:unescapeJava:(Ljava/io/Writer;Ljava/lang/String;)V#354#269 prob_bp = 0.5
org.apache.commons.lang.StringEscapeUtils:unescapeJava:(Ljava/io/Writer;Ljava/lang/String;)V#354#271 prob_bp = 0.5
org.apache.commons.lang.StringEscapeUtils:unescapeJava:(Ljava/io/Writer;Ljava/lang/String;)V#355#274 prob_bp = 0.5
org.apache.commons.lang.StringEscapeUtils:unescapeJava:(Ljava/io/Writer;Ljava/lang/String;)V#357#277 prob_bp = 0.5
org.apache.commons.lang.StringEscapeUtils:unescapeJava:(Ljava/io/Writer;Ljava/lang/String;)V#357#278 prob_bp = 0.5
org.apache.commons.lang.StringEscapeUtils:unescapeJava:(Ljava/io/Writer;Ljava/lang/String;)V#357#280 prob_bp = 0.5
org.apache.commons.lang.StringEscapeUtils:unescapeJava:(Ljava/io/Writer;Ljava/lang/String;)V#358#283 prob_bp = 0.5
org.apache.commons.lang.StringEscapeUtils:unescapeJava:(Ljava/io/Writer;Ljava/lang/String;)V#351#259 prob_bp = 0.5
org.apache.commons.lang.StringEscapeUtils:unescapeJava:(Ljava/io/Writer;Ljava/lang/String;)V#351#260 prob_bp = 0.5
org.apache.commons.lang.StringEscapeUtils:unescapeJava:(Ljava/io/Writer;Ljava/lang/String;)V#351#262 prob_bp = 0.5
org.apache.commons.lang.StringEscapeUtils:unescapeJava:(Ljava/io/Writer;Ljava/lang/String;)V#352#265 prob_bp = 0.5
org.apache.commons.lang.StringEscapeUtils:escapeJavaStyleString:(Ljava/io/Writer;Ljava/lang/String;Z)V#212#245 prob_bp = 0.5
org.apache.commons.lang.StringEscapeUtils:escapeJavaStyleString:(Ljava/io/Writer;Ljava/lang/String;Z)V#212#246 prob_bp = 0.5
org.apache.commons.lang.StringEscapeUtils:escapeJavaStyleString:(Ljava/io/Writer;Ljava/lang/String;Z)V#212#248 prob_bp = 0.5
org.apache.commons.lang.StringEscapeUtils:escapeJavaStyleString:(Ljava/io/Writer;Ljava/lang/String;Z)V#213#251 prob_bp = 0.5
org.apache.commons.lang.StringEscapeUtils:escapeJavaStyleString:(Ljava/io/Writer;Ljava/lang/String;Z)V#213#252 prob_bp = 0.5
org.apache.commons.lang.StringEscapeUtils:escapeJavaStyleString:(Ljava/io/Writer;Ljava/lang/String;Z)V#213#254 prob_bp = 0.5
org.apache.commons.lang.StringEscapeUtils:escapeJavaStyleString:(Ljava/io/Writer;Ljava/lang/String;Z)V#214#257 prob_bp = 0.5
org.apache.commons.lang.StringEscapeUtils:unescapeJava:(Ljava/io/Writer;Ljava/lang/String;)V#385#349 prob_bp = 0.5
org.apache.commons.lang.StringEscapeUtils:unescapeJava:(Ljava/io/Writer;Ljava/lang/String;)V#385#350 prob_bp = 0.5
org.apache.commons.lang.StringEscapeUtils:unescapeJava:(Ljava/io/Writer;Ljava/lang/String;)V#385#352 prob_bp = 0.5
org.apache.commons.lang.StringEscapeUtilsTest:assertUnescapeJava:(Ljava/lang/String;Ljava/lang/String;Ljava/lang/String;)V#172#37 prob_bp = 0.5
org.apache.commons.lang.StringEscapeUtilsTest:assertUnescapeJava:(Ljava/lang/String;Ljava/lang/String;Ljava/lang/String;)V#172#42 prob_bp = 0.5
org.apache.commons.lang.StringEscapeUtilsTest:assertUnescapeJava:(Ljava/lang/String;Ljava/lang/String;Ljava/lang/String;)V#172#43 prob_bp = 0.5
org.apache.commons.lang.StringEscapeUtilsTest:assertUnescapeJava:(Ljava/lang/String;Ljava/lang/String;Ljava/lang/String;)V#172#46 prob_bp = 0.5
org.apache.commons.lang.StringUtilsTest:setUp:()V#111#4 prob_bp = 0.5
org.apache.commons.lang.StringUtilsTest:tearDown:()V#115#4 prob_bp = 0.5
org.apache.commons.lang.StringEscapeUtils:escapeJava:(Ljava/lang/String;)Ljava/lang/String;#86#0 prob_bp = 0.5000000000000001
org.apache.commons.lang.StringEscapeUtils:escapeJavaStyleString:(Ljava/lang/String;Z)Ljava/lang/String;#156#4 prob_bp = 0.5000000000000001
org.apache.commons.lang.StringEscapeUtils:escapeJavaStyleString:(Ljava/io/Writer;Ljava/lang/String;Z)V#180#13 prob_bp = 0.5000000000000001
org.apache.commons.lang.StringEscapeUtilsTest:assertEscapeJava:(Ljava/lang/String;Ljava/lang/String;Ljava/lang/String;)V#121#0 prob_bp = 0.5000000000000001
org.apache.commons.lang.StringEscapeUtilsTest:assertEscapeJava:(Ljava/lang/String;Ljava/lang/String;Ljava/lang/String;)V#122#40 prob_bp = 0.5000000000000001
org.apache.commons.lang.StringEscapeUtilsTest:assertEscapeJava:(Ljava/lang/String;Ljava/lang/String;Ljava/lang/String;)V#123#54 prob_bp = 0.5000000000000001
org.apache.commons.lang.StringEscapeUtilsTest:assertEscapeJava:(Ljava/lang/String;Ljava/lang/String;Ljava/lang/String;)V#126#71 prob_bp = 0.5000000000000001
org.apache.commons.lang.StringEscapeUtilsTest:assertEscapeJava:(Ljava/lang/String;Ljava/lang/String;)V#117#1 prob_bp = 0.5000000000000001
org.apache.commons.lang.StringEscapeUtilsTest:assertEscapeJava:(Ljava/lang/String;Ljava/lang/String;)V#117#3 prob_bp = 0.5000000000000001
org.apache.commons.lang.StringEscapeUtilsTest:assertEscapeJava:(Ljava/lang/String;Ljava/lang/String;)V#117#4 prob_bp = 0.5000000000000001
org.apache.commons.lang.StringEscapeUtils:escapeJavaStyleString:(Ljava/io/Writer;Ljava/lang/String;Z)V#248#455 prob_bp = 0.5000000000000001
org.apache.commons.lang.StringEscapeUtils:escapeJavaStyleString:(Ljava/io/Writer;Ljava/lang/String;Z)V#198#161 prob_bp = 0.5000000000000001
org.apache.commons.lang.StringEscapeUtils:escapeJavaStyleString:(Ljava/io/Writer;Ljava/lang/String;Z)V#192#50 prob_bp = 0.5000000000000001
org.apache.commons.lang.StringEscapeUtils:escapeJavaStyleString:(Ljava/io/Writer;Ljava/lang/String;Z)V#192#64 prob_bp = 0.5000000000000001
org.apache.commons.lang.StringEscapeUtils:escapeJavaStyleString:(Ljava/io/Writer;Ljava/lang/String;Z)V#192#67 prob_bp = 0.5000000000000001
org.apache.commons.lang.StringEscapeUtils:escapeJavaStyleString:(Ljava/io/Writer;Ljava/lang/String;Z)V#192#73 prob_bp = 0.5000000000000001
org.apache.commons.lang.StringEscapeUtils:escapeJavaStyleString:(Ljava/io/Writer;Ljava/lang/String;Z)V#194#87 prob_bp = 0.5000000000000001
org.apache.commons.lang.StringEscapeUtils:escapeJavaStyleString:(Ljava/io/Writer;Ljava/lang/String;Z)V#194#105 prob_bp = 0.5000000000000001
org.apache.commons.lang.StringEscapeUtils:escapeJavaStyleString:(Ljava/io/Writer;Ljava/lang/String;Z)V#194#111 prob_bp = 0.5000000000000001
org.apache.commons.lang.StringEscapeUtils:escapeJavaStyleString:(Ljava/io/Writer;Ljava/lang/String;Z)V#196#124 prob_bp = 0.5000000000000001
org.apache.commons.lang.StringEscapeUtils:escapeJavaStyleString:(Ljava/io/Writer;Ljava/lang/String;Z)V#196#142 prob_bp = 0.5000000000000001
org.apache.commons.lang.StringEscapeUtils:escapeJavaStyleString:(Ljava/io/Writer;Ljava/lang/String;Z)V#223#327 prob_bp = 0.5000000000000001
org.apache.commons.lang.StringEscapeUtils:unescapeJava:(Ljava/lang/String;)Ljava/lang/String;#280#9 prob_bp = 0.5000000000000001
org.apache.commons.lang.StringEscapeUtils:unescapeJava:(Ljava/io/Writer;Ljava/lang/String;)V#313#24 prob_bp = 0.5000000000000001
org.apache.commons.lang.StringEscapeUtils:unescapeJava:(Ljava/io/Writer;Ljava/lang/String;)V#315#36 prob_bp = 0.5000000000000001
org.apache.commons.lang.StringEscapeUtils:unescapeJava:(Ljava/io/Writer;Ljava/lang/String;)V#315#37 prob_bp = 0.5000000000000001
org.apache.commons.lang.StringEscapeUtils:unescapeJava:(Ljava/io/Writer;Ljava/lang/String;)V#317#48 prob_bp = 0.5000000000000001
org.apache.commons.lang.StringEscapeUtils:unescapeJava:(Ljava/io/Writer;Ljava/lang/String;)V#337#139 prob_bp = 0.5000000000000001
org.apache.commons.lang.StringEscapeUtils:unescapeJava:(Ljava/io/Writer;Ljava/lang/String;)V#376#319 prob_bp = 0.5000000000000001
org.apache.commons.lang.StringEscapeUtils:unescapeJava:(Ljava/io/Writer;Ljava/lang/String;)V#318#58#unexe#5 prob_bp = 0.5000000000000001
org.apache.commons.lang.StringEscapeUtils:unescapeJava:(Ljava/io/Writer;Ljava/lang/String;)V#318#58#unexe#8 prob_bp = 0.5000000000000001
org.apache.commons.lang.StringEscapeUtils:unescapeJava:(Ljava/io/Writer;Ljava/lang/String;)V#321#62 prob_bp = 0.5000000000000001
org.apache.commons.lang.StringEscapeUtils:unescapeJava:(Ljava/io/Writer;Ljava/lang/String;)V#321#64 prob_bp = 0.5000000000000001
org.apache.commons.lang.StringEscapeUtils:unescapeJava:(Ljava/io/Writer;Ljava/lang/String;)V#322#73#unexe#4 prob_bp = 0.5000000000000001
org.apache.commons.lang.StringEscapeUtils:unescapeJava:(Ljava/io/Writer;Ljava/lang/String;)V#326#82 prob_bp = 0.5000000000000001
org.apache.commons.lang.StringEscapeUtilsTest:assertUnescapeJava:(Ljava/lang/String;Ljava/lang/String;)V#165#0 prob_bp = 0.5000000000000001
org.apache.commons.lang.StringEscapeUtilsTest:assertUnescapeJava:(Ljava/lang/String;Ljava/lang/String;)V#165#1 prob_bp = 0.5000000000000001
org.apache.commons.lang.StringEscapeUtils:unescapeJava:(Ljava/io/Writer;Ljava/lang/String;)V#382#346 prob_bp = 0.5000000000000001
org.apache.commons.lang.StringEscapeUtilsTest:assertUnescapeJava:(Ljava/lang/String;Ljava/lang/String;Ljava/lang/String;)V#172#18 prob_bp = 0.5000000000000001
org.apache.commons.lang.StringEscapeUtilsTest:assertUnescapeJava:(Ljava/lang/String;Ljava/lang/String;Ljava/lang/String;)V#172#25 prob_bp = 0.5000000000000001
org.apache.commons.lang.StringEscapeUtilsTest:assertUnescapeJava:(Ljava/lang/String;Ljava/lang/String;Ljava/lang/String;)V#172#54 prob_bp = 0.5000000000000001
org.apache.commons.lang.StringEscapeUtilsTest:assertUnescapeJava:(Ljava/lang/String;Ljava/lang/String;Ljava/lang/String;)V#172#59 prob_bp = 0.5000000000000001
org.apache.commons.lang.StringEscapeUtilsTest:assertUnescapeJava:(Ljava/lang/String;Ljava/lang/String;Ljava/lang/String;)V#172#67 prob_bp = 0.5000000000000001
org.apache.commons.lang.StringEscapeUtilsTest:assertUnescapeJava:(Ljava/lang/String;Ljava/lang/String;Ljava/lang/String;)V#172#80 prob_bp = 0.5000000000000001
org.apache.commons.lang.StringEscapeUtilsTest:assertUnescapeJava:(Ljava/lang/String;Ljava/lang/String;Ljava/lang/String;)V#179#96 prob_bp = 0.5000000000000001
org.apache.commons.lang.StringEscapeUtilsTest:assertUnescapeJava:(Ljava/lang/String;Ljava/lang/String;Ljava/lang/String;)V#179#97 prob_bp = 0.5000000000000001
org.apache.commons.lang.StringEscapeUtilsTest:assertUnescapeJava:(Ljava/lang/String;Ljava/lang/String;Ljava/lang/String;)V#179#100 prob_bp = 0.5000000000000001
org.apache.commons.lang.StringEscapeUtilsTest:assertUnescapeJava:(Ljava/lang/String;Ljava/lang/String;Ljava/lang/String;)V#172#30 prob_bp = 0.5000000000000001
org.apache.commons.lang.StringEscapeUtilsTest:assertUnescapeJava:(Ljava/lang/String;Ljava/lang/String;Ljava/lang/String;)V#172#33 prob_bp = 0.5000000000000001
org.apache.commons.lang.StringEscapeUtilsTest:assertUnescapeJava:(Ljava/lang/String;Ljava/lang/String;Ljava/lang/String;)V#172#34 prob_bp = 0.5000000000000001
org.apache.commons.lang.StringEscapeUtilsTest:assertUnescapeJava:(Ljava/lang/String;Ljava/lang/String;Ljava/lang/String;)V#172#39 prob_bp = 0.5000000000000001
org.apache.commons.lang.StringEscapeUtils:escapeJavaStyleString:(Ljava/io/Writer;Ljava/lang/String;Z)V#180#10 prob_bp = 0.5000000000000002
org.apache.commons.lang.StringEscapeUtils:escapeJavaStyleString:(Ljava/io/Writer;Ljava/lang/String;Z)V#187#30#unexe#5 prob_bp = 0.5000000000000002
org.apache.commons.lang.StringEscapeUtilsTest:assertEscapeJava:(Ljava/lang/String;Ljava/lang/String;Ljava/lang/String;)V#122#34 prob_bp = 0.5000000000000002
org.apache.commons.lang.StringEscapeUtils:escapeJavaStyleString:(Ljava/io/Writer;Ljava/lang/String;Z)V#191#41 prob_bp = 0.5000000000000002
org.apache.commons.lang.StringEscapeUtils:escapeJavaStyleString:(Ljava/io/Writer;Ljava/lang/String;Z)V#195#119 prob_bp = 0.5000000000000002
org.apache.commons.lang.StringEscapeUtils:escapeJavaStyleString:(Ljava/io/Writer;Ljava/lang/String;Z)V#197#154 prob_bp = 0.5000000000000002
org.apache.commons.lang.StringEscapeUtils:escapeJavaStyleString:(Ljava/io/Writer;Ljava/lang/String;Z)V#240#425 prob_bp = 0.5000000000000002
org.apache.commons.lang.StringEscapeUtils:escapeJavaStyleString:(Ljava/io/Writer;Ljava/lang/String;Z)V#192#49 prob_bp = 0.5000000000000002
org.apache.commons.lang.StringEscapeUtils:escapeJavaStyleString:(Ljava/io/Writer;Ljava/lang/String;Z)V#192#57 prob_bp = 0.5000000000000002
org.apache.commons.lang.StringEscapeUtils:hex:(C)Ljava/lang/String;#263#0 prob_bp = 0.5000000000000002
org.apache.commons.lang.StringEscapeUtils:escapeJavaStyleString:(Ljava/io/Writer;Ljava/lang/String;Z)V#194#102 prob_bp = 0.5000000000000002
org.apache.commons.lang.StringEscapeUtils:unescapeJava:(Ljava/lang/String;)Ljava/lang/String;#280#11 prob_bp = 0.5000000000000002
org.apache.commons.lang.StringEscapeUtils:unescapeJava:(Ljava/io/Writer;Ljava/lang/String;)V#317#54 prob_bp = 0.5000000000000002
org.apache.commons.lang.StringEscapeUtils:unescapeJava:(Ljava/io/Writer;Ljava/lang/String;)V#318#58#unexe#4 prob_bp = 0.5000000000000002
org.apache.commons.lang.StringEscapeUtils:unescapeJava:(Ljava/io/Writer;Ljava/lang/String;)V#339#144 prob_bp = 0.5000000000000002
org.apache.commons.lang.StringEscapeUtils:unescapeJava:(Ljava/io/Writer;Ljava/lang/String;)V#339#145 prob_bp = 0.5000000000000002
org.apache.commons.lang.StringEscapeUtils:unescapeJava:(Ljava/io/Writer;Ljava/lang/String;)V#321#61 prob_bp = 0.5000000000000002
org.apache.commons.lang.StringEscapeUtils:unescapeJava:(Ljava/io/Writer;Ljava/lang/String;)V#322#68 prob_bp = 0.5000000000000002
org.apache.commons.lang.StringEscapeUtils:unescapeJava:(Ljava/lang/String;)Ljava/lang/String;#282#23 prob_bp = 0.5000000000000002
org.apache.commons.lang.StringEscapeUtils:unescapeJava:(Ljava/io/Writer;Ljava/lang/String;)V#327#91 prob_bp = 0.5000000000000002
org.apache.commons.lang.StringEscapeUtils:unescapeJava:(Ljava/io/Writer;Ljava/lang/String;)V#330#102 prob_bp = 0.5000000000000002
org.apache.commons.lang.StringEscapeUtils:escapeJavaStyleString:(Ljava/lang/String;Z)Ljava/lang/String;#160#20 prob_bp = 0.5000000000000003
org.apache.commons.lang.StringEscapeUtilsTest:assertEscapeJava:(Ljava/lang/String;Ljava/lang/String;Ljava/lang/String;)V#122#27 prob_bp = 0.5000000000000003
org.apache.commons.lang.StringEscapeUtils:escapeJavaStyleString:(Ljava/io/Writer;Ljava/lang/String;Z)V#188#34 prob_bp = 0.5000000000000003
org.apache.commons.lang.StringEscapeUtils:escapeJavaStyleString:(Ljava/io/Writer;Ljava/lang/String;Z)V#228#342 prob_bp = 0.5000000000000003
org.apache.commons.lang.StringEscapeUtils:unescapeJava:(Ljava/lang/String;)Ljava/lang/String;#281#18 prob_bp = 0.5000000000000003
org.apache.commons.lang.StringEscapeUtils:unescapeJava:(Ljava/io/Writer;Ljava/lang/String;)V#377#326 prob_bp = 0.5000000000000003
org.apache.commons.lang.StringEscapeUtils:unescapeJava:(Ljava/io/Writer;Ljava/lang/String;)V#340#147 prob_bp = 0.5000000000000003
org.apache.commons.lang.StringEscapeUtils:escapeJavaStyleString:(Ljava/io/Writer;Ljava/lang/String;Z)V#231#393 prob_bp = 0.5000000000000004
org.apache.commons.lang.StringEscapeUtils:unescapeJava:(Ljava/lang/String;)Ljava/lang/String;#280#17 prob_bp = 0.5000000000000004
org.apache.commons.lang.StringEscapeUtils:unescapeJava:(Ljava/io/Writer;Ljava/lang/String;)V#318#56 prob_bp = 0.5000000000000004
org.apache.commons.lang.StringEscapeUtils:unescapeJava:(Ljava/io/Writer;Ljava/lang/String;)V#322#73 prob_bp = 0.5000000000000004
org.apache.commons.lang.StringEscapeUtils:unescapeJava:(Ljava/io/Writer;Ljava/lang/String;)V#316#45#unexe#6 prob_bp = 0.5000000000000004
org.apache.commons.lang.StringEscapeUtilsTest:assertUnescapeJava:(Ljava/lang/String;Ljava/lang/String;Ljava/lang/String;)V#179#93 prob_bp = 0.5000000000000006
org.apache.commons.lang.StringEscapeUtils:unescapeJava:(Ljava/io/Writer;Ljava/lang/String;)V#328#95 prob_bp = 0.5000000000000006
org.apache.commons.lang.StringEscapeUtils:unescapeJava:(Ljava/io/Writer;Ljava/lang/String;)V#329#99 prob_bp = 0.5000000000000006
org.apache.commons.lang.StringEscapeUtils:unescapeJava:(Ljava/io/Writer;Ljava/lang/String;)V#316#45 prob_bp = 0.5000000000000007
org.apache.commons.lang.StringEscapeUtils:unescapeJava:(Ljava/io/Writer;Ljava/lang/String;)V#376#321 prob_bp = 0.5000000000000007
org.apache.commons.lang.StringEscapeUtils:escapeJavaStyleString:(Ljava/io/Writer;Ljava/lang/String;Z)V#195#121 prob_bp = 0.5000000000000008
org.apache.commons.lang.StringEscapeUtils:escapeJavaStyleString:(Ljava/io/Writer;Ljava/lang/String;Z)V#197#156 prob_bp = 0.5000000000000008
org.apache.commons.lang.StringEscapeUtils:escapeJavaStyleString:(Ljava/io/Writer;Ljava/lang/String;Z)V#197#158 prob_bp = 0.5000000000000008
org.apache.commons.lang.StringEscapeUtils:escapeJavaStyleString:(Ljava/io/Writer;Ljava/lang/String;Z)V#193#84 prob_bp = 0.5000000000000009
org.apache.commons.lang.StringEscapeUtils:unescapeJava:(Ljava/io/Writer;Ljava/lang/String;)V#317#49 prob_bp = 0.5000000000000009
org.apache.commons.lang.StringEscapeUtils:escapeJavaStyleString:(Ljava/io/Writer;Ljava/lang/String;Z)V#191#46 prob_bp = 0.500000000000001
org.apache.commons.lang.StringEscapeUtils:unescapeJava:(Ljava/io/Writer;Ljava/lang/String;)V#337#141 prob_bp = 0.5000000000000012
org.apache.commons.lang.StringEscapeUtils:unescapeJava:(Ljava/io/Writer;Ljava/lang/String;)V#318#58 prob_bp = 0.5000000000000014
org.apache.commons.lang.StringEscapeUtils:unescapeJava:(Ljava/io/Writer;Ljava/lang/String;)V#317#51 prob_bp = 0.5000000000000019
org.apache.commons.lang.StringEscapeUtils:escapeJavaStyleString:(Ljava/lang/String;Z)Ljava/lang/String;#160#22 prob_bp = 0.5000000000000021
org.apache.commons.lang.StringEscapeUtils:escapeJavaStyleString:(Ljava/io/Writer;Ljava/lang/String;Z)V#191#43 prob_bp = 0.5000000000000021
org.apache.commons.lang.StringEscapeUtils:escapeJavaStyleString:(Ljava/io/Writer;Ljava/lang/String;Z)V#193#81 prob_bp = 0.5000000000000029
org.apache.commons.lang.StringEscapeUtils:escapeJavaStyleString:(Ljava/lang/String;Z)Ljava/lang/String;#159#11 prob_bp = 0.5000000000000031
org.apache.commons.lang.StringEscapeUtils:unescapeJava:(Ljava/io/Writer;Ljava/lang/String;)V#306#1 prob_bp = 0.5000000000000039
org.apache.commons.lang.StringEscapeUtils:unescapeJava:(Ljava/io/Writer;Ljava/lang/String;)V#316#40 prob_bp = 0.500000000000004
org.apache.commons.lang.StringEscapeUtils:unescapeJava:(Ljava/io/Writer;Ljava/lang/String;)V#316#42 prob_bp = 0.5000000000000042
org.apache.commons.lang.StringEscapeUtils:unescapeJava:(Ljava/io/Writer;Ljava/lang/String;)V#313#28 prob_bp = 0.5000000000000046
org.apache.commons.lang.StringEscapeUtilsTest:assertUnescapeJava:(Ljava/lang/String;Ljava/lang/String;Ljava/lang/String;)V#180#105 prob_bp = 0.5000000000000079
org.apache.commons.lang.StringEscapeUtilsTest:assertUnescapeJava:(Ljava/lang/String;Ljava/lang/String;Ljava/lang/String;)V#180#104 prob_bp = 0.500000000000008
org.apache.commons.lang.StringEscapeUtils:unescapeJava:(Ljava/io/Writer;Ljava/lang/String;)V#316#338 prob_bp = 0.5000000000000231
org.apache.commons.lang.StringEscapeUtils:escapeJavaStyleString:(Ljava/io/Writer;Ljava/lang/String;Z)V#188#39 prob_bp = 0.5000000000001323
org.apache.commons.lang.StringEscapeUtils:escapeJavaStyleString:(Ljava/io/Writer;Ljava/lang/String;Z)V#195#117 prob_bp = 0.5000000000005295
org.apache.commons.lang.StringEscapeUtils:escapeJavaStyleString:(Ljava/io/Writer;Ljava/lang/String;Z)V#228#344 prob_bp = 0.5000000000021175
org.apache.commons.lang.StringEscapeUtils:escapeJavaStyleString:(Ljava/io/Writer;Ljava/lang/String;Z)V#237#414 prob_bp = 0.5000000000084701
org.apache.commons.lang.StringEscapeUtils:unescapeJava:(Ljava/lang/String;)Ljava/lang/String;#276#0 prob_bp = 0.5000000001797024
org.apache.commons.lang.StringEscapeUtils:unescapeJava:(Ljava/lang/String;)Ljava/lang/String;#276#1 prob_bp = 0.5000000001797026
org.apache.commons.lang.StringEscapeUtils:escapeJava:(Ljava/io/Writer;Ljava/lang/String;)V#102#2 prob_bp = 0.5000000026604858
org.apache.commons.lang.StringEscapeUtils:escapeJavaStyleString:(Ljava/io/Writer;Ljava/lang/String;Z)V#187#24 prob_bp = 0.5000000026604888
org.apache.commons.lang.StringEscapeUtils:escapeJavaStyleString:(Ljava/io/Writer;Ljava/lang/String;Z)V#186#20 prob_bp = 0.500000002660489
org.apache.commons.lang.StringEscapeUtils:escapeJavaStyleString:(Ljava/io/Writer;Ljava/lang/String;Z)V#187#30 prob_bp = 0.500000002660489
org.apache.commons.lang.StringEscapeUtils:escapeJavaStyleString:(Ljava/io/Writer;Ljava/lang/String;Z)V#179#0 prob_bp = 0.5000000026604899
org.apache.commons.lang.StringEscapeUtils:unescapeJava:(Ljava/lang/String;)Ljava/lang/String;#280#10 prob_bp = 0.5000000039022247
org.apache.commons.lang.StringEscapeUtils:unescapeJava:(Ljava/lang/String;)Ljava/lang/String;#280#14 prob_bp = 0.5000000039022287
org.apache.commons.lang.StringEscapeUtils:unescapeJava:(Ljava/lang/String;)Ljava/lang/String;#281#19 prob_bp = 0.5000000039022431
org.apache.commons.lang.StringEscapeUtils:unescapeJava:(Ljava/lang/String;)Ljava/lang/String;#281#20 prob_bp = 0.5000000039022979
org.apache.commons.lang.StringEscapeUtils:unescapeJava:(Ljava/io/Writer;Ljava/lang/String;)V#306#0 prob_bp = 0.5000000039025229
org.apache.commons.lang.StringEscapeUtilsTest:assertUnescapeJava:(Ljava/lang/String;Ljava/lang/String;Ljava/lang/String;)V#170#3 prob_bp = 0.5000000039028473
org.apache.commons.lang.StringEscapeUtilsTest:assertUnescapeJava:(Ljava/lang/String;Ljava/lang/String;Ljava/lang/String;)V#170#4 prob_bp = 0.5000000039028473
org.apache.commons.lang.StringEscapeUtils:unescapeJava:(Ljava/lang/String;)Ljava/lang/String;#277#4 prob_bp = 0.5000000039028553
org.apache.commons.lang.StringEscapeUtils:unescapeJava:(Ljava/lang/String;)Ljava/lang/String;#277#5 prob_bp = 0.5000000039028553
org.apache.commons.lang.StringEscapeUtils:unescapeJava:(Ljava/io/Writer;Ljava/lang/String;)V#312#23 prob_bp = 0.5000000039033504
org.apache.commons.lang.StringEscapeUtils:unescapeJava:(Ljava/io/Writer;Ljava/lang/String;)V#316#44 prob_bp = 0.500000003906563
org.apache.commons.lang.StringEscapeUtils:unescapeJava:(Ljava/io/Writer;Ljava/lang/String;)V#309#15 prob_bp = 0.5000000039191953
org.apache.commons.lang.StringEscapeUtils:escapeJavaStyleString:(Ljava/io/Writer;Ljava/lang/String;Z)V#186#19 prob_bp = 0.5000001729642938
org.apache.commons.lang.StringEscapeUtils:escapeJavaStyleString:(Ljava/io/Writer;Ljava/lang/String;Z)V#187#25 prob_bp = 0.5000001729642987
org.apache.commons.lang.StringEscapeUtils:escapeJavaStyleString:(Ljava/io/Writer;Ljava/lang/String;Z)V#187#27 prob_bp = 0.5000001729644291
org.apache.commons.lang.StringEscapeUtils:escapeJavaStyleString:(Ljava/io/Writer;Ljava/lang/String;Z)V#187#458 prob_bp = 0.5000005188925879
org.apache.commons.lang.StringEscapeUtilsTest:assertEscapeJava:(Ljava/lang/String;Ljava/lang/String;Ljava/lang/String;)V#126#69 prob_bp = 0.5000022619921287
org.apache.commons.lang.StringEscapeUtilsTest:assertEscapeJava:(Ljava/lang/String;Ljava/lang/String;Ljava/lang/String;)V#126#72 prob_bp = 0.5000022619923219
org.apache.commons.lang.StringEscapeUtils:escapeJava:(Ljava/io/Writer;Ljava/lang/String;)V#102#1 prob_bp = 0.5000022619923719
org.apache.commons.lang.StringEscapeUtils:escapeJava:(Ljava/io/Writer;Ljava/lang/String;)V#102#3 prob_bp = 0.5000022646529033
org.apache.commons.lang.StringEscapeUtils:escapeJavaStyleString:(Ljava/lang/String;Z)Ljava/lang/String;#159#14 prob_bp = 0.5000158662229879
org.apache.commons.lang.StringEscapeUtils:escapeJavaStyleString:(Ljava/lang/String;Z)Ljava/lang/String;#159#16 prob_bp = 0.5000158662230397
org.apache.commons.lang.StringEscapeUtils:escapeJavaStyleString:(Ljava/lang/String;Z)Ljava/lang/String;#160#21 prob_bp = 0.5000158662230632
org.apache.commons.lang.StringEscapeUtils:escapeJavaStyleString:(Ljava/lang/String;Z)Ljava/lang/String;#160#23 prob_bp = 0.5000158662231247
org.apache.commons.lang.StringEscapeUtils:escapeJavaStyleString:(Ljava/io/Writer;Ljava/lang/String;Z)V#182#14 prob_bp = 0.5000179551263458
org.apache.commons.lang.StringEscapeUtils:escapeJavaStyleString:(Ljava/io/Writer;Ljava/lang/String;Z)V#186#23 prob_bp = 0.5000179551285853
org.apache.commons.lang.StringEscapeUtils:escapeJavaStyleString:(Ljava/io/Writer;Ljava/lang/String;Z)V#187#29 prob_bp = 0.5000179551347478
org.apache.commons.lang.StringEscapeUtils:escapeJavaStyleString:(Ljava/io/Writer;Ljava/lang/String;Z)V#180#4 prob_bp = 0.5005006563257541
org.apache.commons.lang.StringEscapeUtils:escapeJavaStyleString:(Ljava/io/Writer;Ljava/lang/String;Z)V#179#1 prob_bp = 0.5005019461821154
org.apache.commons.lang.StringEscapeUtils:escapeJavaStyleString:(Ljava/io/Writer;Ljava/lang/String;Z)V#180#8 prob_bp = 0.5081948473428657
org.apache.commons.lang.StringEscapeUtils:escapeJavaStyleString:(Ljava/io/Writer;Ljava/lang/String;Z)V#180#7 prob_bp = 0.5081959307199475
org.apache.commons.lang.StringEscapeUtils:escapeJavaStyleString:(Ljava/io/Writer;Ljava/lang/String;Z)V#182#15 prob_bp = 0.5082111401890177
org.apache.commons.lang.StringEscapeUtils:escapeJavaStyleString:(Ljava/lang/String;Z)Ljava/lang/String;#155#0 prob_bp = 0.5999397667059021
org.apache.commons.lang.StringEscapeUtils:escapeJavaStyleString:(Ljava/lang/String;Z)Ljava/lang/String;#155#1 prob_bp = 0.5999397667285771
org.apache.commons.lang.StringEscapeUtilsTest:assertEscapeJava:(Ljava/lang/String;Ljava/lang/String;Ljava/lang/String;)V#122#13 prob_bp = 0.599999893578605
org.apache.commons.lang.StringEscapeUtilsTest:assertEscapeJava:(Ljava/lang/String;Ljava/lang/String;Ljava/lang/String;)V#122#19 prob_bp = 0.5999998936186045
org.apache.commons.lang.StringEscapeUtilsTest:assertEscapeJava:(Ljava/lang/String;Ljava/lang/String;Ljava/lang/String;)V#122#18 prob_bp = 0.9999997526296095
org.apache.commons.lang.StringEscapeUtilsTest:assertEscapeJava:(Ljava/lang/String;Ljava/lang/String;Ljava/lang/String;)V#122#22 prob_bp = 0.9999997530816098
org.apache.commons.lang.StringEscapeUtilsTest:assertEscapeJava:(Ljava/lang/String;Ljava/lang/String;Ljava/lang/String;)V#122#46 prob_bp = 0.9999997532416097
org.apache.commons.lang.StringEscapeUtilsTest:assertEscapeJava:(Ljava/lang/String;Ljava/lang/String;Ljava/lang/String;)V#122#49 prob_bp = 0.9999997571584113
org.apache.commons.lang.StringEscapeUtilsTest:assertEscapeJava:(Ljava/lang/String;Ljava/lang/String;Ljava/lang/String;)V#122#52 prob_bp = 0.9999997649920124
org.apache.commons.lang.StringEscapeUtilsTest:assertEscapeJava:(Ljava/lang/String;Ljava/lang/String;Ljava/lang/String;)V#122#6 prob_bp = 0.9999997665927967
org.apache.commons.lang.StringEscapeUtilsTest:assertEscapeJava:(Ljava/lang/String;Ljava/lang/String;Ljava/lang/String;)V#122#9 prob_bp = 0.9999997666927967
org.apache.commons.lang.StringEscapeUtilsTest:assertEscapeJava:(Ljava/lang/String;Ljava/lang/String;Ljava/lang/String;)V#122#15 prob_bp = 0.9999997798431826
org.apache.commons.lang.StringEscapeUtilsTest:assertEscapeJava:(Ljava/lang/String;Ljava/lang/String;Ljava/lang/String;)V#123#53 prob_bp = 0.9999997806592131
org.apache.commons.lang.StringEscapeUtilsTest:assertEscapeJava:(Ljava/lang/String;Ljava/lang/String;Ljava/lang/String;)V#123#57 prob_bp = 0.9999998119936143
org.apache.commons.lang.StringEscapeUtils:escapeJavaStyleString:(Ljava/lang/String;Z)Ljava/lang/String;#159#10 prob_bp = 0.9999998280249788
org.apache.commons.lang.StringEscapeUtils:escapeJavaStyleString:(Ljava/lang/String;Z)Ljava/lang/String;#159#6 prob_bp = 0.999999828064959
org.apache.commons.lang.StringEscapeUtils:escapeJavaStyleString:(Ljava/lang/String;Z)Ljava/lang/String;#159#9 prob_bp = 0.9999998281649964
org.apache.commons.lang.StringEscapeUtils:escapeJavaStyleString:(Ljava/lang/String;Z)Ljava/lang/String;#159#15 prob_bp = 0.9999998283651077
org.apache.commons.lang.StringEscapeUtils:escapeJavaStyleString:(Ljava/lang/String;Z)Ljava/lang/String;#159#19 prob_bp = 0.9999998310876559
org.apache.commons.lang.StringEscapeUtils:escapeJavaStyleString:(Ljava/lang/String;Z)Ljava/lang/String;#161#26 prob_bp = 0.999999836533765
org.apache.commons.lang.StringEscapeUtils:escapeJavaScript:(Ljava/lang/String;)Ljava/lang/String;#127#1 prob_bp = 0.9999998378713051
org.apache.commons.lang.StringEscapeUtils:escapeJavaScript:(Ljava/lang/String;)Ljava/lang/String;#127#2 prob_bp = 0.9999998379713032
org.apache.commons.lang.StringEscapeUtils:escapeJavaStyleString:(Ljava/lang/String;Z)Ljava/lang/String;#161#27 prob_bp = 0.9999998474280027
org.apache.commons.lang.StringEscapeUtils:escapeJavaStyleString:(Ljava/lang/String;Z)Ljava/lang/String;#161#30 prob_bp = 0.9999998692205396
org.apache.commons.lang.StringEscapeUtilsTest:assertEscapeJava:(Ljava/lang/String;Ljava/lang/String;Ljava/lang/String;)V#127#75 prob_bp = 0.9999998746624165
org.apache.commons.lang.StringEscapeUtils:escapeJavaScript:(Ljava/lang/String;)Ljava/lang/String;#127#5 prob_bp = 0.9999999128298819
org.apache.commons.lang.StringEscapeUtilsTest:assertEscapeJava:(Ljava/lang/String;Ljava/lang/String;Ljava/lang/String;)V#125#60 prob_bp = 0.9999999985000074
org.apache.commons.lang.StringEscapeUtilsTest:assertEscapeJava:(Ljava/lang/String;Ljava/lang/String;Ljava/lang/String;)V#125#63 prob_bp = 0.9999999986000072
org.apache.commons.lang.StringEscapeUtilsTest:assertEscapeJava:(Ljava/lang/String;Ljava/lang/String;Ljava/lang/String;)V#125#67 prob_bp = 0.9999999988000068
org.apache.commons.lang.StringEscapeUtilsTest:assertEscapeJava:(Ljava/lang/String;Ljava/lang/String;Ljava/lang/String;)V#127#76 prob_bp = 0.999999999200004
org.apache.commons.lang.StringUtilsTest:setUp:()V#110#0 prob_bp = 0.9999999999
org.apache.commons.lang.StringUtilsTest:setUp:()V#110#1 prob_bp = 0.9999999999
org.apache.commons.lang.StringUtilsTest:tearDown:()V#114#0 prob_bp = 0.9999999999
org.apache.commons.lang.StringUtilsTest:tearDown:()V#114#1 prob_bp = 0.9999999999
org.apache.commons.lang.StringEscapeUtilsTest:testEscapeJava:()V#64#0 prob_bp = 1.0
org.apache.commons.lang.StringEscapeUtilsTest:testEscapeJava:()V#64#1 prob_bp = 1.0
org.apache.commons.lang.StringEscapeUtilsTest:testEscapeJava:()V#64#2 prob_bp = 1.0
org.apache.commons.lang.StringEscapeUtilsTest:testEscapeJava:()V#64#5 prob_bp = 1.0
org.apache.commons.lang.StringEscapeUtilsTest:testEscapeJava:()V#66#8 prob_bp = 1.0
org.apache.commons.lang.StringEscapeUtilsTest:testEscapeJava:()V#66#9 prob_bp = 1.0
org.apache.commons.lang.StringEscapeUtilsTest:testEscapeJava:()V#66#10 prob_bp = 1.0
org.apache.commons.lang.StringEscapeUtilsTest:testEscapeJava:()V#70#26 prob_bp = 1.0
org.apache.commons.lang.StringEscapeUtilsTest:testEscapeJava:()V#73#27 prob_bp = 1.0
org.apache.commons.lang.StringEscapeUtilsTest:testEscapeJava:()V#73#28 prob_bp = 1.0
org.apache.commons.lang.StringEscapeUtilsTest:testEscapeJava:()V#73#30 prob_bp = 1.0
org.apache.commons.lang.StringEscapeUtilsTest:testEscapeJava:()V#77#46 prob_bp = 1.0
org.apache.commons.lang.StringEscapeUtilsTest:testEscapeJava:()V#80#47 prob_bp = 1.0
org.apache.commons.lang.StringEscapeUtilsTest:testEscapeJava:()V#80#48 prob_bp = 1.0
org.apache.commons.lang.StringEscapeUtilsTest:testEscapeJava:()V#80#50 prob_bp = 1.0
org.apache.commons.lang.StringEscapeUtilsTest:testEscapeJava:()V#80#52 prob_bp = 1.0
org.apache.commons.lang.StringEscapeUtilsTest:testEscapeJava:()V#80#54 prob_bp = 1.0
org.apache.commons.lang.StringEscapeUtilsTest:assertEscapeJava:(Ljava/lang/String;Ljava/lang/String;Ljava/lang/String;)V#127#78 prob_bp = 1.0
org.apache.commons.lang.StringEscapeUtilsTest:assertEscapeJava:(Ljava/lang/String;Ljava/lang/String;Ljava/lang/String;)V#127#81 prob_bp = 1.0
org.apache.commons.lang.StringEscapeUtilsTest:testEscapeJava:()V#81#57 prob_bp = 1.0
org.apache.commons.lang.StringEscapeUtilsTest:testEscapeJava:()V#81#58 prob_bp = 1.0
org.apache.commons.lang.StringEscapeUtilsTest:testEscapeJava:()V#81#60 prob_bp = 1.0
org.apache.commons.lang.StringEscapeUtilsTest:testEscapeJava:()V#81#62 prob_bp = 1.0
org.apache.commons.lang.StringEscapeUtilsTest:testEscapeJava:()V#82#65 prob_bp = 1.0
org.apache.commons.lang.StringEscapeUtilsTest:testEscapeJava:()V#82#66 prob_bp = 1.0
org.apache.commons.lang.StringEscapeUtilsTest:testEscapeJava:()V#82#68 prob_bp = 1.0
org.apache.commons.lang.StringEscapeUtilsTest:testEscapeJava:()V#82#70 prob_bp = 1.0
org.apache.commons.lang.StringEscapeUtilsTest:testEscapeJava:()V#82#72 prob_bp = 1.0
org.apache.commons.lang.StringEscapeUtilsTest:testEscapeJava:()V#83#75 prob_bp = 1.0
org.apache.commons.lang.StringEscapeUtilsTest:testEscapeJava:()V#83#76 prob_bp = 1.0
org.apache.commons.lang.StringEscapeUtilsTest:testEscapeJava:()V#83#78 prob_bp = 1.0
org.apache.commons.lang.StringEscapeUtilsTest:testEscapeJava:()V#83#80 prob_bp = 1.0
org.apache.commons.lang.StringEscapeUtilsTest:testEscapeJava:()V#83#82 prob_bp = 1.0
org.apache.commons.lang.StringEscapeUtilsTest:testEscapeJava:()V#84#85 prob_bp = 1.0
org.apache.commons.lang.StringEscapeUtilsTest:testEscapeJava:()V#84#86 prob_bp = 1.0
org.apache.commons.lang.StringEscapeUtilsTest:testEscapeJava:()V#84#88 prob_bp = 1.0
org.apache.commons.lang.StringEscapeUtilsTest:testEscapeJava:()V#84#90 prob_bp = 1.0
org.apache.commons.lang.StringEscapeUtilsTest:testEscapeJava:()V#84#92 prob_bp = 1.0
org.apache.commons.lang.StringEscapeUtilsTest:testEscapeJava:()V#85#95 prob_bp = 1.0
org.apache.commons.lang.StringEscapeUtilsTest:testEscapeJava:()V#85#96 prob_bp = 1.0
org.apache.commons.lang.StringEscapeUtilsTest:testEscapeJava:()V#85#98 prob_bp = 1.0
org.apache.commons.lang.StringEscapeUtilsTest:testEscapeJava:()V#85#100 prob_bp = 1.0
org.apache.commons.lang.StringEscapeUtilsTest:testEscapeJava:()V#86#103 prob_bp = 1.0
org.apache.commons.lang.StringEscapeUtilsTest:testEscapeJava:()V#86#104 prob_bp = 1.0
org.apache.commons.lang.StringEscapeUtilsTest:testEscapeJava:()V#86#106 prob_bp = 1.0
org.apache.commons.lang.StringEscapeUtilsTest:testEscapeJava:()V#86#108 prob_bp = 1.0
org.apache.commons.lang.StringEscapeUtilsTest:testEscapeJava:()V#87#111 prob_bp = 1.0
org.apache.commons.lang.StringEscapeUtilsTest:testEscapeJava:()V#87#112 prob_bp = 1.0
org.apache.commons.lang.StringEscapeUtilsTest:testEscapeJava:()V#87#114 prob_bp = 1.0
org.apache.commons.lang.StringEscapeUtilsTest:testEscapeJava:()V#87#116 prob_bp = 1.0
org.apache.commons.lang.StringEscapeUtilsTest:testEscapeJava:()V#88#119 prob_bp = 1.0
org.apache.commons.lang.StringEscapeUtilsTest:testEscapeJava:()V#88#120 prob_bp = 1.0
org.apache.commons.lang.StringEscapeUtilsTest:testEscapeJava:()V#88#122 prob_bp = 1.0
org.apache.commons.lang.StringEscapeUtilsTest:testEscapeJava:()V#88#124 prob_bp = 1.0
org.apache.commons.lang.StringEscapeUtilsTest:testEscapeJava:()V#89#127 prob_bp = 1.0
org.apache.commons.lang.StringEscapeUtilsTest:testEscapeJava:()V#89#128 prob_bp = 1.0
org.apache.commons.lang.StringEscapeUtilsTest:testEscapeJava:()V#89#130 prob_bp = 1.0
org.apache.commons.lang.StringEscapeUtilsTest:testEscapeJava:()V#89#132 prob_bp = 1.0
org.apache.commons.lang.StringEscapeUtilsTest:testEscapeJava:()V#90#135 prob_bp = 1.0
org.apache.commons.lang.StringEscapeUtilsTest:testEscapeJava:()V#90#136 prob_bp = 1.0
org.apache.commons.lang.StringEscapeUtilsTest:testEscapeJava:()V#90#138 prob_bp = 1.0
org.apache.commons.lang.StringEscapeUtilsTest:testEscapeJava:()V#90#140 prob_bp = 1.0
org.apache.commons.lang.StringEscapeUtilsTest:testEscapeJava:()V#90#142 prob_bp = 1.0
org.apache.commons.lang.StringEscapeUtilsTest:testEscapeJava:()V#92#145 prob_bp = 1.0
org.apache.commons.lang.StringEscapeUtilsTest:testEscapeJava:()V#92#146 prob_bp = 1.0
org.apache.commons.lang.StringEscapeUtilsTest:testEscapeJava:()V#92#148 prob_bp = 1.0
org.apache.commons.lang.StringEscapeUtilsTest:testEscapeJava:()V#92#150 prob_bp = 1.0
org.apache.commons.lang.StringEscapeUtilsTest:testEscapeJava:()V#94#153 prob_bp = 1.0
org.apache.commons.lang.StringEscapeUtilsTest:testEscapeJava:()V#94#154 prob_bp = 1.0
org.apache.commons.lang.StringEscapeUtilsTest:testEscapeJava:()V#94#156 prob_bp = 1.0
org.apache.commons.lang.StringEscapeUtilsTest:testEscapeJava:()V#94#158 prob_bp = 1.0
org.apache.commons.lang.StringEscapeUtilsTest:testEscapeJava:()V#94#160 prob_bp = 1.0
org.apache.commons.lang.StringEscapeUtilsTest:testEscapeJava:()V#96#163 prob_bp = 1.0
org.apache.commons.lang.StringEscapeUtilsTest:testEscapeJava:()V#96#164 prob_bp = 1.0
org.apache.commons.lang.StringEscapeUtilsTest:testEscapeJava:()V#96#166 prob_bp = 1.0
org.apache.commons.lang.StringEscapeUtilsTest:testEscapeJava:()V#96#168 prob_bp = 1.0
org.apache.commons.lang.StringEscapeUtilsTest:testEscapeJava:()V#98#171 prob_bp = 1.0
org.apache.commons.lang.StringEscapeUtilsTest:testEscapeJavaScript:()V#186#0 prob_bp = 1.0
org.apache.commons.lang.StringEscapeUtilsTest:testEscapeJavaScript:()V#186#1 prob_bp = 1.0
org.apache.commons.lang.StringEscapeUtilsTest:testEscapeJavaScript:()V#186#2 prob_bp = 1.0
org.apache.commons.lang.StringEscapeUtilsTest:testEscapeJavaScript:()V#186#5 prob_bp = 1.0
org.apache.commons.lang.StringEscapeUtilsTest:testEscapeJavaScript:()V#188#8 prob_bp = 1.0
org.apache.commons.lang.StringEscapeUtilsTest:testEscapeJavaScript:()V#188#9 prob_bp = 1.0
org.apache.commons.lang.StringEscapeUtilsTest:testEscapeJavaScript:()V#188#10 prob_bp = 1.0
org.apache.commons.lang.StringEscapeUtilsTest:testEscapeJavaScript:()V#192#26 prob_bp = 1.0
org.apache.commons.lang.StringEscapeUtilsTest:testEscapeJavaScript:()V#195#27 prob_bp = 1.0
org.apache.commons.lang.StringEscapeUtilsTest:testEscapeJavaScript:()V#195#28 prob_bp = 1.0
org.apache.commons.lang.StringEscapeUtilsTest:testEscapeJavaScript:()V#195#30 prob_bp = 1.0
org.apache.commons.lang.StringEscapeUtilsTest:testEscapeJavaScript:()V#199#46 prob_bp = 1.0
org.apache.commons.lang.StringEscapeUtilsTest:testEscapeJavaScript:()V#202#47 prob_bp = 1.0
org.apache.commons.lang.StringEscapeUtilsTest:testEscapeJavaScript:()V#202#49 prob_bp = 1.0
org.apache.commons.lang.StringEscapeUtilsTest:testEscapeJavaScript:()V#202#51 prob_bp = 1.0
org.apache.commons.lang.StringEscapeUtilsTest:testEscapeJavaScript:()V#202#54 prob_bp = 1.0
org.apache.commons.lang.StringEscapeUtilsTest:testEscapeJavaScript:()V#203#57 prob_bp = 1.0
org.apache.commons.lang.StringEscapeUtilsTest:testEscapeJavaScript:()V#203#59 prob_bp = 1.0
org.apache.commons.lang.StringEscapeUtilsTest:testEscapeJavaScript:()V#203#61 prob_bp = 1.0
org.apache.commons.lang.StringEscapeUtilsTest:testEscapeJavaScript:()V#203#64 prob_bp = 1.0
org.apache.commons.lang.StringEscapeUtilsTest:testEscapeJavaScript:()V#205#67 prob_bp = 1.0
org.apache.commons.lang.StringEscapeUtilsTest:testEscapeJavaWithSlash:()V#104#0 prob_bp = 1.0
org.apache.commons.lang.StringEscapeUtilsTest:testEscapeJavaWithSlash:()V#104#2 prob_bp = 1.0
org.apache.commons.lang.StringEscapeUtilsTest:testEscapeJavaWithSlash:()V#106#3 prob_bp = 1.0
org.apache.commons.lang.StringEscapeUtilsTest:testEscapeJavaWithSlash:()V#106#5 prob_bp = 1.0
org.apache.commons.lang.StringEscapeUtilsTest:testEscapeJavaWithSlash:()V#107#6 prob_bp = 1.0
org.apache.commons.lang.StringEscapeUtilsTest:testEscapeJavaWithSlash:()V#107#8 prob_bp = 1.0
org.apache.commons.lang.StringEscapeUtilsTest:testEscapeJavaWithSlash:()V#107#11 prob_bp = 1.0
org.apache.commons.lang.StringEscapeUtilsTest:testEscapeJavaWithSlash:()V#113#12 prob_bp = 1.0
org.apache.commons.lang.StringEscapeUtilsTest:testEscapeJavaWithSlash:()V#113#14 prob_bp = 1.0
org.apache.commons.lang.StringEscapeUtilsTest:testEscapeJavaWithSlash:()V#113#15 prob_bp = 1.0
org.apache.commons.lang.StringEscapeUtilsTest:testUnescapeJava:()V#131#0 prob_bp = 1.0
org.apache.commons.lang.StringEscapeUtilsTest:testUnescapeJava:()V#131#1 prob_bp = 1.0
org.apache.commons.lang.StringEscapeUtilsTest:testUnescapeJava:()V#131#2 prob_bp = 1.0
org.apache.commons.lang.StringEscapeUtilsTest:testUnescapeJava:()V#131#5 prob_bp = 1.0
org.apache.commons.lang.StringEscapeUtilsTest:testUnescapeJava:()V#133#8 prob_bp = 1.0
org.apache.commons.lang.StringEscapeUtilsTest:testUnescapeJava:()V#133#9 prob_bp = 1.0
org.apache.commons.lang.StringEscapeUtilsTest:testUnescapeJava:()V#133#10 prob_bp = 1.0
org.apache.commons.lang.StringEscapeUtilsTest:testUnescapeJava:()V#137#26 prob_bp = 1.0
org.apache.commons.lang.StringEscapeUtilsTest:testUnescapeJava:()V#140#27 prob_bp = 1.0
org.apache.commons.lang.StringEscapeUtilsTest:testUnescapeJava:()V#140#28 prob_bp = 1.0
org.apache.commons.lang.StringEscapeUtilsTest:testUnescapeJava:()V#140#30 prob_bp = 1.0
org.apache.commons.lang.StringEscapeUtilsTest:testUnescapeJava:()V#144#46 prob_bp = 1.0
org.apache.commons.lang.StringEscapeUtilsTest:testUnescapeJava:()V#147#47 prob_bp = 1.0
org.apache.commons.lang.StringEscapeUtilsTest:testUnescapeJava:()V#147#49 prob_bp = 1.0
org.apache.commons.lang.StringEscapeUtilsTest:testUnescapeJava:()V#149#59 prob_bp = 1.0
org.apache.commons.lang.StringEscapeUtilsTest:testUnescapeJava:()V#152#60 prob_bp = 1.0
org.apache.commons.lang.StringEscapeUtilsTest:testUnescapeJava:()V#152#61 prob_bp = 1.0
org.apache.commons.lang.StringEscapeUtilsTest:testUnescapeJava:()V#152#63 prob_bp = 1.0
org.apache.commons.lang.StringEscapeUtilsTest:testUnescapeJava:()V#152#65 prob_bp = 1.0
org.apache.commons.lang.StringEscapeUtilsTest:testUnescapeJava:()V#153#68 prob_bp = 1.0
org.apache.commons.lang.StringEscapeUtilsTest:testUnescapeJava:()V#153#69 prob_bp = 1.0
org.apache.commons.lang.StringEscapeUtilsTest:testUnescapeJava:()V#153#71 prob_bp = 1.0
org.apache.commons.lang.StringEscapeUtilsTest:testUnescapeJava:()V#153#73 prob_bp = 1.0
org.apache.commons.lang.StringEscapeUtilsTest:testUnescapeJava:()V#154#76 prob_bp = 1.0
org.apache.commons.lang.StringEscapeUtilsTest:testUnescapeJava:()V#154#77 prob_bp = 1.0
org.apache.commons.lang.StringEscapeUtilsTest:testUnescapeJava:()V#154#79 prob_bp = 1.0
org.apache.commons.lang.StringEscapeUtilsTest:testUnescapeJava:()V#154#81 prob_bp = 1.0
org.apache.commons.lang.StringEscapeUtilsTest:testUnescapeJava:()V#155#84 prob_bp = 1.0
org.apache.commons.lang.StringEscapeUtilsTest:testUnescapeJava:()V#155#85 prob_bp = 1.0
org.apache.commons.lang.StringEscapeUtilsTest:testUnescapeJava:()V#155#87 prob_bp = 1.0
org.apache.commons.lang.StringEscapeUtilsTest:testUnescapeJava:()V#155#89 prob_bp = 1.0
org.apache.commons.lang.StringEscapeUtilsTest:testUnescapeJava:()V#156#92 prob_bp = 1.0
org.apache.commons.lang.StringEscapeUtilsTest:testUnescapeJava:()V#156#93 prob_bp = 1.0
org.apache.commons.lang.StringEscapeUtilsTest:testUnescapeJava:()V#156#95 prob_bp = 1.0
org.apache.commons.lang.StringEscapeUtilsTest:testUnescapeJava:()V#156#97 prob_bp = 1.0
org.apache.commons.lang.StringEscapeUtilsTest:testUnescapeJava:()V#157#100 prob_bp = 1.0
org.apache.commons.lang.StringEscapeUtilsTest:testUnescapeJava:()V#157#101 prob_bp = 1.0
org.apache.commons.lang.StringEscapeUtilsTest:testUnescapeJava:()V#157#103 prob_bp = 1.0
org.apache.commons.lang.StringEscapeUtilsTest:testUnescapeJava:()V#157#105 prob_bp = 1.0
org.apache.commons.lang.StringEscapeUtilsTest:testUnescapeJava:()V#159#108 prob_bp = 1.0
org.apache.commons.lang.StringEscapeUtilsTest:testUnescapeJava:()V#159#109 prob_bp = 1.0
org.apache.commons.lang.StringEscapeUtilsTest:testUnescapeJava:()V#159#111 prob_bp = 1.0
org.apache.commons.lang.StringEscapeUtilsTest:testUnescapeJava:()V#159#113 prob_bp = 1.0
org.apache.commons.lang.StringEscapeUtilsTest:testUnescapeJava:()V#159#115 prob_bp = 1.0
org.apache.commons.lang.StringEscapeUtilsTest:testUnescapeJava:()V#160#118 prob_bp = 1.0
org.apache.commons.lang.StringEscapeUtilsTest:testUnescapeJava:()V#160#119 prob_bp = 1.0
org.apache.commons.lang.StringEscapeUtilsTest:testUnescapeJava:()V#160#121 prob_bp = 1.0
org.apache.commons.lang.StringEscapeUtilsTest:testUnescapeJava:()V#160#123 prob_bp = 1.0
org.apache.commons.lang.StringEscapeUtilsTest:testUnescapeJava:()V#160#125 prob_bp = 1.0
org.apache.commons.lang.StringEscapeUtilsTest:testUnescapeJava:()V#161#128 prob_bp = 1.0
org.apache.commons.lang.StringEscapeUtilsTest:testUnescapeJava:()V#161#129 prob_bp = 1.0
org.apache.commons.lang.StringEscapeUtilsTest:testUnescapeJava:()V#161#131 prob_bp = 1.0
org.apache.commons.lang.StringEscapeUtilsTest:testUnescapeJava:()V#161#133 prob_bp = 1.0
org.apache.commons.lang.StringEscapeUtilsTest:testUnescapeJava:()V#161#135 prob_bp = 1.0
org.apache.commons.lang.StringEscapeUtilsTest:testUnescapeJava:()V#162#138 prob_bp = 1.0
org.apache.commons.lang.StringUtilsTest:testDeprecatedEscapeFunctions_String:()V#1508#0 prob_bp = 1.0
org.apache.commons.lang.StringUtilsTest:testDeprecatedEscapeFunctions_String:()V#1508#2 prob_bp = 1.0
org.apache.commons.lang.StringUtilsTest:testDeprecatedEscapeFunctions_String:()V#1508#4 prob_bp = 1.0
org.apache.commons.lang.StringUtilsTest:testDeprecatedEscapeFunctions_String:()V#1508#7 prob_bp = 1.0
org.apache.commons.lang.StringUtilsTest:testDeprecatedEscapeFunctions_String:()V#1509#10 prob_bp = 1.0
org.apache.commons.lang.StringUtilsTest:testDeprecatedEscapeFunctions_String:()V#1509#12 prob_bp = 1.0
org.apache.commons.lang.StringUtilsTest:testDeprecatedEscapeFunctions_String:()V#1509#14 prob_bp = 1.0
org.apache.commons.lang.StringUtilsTest:testDeprecatedEscapeFunctions_String:()V#1509#17 prob_bp = 1.0
org.apache.commons.lang.StringUtilsTest:testDeprecatedEscapeFunctions_String:()V#1510#20 prob_bp = 1.0
org.apache.commons.lang.StringUtilsTest:testDeprecatedEscapeFunctions_String:()V#1510#23 prob_bp = 1.0
org.apache.commons.lang.StringUtilsTest:testDeprecatedEscapeFunctions_String:()V#1510#26 prob_bp = 1.0
org.apache.commons.lang.StringUtilsTest:testDeprecatedEscapeFunctions_String:()V#1510#29 prob_bp = 1.0
org.apache.commons.lang.StringUtilsTest:testDeprecatedEscapeFunctions_String:()V#1511#32 prob_bp = 1.0
org.apache.commons.lang.StringUtilsTest:testDeprecatedEscapeFunctions_String:()V#1511#35 prob_bp = 1.0
org.apache.commons.lang.StringUtilsTest:testDeprecatedEscapeFunctions_String:()V#1511#38 prob_bp = 1.0
org.apache.commons.lang.StringUtilsTest:testDeprecatedEscapeFunctions_String:()V#1511#41 prob_bp = 1.0
org.apache.commons.lang.StringUtilsTest:testDeprecatedEscapeFunctions_String:()V#1512#44 prob_bp = 1.0
org.apache.commons.lang.StringUtilsTest:testDeprecatedEscapeFunctions_String:()V#1512#47 prob_bp = 1.0
org.apache.commons.lang.StringUtilsTest:testDeprecatedEscapeFunctions_String:()V#1512#50 prob_bp = 1.0
org.apache.commons.lang.StringUtilsTest:testDeprecatedEscapeFunctions_String:()V#1512#53 prob_bp = 1.0
org.apache.commons.lang.StringUtilsTest:testDeprecatedEscapeFunctions_String:()V#1513#56 prob_bp = 1.0
org.apache.commons.lang.StringUtilsTest:testDeprecatedEscapeFunctions_String:()V#1513#59 prob_bp = 1.0
org.apache.commons.lang.StringUtilsTest:testDeprecatedEscapeFunctions_String:()V#1513#62 prob_bp = 1.0
org.apache.commons.lang.StringUtilsTest:testDeprecatedEscapeFunctions_String:()V#1513#65 prob_bp = 1.0
org.apache.commons.lang.StringUtilsTest:testDeprecatedEscapeFunctions_String:()V#1514#68 prob_bp = 1.0
org.apache.commons.lang.StringUtilsTest:testDeprecatedEscapeFunctions_String:()V#1514#71 prob_bp = 1.0
org.apache.commons.lang.StringUtilsTest:testDeprecatedEscapeFunctions_String:()V#1514#74 prob_bp = 1.0
org.apache.commons.lang.StringUtilsTest:testDeprecatedEscapeFunctions_String:()V#1514#77 prob_bp = 1.0
org.apache.commons.lang.StringUtilsTest:testDeprecatedEscapeFunctions_String:()V#1515#80 prob_bp = 1.0
org.apache.commons.lang.StringUtilsTest:testDeprecatedEscapeFunctions_String:()V#1515#83 prob_bp = 1.0
org.apache.commons.lang.StringUtilsTest:testDeprecatedEscapeFunctions_String:()V#1515#86 prob_bp = 1.0
org.apache.commons.lang.StringUtilsTest:testDeprecatedEscapeFunctions_String:()V#1515#89 prob_bp = 1.0
org.apache.commons.lang.StringUtilsTest:testDeprecatedEscapeFunctions_String:()V#1516#92 prob_bp = 1.0
Belief propagation time : 0.912s
