
Probabilities: 
Vars:2299
Stmts:549
org.apache.commons.lang.WordUtils:abbreviate:(Ljava/lang/String;IILjava/lang/String;)Ljava/lang/String;#629#68 prob_bp = 0.3377346590375758
org.apache.commons.lang.WordUtils:abbreviate:(Ljava/lang/String;IILjava/lang/String;)Ljava/lang/String;#626#41 prob_bp = 0.4937133100455096
org.apache.commons.lang.WordUtils:abbreviate:(Ljava/lang/String;IILjava/lang/String;)Ljava/lang/String;#629#67 prob_bp = 0.4949352976926602
org.apache.commons.lang.WordUtils:abbreviate:(Ljava/lang/String;IILjava/lang/String;)Ljava/lang/String;#626#45 prob_bp = 0.49493529770052713
org.apache.commons.lang.WordUtils:abbreviate:(Ljava/lang/String;IILjava/lang/String;)Ljava/lang/String;#629#65 prob_bp = 0.4988279394390685
org.apache.commons.lang.WordUtils:abbreviate:(Ljava/lang/String;IILjava/lang/String;)Ljava/lang/String;#626#48 prob_bp = 0.49882793944726944
org.apache.commons.lang.WordUtils:abbreviate:(Ljava/lang/String;IILjava/lang/String;)Ljava/lang/String;#626#44 prob_bp = 0.49882793944928644
org.apache.commons.lang.WordUtils:abbreviate:(Ljava/lang/String;IILjava/lang/String;)Ljava/lang/String;#629#69 prob_bp = 0.49968358998523993
org.apache.commons.lang.WordUtils:abbreviate:(Ljava/lang/String;IILjava/lang/String;)Ljava/lang/String;#622#36#unexe#2 prob_bp = 0.4996835899934069
org.apache.commons.lang.WordUtils:abbreviate:(Ljava/lang/String;IILjava/lang/String;)Ljava/lang/String;#623#40 prob_bp = 0.4996835899954474
org.apache.commons.lang.WordUtils:abbreviate:(Ljava/lang/String;IILjava/lang/String;)Ljava/lang/String;#623#39 prob_bp = 0.4996835899959548
org.apache.commons.lang.WordUtils:abbreviate:(Ljava/lang/String;IILjava/lang/String;)Ljava/lang/String;#610#10 prob_bp = 0.49994326079898693
org.apache.commons.lang.WordUtils:abbreviate:(Ljava/lang/String;IILjava/lang/String;)Ljava/lang/String;#610#7 prob_bp = 0.4999432607993364
org.apache.commons.lang.WordUtils:abbreviate:(Ljava/lang/String;IILjava/lang/String;)Ljava/lang/String;#610#6 prob_bp = 0.49994326079942625
org.apache.commons.lang.WordUtils:abbreviate:(Ljava/lang/String;IILjava/lang/String;)Ljava/lang/String;#607#1 prob_bp = 0.499997386250179
org.apache.commons.lang.WordUtils:abbreviate:(Ljava/lang/String;IILjava/lang/String;)Ljava/lang/String;#607#0 prob_bp = 0.49999738625018386
org.apache.commons.lang.WordUtils:abbreviate:(Ljava/lang/String;IILjava/lang/String;)Ljava/lang/String;#627#54 prob_bp = 0.4999992371493657
org.apache.commons.lang.WordUtils:abbreviate:(Ljava/lang/String;IILjava/lang/String;)Ljava/lang/String;#627#51 prob_bp = 0.49999923716750777
org.apache.commons.lang.StringUtils:indexOf:(Ljava/lang/String;Ljava/lang/String;I)I#855#14 prob_bp = 0.49999951908397244
org.apache.commons.lang.WordUtils:abbreviate:(Ljava/lang/String;IILjava/lang/String;)Ljava/lang/String;#618#21 prob_bp = 0.49999999994684097
org.apache.commons.lang.WordUtils:abbreviate:(Ljava/lang/String;IILjava/lang/String;)Ljava/lang/String;#618#23 prob_bp = 0.4999999999468413
org.apache.commons.lang.WordUtils:abbreviate:(Ljava/lang/String;IILjava/lang/String;)Ljava/lang/String;#622#36 prob_bp = 0.49999999994684247
org.apache.commons.lang.WordUtils:abbreviate:(Ljava/lang/String;IILjava/lang/String;)Ljava/lang/String;#622#35 prob_bp = 0.4999999999468425
org.apache.commons.lang.WordUtils:abbreviate:(Ljava/lang/String;IILjava/lang/String;)Ljava/lang/String;#622#34 prob_bp = 0.49999999994684396
org.apache.commons.lang.WordUtils:abbreviate:(Ljava/lang/String;IILjava/lang/String;)Ljava/lang/String;#618#18#unexe#2 prob_bp = 0.49999999994684424
org.apache.commons.lang.WordUtils:abbreviate:(Ljava/lang/String;IILjava/lang/String;)Ljava/lang/String;#619#30 prob_bp = 0.4999999999468443
org.apache.commons.lang.WordUtils:abbreviate:(Ljava/lang/String;IILjava/lang/String;)Ljava/lang/String;#618#26#unexe#2 prob_bp = 0.49999999994684435
org.apache.commons.lang.WordUtils:abbreviate:(Ljava/lang/String;IILjava/lang/String;)Ljava/lang/String;#619#29 prob_bp = 0.4999999999468444
org.apache.commons.lang.WordUtils:abbreviate:(Ljava/lang/String;IILjava/lang/String;)Ljava/lang/String;#619#33 prob_bp = 0.4999999999468444
org.apache.commons.lang.WordUtils:abbreviate:(Ljava/lang/String;IILjava/lang/String;)Ljava/lang/String;#627#53 prob_bp = 0.49999999998233235
org.apache.commons.lang.WordUtils:abbreviate:(Ljava/lang/String;IILjava/lang/String;)Ljava/lang/String;#628#62 prob_bp = 0.4999999999980817
org.apache.commons.lang.WordUtils:abbreviate:(Ljava/lang/String;IILjava/lang/String;)Ljava/lang/String;#628#61 prob_bp = 0.4999999999980823
org.apache.commons.lang.WordUtils:abbreviate:(Ljava/lang/String;IILjava/lang/String;)Ljava/lang/String;#628#59 prob_bp = 0.49999999999918054
org.apache.commons.lang.WordUtils:abbreviate:(Ljava/lang/String;IILjava/lang/String;)Ljava/lang/String;#618#18 prob_bp = 0.49999999999942285
org.apache.commons.lang.WordUtils:abbreviate:(Ljava/lang/String;IILjava/lang/String;)Ljava/lang/String;#618#16 prob_bp = 0.4999999999994229
org.apache.commons.lang.WordUtils:abbreviate:(Ljava/lang/String;IILjava/lang/String;)Ljava/lang/String;#618#17 prob_bp = 0.49999999999942346
org.apache.commons.lang.WordUtils:abbreviate:(Ljava/lang/String;IILjava/lang/String;)Ljava/lang/String;#627#57 prob_bp = 0.4999999999994555
org.apache.commons.lang.StringUtils:indexOf:(Ljava/lang/String;Ljava/lang/String;I)I#858#36 prob_bp = 0.4999999999995244
org.apache.commons.lang.StringUtils:indexOf:(Ljava/lang/String;Ljava/lang/String;I)I#858#30 prob_bp = 0.4999999999995415
org.apache.commons.lang.StringUtils:indexOf:(Ljava/lang/String;Ljava/lang/String;I)I#858#32 prob_bp = 0.4999999999995415
org.apache.commons.lang.StringUtils:indexOf:(Ljava/lang/String;Ljava/lang/String;I)I#858#33 prob_bp = 0.49999999999954153
org.apache.commons.lang.StringUtils:indexOf:(Ljava/lang/String;Ljava/lang/String;I)I#858#31 prob_bp = 0.4999999999995416
org.apache.commons.lang.WordUtils:abbreviate:(Ljava/lang/String;IILjava/lang/String;)Ljava/lang/String;#627#50 prob_bp = 0.4999999999995417
org.apache.commons.lang.WordUtils:abbreviate:(Ljava/lang/String;IILjava/lang/String;)Ljava/lang/String;#618#22 prob_bp = 0.49999999999999656
org.apache.commons.lang.WordUtils:abbreviate:(Ljava/lang/String;IILjava/lang/String;)Ljava/lang/String;#618#26 prob_bp = 0.4999999999999967
org.apache.commons.lang.StringUtils:indexOf:(Ljava/lang/String;Ljava/lang/String;)I#768#9 prob_bp = 0.5
org.apache.commons.lang.StringUtils:indexOf:(Ljava/lang/String;Ljava/lang/String;)I#770#11 prob_bp = 0.5
org.apache.commons.lang.StringUtils:indexOf:(Ljava/lang/String;Ljava/lang/String;)I#770#15 prob_bp = 0.5
org.apache.commons.lang.StringUtilsEqualsIndexOfTest:tearDown:()V#57#0 prob_bp = 0.5
org.apache.commons.lang.StringUtilsEqualsIndexOfTest:tearDown:()V#57#1 prob_bp = 0.5
org.apache.commons.lang.StringUtilsEqualsIndexOfTest:tearDown:()V#58#4 prob_bp = 0.5
org.apache.commons.lang.StringUtilsEqualsIndexOfTest:setUp:()V#54#4 prob_bp = 0.5
org.apache.commons.lang.StringUtils:indexOf:(Ljava/lang/String;Ljava/lang/String;I)I#856#25 prob_bp = 0.5
org.apache.commons.lang.StringUtils:indexOf:(Ljava/lang/String;Ljava/lang/String;I)I#856#26 prob_bp = 0.5
org.apache.commons.lang.StringUtils:indexOf:(Ljava/lang/String;Ljava/lang/String;I)I#856#29 prob_bp = 0.5
org.apache.commons.lang.StringUtils:isEmpty:(Ljava/lang/String;)Z#191#12 prob_bp = 0.5
org.apache.commons.lang.StringUtils:indexOf:(Ljava/lang/String;C)I#707#7 prob_bp = 0.5
org.apache.commons.lang.StringUtils:indexOf:(Ljava/lang/String;C)I#707#8 prob_bp = 0.5
org.apache.commons.lang.StringUtils:indexOf:(Ljava/lang/String;C)I#709#9 prob_bp = 0.5
org.apache.commons.lang.StringUtils:indexOf:(Ljava/lang/String;C)I#709#10 prob_bp = 0.5
org.apache.commons.lang.StringUtils:indexOf:(Ljava/lang/String;C)I#709#11 prob_bp = 0.5
org.apache.commons.lang.StringUtils:indexOf:(Ljava/lang/String;C)I#709#14 prob_bp = 0.5
org.apache.commons.lang.StringUtils:indexOf:(Ljava/lang/String;CI)I#739#8 prob_bp = 0.5
org.apache.commons.lang.StringUtils:indexOf:(Ljava/lang/String;CI)I#741#9 prob_bp = 0.5
org.apache.commons.lang.StringUtils:indexOf:(Ljava/lang/String;CI)I#741#10 prob_bp = 0.5
org.apache.commons.lang.StringUtils:indexOf:(Ljava/lang/String;CI)I#741#11 prob_bp = 0.5
org.apache.commons.lang.StringUtils:indexOf:(Ljava/lang/String;CI)I#741#12 prob_bp = 0.5
org.apache.commons.lang.StringUtils:indexOf:(Ljava/lang/String;CI)I#741#15 prob_bp = 0.5
org.apache.commons.lang.StringUtilsTest:setUp:()V#112#4 prob_bp = 0.5
org.apache.commons.lang.StringUtils:defaultString:(Ljava/lang/String;)Ljava/lang/String;#5279#6 prob_bp = 0.5
org.apache.commons.lang.StringUtils:defaultString:(Ljava/lang/String;)Ljava/lang/String;#5279#10 prob_bp = 0.5
org.apache.commons.lang.StringUtils:defaultString:(Ljava/lang/String;)Ljava/lang/String;#5279#9 prob_bp = 0.5
org.apache.commons.lang.StringUtilsTest:tearDown:()V#116#4 prob_bp = 0.5
org.apache.commons.lang.StringUtils:defaultString:(Ljava/lang/String;Ljava/lang/String;)Ljava/lang/String;#5300#0 prob_bp = 0.5
org.apache.commons.lang.StringUtils:defaultString:(Ljava/lang/String;Ljava/lang/String;)Ljava/lang/String;#5300#1 prob_bp = 0.5
org.apache.commons.lang.StringUtils:defaultString:(Ljava/lang/String;Ljava/lang/String;)Ljava/lang/String;#5300#4 prob_bp = 0.5
org.apache.commons.lang.StringUtils:defaultString:(Ljava/lang/String;Ljava/lang/String;)Ljava/lang/String;#5300#5 prob_bp = 0.5
org.apache.commons.lang.StringUtils:defaultString:(Ljava/lang/String;Ljava/lang/String;)Ljava/lang/String;#5300#9 prob_bp = 0.5
org.apache.commons.lang.StringUtils:defaultString:(Ljava/lang/String;Ljava/lang/String;)Ljava/lang/String;#5300#8 prob_bp = 0.5
org.apache.commons.lang.WordUtils:abbreviate:(Ljava/lang/String;IILjava/lang/String;)Ljava/lang/String;#608#4 prob_bp = 0.5
org.apache.commons.lang.WordUtils:abbreviate:(Ljava/lang/String;IILjava/lang/String;)Ljava/lang/String;#608#5 prob_bp = 0.5
org.apache.commons.lang.WordUtils:abbreviate:(Ljava/lang/String;IILjava/lang/String;)Ljava/lang/String;#611#13 prob_bp = 0.5
org.apache.commons.lang.WordUtils:abbreviate:(Ljava/lang/String;IILjava/lang/String;)Ljava/lang/String;#629#70 prob_bp = 0.5
org.apache.commons.lang.WordUtils:abbreviate:(Ljava/lang/String;IILjava/lang/String;)Ljava/lang/String;#629#73 prob_bp = 0.5
org.apache.commons.lang.WordUtils:abbreviate:(Ljava/lang/String;IILjava/lang/String;)Ljava/lang/String;#629#76 prob_bp = 0.5
org.apache.commons.lang.WordUtils:abbreviate:(Ljava/lang/String;IILjava/lang/String;)Ljava/lang/String;#631#77 prob_bp = 0.5
org.apache.commons.lang.WordUtils:abbreviate:(Ljava/lang/String;IILjava/lang/String;)Ljava/lang/String;#631#78 prob_bp = 0.5
org.apache.commons.lang.WordUtils:abbreviate:(Ljava/lang/String;IILjava/lang/String;)Ljava/lang/String;#631#79 prob_bp = 0.5
org.apache.commons.lang.WordUtils:abbreviate:(Ljava/lang/String;IILjava/lang/String;)Ljava/lang/String;#631#82 prob_bp = 0.5
org.apache.commons.lang.WordUtils:abbreviate:(Ljava/lang/String;IILjava/lang/String;)Ljava/lang/String;#632#85 prob_bp = 0.5
org.apache.commons.lang.WordUtils:abbreviate:(Ljava/lang/String;IILjava/lang/String;)Ljava/lang/String;#632#87 prob_bp = 0.5
org.apache.commons.lang.WordUtils:abbreviate:(Ljava/lang/String;IILjava/lang/String;)Ljava/lang/String;#632#88 prob_bp = 0.5
org.apache.commons.lang.WordUtils:abbreviate:(Ljava/lang/String;IILjava/lang/String;)Ljava/lang/String;#632#94 prob_bp = 0.5
org.apache.commons.lang.WordUtils:abbreviate:(Ljava/lang/String;IILjava/lang/String;)Ljava/lang/String;#632#95 prob_bp = 0.5
org.apache.commons.lang.WordUtils:abbreviate:(Ljava/lang/String;IILjava/lang/String;)Ljava/lang/String;#641#154 prob_bp = 0.5
org.apache.commons.lang.WordUtils:abbreviate:(Ljava/lang/String;IILjava/lang/String;)Ljava/lang/String;#641#157 prob_bp = 0.5
org.apache.commons.lang.WordUtils:abbreviate:(Ljava/lang/String;IILjava/lang/String;)Ljava/lang/String;#634#98 prob_bp = 0.5
org.apache.commons.lang.WordUtils:abbreviate:(Ljava/lang/String;IILjava/lang/String;)Ljava/lang/String;#638#129 prob_bp = 0.5
org.apache.commons.lang.WordUtils:abbreviate:(Ljava/lang/String;IILjava/lang/String;)Ljava/lang/String;#638#131 prob_bp = 0.5
org.apache.commons.lang.WordUtils:abbreviate:(Ljava/lang/String;IILjava/lang/String;)Ljava/lang/String;#638#132 prob_bp = 0.5
org.apache.commons.lang.WordUtils:abbreviate:(Ljava/lang/String;IILjava/lang/String;)Ljava/lang/String;#638#133 prob_bp = 0.5
org.apache.commons.lang.WordUtils:abbreviate:(Ljava/lang/String;IILjava/lang/String;)Ljava/lang/String;#638#138 prob_bp = 0.5
org.apache.commons.lang.WordUtils:abbreviate:(Ljava/lang/String;IILjava/lang/String;)Ljava/lang/String;#638#141 prob_bp = 0.5
org.apache.commons.lang.WordUtils:abbreviate:(Ljava/lang/String;IILjava/lang/String;)Ljava/lang/String;#639#142 prob_bp = 0.5
org.apache.commons.lang.WordUtils:abbreviate:(Ljava/lang/String;IILjava/lang/String;)Ljava/lang/String;#639#144 prob_bp = 0.5
org.apache.commons.lang.WordUtils:abbreviate:(Ljava/lang/String;IILjava/lang/String;)Ljava/lang/String;#639#145 prob_bp = 0.5
org.apache.commons.lang.WordUtils:abbreviate:(Ljava/lang/String;IILjava/lang/String;)Ljava/lang/String;#639#151 prob_bp = 0.5
org.apache.commons.lang.WordUtils:abbreviate:(Ljava/lang/String;IILjava/lang/String;)Ljava/lang/String;#635#104 prob_bp = 0.5
org.apache.commons.lang.WordUtils:abbreviate:(Ljava/lang/String;IILjava/lang/String;)Ljava/lang/String;#635#106 prob_bp = 0.5
org.apache.commons.lang.WordUtils:abbreviate:(Ljava/lang/String;IILjava/lang/String;)Ljava/lang/String;#635#107 prob_bp = 0.5
org.apache.commons.lang.WordUtils:abbreviate:(Ljava/lang/String;IILjava/lang/String;)Ljava/lang/String;#635#108 prob_bp = 0.5
org.apache.commons.lang.WordUtils:abbreviate:(Ljava/lang/String;IILjava/lang/String;)Ljava/lang/String;#635#112 prob_bp = 0.5
org.apache.commons.lang.WordUtils:abbreviate:(Ljava/lang/String;IILjava/lang/String;)Ljava/lang/String;#635#115 prob_bp = 0.5
org.apache.commons.lang.WordUtils:abbreviate:(Ljava/lang/String;IILjava/lang/String;)Ljava/lang/String;#636#116 prob_bp = 0.5
org.apache.commons.lang.WordUtils:abbreviate:(Ljava/lang/String;IILjava/lang/String;)Ljava/lang/String;#636#118 prob_bp = 0.5
org.apache.commons.lang.WordUtils:abbreviate:(Ljava/lang/String;IILjava/lang/String;)Ljava/lang/String;#636#119 prob_bp = 0.5
org.apache.commons.lang.WordUtils:abbreviate:(Ljava/lang/String;IILjava/lang/String;)Ljava/lang/String;#636#122 prob_bp = 0.5
org.apache.commons.lang.WordUtils:abbreviate:(Ljava/lang/String;IILjava/lang/String;)Ljava/lang/String;#636#125 prob_bp = 0.5
org.apache.commons.lang.WordUtils:abbreviate:(Ljava/lang/String;IILjava/lang/String;)Ljava/lang/String;#636#126 prob_bp = 0.5
org.apache.commons.lang.StringUtils:indexOf:(Ljava/lang/String;Ljava/lang/String;)I#768#8 prob_bp = 0.5000000000000001
org.apache.commons.lang.StringUtils:indexOf:(Ljava/lang/String;Ljava/lang/String;)I#770#10 prob_bp = 0.5000000000000001
org.apache.commons.lang.StringUtils:indexOf:(Ljava/lang/String;Ljava/lang/String;)I#770#12 prob_bp = 0.5000000000000001
org.apache.commons.lang.StringUtils:indexOf:(Ljava/lang/String;Ljava/lang/String;I)I#852#8 prob_bp = 0.5000000000000001
org.apache.commons.lang.StringUtils:indexOf:(Ljava/lang/String;Ljava/lang/String;I)I#852#9 prob_bp = 0.5000000000000001
org.apache.commons.lang.StringUtils:indexOf:(Ljava/lang/String;CI)I#739#7 prob_bp = 0.5000000000000001
org.apache.commons.lang.StringUtils:defaultString:(Ljava/lang/String;)Ljava/lang/String;#5279#0 prob_bp = 0.5000000000000001
org.apache.commons.lang.StringUtils:defaultString:(Ljava/lang/String;)Ljava/lang/String;#5279#4 prob_bp = 0.5000000000000001
org.apache.commons.lang.WordUtils:abbreviate:(Ljava/lang/String;IILjava/lang/String;)Ljava/lang/String;#611#15 prob_bp = 0.5000000000000001
org.apache.commons.lang.WordUtils:abbreviate:(Ljava/lang/String;IILjava/lang/String;)Ljava/lang/String;#641#152 prob_bp = 0.5000000000000001
org.apache.commons.lang.WordUtils:abbreviate:(Ljava/lang/String;IILjava/lang/String;)Ljava/lang/String;#634#100 prob_bp = 0.5000000000000001
org.apache.commons.lang.WordUtils:abbreviate:(Ljava/lang/String;IILjava/lang/String;)Ljava/lang/String;#635#109 prob_bp = 0.5000000000000001
org.apache.commons.lang.WordUtils:abbreviate:(Ljava/lang/String;IILjava/lang/String;)Ljava/lang/String;#639#148 prob_bp = 0.5000000000000002
org.apache.commons.lang.StringUtils:defaultString:(Ljava/lang/String;)Ljava/lang/String;#5279#1 prob_bp = 0.5000000000000003
org.apache.commons.lang.WordUtils:abbreviate:(Ljava/lang/String;IILjava/lang/String;)Ljava/lang/String;#634#101 prob_bp = 0.5000000000000003
org.apache.commons.lang.WordUtils:abbreviate:(Ljava/lang/String;IILjava/lang/String;)Ljava/lang/String;#632#91 prob_bp = 0.5000000000000004
org.apache.commons.lang.WordUtils:abbreviate:(Ljava/lang/String;IILjava/lang/String;)Ljava/lang/String;#638#135 prob_bp = 0.5000000000000004
org.apache.commons.lang.StringUtils:indexOf:(Ljava/lang/String;Ljava/lang/String;I)I#851#1 prob_bp = 0.5000000085482579
org.apache.commons.lang.StringUtils:indexOf:(Ljava/lang/String;Ljava/lang/String;I)I#851#0 prob_bp = 0.5000000085482619
org.apache.commons.lang.StringUtils:isEmpty:(Ljava/lang/String;)Z#191#0 prob_bp = 0.5000001033253315
org.apache.commons.lang.StringUtils:isEmpty:(Ljava/lang/String;)Z#191#1 prob_bp = 0.5000001033254028
org.apache.commons.lang.StringUtils:indexOf:(Ljava/lang/String;Ljava/lang/String;I)I#851#5 prob_bp = 0.5000002649463265
org.apache.commons.lang.StringUtils:indexOf:(Ljava/lang/String;Ljava/lang/String;I)I#851#4 prob_bp = 0.5000002649463753
org.apache.commons.lang.StringUtils:indexOf:(Ljava/lang/String;CI)I#738#0 prob_bp = 0.5000026315924596
org.apache.commons.lang.StringUtils:indexOf:(Ljava/lang/String;CI)I#738#1 prob_bp = 0.5000026315925393
org.apache.commons.lang.StringUtils:indexOf:(Ljava/lang/String;C)I#706#0 prob_bp = 0.5000027162998
org.apache.commons.lang.StringUtils:indexOf:(Ljava/lang/String;C)I#706#1 prob_bp = 0.5000027163003934
org.apache.commons.lang.StringUtils:isEmpty:(Ljava/lang/String;)Z#191#4 prob_bp = 0.5000052445466058
org.apache.commons.lang.StringUtils:isEmpty:(Ljava/lang/String;)Z#191#5 prob_bp = 0.5000052445467215
org.apache.commons.lang.StringUtils:isEmpty:(Ljava/lang/String;)Z#191#8 prob_bp = 0.5000052445471207
org.apache.commons.lang.StringUtils:indexOf:(Ljava/lang/String;Ljava/lang/String;I)I#855#10 prob_bp = 0.5000076664231851
org.apache.commons.lang.StringUtils:indexOf:(Ljava/lang/String;Ljava/lang/String;I)I#855#11 prob_bp = 0.5000076664527531
org.apache.commons.lang.StringUtils:indexOf:(Ljava/lang/String;Ljava/lang/String;I)I#855#18 prob_bp = 0.5000081473535145
org.apache.commons.lang.StringUtils:indexOf:(Ljava/lang/String;Ljava/lang/String;I)I#855#19 prob_bp = 0.5000081473536822
org.apache.commons.lang.StringUtils:indexOf:(Ljava/lang/String;Ljava/lang/String;I)I#855#22 prob_bp = 0.5000081473537136
org.apache.commons.lang.StringUtils:indexOf:(Ljava/lang/String;Ljava/lang/String;I)I#855#17 prob_bp = 0.5000081473537188
org.apache.commons.lang.StringUtils:isEmpty:(Ljava/lang/String;)Z#191#11 prob_bp = 0.5000121693096308
org.apache.commons.lang.StringUtils:indexOf:(Ljava/lang/String;Ljava/lang/String;)I#767#0 prob_bp = 0.5003404096499359
org.apache.commons.lang.StringUtils:indexOf:(Ljava/lang/String;Ljava/lang/String;)I#767#1 prob_bp = 0.5003404097383628
org.apache.commons.lang.StringUtils:indexOf:(Ljava/lang/String;CI)I#738#4 prob_bp = 0.5088070720069418
org.apache.commons.lang.StringUtils:indexOf:(Ljava/lang/String;C)I#706#4 prob_bp = 0.5088101452892978
org.apache.commons.lang.StringUtils:indexOf:(Ljava/lang/String;Ljava/lang/String;)I#767#5 prob_bp = 0.5091938810422798
org.apache.commons.lang.StringUtils:indexOf:(Ljava/lang/String;Ljava/lang/String;)I#767#4 prob_bp = 0.5091938812047332
org.apache.commons.lang.StringUtils:isEmpty:(Ljava/lang/String;)Z#191#15 prob_bp = 0.5173062001796933
org.apache.commons.lang.StringUtils:isEmpty:(Ljava/lang/String;)Z#191#16 prob_bp = 0.5173175622782662
org.apache.commons.lang.StringUtilsTest:tearDown:()V#115#0 prob_bp = 0.9999999999
org.apache.commons.lang.StringUtilsTest:tearDown:()V#115#1 prob_bp = 0.9999999999
org.apache.commons.lang.StringUtilsEqualsIndexOfTest:testIndexOf_String:()V#103#0 prob_bp = 1.0
org.apache.commons.lang.StringUtilsEqualsIndexOfTest:testIndexOf_String:()V#103#1 prob_bp = 1.0
org.apache.commons.lang.StringUtilsEqualsIndexOfTest:testIndexOf_String:()V#103#2 prob_bp = 1.0
org.apache.commons.lang.StringUtilsEqualsIndexOfTest:testIndexOf_String:()V#103#3 prob_bp = 1.0
org.apache.commons.lang.StringUtilsEqualsIndexOfTest:testIndexOf_String:()V#103#6 prob_bp = 1.0
org.apache.commons.lang.StringUtilsEqualsIndexOfTest:testIndexOf_String:()V#104#9 prob_bp = 1.0
org.apache.commons.lang.StringUtilsEqualsIndexOfTest:testIndexOf_String:()V#104#10 prob_bp = 1.0
org.apache.commons.lang.StringUtilsEqualsIndexOfTest:testIndexOf_String:()V#104#12 prob_bp = 1.0
org.apache.commons.lang.StringUtilsEqualsIndexOfTest:testIndexOf_String:()V#104#13 prob_bp = 1.0
org.apache.commons.lang.StringUtilsEqualsIndexOfTest:testIndexOf_String:()V#104#16 prob_bp = 1.0
org.apache.commons.lang.StringUtilsEqualsIndexOfTest:testIndexOf_String:()V#105#19 prob_bp = 1.0
org.apache.commons.lang.StringUtilsEqualsIndexOfTest:testIndexOf_String:()V#105#20 prob_bp = 1.0
org.apache.commons.lang.StringUtilsEqualsIndexOfTest:testIndexOf_String:()V#105#22 prob_bp = 1.0
org.apache.commons.lang.StringUtilsEqualsIndexOfTest:testIndexOf_String:()V#105#24 prob_bp = 1.0
org.apache.commons.lang.StringUtilsEqualsIndexOfTest:testIndexOf_String:()V#105#27 prob_bp = 1.0
org.apache.commons.lang.StringUtilsEqualsIndexOfTest:testIndexOf_String:()V#106#30 prob_bp = 1.0
org.apache.commons.lang.StringUtilsEqualsIndexOfTest:testIndexOf_String:()V#106#31 prob_bp = 1.0
org.apache.commons.lang.StringUtilsEqualsIndexOfTest:testIndexOf_String:()V#106#33 prob_bp = 1.0
org.apache.commons.lang.StringUtilsEqualsIndexOfTest:testIndexOf_String:()V#106#35 prob_bp = 1.0
org.apache.commons.lang.StringUtilsEqualsIndexOfTest:testIndexOf_String:()V#106#38 prob_bp = 1.0
org.apache.commons.lang.StringUtilsEqualsIndexOfTest:testIndexOf_String:()V#107#41 prob_bp = 1.0
org.apache.commons.lang.StringUtilsEqualsIndexOfTest:testIndexOf_String:()V#107#42 prob_bp = 1.0
org.apache.commons.lang.StringUtilsEqualsIndexOfTest:testIndexOf_String:()V#107#44 prob_bp = 1.0
org.apache.commons.lang.StringUtilsEqualsIndexOfTest:testIndexOf_String:()V#107#46 prob_bp = 1.0
org.apache.commons.lang.StringUtilsEqualsIndexOfTest:testIndexOf_String:()V#107#49 prob_bp = 1.0
org.apache.commons.lang.StringUtilsEqualsIndexOfTest:testIndexOf_String:()V#108#52 prob_bp = 1.0
org.apache.commons.lang.StringUtilsEqualsIndexOfTest:testIndexOf_String:()V#108#53 prob_bp = 1.0
org.apache.commons.lang.StringUtilsEqualsIndexOfTest:testIndexOf_String:()V#108#55 prob_bp = 1.0
org.apache.commons.lang.StringUtilsEqualsIndexOfTest:testIndexOf_String:()V#108#57 prob_bp = 1.0
org.apache.commons.lang.StringUtilsEqualsIndexOfTest:testIndexOf_String:()V#108#60 prob_bp = 1.0
org.apache.commons.lang.StringUtilsEqualsIndexOfTest:testIndexOf_String:()V#109#63 prob_bp = 1.0
org.apache.commons.lang.StringUtilsEqualsIndexOfTest:testIndexOf_String:()V#109#64 prob_bp = 1.0
org.apache.commons.lang.StringUtilsEqualsIndexOfTest:testIndexOf_String:()V#109#66 prob_bp = 1.0
org.apache.commons.lang.StringUtilsEqualsIndexOfTest:testIndexOf_String:()V#109#68 prob_bp = 1.0
org.apache.commons.lang.StringUtilsEqualsIndexOfTest:testIndexOf_String:()V#109#71 prob_bp = 1.0
org.apache.commons.lang.StringUtilsEqualsIndexOfTest:testIndexOf_String:()V#110#74 prob_bp = 1.0
org.apache.commons.lang.StringUtilsEqualsIndexOfTest:setUp:()V#53#0 prob_bp = 1.0
org.apache.commons.lang.StringUtilsEqualsIndexOfTest:setUp:()V#53#1 prob_bp = 1.0
org.apache.commons.lang.StringUtilsEqualsIndexOfTest:testIndexOf_StringInt:()V#175#0 prob_bp = 1.0
org.apache.commons.lang.StringUtilsEqualsIndexOfTest:testIndexOf_StringInt:()V#175#1 prob_bp = 1.0
org.apache.commons.lang.StringUtilsEqualsIndexOfTest:testIndexOf_StringInt:()V#175#2 prob_bp = 1.0
org.apache.commons.lang.StringUtilsEqualsIndexOfTest:testIndexOf_StringInt:()V#175#3 prob_bp = 1.0
org.apache.commons.lang.StringUtilsEqualsIndexOfTest:testIndexOf_StringInt:()V#175#4 prob_bp = 1.0
org.apache.commons.lang.StringUtilsEqualsIndexOfTest:testIndexOf_StringInt:()V#175#7 prob_bp = 1.0
org.apache.commons.lang.StringUtilsEqualsIndexOfTest:testIndexOf_StringInt:()V#176#10 prob_bp = 1.0
org.apache.commons.lang.StringUtilsEqualsIndexOfTest:testIndexOf_StringInt:()V#176#11 prob_bp = 1.0
org.apache.commons.lang.StringUtilsEqualsIndexOfTest:testIndexOf_StringInt:()V#176#12 prob_bp = 1.0
org.apache.commons.lang.StringUtilsEqualsIndexOfTest:testIndexOf_StringInt:()V#176#13 prob_bp = 1.0
org.apache.commons.lang.StringUtilsEqualsIndexOfTest:testIndexOf_StringInt:()V#176#14 prob_bp = 1.0
org.apache.commons.lang.StringUtilsEqualsIndexOfTest:testIndexOf_StringInt:()V#176#17 prob_bp = 1.0
org.apache.commons.lang.StringUtilsEqualsIndexOfTest:testIndexOf_StringInt:()V#177#20 prob_bp = 1.0
org.apache.commons.lang.StringUtilsEqualsIndexOfTest:testIndexOf_StringInt:()V#177#21 prob_bp = 1.0
org.apache.commons.lang.StringUtilsEqualsIndexOfTest:testIndexOf_StringInt:()V#177#22 prob_bp = 1.0
org.apache.commons.lang.StringUtilsEqualsIndexOfTest:testIndexOf_StringInt:()V#177#24 prob_bp = 1.0
org.apache.commons.lang.StringUtilsEqualsIndexOfTest:testIndexOf_StringInt:()V#177#25 prob_bp = 1.0
org.apache.commons.lang.StringUtilsEqualsIndexOfTest:testIndexOf_StringInt:()V#177#28 prob_bp = 1.0
org.apache.commons.lang.StringUtilsEqualsIndexOfTest:testIndexOf_StringInt:()V#178#31 prob_bp = 1.0
org.apache.commons.lang.StringUtilsEqualsIndexOfTest:testIndexOf_StringInt:()V#178#32 prob_bp = 1.0
org.apache.commons.lang.StringUtilsEqualsIndexOfTest:testIndexOf_StringInt:()V#178#33 prob_bp = 1.0
org.apache.commons.lang.StringUtilsEqualsIndexOfTest:testIndexOf_StringInt:()V#178#35 prob_bp = 1.0
org.apache.commons.lang.StringUtilsEqualsIndexOfTest:testIndexOf_StringInt:()V#178#36 prob_bp = 1.0
org.apache.commons.lang.StringUtilsEqualsIndexOfTest:testIndexOf_StringInt:()V#178#39 prob_bp = 1.0
org.apache.commons.lang.StringUtilsEqualsIndexOfTest:testIndexOf_StringInt:()V#179#42 prob_bp = 1.0
org.apache.commons.lang.StringUtilsEqualsIndexOfTest:testIndexOf_StringInt:()V#179#43 prob_bp = 1.0
org.apache.commons.lang.StringUtilsEqualsIndexOfTest:testIndexOf_StringInt:()V#179#45 prob_bp = 1.0
org.apache.commons.lang.StringUtilsEqualsIndexOfTest:testIndexOf_StringInt:()V#179#46 prob_bp = 1.0
org.apache.commons.lang.StringUtilsEqualsIndexOfTest:testIndexOf_StringInt:()V#179#47 prob_bp = 1.0
org.apache.commons.lang.StringUtilsEqualsIndexOfTest:testIndexOf_StringInt:()V#179#50 prob_bp = 1.0
org.apache.commons.lang.StringUtilsEqualsIndexOfTest:testIndexOf_StringInt:()V#180#53 prob_bp = 1.0
org.apache.commons.lang.StringUtilsEqualsIndexOfTest:testIndexOf_StringInt:()V#180#54 prob_bp = 1.0
org.apache.commons.lang.StringUtilsEqualsIndexOfTest:testIndexOf_StringInt:()V#180#56 prob_bp = 1.0
org.apache.commons.lang.StringUtilsEqualsIndexOfTest:testIndexOf_StringInt:()V#180#57 prob_bp = 1.0
org.apache.commons.lang.StringUtilsEqualsIndexOfTest:testIndexOf_StringInt:()V#180#58 prob_bp = 1.0
org.apache.commons.lang.StringUtilsEqualsIndexOfTest:testIndexOf_StringInt:()V#180#61 prob_bp = 1.0
org.apache.commons.lang.StringUtilsEqualsIndexOfTest:testIndexOf_StringInt:()V#181#64 prob_bp = 1.0
org.apache.commons.lang.StringUtilsEqualsIndexOfTest:testIndexOf_StringInt:()V#181#65 prob_bp = 1.0
org.apache.commons.lang.StringUtilsEqualsIndexOfTest:testIndexOf_StringInt:()V#181#67 prob_bp = 1.0
org.apache.commons.lang.StringUtilsEqualsIndexOfTest:testIndexOf_StringInt:()V#181#69 prob_bp = 1.0
org.apache.commons.lang.StringUtilsEqualsIndexOfTest:testIndexOf_StringInt:()V#181#70 prob_bp = 1.0
org.apache.commons.lang.StringUtilsEqualsIndexOfTest:testIndexOf_StringInt:()V#181#73 prob_bp = 1.0
org.apache.commons.lang.StringUtilsEqualsIndexOfTest:testIndexOf_StringInt:()V#182#76 prob_bp = 1.0
org.apache.commons.lang.StringUtilsEqualsIndexOfTest:testIndexOf_StringInt:()V#182#77 prob_bp = 1.0
org.apache.commons.lang.StringUtilsEqualsIndexOfTest:testIndexOf_StringInt:()V#182#79 prob_bp = 1.0
org.apache.commons.lang.StringUtilsEqualsIndexOfTest:testIndexOf_StringInt:()V#182#81 prob_bp = 1.0
org.apache.commons.lang.StringUtilsEqualsIndexOfTest:testIndexOf_StringInt:()V#182#82 prob_bp = 1.0
org.apache.commons.lang.StringUtilsEqualsIndexOfTest:testIndexOf_StringInt:()V#182#85 prob_bp = 1.0
org.apache.commons.lang.StringUtilsEqualsIndexOfTest:testIndexOf_StringInt:()V#183#88 prob_bp = 1.0
org.apache.commons.lang.StringUtilsEqualsIndexOfTest:testIndexOf_StringInt:()V#183#89 prob_bp = 1.0
org.apache.commons.lang.StringUtilsEqualsIndexOfTest:testIndexOf_StringInt:()V#183#91 prob_bp = 1.0
org.apache.commons.lang.StringUtilsEqualsIndexOfTest:testIndexOf_StringInt:()V#183#93 prob_bp = 1.0
org.apache.commons.lang.StringUtilsEqualsIndexOfTest:testIndexOf_StringInt:()V#183#95 prob_bp = 1.0
org.apache.commons.lang.StringUtilsEqualsIndexOfTest:testIndexOf_StringInt:()V#183#98 prob_bp = 1.0
org.apache.commons.lang.StringUtilsEqualsIndexOfTest:testIndexOf_StringInt:()V#184#101 prob_bp = 1.0
org.apache.commons.lang.StringUtilsEqualsIndexOfTest:testIndexOf_StringInt:()V#184#102 prob_bp = 1.0
org.apache.commons.lang.StringUtilsEqualsIndexOfTest:testIndexOf_StringInt:()V#184#104 prob_bp = 1.0
org.apache.commons.lang.StringUtilsEqualsIndexOfTest:testIndexOf_StringInt:()V#184#106 prob_bp = 1.0
org.apache.commons.lang.StringUtilsEqualsIndexOfTest:testIndexOf_StringInt:()V#184#107 prob_bp = 1.0
org.apache.commons.lang.StringUtilsEqualsIndexOfTest:testIndexOf_StringInt:()V#184#110 prob_bp = 1.0
org.apache.commons.lang.StringUtilsEqualsIndexOfTest:testIndexOf_StringInt:()V#185#113 prob_bp = 1.0
org.apache.commons.lang.StringUtilsEqualsIndexOfTest:testIndexOf_StringInt:()V#185#114 prob_bp = 1.0
org.apache.commons.lang.StringUtilsEqualsIndexOfTest:testIndexOf_StringInt:()V#185#116 prob_bp = 1.0
org.apache.commons.lang.StringUtilsEqualsIndexOfTest:testIndexOf_StringInt:()V#185#118 prob_bp = 1.0
org.apache.commons.lang.StringUtilsEqualsIndexOfTest:testIndexOf_StringInt:()V#185#119 prob_bp = 1.0
org.apache.commons.lang.StringUtilsEqualsIndexOfTest:testIndexOf_StringInt:()V#185#122 prob_bp = 1.0
org.apache.commons.lang.StringUtilsEqualsIndexOfTest:testIndexOf_StringInt:()V#186#125 prob_bp = 1.0
org.apache.commons.lang.StringUtilsEqualsIndexOfTest:testIndexOf_StringInt:()V#186#126 prob_bp = 1.0
org.apache.commons.lang.StringUtilsEqualsIndexOfTest:testIndexOf_StringInt:()V#186#128 prob_bp = 1.0
org.apache.commons.lang.StringUtilsEqualsIndexOfTest:testIndexOf_StringInt:()V#186#130 prob_bp = 1.0
org.apache.commons.lang.StringUtilsEqualsIndexOfTest:testIndexOf_StringInt:()V#186#132 prob_bp = 1.0
org.apache.commons.lang.StringUtilsEqualsIndexOfTest:testIndexOf_StringInt:()V#186#135 prob_bp = 1.0
org.apache.commons.lang.StringUtilsEqualsIndexOfTest:testIndexOf_StringInt:()V#187#138 prob_bp = 1.0
org.apache.commons.lang.StringUtilsEqualsIndexOfTest:testIndexOf_StringInt:()V#187#139 prob_bp = 1.0
org.apache.commons.lang.StringUtilsEqualsIndexOfTest:testIndexOf_StringInt:()V#187#141 prob_bp = 1.0
org.apache.commons.lang.StringUtilsEqualsIndexOfTest:testIndexOf_StringInt:()V#187#143 prob_bp = 1.0
org.apache.commons.lang.StringUtilsEqualsIndexOfTest:testIndexOf_StringInt:()V#187#144 prob_bp = 1.0
org.apache.commons.lang.StringUtilsEqualsIndexOfTest:testIndexOf_StringInt:()V#187#147 prob_bp = 1.0
org.apache.commons.lang.StringUtilsEqualsIndexOfTest:testIndexOf_StringInt:()V#188#150 prob_bp = 1.0
org.apache.commons.lang.StringUtilsEqualsIndexOfTest:testIndexOf_StringInt:()V#188#151 prob_bp = 1.0
org.apache.commons.lang.StringUtilsEqualsIndexOfTest:testIndexOf_StringInt:()V#188#153 prob_bp = 1.0
org.apache.commons.lang.StringUtilsEqualsIndexOfTest:testIndexOf_StringInt:()V#188#155 prob_bp = 1.0
org.apache.commons.lang.StringUtilsEqualsIndexOfTest:testIndexOf_StringInt:()V#188#156 prob_bp = 1.0
org.apache.commons.lang.StringUtilsEqualsIndexOfTest:testIndexOf_StringInt:()V#188#159 prob_bp = 1.0
org.apache.commons.lang.StringUtilsEqualsIndexOfTest:testIndexOf_StringInt:()V#189#162 prob_bp = 1.0
org.apache.commons.lang.StringUtilsEqualsIndexOfTest:testIndexOf_StringInt:()V#189#163 prob_bp = 1.0
org.apache.commons.lang.StringUtilsEqualsIndexOfTest:testIndexOf_StringInt:()V#189#165 prob_bp = 1.0
org.apache.commons.lang.StringUtilsEqualsIndexOfTest:testIndexOf_StringInt:()V#189#167 prob_bp = 1.0
org.apache.commons.lang.StringUtilsEqualsIndexOfTest:testIndexOf_StringInt:()V#189#168 prob_bp = 1.0
org.apache.commons.lang.StringUtilsEqualsIndexOfTest:testIndexOf_StringInt:()V#189#171 prob_bp = 1.0
org.apache.commons.lang.StringUtilsEqualsIndexOfTest:testIndexOf_StringInt:()V#190#174 prob_bp = 1.0
org.apache.commons.lang.StringUtilsEqualsIndexOfTest:testIndexOf_StringInt:()V#190#175 prob_bp = 1.0
org.apache.commons.lang.StringUtilsEqualsIndexOfTest:testIndexOf_StringInt:()V#190#177 prob_bp = 1.0
org.apache.commons.lang.StringUtilsEqualsIndexOfTest:testIndexOf_StringInt:()V#190#179 prob_bp = 1.0
org.apache.commons.lang.StringUtilsEqualsIndexOfTest:testIndexOf_StringInt:()V#190#180 prob_bp = 1.0
org.apache.commons.lang.StringUtilsEqualsIndexOfTest:testIndexOf_StringInt:()V#190#183 prob_bp = 1.0
org.apache.commons.lang.StringUtilsEqualsIndexOfTest:testIndexOf_StringInt:()V#191#186 prob_bp = 1.0
org.apache.commons.lang.StringUtilsEqualsIndexOfTest:testIndexOf_StringInt:()V#191#187 prob_bp = 1.0
org.apache.commons.lang.StringUtilsEqualsIndexOfTest:testIndexOf_StringInt:()V#191#189 prob_bp = 1.0
org.apache.commons.lang.StringUtilsEqualsIndexOfTest:testIndexOf_StringInt:()V#191#191 prob_bp = 1.0
org.apache.commons.lang.StringUtilsEqualsIndexOfTest:testIndexOf_StringInt:()V#191#192 prob_bp = 1.0
org.apache.commons.lang.StringUtilsEqualsIndexOfTest:testIndexOf_StringInt:()V#191#195 prob_bp = 1.0
org.apache.commons.lang.StringUtilsEqualsIndexOfTest:testIndexOf_StringInt:()V#192#198 prob_bp = 1.0
org.apache.commons.lang.StringUtilsEqualsIndexOfTest:testIndexOf_StringInt:()V#192#199 prob_bp = 1.0
org.apache.commons.lang.StringUtilsEqualsIndexOfTest:testIndexOf_StringInt:()V#192#201 prob_bp = 1.0
org.apache.commons.lang.StringUtilsEqualsIndexOfTest:testIndexOf_StringInt:()V#192#203 prob_bp = 1.0
org.apache.commons.lang.StringUtilsEqualsIndexOfTest:testIndexOf_StringInt:()V#192#205 prob_bp = 1.0
org.apache.commons.lang.StringUtilsEqualsIndexOfTest:testIndexOf_StringInt:()V#192#208 prob_bp = 1.0
org.apache.commons.lang.StringUtilsEqualsIndexOfTest:testIndexOf_StringInt:()V#193#211 prob_bp = 1.0
org.apache.commons.lang.StringUtilsEqualsIndexOfTest:testIndexOf_StringInt:()V#193#212 prob_bp = 1.0
org.apache.commons.lang.StringUtilsEqualsIndexOfTest:testIndexOf_StringInt:()V#193#214 prob_bp = 1.0
org.apache.commons.lang.StringUtilsEqualsIndexOfTest:testIndexOf_StringInt:()V#193#216 prob_bp = 1.0
org.apache.commons.lang.StringUtilsEqualsIndexOfTest:testIndexOf_StringInt:()V#193#217 prob_bp = 1.0
org.apache.commons.lang.StringUtilsEqualsIndexOfTest:testIndexOf_StringInt:()V#193#220 prob_bp = 1.0
org.apache.commons.lang.StringUtilsEqualsIndexOfTest:testIndexOf_StringInt:()V#194#223 prob_bp = 1.0
org.apache.commons.lang.StringUtilsEqualsIndexOfTest:testIndexOf_StringInt:()V#194#224 prob_bp = 1.0
org.apache.commons.lang.StringUtilsEqualsIndexOfTest:testIndexOf_StringInt:()V#194#226 prob_bp = 1.0
org.apache.commons.lang.StringUtilsEqualsIndexOfTest:testIndexOf_StringInt:()V#194#228 prob_bp = 1.0
org.apache.commons.lang.StringUtilsEqualsIndexOfTest:testIndexOf_StringInt:()V#194#229 prob_bp = 1.0
org.apache.commons.lang.StringUtilsEqualsIndexOfTest:testIndexOf_StringInt:()V#194#232 prob_bp = 1.0
org.apache.commons.lang.StringUtilsEqualsIndexOfTest:testIndexOf_StringInt:()V#195#235 prob_bp = 1.0
org.apache.commons.lang.StringUtilsEqualsIndexOfTest:testIndexOf_char:()V#84#0 prob_bp = 1.0
org.apache.commons.lang.StringUtilsEqualsIndexOfTest:testIndexOf_char:()V#84#1 prob_bp = 1.0
org.apache.commons.lang.StringUtilsEqualsIndexOfTest:testIndexOf_char:()V#84#2 prob_bp = 1.0
org.apache.commons.lang.StringUtilsEqualsIndexOfTest:testIndexOf_char:()V#84#4 prob_bp = 1.0
org.apache.commons.lang.StringUtilsEqualsIndexOfTest:testIndexOf_char:()V#84#7 prob_bp = 1.0
org.apache.commons.lang.StringUtilsEqualsIndexOfTest:testIndexOf_char:()V#85#10 prob_bp = 1.0
org.apache.commons.lang.StringUtilsEqualsIndexOfTest:testIndexOf_char:()V#85#11 prob_bp = 1.0
org.apache.commons.lang.StringUtilsEqualsIndexOfTest:testIndexOf_char:()V#85#13 prob_bp = 1.0
org.apache.commons.lang.StringUtilsEqualsIndexOfTest:testIndexOf_char:()V#85#15 prob_bp = 1.0
org.apache.commons.lang.StringUtilsEqualsIndexOfTest:testIndexOf_char:()V#85#18 prob_bp = 1.0
org.apache.commons.lang.StringUtilsEqualsIndexOfTest:testIndexOf_char:()V#86#21 prob_bp = 1.0
org.apache.commons.lang.StringUtilsEqualsIndexOfTest:testIndexOf_char:()V#86#22 prob_bp = 1.0
org.apache.commons.lang.StringUtilsEqualsIndexOfTest:testIndexOf_char:()V#86#24 prob_bp = 1.0
org.apache.commons.lang.StringUtilsEqualsIndexOfTest:testIndexOf_char:()V#86#26 prob_bp = 1.0
org.apache.commons.lang.StringUtilsEqualsIndexOfTest:testIndexOf_char:()V#86#29 prob_bp = 1.0
org.apache.commons.lang.StringUtilsEqualsIndexOfTest:testIndexOf_char:()V#87#32 prob_bp = 1.0
org.apache.commons.lang.StringUtilsEqualsIndexOfTest:testIndexOf_char:()V#87#33 prob_bp = 1.0
org.apache.commons.lang.StringUtilsEqualsIndexOfTest:testIndexOf_char:()V#87#35 prob_bp = 1.0
org.apache.commons.lang.StringUtilsEqualsIndexOfTest:testIndexOf_char:()V#87#37 prob_bp = 1.0
org.apache.commons.lang.StringUtilsEqualsIndexOfTest:testIndexOf_char:()V#87#40 prob_bp = 1.0
org.apache.commons.lang.StringUtilsEqualsIndexOfTest:testIndexOf_char:()V#88#43 prob_bp = 1.0
org.apache.commons.lang.StringUtilsEqualsIndexOfTest:testIndexOf_charInt:()V#91#0 prob_bp = 1.0
org.apache.commons.lang.StringUtilsEqualsIndexOfTest:testIndexOf_charInt:()V#91#1 prob_bp = 1.0
org.apache.commons.lang.StringUtilsEqualsIndexOfTest:testIndexOf_charInt:()V#91#2 prob_bp = 1.0
org.apache.commons.lang.StringUtilsEqualsIndexOfTest:testIndexOf_charInt:()V#91#4 prob_bp = 1.0
org.apache.commons.lang.StringUtilsEqualsIndexOfTest:testIndexOf_charInt:()V#91#5 prob_bp = 1.0
org.apache.commons.lang.StringUtilsEqualsIndexOfTest:testIndexOf_charInt:()V#91#8 prob_bp = 1.0
org.apache.commons.lang.StringUtilsEqualsIndexOfTest:testIndexOf_charInt:()V#92#11 prob_bp = 1.0
org.apache.commons.lang.StringUtilsEqualsIndexOfTest:testIndexOf_charInt:()V#92#12 prob_bp = 1.0
org.apache.commons.lang.StringUtilsEqualsIndexOfTest:testIndexOf_charInt:()V#92#13 prob_bp = 1.0
org.apache.commons.lang.StringUtilsEqualsIndexOfTest:testIndexOf_charInt:()V#92#15 prob_bp = 1.0
org.apache.commons.lang.StringUtilsEqualsIndexOfTest:testIndexOf_charInt:()V#92#16 prob_bp = 1.0
org.apache.commons.lang.StringUtilsEqualsIndexOfTest:testIndexOf_charInt:()V#92#19 prob_bp = 1.0
org.apache.commons.lang.StringUtilsEqualsIndexOfTest:testIndexOf_charInt:()V#93#22 prob_bp = 1.0
org.apache.commons.lang.StringUtilsEqualsIndexOfTest:testIndexOf_charInt:()V#93#23 prob_bp = 1.0
org.apache.commons.lang.StringUtilsEqualsIndexOfTest:testIndexOf_charInt:()V#93#25 prob_bp = 1.0
org.apache.commons.lang.StringUtilsEqualsIndexOfTest:testIndexOf_charInt:()V#93#27 prob_bp = 1.0
org.apache.commons.lang.StringUtilsEqualsIndexOfTest:testIndexOf_charInt:()V#93#28 prob_bp = 1.0
org.apache.commons.lang.StringUtilsEqualsIndexOfTest:testIndexOf_charInt:()V#93#31 prob_bp = 1.0
org.apache.commons.lang.StringUtilsEqualsIndexOfTest:testIndexOf_charInt:()V#94#34 prob_bp = 1.0
org.apache.commons.lang.StringUtilsEqualsIndexOfTest:testIndexOf_charInt:()V#94#35 prob_bp = 1.0
org.apache.commons.lang.StringUtilsEqualsIndexOfTest:testIndexOf_charInt:()V#94#37 prob_bp = 1.0
org.apache.commons.lang.StringUtilsEqualsIndexOfTest:testIndexOf_charInt:()V#94#39 prob_bp = 1.0
org.apache.commons.lang.StringUtilsEqualsIndexOfTest:testIndexOf_charInt:()V#94#40 prob_bp = 1.0
org.apache.commons.lang.StringUtilsEqualsIndexOfTest:testIndexOf_charInt:()V#94#43 prob_bp = 1.0
org.apache.commons.lang.StringUtilsEqualsIndexOfTest:testIndexOf_charInt:()V#95#46 prob_bp = 1.0
org.apache.commons.lang.StringUtilsEqualsIndexOfTest:testIndexOf_charInt:()V#95#47 prob_bp = 1.0
org.apache.commons.lang.StringUtilsEqualsIndexOfTest:testIndexOf_charInt:()V#95#49 prob_bp = 1.0
org.apache.commons.lang.StringUtilsEqualsIndexOfTest:testIndexOf_charInt:()V#95#51 prob_bp = 1.0
org.apache.commons.lang.StringUtilsEqualsIndexOfTest:testIndexOf_charInt:()V#95#52 prob_bp = 1.0
org.apache.commons.lang.StringUtilsEqualsIndexOfTest:testIndexOf_charInt:()V#95#55 prob_bp = 1.0
org.apache.commons.lang.StringUtilsEqualsIndexOfTest:testIndexOf_charInt:()V#96#58 prob_bp = 1.0
org.apache.commons.lang.StringUtilsEqualsIndexOfTest:testIndexOf_charInt:()V#96#59 prob_bp = 1.0
org.apache.commons.lang.StringUtilsEqualsIndexOfTest:testIndexOf_charInt:()V#96#61 prob_bp = 1.0
org.apache.commons.lang.StringUtilsEqualsIndexOfTest:testIndexOf_charInt:()V#96#63 prob_bp = 1.0
org.apache.commons.lang.StringUtilsEqualsIndexOfTest:testIndexOf_charInt:()V#96#64 prob_bp = 1.0
org.apache.commons.lang.StringUtilsEqualsIndexOfTest:testIndexOf_charInt:()V#96#67 prob_bp = 1.0
org.apache.commons.lang.StringUtilsEqualsIndexOfTest:testIndexOf_charInt:()V#97#70 prob_bp = 1.0
org.apache.commons.lang.StringUtilsEqualsIndexOfTest:testIndexOf_charInt:()V#97#71 prob_bp = 1.0
org.apache.commons.lang.StringUtilsEqualsIndexOfTest:testIndexOf_charInt:()V#97#73 prob_bp = 1.0
org.apache.commons.lang.StringUtilsEqualsIndexOfTest:testIndexOf_charInt:()V#97#75 prob_bp = 1.0
org.apache.commons.lang.StringUtilsEqualsIndexOfTest:testIndexOf_charInt:()V#97#76 prob_bp = 1.0
org.apache.commons.lang.StringUtilsEqualsIndexOfTest:testIndexOf_charInt:()V#97#79 prob_bp = 1.0
org.apache.commons.lang.StringUtilsEqualsIndexOfTest:testIndexOf_charInt:()V#98#82 prob_bp = 1.0
org.apache.commons.lang.StringUtilsEqualsIndexOfTest:testIndexOf_charInt:()V#98#83 prob_bp = 1.0
org.apache.commons.lang.StringUtilsEqualsIndexOfTest:testIndexOf_charInt:()V#98#85 prob_bp = 1.0
org.apache.commons.lang.StringUtilsEqualsIndexOfTest:testIndexOf_charInt:()V#98#87 prob_bp = 1.0
org.apache.commons.lang.StringUtilsEqualsIndexOfTest:testIndexOf_charInt:()V#98#89 prob_bp = 1.0
org.apache.commons.lang.StringUtilsEqualsIndexOfTest:testIndexOf_charInt:()V#98#92 prob_bp = 1.0
org.apache.commons.lang.StringUtilsEqualsIndexOfTest:testIndexOf_charInt:()V#99#95 prob_bp = 1.0
org.apache.commons.lang.StringUtilsEqualsIndexOfTest:testIndexOf_charInt:()V#99#96 prob_bp = 1.0
org.apache.commons.lang.StringUtilsEqualsIndexOfTest:testIndexOf_charInt:()V#99#98 prob_bp = 1.0
org.apache.commons.lang.StringUtilsEqualsIndexOfTest:testIndexOf_charInt:()V#99#100 prob_bp = 1.0
org.apache.commons.lang.StringUtilsEqualsIndexOfTest:testIndexOf_charInt:()V#99#101 prob_bp = 1.0
org.apache.commons.lang.StringUtilsEqualsIndexOfTest:testIndexOf_charInt:()V#99#104 prob_bp = 1.0
org.apache.commons.lang.StringUtilsEqualsIndexOfTest:testIndexOf_charInt:()V#100#107 prob_bp = 1.0
org.apache.commons.lang.StringUtilsTest:setUp:()V#111#0 prob_bp = 1.0
org.apache.commons.lang.StringUtilsTest:setUp:()V#111#1 prob_bp = 1.0
org.apache.commons.lang.StringUtilsTest:testDefault_String:()V#1500#0 prob_bp = 1.0
org.apache.commons.lang.StringUtilsTest:testDefault_String:()V#1500#2 prob_bp = 1.0
org.apache.commons.lang.StringUtilsTest:testDefault_String:()V#1500#3 prob_bp = 1.0
org.apache.commons.lang.StringUtilsTest:testDefault_String:()V#1500#6 prob_bp = 1.0
org.apache.commons.lang.StringUtilsTest:testDefault_String:()V#1501#9 prob_bp = 1.0
org.apache.commons.lang.StringUtilsTest:testDefault_String:()V#1501#11 prob_bp = 1.0
org.apache.commons.lang.StringUtilsTest:testDefault_String:()V#1501#13 prob_bp = 1.0
org.apache.commons.lang.StringUtilsTest:testDefault_String:()V#1501#16 prob_bp = 1.0
org.apache.commons.lang.StringUtilsTest:testDefault_String:()V#1502#19 prob_bp = 1.0
org.apache.commons.lang.StringUtilsTest:testDefault_String:()V#1502#21 prob_bp = 1.0
org.apache.commons.lang.StringUtilsTest:testDefault_String:()V#1502#23 prob_bp = 1.0
org.apache.commons.lang.StringUtilsTest:testDefault_String:()V#1502#26 prob_bp = 1.0
org.apache.commons.lang.StringUtilsTest:testDefault_String:()V#1503#29 prob_bp = 1.0
org.apache.commons.lang.StringUtilsTest:testDefault_StringString:()V#1506#0 prob_bp = 1.0
org.apache.commons.lang.StringUtilsTest:testDefault_StringString:()V#1506#3 prob_bp = 1.0
org.apache.commons.lang.StringUtilsTest:testDefault_StringString:()V#1506#4 prob_bp = 1.0
org.apache.commons.lang.StringUtilsTest:testDefault_StringString:()V#1506#7 prob_bp = 1.0
org.apache.commons.lang.StringUtilsTest:testDefault_StringString:()V#1506#10 prob_bp = 1.0
org.apache.commons.lang.StringUtilsTest:testDefault_StringString:()V#1507#13 prob_bp = 1.0
org.apache.commons.lang.StringUtilsTest:testDefault_StringString:()V#1507#15 prob_bp = 1.0
org.apache.commons.lang.StringUtilsTest:testDefault_StringString:()V#1507#17 prob_bp = 1.0
org.apache.commons.lang.StringUtilsTest:testDefault_StringString:()V#1507#20 prob_bp = 1.0
org.apache.commons.lang.StringUtilsTest:testDefault_StringString:()V#1507#23 prob_bp = 1.0
org.apache.commons.lang.StringUtilsTest:testDefault_StringString:()V#1508#26 prob_bp = 1.0
org.apache.commons.lang.StringUtilsTest:testDefault_StringString:()V#1508#28 prob_bp = 1.0
org.apache.commons.lang.StringUtilsTest:testDefault_StringString:()V#1508#30 prob_bp = 1.0
org.apache.commons.lang.StringUtilsTest:testDefault_StringString:()V#1508#33 prob_bp = 1.0
org.apache.commons.lang.StringUtilsTest:testDefault_StringString:()V#1508#36 prob_bp = 1.0
org.apache.commons.lang.StringUtilsTest:testDefault_StringString:()V#1509#39 prob_bp = 1.0
org.apache.commons.lang.WordUtilsTest:testAbbreviate:()V#368#0 prob_bp = 1.0
org.apache.commons.lang.WordUtilsTest:testAbbreviate:()V#368#1 prob_bp = 1.0
org.apache.commons.lang.WordUtilsTest:testAbbreviate:()V#368#2 prob_bp = 1.0
org.apache.commons.lang.WordUtilsTest:testAbbreviate:()V#368#3 prob_bp = 1.0
org.apache.commons.lang.WordUtilsTest:testAbbreviate:()V#368#5 prob_bp = 1.0
org.apache.commons.lang.WordUtilsTest:testAbbreviate:()V#368#8 prob_bp = 1.0
org.apache.commons.lang.WordUtilsTest:testAbbreviate:()V#369#11 prob_bp = 1.0
org.apache.commons.lang.WordUtilsTest:testAbbreviate:()V#369#13 prob_bp = 1.0
org.apache.commons.lang.WordUtilsTest:testAbbreviate:()V#369#15 prob_bp = 1.0
org.apache.commons.lang.WordUtilsTest:testAbbreviate:()V#369#16 prob_bp = 1.0
org.apache.commons.lang.WordUtilsTest:testAbbreviate:()V#369#17 prob_bp = 1.0
org.apache.commons.lang.WordUtilsTest:testAbbreviate:()V#369#19 prob_bp = 1.0
org.apache.commons.lang.WordUtilsTest:testAbbreviate:()V#369#22 prob_bp = 1.0
org.apache.commons.lang.WordUtilsTest:testAbbreviate:()V#372#25 prob_bp = 1.0
org.apache.commons.lang.WordUtilsTest:testAbbreviate:()V#372#27 prob_bp = 1.0
org.apache.commons.lang.WordUtilsTest:testAbbreviate:()V#372#29 prob_bp = 1.0
org.apache.commons.lang.WordUtilsTest:testAbbreviate:()V#372#30 prob_bp = 1.0
org.apache.commons.lang.WordUtilsTest:testAbbreviate:()V#372#31 prob_bp = 1.0
org.apache.commons.lang.WordUtilsTest:testAbbreviate:()V#372#33 prob_bp = 1.0
org.apache.commons.lang.WordUtilsTest:testAbbreviate:()V#372#36 prob_bp = 1.0
org.apache.commons.lang.WordUtilsTest:testAbbreviate:()V#373#39 prob_bp = 1.0
org.apache.commons.lang.WordUtilsTest:testAbbreviate:()V#373#41 prob_bp = 1.0
org.apache.commons.lang.WordUtilsTest:testAbbreviate:()V#373#43 prob_bp = 1.0
org.apache.commons.lang.WordUtilsTest:testAbbreviate:()V#373#44 prob_bp = 1.0
org.apache.commons.lang.WordUtilsTest:testAbbreviate:()V#373#45 prob_bp = 1.0
org.apache.commons.lang.WordUtilsTest:testAbbreviate:()V#373#47 prob_bp = 1.0
org.apache.commons.lang.WordUtilsTest:testAbbreviate:()V#373#50 prob_bp = 1.0
org.apache.commons.lang.WordUtilsTest:testAbbreviate:()V#374#53 prob_bp = 1.0
org.apache.commons.lang.WordUtilsTest:testAbbreviate:()V#374#55 prob_bp = 1.0
org.apache.commons.lang.WordUtilsTest:testAbbreviate:()V#374#57 prob_bp = 1.0
org.apache.commons.lang.WordUtilsTest:testAbbreviate:()V#374#58 prob_bp = 1.0
org.apache.commons.lang.WordUtilsTest:testAbbreviate:()V#374#59 prob_bp = 1.0
org.apache.commons.lang.WordUtilsTest:testAbbreviate:()V#374#61 prob_bp = 1.0
org.apache.commons.lang.WordUtilsTest:testAbbreviate:()V#374#64 prob_bp = 1.0
org.apache.commons.lang.WordUtilsTest:testAbbreviate:()V#375#67 prob_bp = 1.0
org.apache.commons.lang.WordUtilsTest:testAbbreviate:()V#375#69 prob_bp = 1.0
org.apache.commons.lang.WordUtilsTest:testAbbreviate:()V#375#71 prob_bp = 1.0
org.apache.commons.lang.WordUtilsTest:testAbbreviate:()V#375#72 prob_bp = 1.0
org.apache.commons.lang.WordUtilsTest:testAbbreviate:()V#375#73 prob_bp = 1.0
org.apache.commons.lang.WordUtilsTest:testAbbreviate:()V#375#75 prob_bp = 1.0
org.apache.commons.lang.WordUtilsTest:testAbbreviate:()V#375#78 prob_bp = 1.0
org.apache.commons.lang.WordUtilsTest:testAbbreviate:()V#376#81 prob_bp = 1.0
org.apache.commons.lang.WordUtilsTest:testAbbreviate:()V#376#83 prob_bp = 1.0
org.apache.commons.lang.WordUtilsTest:testAbbreviate:()V#376#85 prob_bp = 1.0
org.apache.commons.lang.WordUtilsTest:testAbbreviate:()V#376#86 prob_bp = 1.0
org.apache.commons.lang.WordUtilsTest:testAbbreviate:()V#376#87 prob_bp = 1.0
org.apache.commons.lang.WordUtilsTest:testAbbreviate:()V#376#89 prob_bp = 1.0
org.apache.commons.lang.WordUtilsTest:testAbbreviate:()V#376#92 prob_bp = 1.0
org.apache.commons.lang.WordUtilsTest:testAbbreviate:()V#379#95 prob_bp = 1.0
org.apache.commons.lang.WordUtilsTest:testAbbreviate:()V#379#97 prob_bp = 1.0
org.apache.commons.lang.WordUtilsTest:testAbbreviate:()V#379#99 prob_bp = 1.0
org.apache.commons.lang.WordUtilsTest:testAbbreviate:()V#379#100 prob_bp = 1.0
org.apache.commons.lang.WordUtilsTest:testAbbreviate:()V#379#101 prob_bp = 1.0
org.apache.commons.lang.WordUtilsTest:testAbbreviate:()V#379#103 prob_bp = 1.0
org.apache.commons.lang.WordUtilsTest:testAbbreviate:()V#379#106 prob_bp = 1.0
org.apache.commons.lang.WordUtilsTest:testAbbreviate:()V#380#109 prob_bp = 1.0
org.apache.commons.lang.WordUtilsTest:testAbbreviate:()V#380#111 prob_bp = 1.0
org.apache.commons.lang.WordUtilsTest:testAbbreviate:()V#380#113 prob_bp = 1.0
org.apache.commons.lang.WordUtilsTest:testAbbreviate:()V#380#114 prob_bp = 1.0
org.apache.commons.lang.WordUtilsTest:testAbbreviate:()V#380#115 prob_bp = 1.0
org.apache.commons.lang.WordUtilsTest:testAbbreviate:()V#380#117 prob_bp = 1.0
org.apache.commons.lang.WordUtilsTest:testAbbreviate:()V#380#120 prob_bp = 1.0
org.apache.commons.lang.WordUtilsTest:testAbbreviate:()V#381#123 prob_bp = 1.0
org.apache.commons.lang.WordUtilsTest:testAbbreviate:()V#381#125 prob_bp = 1.0
org.apache.commons.lang.WordUtilsTest:testAbbreviate:()V#381#127 prob_bp = 1.0
org.apache.commons.lang.WordUtilsTest:testAbbreviate:()V#381#128 prob_bp = 1.0
org.apache.commons.lang.WordUtilsTest:testAbbreviate:()V#381#129 prob_bp = 1.0
org.apache.commons.lang.WordUtilsTest:testAbbreviate:()V#381#130 prob_bp = 1.0
org.apache.commons.lang.WordUtilsTest:testAbbreviate:()V#381#133 prob_bp = 1.0
org.apache.commons.lang.WordUtilsTest:testAbbreviate:()V#382#136 prob_bp = 1.0
org.apache.commons.lang.WordUtilsTest:testAbbreviate:()V#382#138 prob_bp = 1.0
org.apache.commons.lang.WordUtilsTest:testAbbreviate:()V#382#140 prob_bp = 1.0
org.apache.commons.lang.WordUtilsTest:testAbbreviate:()V#382#141 prob_bp = 1.0
org.apache.commons.lang.WordUtilsTest:testAbbreviate:()V#382#142 prob_bp = 1.0
org.apache.commons.lang.WordUtilsTest:testAbbreviate:()V#382#144 prob_bp = 1.0
org.apache.commons.lang.WordUtilsTest:testAbbreviate:()V#382#147 prob_bp = 1.0
org.apache.commons.lang.WordUtilsTest:testAbbreviate:()V#383#150 prob_bp = 1.0
org.apache.commons.lang.WordUtilsTest:testAbbreviate:()V#383#152 prob_bp = 1.0
org.apache.commons.lang.WordUtilsTest:testAbbreviate:()V#383#154 prob_bp = 1.0
org.apache.commons.lang.WordUtilsTest:testAbbreviate:()V#383#155 prob_bp = 1.0
org.apache.commons.lang.WordUtilsTest:testAbbreviate:()V#383#156 prob_bp = 1.0
org.apache.commons.lang.WordUtilsTest:testAbbreviate:()V#383#158 prob_bp = 1.0
org.apache.commons.lang.WordUtilsTest:testAbbreviate:()V#383#161 prob_bp = 1.0
org.apache.commons.lang.WordUtilsTest:testAbbreviate:()V#386#164 prob_bp = 1.0
org.apache.commons.lang.WordUtilsTest:testAbbreviate:()V#386#166 prob_bp = 1.0
org.apache.commons.lang.WordUtilsTest:testAbbreviate:()V#386#168 prob_bp = 1.0
org.apache.commons.lang.WordUtilsTest:testAbbreviate:()V#386#169 prob_bp = 1.0
org.apache.commons.lang.WordUtilsTest:testAbbreviate:()V#386#170 prob_bp = 1.0
org.apache.commons.lang.WordUtilsTest:testAbbreviate:()V#386#171 prob_bp = 1.0
org.apache.commons.lang.WordUtilsTest:testAbbreviate:()V#386#174 prob_bp = 1.0
org.apache.commons.lang.WordUtilsTest:testAbbreviate:()V#387#177 prob_bp = 1.0
org.apache.commons.lang.WordUtilsTest:testAbbreviate:()V#387#179 prob_bp = 1.0
org.apache.commons.lang.WordUtilsTest:testAbbreviate:()V#387#181 prob_bp = 1.0
org.apache.commons.lang.WordUtilsTest:testAbbreviate:()V#387#182 prob_bp = 1.0
org.apache.commons.lang.WordUtilsTest:testAbbreviate:()V#387#184 prob_bp = 1.0
org.apache.commons.lang.WordUtilsTest:testAbbreviate:()V#387#185 prob_bp = 1.0
org.apache.commons.lang.WordUtilsTest:testAbbreviate:()V#387#188 prob_bp = 1.0
org.apache.commons.lang.WordUtilsTest:testAbbreviate:()V#388#191 prob_bp = 1.0
org.apache.commons.lang.WordUtilsTest:testAbbreviate:()V#388#193 prob_bp = 1.0
org.apache.commons.lang.WordUtilsTest:testAbbreviate:()V#388#195 prob_bp = 1.0
org.apache.commons.lang.WordUtilsTest:testAbbreviate:()V#388#197 prob_bp = 1.0
org.apache.commons.lang.WordUtilsTest:testAbbreviate:()V#388#198 prob_bp = 1.0
org.apache.commons.lang.WordUtilsTest:testAbbreviate:()V#388#199 prob_bp = 1.0
org.apache.commons.lang.WordUtilsTest:testAbbreviate:()V#388#202 prob_bp = 1.0
org.apache.commons.lang.WordUtilsTest:testAbbreviate:()V#389#205 prob_bp = 1.0
org.apache.commons.lang.WordUtilsTest:testAbbreviate:()V#389#207 prob_bp = 1.0
org.apache.commons.lang.WordUtilsTest:testAbbreviate:()V#389#209 prob_bp = 1.0
org.apache.commons.lang.WordUtilsTest:testAbbreviate:()V#389#211 prob_bp = 1.0
org.apache.commons.lang.WordUtilsTest:testAbbreviate:()V#389#213 prob_bp = 1.0
org.apache.commons.lang.WordUtilsTest:testAbbreviate:()V#389#214 prob_bp = 1.0
org.apache.commons.lang.WordUtilsTest:testAbbreviate:()V#389#217 prob_bp = 1.0
org.apache.commons.lang.WordUtilsTest:testAbbreviate:()V#390#220 prob_bp = 1.0
org.apache.commons.lang.WordUtilsTest:testAbbreviate:()V#390#222 prob_bp = 1.0
org.apache.commons.lang.WordUtilsTest:testAbbreviate:()V#390#224 prob_bp = 1.0
org.apache.commons.lang.WordUtilsTest:testAbbreviate:()V#390#226 prob_bp = 1.0
org.apache.commons.lang.WordUtilsTest:testAbbreviate:()V#390#228 prob_bp = 1.0
org.apache.commons.lang.WordUtilsTest:testAbbreviate:()V#390#229 prob_bp = 1.0
Belief propagation time : 0.144s
