
Probabilities: 
Vars:189
Stmts:146
org.apache.commons.lang3.StringEscapeUtilsTest:testEscapeHiragana:()V#417#0 prob_bp = 1.0
org.apache.commons.lang3.StringEscapeUtilsTest:testEscapeHiragana:()V#417#2 prob_bp = 1.0
org.apache.commons.lang3.StringEscapeUtilsTest:testEscapeHiragana:()V#418#3 prob_bp = 1.0
org.apache.commons.lang3.StringEscapeUtilsTest:testEscapeHiragana:()V#418#4 prob_bp = 1.0
org.apache.commons.lang3.StringEscapeUtilsTest:testEscapeHiragana:()V#418#7 prob_bp = 1.0
org.apache.commons.lang3.StringEscapeUtilsTest:testEscapeHiragana:()V#419#8 prob_bp = 1.0
org.apache.commons.lang3.StringEscapeUtilsTest:testEscapeHiragana:()V#419#10 prob_bp = 1.0
org.apache.commons.lang3.StringEscapeUtilsTest:testEscapeHiragana:()V#419#11 prob_bp = 1.0
org.apache.commons.lang3.StringEscapeUtilsTest:testEscapeHiragana:()V#419#12 prob_bp = 1.0
org.apache.commons.lang3.StringEscapeUtilsTest:testEscapeHiragana:()V#422#15 prob_bp = 1.0
org.apache.commons.lang3.StringEscapeUtilsTest:testEscapeHiragana:()V#422#16 prob_bp = 1.0
org.apache.commons.lang3.StringEscapeUtilsTest:testEscapeHiragana:()V#422#19 prob_bp = 1.0
org.apache.commons.lang3.StringEscapeUtilsTest:testEscapeHiragana:()V#424#20 prob_bp = 1.0
org.apache.commons.lang3.StringEscapeUtilsTest:testEscapeHiragana:()V#424#22 prob_bp = 1.0
org.apache.commons.lang3.StringEscapeUtilsTest:testEscapeHiragana:()V#424#23 prob_bp = 1.0
org.apache.commons.lang3.StringEscapeUtilsTest:testEscapeHiragana:()V#424#24 prob_bp = 1.0
org.apache.commons.lang3.StringEscapeUtilsTest:testEscapeHiragana:()V#425#27 prob_bp = 1.0
org.apache.commons.lang3.StringEscapeUtilsTest:testEscapeHtmlHighUnicode:()V#399#0 prob_bp = 1.0
org.apache.commons.lang3.StringEscapeUtilsTest:testEscapeHtmlHighUnicode:()V#399#1 prob_bp = 1.0
org.apache.commons.lang3.StringEscapeUtilsTest:testEscapeHtmlHighUnicode:()V#399#3 prob_bp = 1.0
org.apache.commons.lang3.StringEscapeUtilsTest:testEscapeHtmlHighUnicode:()V#399#4 prob_bp = 1.0
org.apache.commons.lang3.StringEscapeUtilsTest:testEscapeHtmlHighUnicode:()V#399#5 prob_bp = 1.0
org.apache.commons.lang3.StringEscapeUtilsTest:testEscapeHtmlHighUnicode:()V#399#7 prob_bp = 1.0
org.apache.commons.lang3.StringEscapeUtilsTest:testEscapeHtmlHighUnicode:()V#399#8 prob_bp = 1.0
org.apache.commons.lang3.StringEscapeUtilsTest:testEscapeHtmlHighUnicode:()V#399#9 prob_bp = 1.0
org.apache.commons.lang3.StringEscapeUtilsTest:testEscapeHtmlHighUnicode:()V#399#10 prob_bp = 1.0
org.apache.commons.lang3.StringEscapeUtilsTest:testEscapeHtmlHighUnicode:()V#399#12 prob_bp = 1.0
org.apache.commons.lang3.StringEscapeUtilsTest:testEscapeHtmlHighUnicode:()V#399#13 prob_bp = 1.0
org.apache.commons.lang3.StringEscapeUtilsTest:testEscapeHtmlHighUnicode:()V#399#14 prob_bp = 1.0
org.apache.commons.lang3.StringEscapeUtilsTest:testEscapeHtmlHighUnicode:()V#399#15 prob_bp = 1.0
org.apache.commons.lang3.StringEscapeUtilsTest:testEscapeHtmlHighUnicode:()V#399#17 prob_bp = 1.0
org.apache.commons.lang3.StringEscapeUtilsTest:testEscapeHtmlHighUnicode:()V#399#18 prob_bp = 1.0
org.apache.commons.lang3.StringEscapeUtilsTest:testEscapeHtmlHighUnicode:()V#399#19 prob_bp = 1.0
org.apache.commons.lang3.StringEscapeUtilsTest:testEscapeHtmlHighUnicode:()V#399#20 prob_bp = 1.0
org.apache.commons.lang3.StringEscapeUtilsTest:testEscapeHtmlHighUnicode:()V#399#22 prob_bp = 1.0
org.apache.commons.lang3.StringEscapeUtilsTest:testEscapeHtmlHighUnicode:()V#399#23 prob_bp = 1.0
org.apache.commons.lang3.StringEscapeUtilsTest:testEscapeHtmlHighUnicode:()V#401#24 prob_bp = 1.0
org.apache.commons.lang3.StringEscapeUtilsTest:testEscapeHtmlHighUnicode:()V#401#27 prob_bp = 1.0
org.apache.commons.lang3.StringEscapeUtilsTest:testEscapeHtmlHighUnicode:()V#401#28 prob_bp = 1.0
org.apache.commons.lang3.StringEscapeUtilsTest:testEscapeHtmlHighUnicode:()V#401#29 prob_bp = 1.0
org.apache.commons.lang3.StringEscapeUtilsTest:testEscapeHtmlHighUnicode:()V#401#31 prob_bp = 1.0
org.apache.commons.lang3.StringEscapeUtilsTest:testEscapeHtmlHighUnicode:()V#401#34 prob_bp = 1.0
org.apache.commons.lang3.StringEscapeUtilsTest:testEscapeHtmlHighUnicode:()V#403#35 prob_bp = 1.0
org.apache.commons.lang3.StringEscapeUtilsTest:testEscapeHtmlHighUnicode:()V#403#36 prob_bp = 1.0
org.apache.commons.lang3.StringEscapeUtilsTest:testEscapeHtmlHighUnicode:()V#403#39 prob_bp = 1.0
org.apache.commons.lang3.StringEscapeUtilsTest:testEscapeHtmlHighUnicode:()V#404#40 prob_bp = 1.0
org.apache.commons.lang3.StringEscapeUtilsTest:testEscapeHtmlHighUnicode:()V#404#42 prob_bp = 1.0
org.apache.commons.lang3.StringEscapeUtilsTest:testEscapeHtmlHighUnicode:()V#404#43 prob_bp = 1.0
org.apache.commons.lang3.StringEscapeUtilsTest:testEscapeHtmlHighUnicode:()V#404#44 prob_bp = 1.0
org.apache.commons.lang3.StringEscapeUtilsTest:testEscapeHtmlHighUnicode:()V#406#47 prob_bp = 1.0
org.apache.commons.lang3.StringEscapeUtilsTest:testEscapeHtmlHighUnicode:()V#406#48 prob_bp = 1.0
org.apache.commons.lang3.StringEscapeUtilsTest:testEscapeHtmlHighUnicode:()V#406#51 prob_bp = 1.0
org.apache.commons.lang3.StringEscapeUtilsTest:testEscapeHtmlHighUnicode:()V#407#53 prob_bp = 1.0
org.apache.commons.lang3.StringEscapeUtilsTest:testEscapeHtmlHighUnicode:()V#407#55 prob_bp = 1.0
org.apache.commons.lang3.StringEscapeUtilsTest:testEscapeHtmlHighUnicode:()V#407#56 prob_bp = 1.0
org.apache.commons.lang3.StringEscapeUtilsTest:testEscapeHtmlHighUnicode:()V#407#58 prob_bp = 1.0
org.apache.commons.lang3.StringEscapeUtilsTest:testEscapeHtmlHighUnicode:()V#412#61 prob_bp = 1.0
org.apache.commons.lang3.StringEscapeUtilsTest:testEscapeXml:()V#283#0 prob_bp = 1.0
org.apache.commons.lang3.StringEscapeUtilsTest:testEscapeXml:()V#283#2 prob_bp = 1.0
org.apache.commons.lang3.StringEscapeUtilsTest:testEscapeXml:()V#283#4 prob_bp = 1.0
org.apache.commons.lang3.StringEscapeUtilsTest:testEscapeXml:()V#283#7 prob_bp = 1.0
org.apache.commons.lang3.StringEscapeUtilsTest:testEscapeXml:()V#284#10 prob_bp = 1.0
org.apache.commons.lang3.StringEscapeUtilsTest:testEscapeXml:()V#284#12 prob_bp = 1.0
org.apache.commons.lang3.StringEscapeUtilsTest:testEscapeXml:()V#284#14 prob_bp = 1.0
org.apache.commons.lang3.StringEscapeUtilsTest:testEscapeXml:()V#284#17 prob_bp = 1.0
org.apache.commons.lang3.StringEscapeUtilsTest:testEscapeXml:()V#286#20 prob_bp = 1.0
org.apache.commons.lang3.StringEscapeUtilsTest:testEscapeXml:()V#286#22 prob_bp = 1.0
org.apache.commons.lang3.StringEscapeUtilsTest:testEscapeXml:()V#286#24 prob_bp = 1.0
org.apache.commons.lang3.StringEscapeUtilsTest:testEscapeXml:()V#286#26 prob_bp = 1.0
org.apache.commons.lang3.StringEscapeUtilsTest:testEscapeXml:()V#286#29 prob_bp = 1.0
org.apache.commons.lang3.StringEscapeUtilsTest:testEscapeXml:()V#288#32 prob_bp = 1.0
org.apache.commons.lang3.StringEscapeUtilsTest:testEscapeXml:()V#288#34 prob_bp = 1.0
org.apache.commons.lang3.StringEscapeUtilsTest:testEscapeXml:()V#288#36 prob_bp = 1.0
org.apache.commons.lang3.StringEscapeUtilsTest:testEscapeXml:()V#288#38 prob_bp = 1.0
org.apache.commons.lang3.StringEscapeUtilsTest:testEscapeXml:()V#288#41 prob_bp = 1.0
org.apache.commons.lang3.StringEscapeUtilsTest:testEscapeXml:()V#291#44 prob_bp = 1.0
org.apache.commons.lang3.StringEscapeUtilsTest:testEscapeXml:()V#291#46 prob_bp = 1.0
org.apache.commons.lang3.StringEscapeUtilsTest:testEscapeXml:()V#291#48 prob_bp = 1.0
org.apache.commons.lang3.StringEscapeUtilsTest:testEscapeXml:()V#291#51 prob_bp = 1.0
org.apache.commons.lang3.StringEscapeUtilsTest:testEscapeXml:()V#292#54 prob_bp = 1.0
org.apache.commons.lang3.StringEscapeUtilsTest:testEscapeXml:()V#292#56 prob_bp = 1.0
org.apache.commons.lang3.StringEscapeUtilsTest:testEscapeXml:()V#292#58 prob_bp = 1.0
org.apache.commons.lang3.StringEscapeUtilsTest:testEscapeXml:()V#292#61 prob_bp = 1.0
org.apache.commons.lang3.StringEscapeUtilsTest:testEscapeXml:()V#293#64 prob_bp = 1.0
org.apache.commons.lang3.StringEscapeUtilsTest:testEscapeXml:()V#293#66 prob_bp = 1.0
org.apache.commons.lang3.StringEscapeUtilsTest:testEscapeXml:()V#293#68 prob_bp = 1.0
org.apache.commons.lang3.StringEscapeUtilsTest:testEscapeXml:()V#293#71 prob_bp = 1.0
org.apache.commons.lang3.StringEscapeUtilsTest:testEscapeXml:()V#294#74 prob_bp = 1.0
org.apache.commons.lang3.StringEscapeUtilsTest:testEscapeXml:()V#294#75 prob_bp = 1.0
org.apache.commons.lang3.StringEscapeUtilsTest:testEscapeXml:()V#294#76 prob_bp = 1.0
org.apache.commons.lang3.StringEscapeUtilsTest:testEscapeXml:()V#294#79 prob_bp = 1.0
org.apache.commons.lang3.StringEscapeUtilsTest:testEscapeXml:()V#295#82 prob_bp = 1.0
org.apache.commons.lang3.StringEscapeUtilsTest:testEscapeXml:()V#295#83 prob_bp = 1.0
org.apache.commons.lang3.StringEscapeUtilsTest:testEscapeXml:()V#295#84 prob_bp = 1.0
org.apache.commons.lang3.StringEscapeUtilsTest:testEscapeXml:()V#295#87 prob_bp = 1.0
org.apache.commons.lang3.StringEscapeUtilsTest:testEscapeXml:()V#297#90 prob_bp = 1.0
org.apache.commons.lang3.StringEscapeUtilsTest:testEscapeXml:()V#297#93 prob_bp = 1.0
org.apache.commons.lang3.StringEscapeUtilsTest:testEscapeXml:()V#297#94 prob_bp = 1.0
org.apache.commons.lang3.StringEscapeUtilsTest:testEscapeXml:()V#297#97 prob_bp = 1.0
org.apache.commons.lang3.StringEscapeUtilsTest:testEscapeXml:()V#299#98 prob_bp = 1.0
org.apache.commons.lang3.StringEscapeUtilsTest:testEscapeXml:()V#299#101 prob_bp = 1.0
org.apache.commons.lang3.StringEscapeUtilsTest:testEscapeXml:()V#299#103 prob_bp = 1.0
org.apache.commons.lang3.StringEscapeUtilsTest:testEscapeXml:()V#299#104 prob_bp = 1.0
org.apache.commons.lang3.StringEscapeUtilsTest:testEscapeXml:()V#301#107 prob_bp = 1.0
org.apache.commons.lang3.StringEscapeUtilsTest:testEscapeXml:()V#302#111 prob_bp = 1.0
org.apache.commons.lang3.StringEscapeUtilsTest:testEscapeXml:()V#302#113 prob_bp = 1.0
org.apache.commons.lang3.StringEscapeUtilsTest:testEscapeXml:()V#302#115 prob_bp = 1.0
org.apache.commons.lang3.StringEscapeUtilsTest:testEscapeXml:()V#302#116 prob_bp = 1.0
org.apache.commons.lang3.StringEscapeUtilsTest:testEscapeXml:()V#302#119 prob_bp = 1.0
org.apache.commons.lang3.StringEscapeUtilsTest:testEscapeXml:()V#304#122 prob_bp = 1.0
org.apache.commons.lang3.StringEscapeUtilsTest:testEscapeXml:()V#304#125 prob_bp = 1.0
org.apache.commons.lang3.StringEscapeUtilsTest:testEscapeXml:()V#304#126 prob_bp = 1.0
org.apache.commons.lang3.StringEscapeUtilsTest:testEscapeXml:()V#304#129 prob_bp = 1.0
org.apache.commons.lang3.StringEscapeUtilsTest:testEscapeXml:()V#306#130 prob_bp = 1.0
org.apache.commons.lang3.StringEscapeUtilsTest:testEscapeXml:()V#306#133 prob_bp = 1.0
org.apache.commons.lang3.StringEscapeUtilsTest:testEscapeXml:()V#306#135 prob_bp = 1.0
org.apache.commons.lang3.StringEscapeUtilsTest:testEscapeXml:()V#306#136 prob_bp = 1.0
org.apache.commons.lang3.StringEscapeUtilsTest:testEscapeXml:()V#308#139 prob_bp = 1.0
org.apache.commons.lang3.StringEscapeUtilsTest:testEscapeXml:()V#309#143 prob_bp = 1.0
org.apache.commons.lang3.StringEscapeUtilsTest:testEscapeXml:()V#309#145 prob_bp = 1.0
org.apache.commons.lang3.StringEscapeUtilsTest:testEscapeXml:()V#309#147 prob_bp = 1.0
org.apache.commons.lang3.StringEscapeUtilsTest:testEscapeXml:()V#309#148 prob_bp = 1.0
org.apache.commons.lang3.StringEscapeUtilsTest:testEscapeXml:()V#309#151 prob_bp = 1.0
org.apache.commons.lang3.StringEscapeUtilsTest:testEscapeXml:()V#310#154 prob_bp = 1.0
org.apache.commons.lang3.StringEscapeUtilsTest:testLang313:()V#322#0 prob_bp = 1.0
org.apache.commons.lang3.StringEscapeUtilsTest:testLang313:()V#322#2 prob_bp = 1.0
org.apache.commons.lang3.StringEscapeUtilsTest:testLang313:()V#322#4 prob_bp = 1.0
org.apache.commons.lang3.StringEscapeUtilsTest:testLang313:()V#322#7 prob_bp = 1.0
org.apache.commons.lang3.StringEscapeUtilsTest:testLang313:()V#323#10 prob_bp = 1.0
org.apache.commons.lang3.StringEscapeUtilsTest:testStandaloneAmphersand:()V#315#0 prob_bp = 1.0
org.apache.commons.lang3.StringEscapeUtilsTest:testStandaloneAmphersand:()V#315#2 prob_bp = 1.0
org.apache.commons.lang3.StringEscapeUtilsTest:testStandaloneAmphersand:()V#315#4 prob_bp = 1.0
org.apache.commons.lang3.StringEscapeUtilsTest:testStandaloneAmphersand:()V#315#7 prob_bp = 1.0
org.apache.commons.lang3.StringEscapeUtilsTest:testStandaloneAmphersand:()V#316#10 prob_bp = 1.0
org.apache.commons.lang3.StringEscapeUtilsTest:testStandaloneAmphersand:()V#316#12 prob_bp = 1.0
org.apache.commons.lang3.StringEscapeUtilsTest:testStandaloneAmphersand:()V#316#14 prob_bp = 1.0
org.apache.commons.lang3.StringEscapeUtilsTest:testStandaloneAmphersand:()V#316#17 prob_bp = 1.0
org.apache.commons.lang3.StringEscapeUtilsTest:testStandaloneAmphersand:()V#317#20 prob_bp = 1.0
org.apache.commons.lang3.StringEscapeUtilsTest:testStandaloneAmphersand:()V#317#22 prob_bp = 1.0
org.apache.commons.lang3.StringEscapeUtilsTest:testStandaloneAmphersand:()V#317#24 prob_bp = 1.0
org.apache.commons.lang3.StringEscapeUtilsTest:testStandaloneAmphersand:()V#317#27 prob_bp = 1.0
org.apache.commons.lang3.StringEscapeUtilsTest:testStandaloneAmphersand:()V#318#30 prob_bp = 1.0
org.apache.commons.lang3.StringEscapeUtilsTest:testStandaloneAmphersand:()V#318#32 prob_bp = 1.0
org.apache.commons.lang3.StringEscapeUtilsTest:testStandaloneAmphersand:()V#318#34 prob_bp = 1.0
org.apache.commons.lang3.StringEscapeUtilsTest:testStandaloneAmphersand:()V#318#37 prob_bp = 1.0
org.apache.commons.lang3.StringEscapeUtilsTest:testStandaloneAmphersand:()V#319#40 prob_bp = 1.0
Belief propagation time : 0.01s
