
Probabilities: 
Vars:165
Stmts:101
org.apache.commons.lang3.ClassUtils:toClass:([Ljava/lang/Object;)[Ljava/lang/Class;#910#31 prob_bp = 0.49620195934978584
org.apache.commons.lang3.ClassUtils:toClass:([Ljava/lang/Object;)[Ljava/lang/Class;#909#21 prob_bp = 0.49662991370411
org.apache.commons.lang3.ClassUtils:toClass:([Ljava/lang/Object;)[Ljava/lang/Class;#909#22 prob_bp = 0.49662991378432947
org.apache.commons.lang3.ClassUtils:toClass:([Ljava/lang/Object;)[Ljava/lang/Class;#909#38 prob_bp = 0.49663033120138755
org.apache.commons.lang3.ClassUtils:toClass:([Ljava/lang/Object;)[Ljava/lang/Class;#910#34 prob_bp = 0.49810819106132187
org.apache.commons.lang3.ClassUtils:toClass:([Ljava/lang/Object;)[Ljava/lang/Class;#910#30 prob_bp = 0.49855394769698647
org.apache.commons.lang3.ClassUtils:toClass:([Ljava/lang/Object;)[Ljava/lang/Class;#910#32 prob_bp = 0.49855394769698647
org.apache.commons.lang3.ClassUtils:toClass:([Ljava/lang/Object;)[Ljava/lang/Class;#908#16 prob_bp = 0.4998852564619316
org.apache.commons.lang3.ClassUtils:toClass:([Ljava/lang/Object;)[Ljava/lang/Class;#908#17 prob_bp = 0.49988525647066884
org.apache.commons.lang3.ClassUtils:toClass:([Ljava/lang/Object;)[Ljava/lang/Class;#908#15 prob_bp = 0.4998852564756975
org.apache.commons.lang3.ClassUtils:toClass:([Ljava/lang/Object;)[Ljava/lang/Class;#908#20 prob_bp = 0.4998852565181327
org.apache.commons.lang3.ClassUtils:toClass:([Ljava/lang/Object;)[Ljava/lang/Class;#910#29 prob_bp = 0.4998852568714459
org.apache.commons.lang3.ClassUtils:toClass:([Ljava/lang/Object;)[Ljava/lang/Class;#905#8 prob_bp = 0.499953604766833
org.apache.commons.lang3.ClassUtils:toClass:([Ljava/lang/Object;)[Ljava/lang/Class;#905#7 prob_bp = 0.4999536047876373
org.apache.commons.lang3.ClassUtils:toClass:([Ljava/lang/Object;)[Ljava/lang/Class;#905#6 prob_bp = 0.49995360483700296
org.apache.commons.lang3.ClassUtils:toClass:([Ljava/lang/Object;)[Ljava/lang/Class;#903#1 prob_bp = 0.49999772567883505
org.apache.commons.lang3.ClassUtils:toClass:([Ljava/lang/Object;)[Ljava/lang/Class;#903#0 prob_bp = 0.4999977265356116
org.apache.commons.lang3.ClassUtils:toClass:([Ljava/lang/Object;)[Ljava/lang/Class;#909#26 prob_bp = 0.49999962599775455
org.apache.commons.lang3.ClassUtils:toClass:([Ljava/lang/Object;)[Ljava/lang/Class;#909#24 prob_bp = 0.4999996259977627
org.apache.commons.lang3.ClassUtils:toClass:([Ljava/lang/Object;)[Ljava/lang/Class;#909#25 prob_bp = 0.49999962599784004
org.apache.commons.lang3.ClassUtils:toClass:([Ljava/lang/Object;)[Ljava/lang/Class;#909#23 prob_bp = 0.49999962599834197
org.apache.commons.lang3.ClassUtils:toClass:([Ljava/lang/Object;)[Ljava/lang/Class;#904#4 prob_bp = 0.5
org.apache.commons.lang3.ClassUtils:toClass:([Ljava/lang/Object;)[Ljava/lang/Class;#904#5 prob_bp = 0.5
org.apache.commons.lang3.ClassUtils:toClass:([Ljava/lang/Object;)[Ljava/lang/Class;#906#11 prob_bp = 0.5
org.apache.commons.lang3.ClassUtils:toClass:([Ljava/lang/Object;)[Ljava/lang/Class;#906#14 prob_bp = 0.5
org.apache.commons.lang3.ClassUtils:toClass:([Ljava/lang/Object;)[Ljava/lang/Class;#910#37 prob_bp = 0.5
org.apache.commons.lang3.ClassUtils:toClass:([Ljava/lang/Object;)[Ljava/lang/Class;#909#41 prob_bp = 0.5
org.apache.commons.lang3.ClassUtils:toClass:([Ljava/lang/Object;)[Ljava/lang/Class;#909#26#unexe#2 prob_bp = 0.5
org.apache.commons.lang3.ClassUtils:toClass:([Ljava/lang/Object;)[Ljava/lang/Class;#912#44 prob_bp = 0.5
org.apache.commons.lang3.ClassUtils:toClass:([Ljava/lang/Object;)[Ljava/lang/Class;#912#45 prob_bp = 0.5
org.apache.commons.lang3.ClassUtils:toClass:([Ljava/lang/Object;)[Ljava/lang/Class;#910#33 prob_bp = 0.5000000000000001
org.apache.commons.lang3.ClassUtilsTest:testToClass_object:()V#903#0 prob_bp = 1.0
org.apache.commons.lang3.ClassUtilsTest:testToClass_object:()V#903#1 prob_bp = 1.0
org.apache.commons.lang3.ClassUtilsTest:testToClass_object:()V#903#4 prob_bp = 1.0
org.apache.commons.lang3.ClassUtilsTest:testToClass_object:()V#905#7 prob_bp = 1.0
org.apache.commons.lang3.ClassUtilsTest:testToClass_object:()V#905#10 prob_bp = 1.0
org.apache.commons.lang3.ClassUtilsTest:testToClass_object:()V#905#13 prob_bp = 1.0
org.apache.commons.lang3.ClassUtilsTest:testToClass_object:()V#905#16 prob_bp = 1.0
org.apache.commons.lang3.ClassUtilsTest:testToClass_object:()V#907#19 prob_bp = 1.0
org.apache.commons.lang3.ClassUtilsTest:testToClass_object:()V#907#20 prob_bp = 1.0
org.apache.commons.lang3.ClassUtilsTest:testToClass_object:()V#907#23 prob_bp = 1.0
org.apache.commons.lang3.ClassUtilsTest:testToClass_object:()V#907#24 prob_bp = 1.0
org.apache.commons.lang3.ClassUtilsTest:testToClass_object:()V#907#25 prob_bp = 1.0
org.apache.commons.lang3.ClassUtilsTest:testToClass_object:()V#907#28 prob_bp = 1.0
org.apache.commons.lang3.ClassUtilsTest:testToClass_object:()V#907#29 prob_bp = 1.0
org.apache.commons.lang3.ClassUtilsTest:testToClass_object:()V#907#30 prob_bp = 1.0
org.apache.commons.lang3.ClassUtilsTest:testToClass_object:()V#907#31 prob_bp = 1.0
org.apache.commons.lang3.ClassUtilsTest:testToClass_object:()V#907#34 prob_bp = 1.0
org.apache.commons.lang3.ClassUtilsTest:testToClass_object:()V#907#35 prob_bp = 1.0
org.apache.commons.lang3.ClassUtilsTest:testToClass_object:()V#907#36 prob_bp = 1.0
org.apache.commons.lang3.ClassUtilsTest:testToClass_object:()V#907#37 prob_bp = 1.0
org.apache.commons.lang3.ClassUtilsTest:testToClass_object:()V#907#40 prob_bp = 1.0
org.apache.commons.lang3.ClassUtilsTest:testToClass_object:()V#907#41 prob_bp = 1.0
org.apache.commons.lang3.ClassUtilsTest:testToClass_object:()V#907#42 prob_bp = 1.0
org.apache.commons.lang3.ClassUtilsTest:testToClass_object:()V#907#45 prob_bp = 1.0
org.apache.commons.lang3.ClassUtilsTest:testToClass_object:()V#907#46 prob_bp = 1.0
org.apache.commons.lang3.ClassUtilsTest:testToClass_object:()V#907#47 prob_bp = 1.0
org.apache.commons.lang3.ClassUtilsTest:testToClass_object:()V#907#50 prob_bp = 1.0
org.apache.commons.lang3.ClassUtilsTest:testToClass_object:()V#907#51 prob_bp = 1.0
org.apache.commons.lang3.ClassUtilsTest:testToClass_object:()V#907#52 prob_bp = 1.0
org.apache.commons.lang3.ClassUtilsTest:testToClass_object:()V#907#53 prob_bp = 1.0
org.apache.commons.lang3.ClassUtilsTest:testToClass_object:()V#907#54 prob_bp = 1.0
org.apache.commons.lang3.ClassUtilsTest:testToClass_object:()V#907#57 prob_bp = 1.0
org.apache.commons.lang3.ClassUtilsTest:testToClass_object:()V#907#58 prob_bp = 1.0
org.apache.commons.lang3.ClassUtilsTest:testToClass_object:()V#907#59 prob_bp = 1.0
org.apache.commons.lang3.ClassUtilsTest:testToClass_object:()V#907#60 prob_bp = 1.0
org.apache.commons.lang3.ClassUtilsTest:testToClass_object:()V#907#63 prob_bp = 1.0
org.apache.commons.lang3.ClassUtilsTest:testToClass_object:()V#907#66 prob_bp = 1.0
org.apache.commons.lang3.ClassUtilsTest:testToClass_object:()V#907#67 prob_bp = 1.0
org.apache.commons.lang3.ClassUtilsTest:testToClass_object:()V#907#70 prob_bp = 1.0
org.apache.commons.lang3.ClassUtilsTest:testToClass_object:()V#907#73 prob_bp = 1.0
org.apache.commons.lang3.ClassUtilsTest:testToClass_object:()V#910#76 prob_bp = 1.0
org.apache.commons.lang3.ClassUtilsTest:testToClass_object:()V#910#77 prob_bp = 1.0
org.apache.commons.lang3.ClassUtilsTest:testToClass_object:()V#910#80 prob_bp = 1.0
org.apache.commons.lang3.ClassUtilsTest:testToClass_object:()V#910#81 prob_bp = 1.0
org.apache.commons.lang3.ClassUtilsTest:testToClass_object:()V#910#82 prob_bp = 1.0
org.apache.commons.lang3.ClassUtilsTest:testToClass_object:()V#910#85 prob_bp = 1.0
org.apache.commons.lang3.ClassUtilsTest:testToClass_object:()V#910#86 prob_bp = 1.0
org.apache.commons.lang3.ClassUtilsTest:testToClass_object:()V#910#87 prob_bp = 1.0
org.apache.commons.lang3.ClassUtilsTest:testToClass_object:()V#910#88 prob_bp = 1.0
org.apache.commons.lang3.ClassUtilsTest:testToClass_object:()V#910#89 prob_bp = 1.0
org.apache.commons.lang3.ClassUtilsTest:testToClass_object:()V#910#90 prob_bp = 1.0
org.apache.commons.lang3.ClassUtilsTest:testToClass_object:()V#910#91 prob_bp = 1.0
org.apache.commons.lang3.ClassUtilsTest:testToClass_object:()V#910#92 prob_bp = 1.0
org.apache.commons.lang3.ClassUtilsTest:testToClass_object:()V#910#95 prob_bp = 1.0
org.apache.commons.lang3.ClassUtilsTest:testToClass_object:()V#910#96 prob_bp = 1.0
org.apache.commons.lang3.ClassUtilsTest:testToClass_object:()V#910#97 prob_bp = 1.0
org.apache.commons.lang3.ClassUtilsTest:testToClass_object:()V#910#100 prob_bp = 1.0
org.apache.commons.lang3.ClassUtilsTest:testToClass_object:()V#910#101 prob_bp = 1.0
org.apache.commons.lang3.ClassUtilsTest:testToClass_object:()V#910#102 prob_bp = 1.0
org.apache.commons.lang3.ClassUtilsTest:testToClass_object:()V#910#105 prob_bp = 1.0
org.apache.commons.lang3.ClassUtilsTest:testToClass_object:()V#910#106 prob_bp = 1.0
org.apache.commons.lang3.ClassUtilsTest:testToClass_object:()V#910#107 prob_bp = 1.0
org.apache.commons.lang3.ClassUtilsTest:testToClass_object:()V#910#108 prob_bp = 1.0
org.apache.commons.lang3.ClassUtilsTest:testToClass_object:()V#910#109 prob_bp = 1.0
org.apache.commons.lang3.ClassUtilsTest:testToClass_object:()V#910#110 prob_bp = 1.0
org.apache.commons.lang3.ClassUtilsTest:testToClass_object:()V#910#111 prob_bp = 1.0
org.apache.commons.lang3.ClassUtilsTest:testToClass_object:()V#910#112 prob_bp = 1.0
org.apache.commons.lang3.ClassUtilsTest:testToClass_object:()V#910#115 prob_bp = 1.0
org.apache.commons.lang3.ClassUtilsTest:testToClass_object:()V#910#118 prob_bp = 1.0
org.apache.commons.lang3.ClassUtilsTest:testToClass_object:()V#910#119 prob_bp = 1.0
Belief propagation time : 0.036s
