
Probabilities: 
Vars:4196
Stmts:196
org.apache.commons.lang3.text.translate.EntityArrays:ISO8859_1_ESCAPE:()[[Ljava/lang/String;#30#0 prob_bp = 1.0E-10
org.apache.commons.lang3.StringEscapeUtilsTest:assertUnescapeJava:(Ljava/lang/String;Ljava/lang/String;)V#152#0 prob_bp = 0.5
org.apache.commons.lang3.StringEscapeUtilsTest:assertUnescapeJava:(Ljava/lang/String;Ljava/lang/String;)V#152#1 prob_bp = 0.5
org.apache.commons.lang3.StringEscapeUtilsTest:assertUnescapeJava:(Ljava/lang/String;Ljava/lang/String;)V#152#2 prob_bp = 0.5
org.apache.commons.lang3.StringEscapeUtilsTest:assertUnescapeJava:(Ljava/lang/String;Ljava/lang/String;)V#152#3 prob_bp = 0.5
org.apache.commons.lang3.StringEscapeUtilsTest:assertUnescapeJava:(Ljava/lang/String;Ljava/lang/String;)V#152#4 prob_bp = 0.5
org.apache.commons.lang3.StringEscapeUtilsTest:assertUnescapeJava:(Ljava/lang/String;Ljava/lang/String;Ljava/lang/String;)V#156#0 prob_bp = 0.5
org.apache.commons.lang3.StringEscapeUtilsTest:assertUnescapeJava:(Ljava/lang/String;Ljava/lang/String;Ljava/lang/String;)V#156#1 prob_bp = 0.5
org.apache.commons.lang3.StringEscapeUtilsTest:assertUnescapeJava:(Ljava/lang/String;Ljava/lang/String;Ljava/lang/String;)V#157#3 prob_bp = 0.5
org.apache.commons.lang3.StringEscapeUtilsTest:assertUnescapeJava:(Ljava/lang/String;Ljava/lang/String;Ljava/lang/String;)V#157#4 prob_bp = 0.5
org.apache.commons.lang3.StringEscapeUtilsTest:assertUnescapeJava:(Ljava/lang/String;Ljava/lang/String;Ljava/lang/String;)V#157#7 prob_bp = 0.5
org.apache.commons.lang3.StringEscapeUtilsTest:assertUnescapeJava:(Ljava/lang/String;Ljava/lang/String;Ljava/lang/String;)V#159#9 prob_bp = 0.5
org.apache.commons.lang3.StringEscapeUtilsTest:assertUnescapeJava:(Ljava/lang/String;Ljava/lang/String;Ljava/lang/String;)V#159#12 prob_bp = 0.5
org.apache.commons.lang3.StringEscapeUtilsTest:assertUnescapeJava:(Ljava/lang/String;Ljava/lang/String;Ljava/lang/String;)V#159#13 prob_bp = 0.5
org.apache.commons.lang3.StringEscapeUtilsTest:assertUnescapeJava:(Ljava/lang/String;Ljava/lang/String;Ljava/lang/String;)V#159#16 prob_bp = 0.5
org.apache.commons.lang3.StringEscapeUtilsTest:assertUnescapeJava:(Ljava/lang/String;Ljava/lang/String;Ljava/lang/String;)V#159#18 prob_bp = 0.5
org.apache.commons.lang3.StringEscapeUtilsTest:assertUnescapeJava:(Ljava/lang/String;Ljava/lang/String;Ljava/lang/String;)V#159#21 prob_bp = 0.5
org.apache.commons.lang3.StringEscapeUtilsTest:assertUnescapeJava:(Ljava/lang/String;Ljava/lang/String;Ljava/lang/String;)V#159#22 prob_bp = 0.5
org.apache.commons.lang3.StringEscapeUtilsTest:assertUnescapeJava:(Ljava/lang/String;Ljava/lang/String;Ljava/lang/String;)V#159#25 prob_bp = 0.5
org.apache.commons.lang3.StringEscapeUtilsTest:assertUnescapeJava:(Ljava/lang/String;Ljava/lang/String;Ljava/lang/String;)V#159#27 prob_bp = 0.5
org.apache.commons.lang3.StringEscapeUtilsTest:assertUnescapeJava:(Ljava/lang/String;Ljava/lang/String;Ljava/lang/String;)V#159#49 prob_bp = 0.5
org.apache.commons.lang3.StringEscapeUtilsTest:assertUnescapeJava:(Ljava/lang/String;Ljava/lang/String;Ljava/lang/String;)V#159#52 prob_bp = 0.5
org.apache.commons.lang3.StringEscapeUtilsTest:assertUnescapeJava:(Ljava/lang/String;Ljava/lang/String;Ljava/lang/String;)V#159#54 prob_bp = 0.5
org.apache.commons.lang3.StringEscapeUtilsTest:assertUnescapeJava:(Ljava/lang/String;Ljava/lang/String;Ljava/lang/String;)V#159#57 prob_bp = 0.5
org.apache.commons.lang3.StringEscapeUtilsTest:assertUnescapeJava:(Ljava/lang/String;Ljava/lang/String;Ljava/lang/String;)V#159#59 prob_bp = 0.5
org.apache.commons.lang3.StringEscapeUtilsTest:assertUnescapeJava:(Ljava/lang/String;Ljava/lang/String;Ljava/lang/String;)V#159#62 prob_bp = 0.5
org.apache.commons.lang3.StringEscapeUtilsTest:assertUnescapeJava:(Ljava/lang/String;Ljava/lang/String;Ljava/lang/String;)V#159#65 prob_bp = 0.5
org.apache.commons.lang3.StringEscapeUtilsTest:assertUnescapeJava:(Ljava/lang/String;Ljava/lang/String;Ljava/lang/String;)V#159#67 prob_bp = 0.5
org.apache.commons.lang3.StringEscapeUtilsTest:assertUnescapeJava:(Ljava/lang/String;Ljava/lang/String;Ljava/lang/String;)V#159#70 prob_bp = 0.5
org.apache.commons.lang3.StringEscapeUtilsTest:assertUnescapeJava:(Ljava/lang/String;Ljava/lang/String;Ljava/lang/String;)V#159#72 prob_bp = 0.5
org.apache.commons.lang3.StringEscapeUtilsTest:assertUnescapeJava:(Ljava/lang/String;Ljava/lang/String;Ljava/lang/String;)V#159#75 prob_bp = 0.5
org.apache.commons.lang3.StringEscapeUtilsTest:assertUnescapeJava:(Ljava/lang/String;Ljava/lang/String;Ljava/lang/String;)V#159#78 prob_bp = 0.5
org.apache.commons.lang3.StringEscapeUtilsTest:assertUnescapeJava:(Ljava/lang/String;Ljava/lang/String;Ljava/lang/String;)V#159#80 prob_bp = 0.5
org.apache.commons.lang3.StringEscapeUtilsTest:assertUnescapeJava:(Ljava/lang/String;Ljava/lang/String;Ljava/lang/String;)V#159#83 prob_bp = 0.5
org.apache.commons.lang3.StringEscapeUtilsTest:assertUnescapeJava:(Ljava/lang/String;Ljava/lang/String;Ljava/lang/String;)V#159#86 prob_bp = 0.5
org.apache.commons.lang3.StringEscapeUtilsTest:assertUnescapeJava:(Ljava/lang/String;Ljava/lang/String;Ljava/lang/String;)V#159#88 prob_bp = 0.5
org.apache.commons.lang3.StringEscapeUtilsTest:assertUnescapeJava:(Ljava/lang/String;Ljava/lang/String;Ljava/lang/String;)V#159#90 prob_bp = 0.5
org.apache.commons.lang3.StringEscapeUtilsTest:assertUnescapeJava:(Ljava/lang/String;Ljava/lang/String;Ljava/lang/String;)V#166#97 prob_bp = 0.5
org.apache.commons.lang3.StringEscapeUtilsTest:assertUnescapeJava:(Ljava/lang/String;Ljava/lang/String;Ljava/lang/String;)V#167#105 prob_bp = 0.5
org.apache.commons.lang3.StringEscapeUtilsTest:assertUnescapeJava:(Ljava/lang/String;Ljava/lang/String;Ljava/lang/String;)V#167#106 prob_bp = 0.5
org.apache.commons.lang3.StringEscapeUtilsTest:assertUnescapeJava:(Ljava/lang/String;Ljava/lang/String;Ljava/lang/String;)V#170#120 prob_bp = 0.5
org.apache.commons.lang3.StringEscapeUtilsTest:assertUnescapeJava:(Ljava/lang/String;Ljava/lang/String;)V#153#7 prob_bp = 0.5
org.apache.commons.lang3.StringEscapeUtilsTest:assertUnescapeJava:(Ljava/lang/String;Ljava/lang/String;Ljava/lang/String;)V#159#30 prob_bp = 0.5
org.apache.commons.lang3.StringEscapeUtilsTest:assertUnescapeJava:(Ljava/lang/String;Ljava/lang/String;Ljava/lang/String;)V#159#33 prob_bp = 0.5
org.apache.commons.lang3.StringEscapeUtilsTest:assertUnescapeJava:(Ljava/lang/String;Ljava/lang/String;Ljava/lang/String;)V#159#34 prob_bp = 0.5
org.apache.commons.lang3.StringEscapeUtilsTest:assertUnescapeJava:(Ljava/lang/String;Ljava/lang/String;Ljava/lang/String;)V#159#37 prob_bp = 0.5
org.apache.commons.lang3.StringEscapeUtilsTest:assertUnescapeJava:(Ljava/lang/String;Ljava/lang/String;Ljava/lang/String;)V#159#39 prob_bp = 0.5
org.apache.commons.lang3.StringEscapeUtilsTest:assertUnescapeJava:(Ljava/lang/String;Ljava/lang/String;Ljava/lang/String;)V#159#42 prob_bp = 0.5
org.apache.commons.lang3.StringEscapeUtilsTest:assertUnescapeJava:(Ljava/lang/String;Ljava/lang/String;Ljava/lang/String;)V#159#43 prob_bp = 0.5
org.apache.commons.lang3.StringEscapeUtilsTest:assertUnescapeJava:(Ljava/lang/String;Ljava/lang/String;Ljava/lang/String;)V#159#46 prob_bp = 0.5
org.apache.commons.lang3.text.translate.EntityArrays:ISO8859_1_ESCAPE:()[[Ljava/lang/String;#30#3 prob_bp = 0.5
org.apache.commons.lang3.text.translate.EntityArrays:ISO8859_1_ESCAPE:()[[Ljava/lang/String;#30#6 prob_bp = 0.5
org.apache.commons.lang3.text.translate.EntityArrays:ISO8859_1_ESCAPE:()[[Ljava/lang/String;#30#9 prob_bp = 0.5
org.apache.commons.lang3.text.translate.EntityArraysTest:testISO8859_1_ESCAPE:()V#55#63#unexe#4 prob_bp = 0.5
org.apache.commons.lang3.text.translate.EntityArraysTest:testISO8859_1_ESCAPE:()V#59#125#unexe#4 prob_bp = 0.5
org.apache.commons.lang3.text.translate.EntityArraysTest:testISO8859_1_ESCAPE:()V#52#30#unexe#4 prob_bp = 0.5
org.apache.commons.lang3.text.translate.EntityArraysTest:testISO8859_1_ESCAPE:()V#52#30#unexe#5 prob_bp = 0.5
org.apache.commons.lang3.text.translate.EntityArraysTest:testISO8859_1_ESCAPE:()V#52#30#unexe#6 prob_bp = 0.5
org.apache.commons.lang3.text.translate.EntityArraysTest:testISO8859_1_ESCAPE:()V#52#30#unexe#7 prob_bp = 0.5
org.apache.commons.lang3.StringEscapeUtilsTest:assertUnescapeJava:(Ljava/lang/String;Ljava/lang/String;Ljava/lang/String;)V#166#93 prob_bp = 0.9999999984999999
org.apache.commons.lang3.StringEscapeUtilsTest:assertUnescapeJava:(Ljava/lang/String;Ljava/lang/String;Ljava/lang/String;)V#166#96 prob_bp = 0.9999999985999999
org.apache.commons.lang3.StringEscapeUtilsTest:assertUnescapeJava:(Ljava/lang/String;Ljava/lang/String;Ljava/lang/String;)V#166#100 prob_bp = 0.9999999987999999
org.apache.commons.lang3.StringEscapeUtilsTest:assertUnescapeJava:(Ljava/lang/String;Ljava/lang/String;Ljava/lang/String;)V#168#112 prob_bp = 0.9999999991999999
org.apache.commons.lang3.StringEscapeUtilsTest:assertUnescapeJava:(Ljava/lang/String;Ljava/lang/String;Ljava/lang/String;)V#167#102 prob_bp = 0.9999999992999999
org.apache.commons.lang3.StringEscapeUtilsTest:assertUnescapeJava:(Ljava/lang/String;Ljava/lang/String;Ljava/lang/String;)V#167#108 prob_bp = 0.9999999994
org.apache.commons.lang3.StringEscapeUtilsTest:assertUnescapeJava:(Ljava/lang/String;Ljava/lang/String;Ljava/lang/String;)V#168#111 prob_bp = 0.9999999996
org.apache.commons.lang3.StringEscapeUtilsTest:testUnescapeJava:()V#118#0 prob_bp = 1.0
org.apache.commons.lang3.StringEscapeUtilsTest:testUnescapeJava:()V#118#1 prob_bp = 1.0
org.apache.commons.lang3.StringEscapeUtilsTest:testUnescapeJava:()V#118#2 prob_bp = 1.0
org.apache.commons.lang3.StringEscapeUtilsTest:testUnescapeJava:()V#118#5 prob_bp = 1.0
org.apache.commons.lang3.StringEscapeUtilsTest:testUnescapeJava:()V#120#8 prob_bp = 1.0
org.apache.commons.lang3.StringEscapeUtilsTest:testUnescapeJava:()V#120#11 prob_bp = 1.0
org.apache.commons.lang3.StringEscapeUtilsTest:testUnescapeJava:()V#120#12 prob_bp = 1.0
org.apache.commons.lang3.StringEscapeUtilsTest:testUnescapeJava:()V#120#13 prob_bp = 1.0
org.apache.commons.lang3.StringEscapeUtilsTest:testUnescapeJava:()V#124#29 prob_bp = 1.0
org.apache.commons.lang3.StringEscapeUtilsTest:testUnescapeJava:()V#127#30 prob_bp = 1.0
org.apache.commons.lang3.StringEscapeUtilsTest:testUnescapeJava:()V#127#33 prob_bp = 1.0
org.apache.commons.lang3.StringEscapeUtilsTest:testUnescapeJava:()V#127#35 prob_bp = 1.0
org.apache.commons.lang3.StringEscapeUtilsTest:testUnescapeJava:()V#127#36 prob_bp = 1.0
org.apache.commons.lang3.StringEscapeUtilsTest:testUnescapeJava:()V#131#52 prob_bp = 1.0
org.apache.commons.lang3.StringEscapeUtilsTest:testUnescapeJava:()V#134#53 prob_bp = 1.0
org.apache.commons.lang3.StringEscapeUtilsTest:testUnescapeJava:()V#134#55 prob_bp = 1.0
org.apache.commons.lang3.StringEscapeUtilsTest:testUnescapeJava:()V#136#65 prob_bp = 1.0
org.apache.commons.lang3.StringEscapeUtilsTest:testUnescapeJava:()V#139#66 prob_bp = 1.0
org.apache.commons.lang3.StringEscapeUtilsTest:testUnescapeJava:()V#139#67 prob_bp = 1.0
org.apache.commons.lang3.StringEscapeUtilsTest:testUnescapeJava:()V#139#69 prob_bp = 1.0
org.apache.commons.lang3.StringEscapeUtilsTest:testUnescapeJava:()V#139#71 prob_bp = 1.0
org.apache.commons.lang3.StringEscapeUtilsTest:assertUnescapeJava:(Ljava/lang/String;Ljava/lang/String;Ljava/lang/String;)V#168#114 prob_bp = 1.0
org.apache.commons.lang3.StringEscapeUtilsTest:assertUnescapeJava:(Ljava/lang/String;Ljava/lang/String;Ljava/lang/String;)V#168#117 prob_bp = 1.0
org.apache.commons.lang3.StringEscapeUtilsTest:testUnescapeJava:()V#140#74 prob_bp = 1.0
org.apache.commons.lang3.StringEscapeUtilsTest:testUnescapeJava:()V#140#75 prob_bp = 1.0
org.apache.commons.lang3.StringEscapeUtilsTest:testUnescapeJava:()V#140#77 prob_bp = 1.0
org.apache.commons.lang3.StringEscapeUtilsTest:testUnescapeJava:()V#140#79 prob_bp = 1.0
org.apache.commons.lang3.StringEscapeUtilsTest:testUnescapeJava:()V#141#82 prob_bp = 1.0
org.apache.commons.lang3.StringEscapeUtilsTest:testUnescapeJava:()V#141#83 prob_bp = 1.0
org.apache.commons.lang3.StringEscapeUtilsTest:testUnescapeJava:()V#141#85 prob_bp = 1.0
org.apache.commons.lang3.StringEscapeUtilsTest:testUnescapeJava:()V#141#87 prob_bp = 1.0
org.apache.commons.lang3.StringEscapeUtilsTest:testUnescapeJava:()V#142#90 prob_bp = 1.0
org.apache.commons.lang3.StringEscapeUtilsTest:testUnescapeJava:()V#142#91 prob_bp = 1.0
org.apache.commons.lang3.StringEscapeUtilsTest:testUnescapeJava:()V#142#93 prob_bp = 1.0
org.apache.commons.lang3.StringEscapeUtilsTest:testUnescapeJava:()V#142#95 prob_bp = 1.0
org.apache.commons.lang3.StringEscapeUtilsTest:testUnescapeJava:()V#143#98 prob_bp = 1.0
org.apache.commons.lang3.StringEscapeUtilsTest:testUnescapeJava:()V#143#99 prob_bp = 1.0
org.apache.commons.lang3.StringEscapeUtilsTest:testUnescapeJava:()V#143#101 prob_bp = 1.0
org.apache.commons.lang3.StringEscapeUtilsTest:testUnescapeJava:()V#143#103 prob_bp = 1.0
org.apache.commons.lang3.StringEscapeUtilsTest:testUnescapeJava:()V#144#106 prob_bp = 1.0
org.apache.commons.lang3.StringEscapeUtilsTest:testUnescapeJava:()V#144#107 prob_bp = 1.0
org.apache.commons.lang3.StringEscapeUtilsTest:testUnescapeJava:()V#144#109 prob_bp = 1.0
org.apache.commons.lang3.StringEscapeUtilsTest:testUnescapeJava:()V#144#111 prob_bp = 1.0
org.apache.commons.lang3.StringEscapeUtilsTest:testUnescapeJava:()V#146#114 prob_bp = 1.0
org.apache.commons.lang3.StringEscapeUtilsTest:testUnescapeJava:()V#146#115 prob_bp = 1.0
org.apache.commons.lang3.StringEscapeUtilsTest:testUnescapeJava:()V#146#117 prob_bp = 1.0
org.apache.commons.lang3.StringEscapeUtilsTest:testUnescapeJava:()V#146#119 prob_bp = 1.0
org.apache.commons.lang3.StringEscapeUtilsTest:testUnescapeJava:()V#146#121 prob_bp = 1.0
org.apache.commons.lang3.StringEscapeUtilsTest:testUnescapeJava:()V#147#124 prob_bp = 1.0
org.apache.commons.lang3.StringEscapeUtilsTest:testUnescapeJava:()V#147#125 prob_bp = 1.0
org.apache.commons.lang3.StringEscapeUtilsTest:testUnescapeJava:()V#147#127 prob_bp = 1.0
org.apache.commons.lang3.StringEscapeUtilsTest:testUnescapeJava:()V#147#129 prob_bp = 1.0
org.apache.commons.lang3.StringEscapeUtilsTest:testUnescapeJava:()V#147#131 prob_bp = 1.0
org.apache.commons.lang3.StringEscapeUtilsTest:testUnescapeJava:()V#148#134 prob_bp = 1.0
org.apache.commons.lang3.StringEscapeUtilsTest:testUnescapeJava:()V#148#135 prob_bp = 1.0
org.apache.commons.lang3.StringEscapeUtilsTest:testUnescapeJava:()V#148#137 prob_bp = 1.0
org.apache.commons.lang3.StringEscapeUtilsTest:testUnescapeJava:()V#148#139 prob_bp = 1.0
org.apache.commons.lang3.StringEscapeUtilsTest:testUnescapeJava:()V#148#141 prob_bp = 1.0
org.apache.commons.lang3.StringEscapeUtilsTest:testUnescapeJava:()V#149#144 prob_bp = 1.0
org.apache.commons.lang3.text.translate.EntityArraysTest:testISO8859_1_ESCAPE:()V#48#0 prob_bp = 1.0
org.apache.commons.lang3.text.translate.EntityArraysTest:testISO8859_1_ESCAPE:()V#48#3 prob_bp = 1.0
org.apache.commons.lang3.text.translate.EntityArraysTest:testISO8859_1_ESCAPE:()V#48#4 prob_bp = 1.0
org.apache.commons.lang3.text.translate.EntityArraysTest:testISO8859_1_ESCAPE:()V#48#7 prob_bp = 1.0
org.apache.commons.lang3.text.translate.EntityArraysTest:testISO8859_1_ESCAPE:()V#49#8 prob_bp = 1.0
org.apache.commons.lang3.text.translate.EntityArraysTest:testISO8859_1_ESCAPE:()V#49#11 prob_bp = 1.0
org.apache.commons.lang3.text.translate.EntityArraysTest:testISO8859_1_ESCAPE:()V#49#12 prob_bp = 1.0
org.apache.commons.lang3.text.translate.EntityArraysTest:testISO8859_1_ESCAPE:()V#49#15 prob_bp = 1.0
org.apache.commons.lang3.text.translate.EntityArraysTest:testISO8859_1_ESCAPE:()V#50#16 prob_bp = 1.0
org.apache.commons.lang3.text.translate.EntityArraysTest:testISO8859_1_ESCAPE:()V#50#19 prob_bp = 1.0
org.apache.commons.lang3.text.translate.EntityArraysTest:testISO8859_1_ESCAPE:()V#51#20 prob_bp = 1.0
org.apache.commons.lang3.text.translate.EntityArraysTest:testISO8859_1_ESCAPE:()V#51#21 prob_bp = 1.0
org.apache.commons.lang3.text.translate.EntityArraysTest:testISO8859_1_ESCAPE:()V#52#23 prob_bp = 1.0
org.apache.commons.lang3.text.translate.EntityArraysTest:testISO8859_1_ESCAPE:()V#52#24 prob_bp = 1.0
org.apache.commons.lang3.text.translate.EntityArraysTest:testISO8859_1_ESCAPE:()V#52#26 prob_bp = 1.0
org.apache.commons.lang3.text.translate.EntityArraysTest:testISO8859_1_ESCAPE:()V#52#28 prob_bp = 1.0
org.apache.commons.lang3.text.translate.EntityArraysTest:testISO8859_1_ESCAPE:()V#52#29 prob_bp = 1.0
org.apache.commons.lang3.text.translate.EntityArraysTest:testISO8859_1_ESCAPE:()V#52#30 prob_bp = 1.0
org.apache.commons.lang3.text.translate.EntityArraysTest:testISO8859_1_ESCAPE:()V#53#33 prob_bp = 1.0
org.apache.commons.lang3.text.translate.EntityArraysTest:testISO8859_1_ESCAPE:()V#53#34 prob_bp = 1.0
org.apache.commons.lang3.text.translate.EntityArraysTest:testISO8859_1_ESCAPE:()V#53#35 prob_bp = 1.0
org.apache.commons.lang3.text.translate.EntityArraysTest:testISO8859_1_ESCAPE:()V#53#37 prob_bp = 1.0
org.apache.commons.lang3.text.translate.EntityArraysTest:testISO8859_1_ESCAPE:()V#53#38 prob_bp = 1.0
org.apache.commons.lang3.text.translate.EntityArraysTest:testISO8859_1_ESCAPE:()V#53#39 prob_bp = 1.0
org.apache.commons.lang3.text.translate.EntityArraysTest:testISO8859_1_ESCAPE:()V#53#40 prob_bp = 1.0
org.apache.commons.lang3.text.translate.EntityArraysTest:testISO8859_1_ESCAPE:()V#53#45 prob_bp = 1.0
org.apache.commons.lang3.text.translate.EntityArraysTest:testISO8859_1_ESCAPE:()V#54#47 prob_bp = 1.0
org.apache.commons.lang3.text.translate.EntityArraysTest:testISO8859_1_ESCAPE:()V#54#48 prob_bp = 1.0
org.apache.commons.lang3.text.translate.EntityArraysTest:testISO8859_1_ESCAPE:()V#54#49 prob_bp = 1.0
org.apache.commons.lang3.text.translate.EntityArraysTest:testISO8859_1_ESCAPE:()V#54#51 prob_bp = 1.0
org.apache.commons.lang3.text.translate.EntityArraysTest:testISO8859_1_ESCAPE:()V#54#52 prob_bp = 1.0
org.apache.commons.lang3.text.translate.EntityArraysTest:testISO8859_1_ESCAPE:()V#54#53 prob_bp = 1.0
org.apache.commons.lang3.text.translate.EntityArraysTest:testISO8859_1_ESCAPE:()V#54#54 prob_bp = 1.0
org.apache.commons.lang3.text.translate.EntityArraysTest:testISO8859_1_ESCAPE:()V#54#59 prob_bp = 1.0
org.apache.commons.lang3.text.translate.EntityArraysTest:testISO8859_1_ESCAPE:()V#55#61 prob_bp = 1.0
org.apache.commons.lang3.text.translate.EntityArraysTest:testISO8859_1_ESCAPE:()V#55#63 prob_bp = 1.0
org.apache.commons.lang3.text.translate.EntityArraysTest:testISO8859_1_ESCAPE:()V#59#123 prob_bp = 1.0
org.apache.commons.lang3.text.translate.EntityArraysTest:testISO8859_1_ESCAPE:()V#59#125 prob_bp = 1.0
org.apache.commons.lang3.text.translate.EntityArraysTest:testISO8859_1_ESCAPE:()V#52#185 prob_bp = 1.0
org.apache.commons.lang3.text.translate.EntityArraysTest:testISO8859_1_ESCAPE:()V#52#188 prob_bp = 1.0
org.apache.commons.lang3.text.translate.EntityArraysTest:testISO8859_1_ESCAPE:()V#56#66 prob_bp = 1.0
org.apache.commons.lang3.text.translate.EntityArraysTest:testISO8859_1_ESCAPE:()V#56#67 prob_bp = 1.0
org.apache.commons.lang3.text.translate.EntityArraysTest:testISO8859_1_ESCAPE:()V#57#69 prob_bp = 1.0
org.apache.commons.lang3.text.translate.EntityArraysTest:testISO8859_1_ESCAPE:()V#57#72 prob_bp = 1.0
org.apache.commons.lang3.text.translate.EntityArraysTest:testISO8859_1_ESCAPE:()V#57#75 prob_bp = 1.0
org.apache.commons.lang3.text.translate.EntityArraysTest:testISO8859_1_ESCAPE:()V#57#76 prob_bp = 1.0
org.apache.commons.lang3.text.translate.EntityArraysTest:testISO8859_1_ESCAPE:()V#57#79 prob_bp = 1.0
org.apache.commons.lang3.text.translate.EntityArraysTest:testISO8859_1_ESCAPE:()V#57#81 prob_bp = 1.0
org.apache.commons.lang3.text.translate.EntityArraysTest:testISO8859_1_ESCAPE:()V#57#84 prob_bp = 1.0
org.apache.commons.lang3.text.translate.EntityArraysTest:testISO8859_1_ESCAPE:()V#57#86 prob_bp = 1.0
org.apache.commons.lang3.text.translate.EntityArraysTest:testISO8859_1_ESCAPE:()V#57#89 prob_bp = 1.0
org.apache.commons.lang3.text.translate.EntityArraysTest:testISO8859_1_ESCAPE:()V#57#91 prob_bp = 1.0
org.apache.commons.lang3.text.translate.EntityArraysTest:testISO8859_1_ESCAPE:()V#57#94 prob_bp = 1.0
org.apache.commons.lang3.text.translate.EntityArraysTest:testISO8859_1_ESCAPE:()V#57#95 prob_bp = 1.0
org.apache.commons.lang3.text.translate.EntityArraysTest:testISO8859_1_ESCAPE:()V#57#97 prob_bp = 1.0
org.apache.commons.lang3.text.translate.EntityArraysTest:testISO8859_1_ESCAPE:()V#57#98 prob_bp = 1.0
org.apache.commons.lang3.text.translate.EntityArraysTest:testISO8859_1_ESCAPE:()V#57#99 prob_bp = 1.0
org.apache.commons.lang3.text.translate.EntityArraysTest:testISO8859_1_ESCAPE:()V#57#100 prob_bp = 1.0
org.apache.commons.lang3.text.translate.EntityArraysTest:testISO8859_1_ESCAPE:()V#57#103 prob_bp = 1.0
org.apache.commons.lang3.text.translate.EntityArraysTest:testISO8859_1_ESCAPE:()V#57#105 prob_bp = 1.0
org.apache.commons.lang3.text.translate.EntityArraysTest:testISO8859_1_ESCAPE:()V#57#108 prob_bp = 1.0
org.apache.commons.lang3.text.translate.EntityArraysTest:testISO8859_1_ESCAPE:()V#57#109 prob_bp = 1.0
org.apache.commons.lang3.text.translate.EntityArraysTest:testISO8859_1_ESCAPE:()V#57#111 prob_bp = 1.0
org.apache.commons.lang3.text.translate.EntityArraysTest:testISO8859_1_ESCAPE:()V#57#112 prob_bp = 1.0
org.apache.commons.lang3.text.translate.EntityArraysTest:testISO8859_1_ESCAPE:()V#57#113 prob_bp = 1.0
org.apache.commons.lang3.text.translate.EntityArraysTest:testISO8859_1_ESCAPE:()V#57#114 prob_bp = 1.0
org.apache.commons.lang3.text.translate.EntityArraysTest:testISO8859_1_ESCAPE:()V#57#117 prob_bp = 1.0
org.apache.commons.lang3.text.translate.EntityArraysTest:testISO8859_1_ESCAPE:()V#57#120 prob_bp = 1.0
org.apache.commons.lang3.text.translate.EntityArraysTest:testISO8859_1_ESCAPE:()V#64#191 prob_bp = 1.0
org.apache.commons.lang3.text.translate.EntityArraysTest:testISO8859_1_ESCAPE:()V#64#193 prob_bp = 1.0
org.apache.commons.lang3.text.translate.EntityArraysTest:testISO8859_1_ESCAPE:()V#64#195 prob_bp = 1.0
Belief propagation time : 0.243s
