
opcode=3(iconst_0)	,pushnum=1,lineinfo=trace.Unexecuted#foo#8#0,nextinst=1
opcode=61(istore_2)	,popnum=1,store=2,lineinfo=trace.Unexecuted#foo#8#1,nextinst=2
opcode=3(iconst_0)	,pushnum=1,lineinfo=trace.Unexecuted#foo#9#2,nextinst=3
opcode=62(istore_3)	,popnum=1,store=3,lineinfo=trace.Unexecuted#foo#9#3,nextinst=4
opcode=26(iload_0)	,pushnum=1,load=0,lineinfo=trace.Unexecuted#foo#10#4,nextinst=5
opcode=8(iconst_5)	,pushnum=1,lineinfo=trace.Unexecuted#foo#10#5,nextinst=6
opcode=162(if_icmpge)	,popnum=2,branchbyte=9,lineinfo=trace.Unexecuted#foo#10#6,nextinst=9
opcode=132(iinc)	,store=0,CONST=10,lineinfo=trace.Unexecuted#foo#11#9,nextinst=12
opcode=167(goto)	,branchbyte=6,lineinfo=trace.Unexecuted#foo#11#12,nextinst=15
opcode=132(iinc)	,store=1,CONST=10,lineinfo=trace.Unexecuted#foo#16#15,nextinst=18
opcode=27(iload_1)	,pushnum=1,load=1,lineinfo=trace.Unexecuted#foo#20#18,nextinst=19
opcode=27(iload_1)	,pushnum=1,load=1,lineinfo=trace.Unexecuted#foo#20#19,nextinst=20
opcode=104(imul)	,popnum=2,pushnum=1,lineinfo=trace.Unexecuted#foo#20#20,nextinst=21
opcode=54(istore)	,popnum=1,store=4,lineinfo=trace.Unexecuted#foo#20#21,nextinst=23
opcode=21(iload)	,pushnum=1,load=4,lineinfo=trace.Unexecuted#foo#21#23,nextinst=25
opcode=172(ireturn)	,popnum=-1,lineinfo=trace.Unexecuted#foo#21#25,nextinst=-1
opcode=16(bipush)	,pushnum=1,lineinfo=trace.Unexecuted#pass#26#0,nextinst=2
opcode=3(iconst_0)	,pushnum=1,lineinfo=trace.Unexecuted#pass#26#2,nextinst=3
opcode=184(invokestatic)	,calltype=(II)I,callclass=trace.Unexecuted,callname=foo,lineinfo=trace.Unexecuted#pass#26#3,nextinst=6
opcode=16(bipush)	,pushnum=1,lineinfo=trace.Unexecuted#pass#26#6,nextinst=8
opcode=184(invokestatic)	,calltype=(II)V,callclass=org.junit.jupiter.api.Assertions,callname=assertEquals,lineinfo=trace.Unexecuted#pass#26#8,nextinst=11
opcode=177(return)	,popnum=-1,lineinfo=trace.Unexecuted#pass#27#11,nextinst=-1
opcode=3(iconst_0)	,pushnum=1,lineinfo=trace.Unexecuted#fail#31#0,nextinst=1
opcode=3(iconst_0)	,pushnum=1,lineinfo=trace.Unexecuted#fail#31#1,nextinst=2
opcode=184(invokestatic)	,calltype=(II)I,callclass=trace.Unexecuted,callname=foo,lineinfo=trace.Unexecuted#fail#31#2,nextinst=5
opcode=17(sipush)	,pushnum=1,lineinfo=trace.Unexecuted#fail#31#5,nextinst=8
opcode=184(invokestatic)	,calltype=(II)V,callclass=org.junit.jupiter.api.Assertions,callname=assertEquals,lineinfo=trace.Unexecuted#fail#31#8,nextinst=11
opcode=177(return)	,popnum=-1,lineinfo=trace.Unexecuted#fail#32#11,nextinst=-1