
opcode=16(bipush)	,pushnum=1,lineinfo=trace.Unexcuted#pass#28#0,nextinst=2,pushtype=byte,pushvalue=10
opcode=3(iconst_0)	,pushnum=1,lineinfo=trace.Unexcuted#pass#28#2,nextinst=3,pushtype=int,pushvalue=0
opcode=184(invokestatic)	,calltype=(II)I,callclass=trace.Unexcuted,callname=foo,lineinfo=trace.Unexcuted#pass#28#3,nextinst=6
opcode=3(iconst_0)	,pushnum=1,lineinfo=trace.Unexcuted#foo#7#0,nextinst=1,pushtype=int,pushvalue=0
opcode=61(istore_2)	,popnum=1,store=2,lineinfo=trace.Unexcuted#foo#7#1,nextinst=2
opcode=3(iconst_0)	,pushnum=1,lineinfo=trace.Unexcuted#foo#8#2,nextinst=3,pushtype=int,pushvalue=0
opcode=62(istore_3)	,popnum=1,store=3,lineinfo=trace.Unexcuted#foo#8#3,nextinst=4
opcode=26(iload_0)	,pushnum=1,load=0,lineinfo=trace.Unexcuted#foo#9#4,nextinst=5,pushtype=int,pushvalue=10
opcode=8(iconst_5)	,pushnum=1,lineinfo=trace.Unexcuted#foo#9#5,nextinst=6,pushtype=int,pushvalue=5
opcode=162(if_icmpge)	,popnum=2,branchbyte=11,lineinfo=trace.Unexcuted#foo#9#6,nextinst=9
opcode=132(iinc)	,store=1,CONST=10,lineinfo=trace.Unexcuted#foo#18#17,nextinst=20
opcode=26(iload_0)	,pushnum=1,load=0,lineinfo=trace.Unexcuted#foo#19#20,nextinst=21,pushtype=int,pushvalue=10
opcode=59(istore_0)	,popnum=1,store=0,lineinfo=trace.Unexcuted#foo#19#21,nextinst=22
opcode=27(iload_1)	,pushnum=1,load=1,lineinfo=trace.Unexcuted#foo#22#22,nextinst=23,pushtype=int,pushvalue=10
opcode=27(iload_1)	,pushnum=1,load=1,lineinfo=trace.Unexcuted#foo#22#23,nextinst=24,pushtype=int,pushvalue=10
opcode=104(imul)	,popnum=2,pushnum=1,lineinfo=trace.Unexcuted#foo#22#24,nextinst=25,pushtype=int,pushvalue=100
opcode=54(istore)	,popnum=1,store=4,lineinfo=trace.Unexcuted#foo#22#25,nextinst=27
opcode=21(iload)	,pushnum=1,load=4,lineinfo=trace.Unexcuted#foo#23#27,nextinst=29,pushtype=int,pushvalue=100
opcode=172(ireturn)	,popnum=-1,lineinfo=trace.Unexcuted#foo#23#29,nextinst=-1
opcode=16(bipush)	,pushnum=1,lineinfo=trace.Unexcuted#pass#28#6,nextinst=8,pushtype=byte,pushvalue=100
opcode=184(invokestatic)	,calltype=(II)V,callclass=org.junit.jupiter.api.Assertions,callname=assertEquals,lineinfo=trace.Unexcuted#pass#28#8,nextinst=11
opcode=177(return)	,popnum=-1,lineinfo=trace.Unexcuted#pass#29#11,nextinst=-1